Command arguments:  -t data/53.M1.W07.16/53.M1.W07.16 --bam data/53.M1.W07.16/53.M1.W07.16.bam --baseFreq data/53.M1.W07.16/11/step_1/53.M1.W07.16.lld --refSequence data/fasta/HCMV_Merlin_UL33.fasta --hapAlignment data/53.M1.W07.16/11/step_1/53.M1.W07.16Haplo.fasta --iterate
INITIAL	LL: -21013.97885270054	PENALTY: 585.0	PENALISED LL: -21598.97885270054
	0	0.34032129389697585
	1	0.12801013893806382
	2	0.5316685671649604

Overwriting 1 with 3 in region 16-16
RECOMBINE	0	-21595.723736700158
Overwriting 4 with 3 in region 57-69
RECOMBINE	1	-21594.684337364
Recombining haplotypes 0 and 4 in region 118-121
RECOMBINE	2	-21594.379088083115
Recombining haplotypes 2 and 0 in region 186-207
RECOMBINE	3	-21594.321380299287
Overwriting 1 with 0 in region 113-125
RECOMBINE	4	-21594.30806536051
Recombining haplotypes 2 and 1 in region 1094-1107
RECOMBINE	5	-21594.419405192813
Overwriting 2 with 1 in region 579-589
RECOMBINE	6	-21594.299929916033
Recombining haplotypes 1 and 0 in region 1355-1356
RECOMBINE	7	-21594.296434841275
Overwriting 0 with 1 in region 1435-1447
RECOMBINE	8	-21594.30077909423
Recombining haplotypes 0 and 2 in region 793-807
RECOMBINE	9	-21594.294701600415
Overwriting 1 with 2 in region 90-106
RECOMBINE	10	-21595.17399664084
Recombining haplotypes 3 and 4 in region 708-710
RECOMBINE	11	-21594.2936307062
Overwriting 0 with 2 in region 275-290
RECOMBINE	12	-21594.2929000285
Recombining haplotypes 2 and 1 in region 86-97
RECOMBINE	13	-21594.295180351954
Recombining haplotypes 0 and 2 in region 481-485
RECOMBINE	14	-21594.292298718196
Overwriting 3 with 4 in region 1292-1298
RECOMBINE	15	-21594.291749336706
Recombining haplotypes 4 and 3 in region 606-611
RECOMBINE	16	-21594.29126919659
Recombining haplotypes 1 and 0 in region 968-979
RECOMBINE	17	-21594.290670969098
Recombining haplotypes 3 and 0 in region 516-522
RECOMBINE	18	-21594.290239400452
Overwriting 3 with 2 in region 367-370
RECOMBINE	19	-21594.2897536673
INITIAL RECOMBINE	-21009.2897536673	585.0	-21594.2897536673
Combining haplotypes 0 and 1
Combining haplotypes 0 and 1
CONTRACT	1	-22562.52761691777
Combining haplotypes 0 and 2
Combining haplotypes 0 and 2
CONTRACT	1	-22562.112992523744
Combining haplotypes 1 and 2
Combining haplotypes 1 and 2
CONTRACT	1	-22562.48300837443
Recombining haplotypes 3 and 1 in region 482-495
RECOMBINE	1	0	-21594.289272984628
Recombining haplotypes 0 and 2 in region 772-785
RECOMBINE	1	1	-21594.288801200913
Recombining haplotypes 4 and 3 in region 1508-1526
RECOMBINE	1	2	-21594.28876451402
Recombining haplotypes 1 and 0 in region 805-810
RECOMBINE	1	3	-21594.28876339122
Recombining haplotypes 0 and 3 in region 1547-1549
RECOMBINE	1	4	-21594.288762788125
Overwriting 0 with 1 in region 181-211
RECOMBINE	1	5	-21594.294858403948
Overwriting 2 with 0 in region 1041-1045
RECOMBINE	1	6	-21594.288763382407
Recombining haplotypes 4 and 2 in region 440-442
RECOMBINE	1	7	-21594.288762335447
Recombining haplotypes 1 and 4 in region 565-573
RECOMBINE	1	8	-21594.28876202771
Overwriting 1 with 0 in region 188-205
RECOMBINE	1	9	-21594.294723326417
Recombining haplotypes 0 and 1 in region 225-231
RECOMBINE	1	10	-21594.34053355226
Recombining haplotypes 1 and 2 in region 452-460
RECOMBINE	1	11	-21594.310580380698
Overwriting 0 with 2 in region 682-699
RECOMBINE	1	12	-21594.437564824104
Overwriting 1 with 0 in region 1425-1442
RECOMBINE	1	13	-21594.31038946507
Overwriting 1 with 2 in region 870-883
RECOMBINE	1	14	-21594.340534922867
Recombining haplotypes 0 and 1 in region 523-538
RECOMBINE	1	15	-21594.28877915745
Recombining haplotypes 2 and 0 in region 1516-1539
RECOMBINE	1	16	-21594.28876182689
Recombining haplotypes 2 and 0 in region 950-957
RECOMBINE	1	17	-21594.28876169456
Overwriting 0 with 2 in region 120-129
RECOMBINE	1	18	-21594.28876475598
Overwriting 1 with 2 in region 775-779
RECOMBINE	1	19	-21594.288761605934

Big Iteration 1	LL: -21009.288761605934	PENALTY: 585.0	PENALISED LL: -21594.288761605934
	0	0.339147339646708
	1	0.12480741117965499
	2	0.536045249173637

FINISHED

Big Iteration -1	LL: -21009.288761605934	PENALTY: 585.0	PENALISED LL: -21594.288761605934
	0	0.339147339646708
	1	0.12480741117965499
	2	0.536045249173637


Haplotype frequencies
0	0,339147
1	0,124807
2	0,536045
Active sites
68	0,681874,0,002000,0,314126,0,002000	0,978980,0,002000,0,017020,0,002000	0,005294,0,002000,0,990706,0,002000
93	0,402577,0,002000,0,002000,0,593423	0,002000,0,642623,0,002000,0,353377	0,471234,0,069693,0,002000,0,457073
105	0,002000,0,769351,0,002000,0,226649	0,002000,0,994000,0,002000,0,002000	0,002000,0,002000,0,002000,0,994000
114	0,152924,0,002000,0,843076,0,002000	0,011393,0,002000,0,984607,0,002000	0,994000,0,002000,0,002000,0,002000
119	0,994000,0,002000,0,002000,0,002000	0,994000,0,002000,0,002000,0,002000	0,992172,0,002000,0,003828,0,002000
120	0,138649,0,002000,0,857351,0,002000	0,050482,0,002000,0,945518,0,002000	0,213635,0,002000,0,782365,0,002000
121	0,011423,0,002000,0,983666,0,002912	0,011242,0,002000,0,984758,0,002000	0,008091,0,002000,0,987700,0,002209
159	0,011546,0,947705,0,002000,0,038749	0,002000,0,988867,0,002000,0,007133	0,007226,0,958307,0,002000,0,032467
161	0,002000,0,006510,0,002000,0,989490	0,002000,0,014314,0,002000,0,981686	0,002000,0,003704,0,002000,0,992296
187	0,002000,0,002000,0,006666,0,989334	0,002000,0,002000,0,002000,0,994000	0,002000,0,002000,0,002000,0,994000
189	0,002000,0,002000,0,002000,0,994000	0,002000,0,005779,0,002000,0,990221	0,002000,0,003945,0,002000,0,992055
219	0,005672,0,990328,0,002000,0,002000	0,002000,0,994000,0,002000,0,002000	0,002000,0,994000,0,002000,0,002000
226	0,002000,0,923335,0,002000,0,072665	0,002000,0,723065,0,002000,0,272935	0,002000,0,025470,0,002000,0,970530
231	0,009268,0,986732,0,002000,0,002000	0,002000,0,994000,0,002000,0,002000	0,002000,0,994000,0,002000,0,002000
238	0,002000,0,002000,0,994000,0,002000	0,008228,0,002000,0,987772,0,002000	0,004163,0,002000,0,991837,0,002000
247	0,002000,0,002000,0,002000,0,994000	0,002000,0,007299,0,002000,0,988701	0,002000,0,003236,0,002000,0,992764
248	0,006173,0,002000,0,989827,0,002000	0,048142,0,002000,0,947858,0,002000	0,009341,0,002000,0,986659,0,002000
249	0,991652,0,002000,0,002000,0,004348	0,955100,0,002000,0,002011,0,040889	0,989862,0,002000,0,002000,0,006138
250	0,002000,0,993948,0,002052,0,002000	0,002000,0,973268,0,022211,0,002521	0,002000,0,993377,0,002623,0,002000
272	0,002000,0,994000,0,002000,0,002000	0,002000,0,984950,0,002000,0,011050	0,002000,0,975194,0,002000,0,020806
276	0,002000,0,002000,0,002000,0,994000	0,002000,0,015931,0,002000,0,980069	0,002000,0,002000,0,002000,0,994000
307	0,002000,0,005448,0,002000,0,990552	0,002000,0,019097,0,002000,0,976903	0,002000,0,011220,0,002000,0,984780
319	0,002000,0,993917,0,002000,0,002083	0,002000,0,994000,0,002000,0,002000	0,002000,0,992818,0,002000,0,003182
343	0,002000,0,006775,0,002000,0,989225	0,002000,0,020231,0,002000,0,975769	0,002000,0,002000,0,002000,0,994000
366	0,002000,0,002000,0,002000,0,994000	0,002000,0,002000,0,002000,0,994000	0,002000,0,002000,0,003239,0,992761
379	0,002000,0,002000,0,994000,0,002000	0,007297,0,005593,0,985110,0,002000	0,002000,0,002000,0,994000,0,002000
380	0,002000,0,993533,0,002000,0,002467	0,002000,0,984695,0,002000,0,011305	0,002000,0,993023,0,002000,0,002977
449	0,002000,0,972637,0,002000,0,023363	0,002000,0,099284,0,002000,0,896716	0,002000,0,002000,0,002000,0,994000
451	0,993826,0,002000,0,002174,0,002000	0,979721,0,002000,0,016279,0,002000	0,994000,0,002000,0,002000,0,002000
454	0,002000,0,016242,0,002000,0,979758	0,025915,0,850272,0,002000,0,121813	0,002000,0,993712,0,002000,0,002288
484	0,994000,0,002000,0,002000,0,002000	0,982715,0,002000,0,013285,0,002000	0,991320,0,002000,0,004680,0,002000
487	0,002000,0,025066,0,970934,0,002000	0,002000,0,024710,0,971290,0,002000	0,002000,0,027275,0,968725,0,002000
490	0,002000,0,993791,0,002000,0,002209	0,002000,0,990047,0,002000,0,005953	0,002000,0,991991,0,002000,0,004009
505	0,002000,0,991805,0,002000,0,004195	0,002000,0,136081,0,002000,0,859919	0,002000,0,016975,0,002000,0,979025
523	0,987972,0,008028,0,002000,0,002000	0,028553,0,955100,0,002000,0,014347	0,013910,0,982090,0,002000,0,002000
535	0,002000,0,007556,0,002000,0,988444	0,002000,0,002000,0,002000,0,994000	0,002000,0,002190,0,002000,0,993810
580	0,002938,0,993062,0,002000,0,002000	0,016331,0,979669,0,002000,0,002000	0,002000,0,994000,0,002000,0,002000
583	0,002000,0,002000,0,002000,0,994000	0,002000,0,004748,0,002000,0,991252	0,002000,0,003901,0,002000,0,992099
589	0,002000,0,986227,0,002000,0,009773	0,002000,0,985923,0,002000,0,010077	0,002000,0,988646,0,002000,0,007354
610	0,990498,0,002000,0,005502,0,002000	0,984604,0,002000,0,011396,0,002000	0,993900,0,002000,0,002100,0,002000
628	0,002000,0,994000,0,002000,0,002000	0,012658,0,983342,0,002000,0,002000	0,002000,0,994000,0,002000,0,002000
667	0,994000,0,002000,0,002000,0,002000	0,955141,0,002000,0,040859,0,002000	0,994000,0,002000,0,002000,0,002000
675	0,002000,0,992223,0,002000,0,003777	0,002000,0,994000,0,002000,0,002000	0,002000,0,994000,0,002000,0,002000
697	0,002000,0,021995,0,002000,0,974005	0,002000,0,971359,0,002000,0,024641	0,002000,0,962413,0,002000,0,033587
700	0,002000,0,002000,0,994000,0,002000	0,015962,0,002000,0,980038,0,002000	0,002000,0,002000,0,994000,0,002000
706	0,994000,0,002000,0,002000,0,002000	0,979693,0,002000,0,016307,0,002000	0,994000,0,002000,0,002000,0,002000
713	0,004675,0,991325,0,002000,0,002000	0,025622,0,970378,0,002000,0,002000	0,003829,0,992171,0,002000,0,002000
717	0,988086,0,002000,0,007914,0,002000	0,978454,0,002000,0,017546,0,002000	0,993705,0,002000,0,002295,0,002000
718	0,979225,0,002000,0,002000,0,016775	0,954384,0,002000,0,002000,0,041616	0,987746,0,002000,0,002000,0,008254
721	0,002000,0,993857,0,002000,0,002143	0,021352,0,974648,0,002000,0,002000	0,005241,0,990759,0,002000,0,002000
722	0,993585,0,002000,0,002415,0,002000	0,979906,0,002000,0,016094,0,002000	0,994000,0,002000,0,002000,0,002000
726	0,002000,0,021850,0,004572,0,971578	0,002000,0,038403,0,064289,0,895308	0,002000,0,035340,0,002000,0,960660
727	0,994000,0,002000,0,002000,0,002000	0,969466,0,026534,0,002000,0,002000	0,992612,0,003388,0,002000,0,002000
728	0,002000,0,992273,0,002000,0,003727	0,002000,0,970657,0,002000,0,025343	0,002000,0,994000,0,002000,0,002000
730	0,982959,0,002000,0,002000,0,013041	0,889355,0,011252,0,002000,0,097392	0,990230,0,002000,0,002000,0,005770
731	0,994000,0,002000,0,002000,0,002000	0,980531,0,003548,0,002000,0,013920	0,992971,0,002000,0,002000,0,003029
732	0,994000,0,002000,0,002000,0,002000	0,936980,0,034398,0,026623,0,002000	0,994000,0,002000,0,002000,0,002000
733	0,002000,0,002000,0,002000,0,994000	0,002000,0,042664,0,002000,0,953336	0,002000,0,002000,0,002000,0,994000
734	0,003519,0,002000,0,992481,0,002000	0,067856,0,016401,0,913743,0,002000	0,010419,0,002000,0,985581,0,002000
735	0,002000,0,978404,0,017596,0,002000	0,002000,0,960099,0,035901,0,002000	0,002000,0,980109,0,015891,0,002000
736	0,002000,0,994000,0,002000,0,002000	0,002000,0,953631,0,002000,0,042369	0,002000,0,994000,0,002000,0,002000
737	0,992902,0,003098,0,002000,0,002000	0,971677,0,024323,0,002000,0,002000	0,994000,0,002000,0,002000,0,002000
738	0,006581,0,989419,0,002000,0,002000	0,105479,0,890521,0,002000,0,002000	0,002000,0,994000,0,002000,0,002000
748	0,002000,0,994000,0,002000,0,002000	0,002000,0,975513,0,002000,0,020487	0,002000,0,994000,0,002000,0,002000
758	0,002000,0,993988,0,002000,0,002012	0,002000,0,994000,0,002000,0,002000	0,002000,0,993362,0,002000,0,002638
760	0,924728,0,003665,0,069607,0,002000	0,016716,0,002000,0,979284,0,002000	0,007038,0,002000,0,988962,0,002000
782	0,002000,0,992719,0,002000,0,003281	0,002000,0,967215,0,002000,0,028785	0,002000,0,994000,0,002000,0,002000
787	0,992273,0,002000,0,003727,0,002000	0,989007,0,002000,0,006993,0,002000	0,994000,0,002000,0,002000,0,002000
795	0,002000,0,002000,0,002000,0,994000	0,002000,0,002000,0,002000,0,994000	0,002000,0,002000,0,003275,0,992725
796	0,002000,0,002162,0,002000,0,993838	0,002000,0,007622,0,002000,0,988378	0,002000,0,003642,0,002000,0,992358
801	0,002000,0,002000,0,994000,0,002000	0,002000,0,002000,0,994000,0,002000	0,002000,0,002000,0,991632,0,004368
809	0,002000,0,988566,0,007434,0,002000	0,002000,0,988333,0,007667,0,002000	0,002000,0,992508,0,003492,0,002000
811	0,002000,0,004062,0,003989,0,989949	0,002000,0,002000,0,018522,0,977478	0,002000,0,002400,0,002000,0,993600
820	0,002000,0,002000,0,992071,0,003929	0,005284,0,002000,0,990716,0,002000	0,002000,0,002000,0,992052,0,003948
871	0,002000,0,980669,0,002000,0,015331	0,002000,0,130150,0,002000,0,865850	0,002000,0,024247,0,002000,0,971753
877	0,006079,0,002000,0,989921,0,002000	0,018817,0,002000,0,977183,0,002000	0,002000,0,002000,0,994000,0,002000
886	0,993649,0,002000,0,002351,0,002000	0,971644,0,002000,0,024356,0,002000	0,994000,0,002000,0,002000,0,002000
889	0,002000,0,994000,0,002000,0,002000	0,002000,0,977327,0,002000,0,018673	0,002000,0,994000,0,002000,0,002000
890	0,988237,0,002000,0,007763,0,002000	0,946280,0,002000,0,049720,0,002000	0,979474,0,002000,0,016526,0,002000
895	0,978337,0,002000,0,002000,0,017663	0,956088,0,002000,0,002000,0,039912	0,974471,0,002000,0,002000,0,021529
922	0,002000,0,007807,0,002000,0,988193	0,002000,0,046699,0,002000,0,949301	0,002000,0,018303,0,002000,0,977697
976	0,002000,0,007182,0,002000,0,988818	0,002000,0,016583,0,002000,0,979417	0,002000,0,006117,0,002000,0,989883
977	0,002000,0,994000,0,002000,0,002000	0,027997,0,968003,0,002000,0,002000	0,002000,0,994000,0,002000,0,002000
985	0,002000,0,994000,0,002000,0,002000	0,002000,0,986552,0,002000,0,009448	0,002000,0,994000,0,002000,0,002000
1004	0,062734,0,002000,0,933266,0,002000	0,905377,0,002000,0,090623,0,002000	0,994000,0,002000,0,002000,0,002000
1013	0,002000,0,002456,0,002000,0,993544	0,002000,0,010211,0,002000,0,985789	0,002000,0,002000,0,002000,0,994000
1018	0,002000,0,006592,0,989408,0,002000	0,002000,0,011722,0,984278,0,002000	0,002000,0,002000,0,994000,0,002000
1033	0,002000,0,954427,0,002000,0,041573	0,002000,0,205720,0,002000,0,790280	0,002000,0,003103,0,002000,0,992897
1042	0,994000,0,002000,0,002000,0,002000	0,994000,0,002000,0,002000,0,002000	0,992239,0,003761,0,002000,0,002000
1058	0,018429,0,977571,0,002000,0,002000	0,672900,0,323100,0,002000,0,002000	0,991568,0,004432,0,002000,0,002000
1081	0,002967,0,002000,0,989417,0,005616	0,002000,0,002000,0,979260,0,016740	0,002000,0,002000,0,989008,0,006992
1084	0,002000,0,994000,0,002000,0,002000	0,002000,0,975918,0,002000,0,020082	0,002000,0,993271,0,002000,0,002729
1102	0,923567,0,072433,0,002000,0,002000	0,172730,0,815013,0,002000,0,010257	0,002000,0,994000,0,002000,0,002000
1135	0,978684,0,002000,0,017316,0,002000	0,725022,0,002000,0,270978,0,002000	0,041391,0,002000,0,954609,0,002000
1138	0,002000,0,005428,0,002000,0,990572	0,002000,0,032346,0,002000,0,963654	0,002000,0,002084,0,002000,0,993916
1211	0,972131,0,002000,0,002000,0,023869	0,994000,0,002000,0,002000,0,002000	0,994000,0,002000,0,002000,0,002000
1240	0,002000,0,061360,0,002000,0,934640	0,002000,0,224142,0,002000,0,771858	0,002000,0,992244,0,002000,0,003756
1271	0,002000,0,994000,0,002000,0,002000	0,073796,0,922204,0,002000,0,002000	0,002000,0,994000,0,002000,0,002000
1318	0,002000,0,800750,0,002000,0,195250	0,002000,0,871839,0,002000,0,124161	0,002000,0,003591,0,002000,0,992409
1321	0,002000,0,123871,0,002000,0,872129	0,002000,0,024488,0,002000,0,971512	0,002000,0,986069,0,002000,0,009931
1356	0,002000,0,994000,0,002000,0,002000	0,002000,0,994000,0,002000,0,002000	0,007601,0,986569,0,002000,0,003830
1382	0,992010,0,002000,0,002000,0,003990	0,994000,0,002000,0,002000,0,002000	0,988018,0,002000,0,002000,0,007982
1383	0,008879,0,004463,0,002000,0,984658	0,002000,0,002000,0,002000,0,994000	0,002000,0,002000,0,002000,0,994000
1384	0,002000,0,981357,0,002000,0,014643	0,002000,0,994000,0,002000,0,002000	0,002000,0,994000,0,002000,0,002000
1440	0,002000,0,673564,0,002000,0,322436	0,002000,0,835190,0,002000,0,160810	0,002000,0,066128,0,002000,0,929872
