Command arguments:  -t data/63.M1.W02.30/63.M1.W02.30 --bam data/63.M1.W02.30/63.M1.W02.30.bam --baseFreq data/63.M1.W02.30/13/step_1/63.M1.W02.30.lld --refSequence data/fasta/HCMV_Merlin_UL33.fasta --hapAlignment data/63.M1.W02.30/13/step_1/63.M1.W02.30Haplo.fasta --iterate
INITIAL	LL: -7121.564881419826	PENALTY: 405.0	PENALISED LL: -7526.564881419826
	0	0.1071197267699914
	1	0.04018083050755471
	2	0.2842441068202701
	3	0.2842112290819137
	4	0.2842441068202701

Recombining haplotypes 0 and 3 in region 935-948
RECOMBINE	0	-7496.96403821385
Overwriting 0 with 4 in region 510-513
RECOMBINE	1	-6953.835564436276
Overwriting 3 with 2 in region 443-458
RECOMBINE	2	-6951.204196421107
Recombining haplotypes 0 and 2 in region 902-904
RECOMBINE	3	-6949.362011861217
Recombining haplotypes 2 and 0 in region 357-375
RECOMBINE	4	-6947.975463289724
Recombining haplotypes 2 and 1 in region 886-898
RECOMBINE	5	-6946.446053744044
Overwriting 4 with 3 in region 358-364
RECOMBINE	6	-6944.936931941082
Recombining haplotypes 3 and 4 in region 1587-1599
RECOMBINE	7	-6944.663098992789
Recombining haplotypes 2 and 1 in region 534-547
RECOMBINE	8	-6939.945728621086
Overwriting 3 with 4 in region 189-209
RECOMBINE	9	-6939.033852617839
Recombining haplotypes 3 and 4 in region 576-577
RECOMBINE	10	-6936.34717299908
Overwriting 4 with 2 in region 246-257
RECOMBINE	11	-6933.243263558812
Recombining haplotypes 4 and 0 in region 904-925
RECOMBINE	12	-6929.5209823287005
Overwriting 1 with 2 in region 1507-1517
RECOMBINE	13	-6925.329764290922
Overwriting 4 with 2 in region 391-399
RECOMBINE	14	-6921.565349721447
Overwriting 2 with 1 in region 44-64
RECOMBINE	15	-6919.274422844853
Recombining haplotypes 1 and 2 in region 1010-1020
RECOMBINE	16	-6918.186869117809
Overwriting 3 with 4 in region 951-981
RECOMBINE	17	-6917.415359054936
Recombining haplotypes 3 and 2 in region 932-950
RECOMBINE	18	-6916.360784035292
Recombining haplotypes 4 and 3 in region 1274-1281
RECOMBINE	19	-6915.0893143073345
INITIAL RECOMBINE	-6510.0893143073345	405.0	-6915.0893143073345
Combining haplotypes 0 and 1
Combining haplotypes 0 and 1
CONTRACT	1	-7437.950150672587
Combining haplotypes 0 and 2
Combining haplotypes 0 and 2
CONTRACT	1	-6839.004261580665
Combining haplotypes 0 and 3
Combining haplotypes 0 and 3
CONTRACT	1	-6875.357225351206
Combining haplotypes 0 and 4
Combining haplotypes 0 and 4
CONTRACT	1	-6833.7594823913605
Combining haplotypes 1 and 2
Combining haplotypes 1 and 2
CONTRACT	1	-6832.775883469909
Combining haplotypes 1 and 3
Combining haplotypes 1 and 3
CONTRACT	1	-6879.530816474588
Combining haplotypes 1 and 4
Combining haplotypes 1 and 4
CONTRACT	1	-6832.383582791532
Combining haplotypes 2 and 3
Combining haplotypes 2 and 3
CONTRACT	1	-6848.631416575749
Combining haplotypes 2 and 4
Combining haplotypes 2 and 4
CONTRACT	1	-6838.409214223656
Combining haplotypes 3 and 4
Combining haplotypes 3 and 4
CONTRACT	1	-6839.040469442904
Overwriting 1 with 2 in region 455-463
RECOMBINE	1	0	-6831.306568591464
Recombining haplotypes 2 and 3 in region 483-487
RECOMBINE	1	1	-6831.1139782007
Recombining haplotypes 1 and 3 in region 1338-1357
RECOMBINE	1	2	-6831.038804926195
Recombining haplotypes 1 and 3 in region 179-186
RECOMBINE	1	3	-6830.964752238224
Recombining haplotypes 0 and 2 in region 1208-1212
RECOMBINE	1	4	-6830.872629783405
Recombining haplotypes 1 and 3 in region 164-167
RECOMBINE	1	5	-6830.712806503481
Overwriting 2 with 1 in region 564-570
RECOMBINE	1	6	-6830.431680144415
Overwriting 1 with 3 in region 1345-1353
RECOMBINE	1	7	-6829.895645453503
Overwriting 2 with 0 in region 127-143
RECOMBINE	1	8	-6829.633001156704
Recombining haplotypes 2 and 3 in region 1188-1192
RECOMBINE	1	9	-6829.469783127354
Overwriting 3 with 1 in region 792-819
RECOMBINE	1	10	-6829.373735555196
Recombining haplotypes 0 and 3 in region 1208-1220
RECOMBINE	1	11	-6829.344631486147
Overwriting 2 with 3 in region 1381-1384
RECOMBINE	1	12	-6829.332082950747
Overwriting 1 with 0 in region 73-89
RECOMBINE	1	13	-6829.322126720111
Recombining haplotypes 1 and 2 in region 1264-1266
RECOMBINE	1	14	-6829.312477510891
Recombining haplotypes 3 and 1 in region 406-431
RECOMBINE	1	15	-6829.302865283139
Overwriting 2 with 1 in region 1213-1224
RECOMBINE	1	16	-6829.293612776378
Overwriting 1 with 3 in region 868-871
RECOMBINE	1	17	-6829.285011655905
Overwriting 0 with 3 in region 126-136
RECOMBINE	1	18	-6829.27739792123
Recombining haplotypes 1 and 3 in region 681-694
RECOMBINE	1	19	-6829.271027188486

Big Iteration 1	LL: -6505.271027188486	PENALTY: 324.0	PENALISED LL: -6829.271027188486
	0	0.0028485689039457708
	1	0.8606466923447987
	2	0.008925705884990557
	3	0.1275790328662651

Combining haplotypes 0 and 1
Combining haplotypes 0 and 1
CONTRACT	2	-6809.742419070451
Combining haplotypes 0 and 2
Combining haplotypes 0 and 2
CONTRACT	2	-6815.524442267293
Combining haplotypes 0 and 3
Combining haplotypes 0 and 3
CONTRACT	2	-7364.057841905741
Combining haplotypes 1 and 2
Combining haplotypes 1 and 2
CONTRACT	2	-6808.040436387823
Combining haplotypes 1 and 3
Combining haplotypes 1 and 3
CONTRACT	2	-8224.280425011035
Combining haplotypes 2 and 3
Combining haplotypes 2 and 3
CONTRACT	2	-6809.854475812647
Recombining haplotypes 2 and 1 in region 1128-1142
RECOMBINE	2	0	-6807.544928619548
Recombining haplotypes 1 and 2 in region 831-844
RECOMBINE	2	1	-6807.500237576826
Recombining haplotypes 2 and 1 in region 648-660
RECOMBINE	2	2	-6807.49859461557
Recombining haplotypes 2 and 1 in region 1061-1067
RECOMBINE	2	3	-6807.498237410638
Overwriting 2 with 1 in region 1073-1081
RECOMBINE	2	4	-6807.498019337874
Recombining haplotypes 1 and 2 in region 328-333
RECOMBINE	2	5	-6807.497849041063
Recombining haplotypes 2 and 1 in region 358-375
RECOMBINE	2	6	-6807.506098846911
Recombining haplotypes 1 and 2 in region 631-634
RECOMBINE	2	7	-6807.497720293029
Recombining haplotypes 1 and 2 in region 1060-1064
RECOMBINE	2	8	-6807.4976258741945
Recombining haplotypes 2 and 1 in region 624-632
RECOMBINE	2	9	-6807.497558286681
Recombining haplotypes 2 and 0 in region 822-847
RECOMBINE	2	10	-6807.497510846096
Overwriting 1 with 2 in region 1340-1343
RECOMBINE	2	11	-6807.4974780744915
Overwriting 1 with 2 in region 384-388
RECOMBINE	2	12	-6807.4974557258
Recombining haplotypes 1 and 2 in region 1066-1079
RECOMBINE	2	13	-6807.497440639577
Recombining haplotypes 1 and 2 in region 685-701
RECOMBINE	2	14	-6807.497430535769
Overwriting 0 with 1 in region 1490-1510
RECOMBINE	2	15	-6807.497423808207
Overwriting 1 with 0 in region 1260-1268
RECOMBINE	2	16	-6807.4974193467315
Recombining haplotypes 2 and 1 in region 1194-1212
RECOMBINE	2	17	-6807.498418890957
Overwriting 2 with 0 in region 742-746
RECOMBINE	2	18	-6807.4974163951865
Overwriting 1 with 2 in region 221-232
RECOMBINE	2	19	-6807.497414444295

Big Iteration 2	LL: -6564.497414444295	PENALTY: 243.0	PENALISED LL: -6807.497414444295
	0	0.002853309928091764
	1	0.12763713869309543
	2	0.8695095513788129

Combining haplotypes 0 and 1
Combining haplotypes 0 and 1
CONTRACT	3	-7350.1333315040365
Combining haplotypes 0 and 2
Combining haplotypes 0 and 2
CONTRACT	3	-7351.9813032482925
Combining haplotypes 1 and 2
Combining haplotypes 1 and 2
CONTRACT	3	-8212.01919667657

Big Iteration 3	LL: -6564.497414444295	PENALTY: 243.0	PENALISED LL: -6807.497414444295
	0	0.002853309928091764
	1	0.12763713869309543
	2	0.8695095513788129

FINISHED

Big Iteration -1	LL: -6564.497414444295	PENALTY: 243.0	PENALISED LL: -6807.497414444295
	0	0.002853309928091764
	1	0.12763713869309543
	2	0.8695095513788129


Haplotype frequencies
0	0,002853
1	0,127637
2	0,869510
Active sites
49	0,002000,0,994000,0,002000,0,002000	0,006945,0,989055,0,002000,0,002000	0,005328,0,990672,0,002000,0,002000
112	0,002000,0,002000,0,002000,0,994000	0,002000,0,002000,0,002000,0,994000	0,002000,0,010511,0,002000,0,985489
120	0,250000,0,250000,0,250000,0,250000	0,220316,0,002000,0,775684,0,002000	0,127778,0,002000,0,868222,0,002000
121	0,002000,0,002000,0,994000,0,002000	0,016297,0,002000,0,979703,0,002000	0,010116,0,002000,0,984891,0,002993
165	0,640814,0,002000,0,355186,0,002000	0,002000,0,002000,0,994000,0,002000	0,002000,0,002000,0,994000,0,002000
183	0,002000,0,364247,0,002000,0,631753	0,002000,0,994000,0,002000,0,002000	0,002000,0,994000,0,002000,0,002000
195	0,002000,0,002000,0,994000,0,002000	0,994000,0,002000,0,002000,0,002000	0,994000,0,002000,0,002000,0,002000
197	0,002000,0,002000,0,002000,0,994000	0,002000,0,939369,0,002000,0,056631	0,002000,0,113889,0,002000,0,882111
202	0,271901,0,002000,0,724099,0,002000	0,994000,0,002000,0,002000,0,002000	0,994000,0,002000,0,002000,0,002000
225	0,994000,0,002000,0,002000,0,002000	0,002000,0,002000,0,994000,0,002000	0,002000,0,002000,0,994000,0,002000
226	0,002000,0,660420,0,002000,0,335580	0,002000,0,002000,0,002000,0,994000	0,002000,0,002000,0,002000,0,994000
230	0,994000,0,002000,0,002000,0,002000	0,002000,0,002000,0,994000,0,002000	0,002000,0,002000,0,994000,0,002000
235	0,002000,0,249228,0,002000,0,746772	0,002000,0,002000,0,002000,0,994000	0,002000,0,002031,0,002000,0,993969
241	0,002000,0,891322,0,002000,0,104678	0,002000,0,002000,0,002000,0,994000	0,002000,0,002000,0,002000,0,994000
256	0,002000,0,750742,0,002000,0,245258	0,002000,0,002000,0,002000,0,994000	0,002000,0,002000,0,002000,0,994000
262	0,002000,0,002000,0,994000,0,002000	0,994000,0,002000,0,002000,0,002000	0,994000,0,002000,0,002000,0,002000
319	0,002000,0,601956,0,002000,0,394044	0,002000,0,002000,0,002000,0,994000	0,002000,0,002000,0,002000,0,994000
331	0,002000,0,002000,0,002000,0,994000	0,002000,0,994000,0,002000,0,002000	0,002000,0,994000,0,002000,0,002000
361	0,658858,0,002000,0,337142,0,002000	0,002000,0,002000,0,994000,0,002000	0,002000,0,002000,0,994000,0,002000
363	0,002000,0,002000,0,002000,0,994000	0,002000,0,002000,0,002000,0,994000	0,002000,0,002000,0,003024,0,992976
391	0,002000,0,002000,0,994000,0,002000	0,979179,0,016821,0,002000,0,002000	0,994000,0,002000,0,002000,0,002000
393	0,002000,0,994000,0,002000,0,002000	0,040359,0,955641,0,002000,0,002000	0,002000,0,994000,0,002000,0,002000
394	0,002000,0,002000,0,994000,0,002000	0,002000,0,994000,0,002000,0,002000	0,002000,0,994000,0,002000,0,002000
430	0,002000,0,407340,0,002000,0,588660	0,002000,0,994000,0,002000,0,002000	0,002000,0,994000,0,002000,0,002000
433	0,002000,0,002000,0,002000,0,994000	0,002000,0,994000,0,002000,0,002000	0,002000,0,994000,0,002000,0,002000
434	0,002000,0,994000,0,002000,0,002000	0,004148,0,991852,0,002000,0,002000	0,002038,0,993962,0,002000,0,002000
444	0,002000,0,994000,0,002000,0,002000	0,002000,0,229772,0,766228,0,002000	0,002000,0,994000,0,002000,0,002000
448	0,002000,0,002000,0,994000,0,002000	0,994000,0,002000,0,002000,0,002000	0,994000,0,002000,0,002000,0,002000
484	0,002000,0,002000,0,994000,0,002000	0,994000,0,002000,0,002000,0,002000	0,994000,0,002000,0,002000,0,002000
490	0,002000,0,994000,0,002000,0,002000	0,002000,0,002000,0,002000,0,994000	0,002000,0,012726,0,002000,0,983274
511	0,002000,0,312969,0,002000,0,683031	0,002000,0,034107,0,002000,0,961893	0,002000,0,962277,0,002000,0,033723
537	0,002000,0,002000,0,994000,0,002000	0,002000,0,002000,0,988677,0,007323	0,002000,0,002000,0,993810,0,002190
538	0,002000,0,994000,0,002000,0,002000	0,002000,0,994000,0,002000,0,002000	0,002000,0,993105,0,002000,0,002895
616	0,563902,0,002000,0,432098,0,002000	0,002000,0,002000,0,994000,0,002000	0,002000,0,002000,0,994000,0,002000
619	0,826276,0,002000,0,169724,0,002000	0,002000,0,002000,0,994000,0,002000	0,002000,0,002000,0,994000,0,002000
623	0,002000,0,994000,0,002000,0,002000	0,002000,0,994000,0,002000,0,002000	0,003422,0,992578,0,002000,0,002000
625	0,002000,0,002000,0,002000,0,994000	0,002000,0,994000,0,002000,0,002000	0,002000,0,994000,0,002000,0,002000
644	0,692955,0,303045,0,002000,0,002000	0,002000,0,994000,0,002000,0,002000	0,002000,0,994000,0,002000,0,002000
670	0,002000,0,002000,0,002000,0,994000	0,002000,0,994000,0,002000,0,002000	0,002000,0,994000,0,002000,0,002000
691	0,002000,0,002000,0,002000,0,994000	0,002000,0,994000,0,002000,0,002000	0,002000,0,994000,0,002000,0,002000
732	0,994000,0,002000,0,002000,0,002000	0,002000,0,002000,0,994000,0,002000	0,002000,0,002000,0,994000,0,002000
735	0,002000,0,994000,0,002000,0,002000	0,002000,0,002000,0,994000,0,002000	0,002000,0,002000,0,994000,0,002000
793	0,002000,0,002000,0,994000,0,002000	0,994000,0,002000,0,002000,0,002000	0,994000,0,002000,0,002000,0,002000
796	0,002000,0,002000,0,994000,0,002000	0,002000,0,994000,0,002000,0,002000	0,002000,0,994000,0,002000,0,002000
801	0,002000,0,002000,0,994000,0,002000	0,002000,0,002000,0,994000,0,002000	0,002000,0,002000,0,992769,0,003231
805	0,002000,0,002000,0,994000,0,002000	0,994000,0,002000,0,002000,0,002000	0,994000,0,002000,0,002000,0,002000
820	0,002000,0,002000,0,994000,0,002000	0,994000,0,002000,0,002000,0,002000	0,985700,0,002000,0,010300,0,002000
829	0,002000,0,994000,0,002000,0,002000	0,966555,0,029445,0,002000,0,002000	0,022615,0,973385,0,002000,0,002000
832	0,002000,0,002000,0,002000,0,994000	0,002000,0,994000,0,002000,0,002000	0,002000,0,994000,0,002000,0,002000
869	0,002000,0,002000,0,002000,0,994000	0,002000,0,002000,0,002000,0,994000	0,003535,0,002000,0,002000,0,992465
895	0,994000,0,002000,0,002000,0,002000	0,002000,0,002000,0,002000,0,994000	0,002000,0,002000,0,002000,0,994000
898	0,002000,0,002000,0,994000,0,002000	0,990569,0,002000,0,005431,0,002000	0,992309,0,002000,0,003691,0,002000
945	0,002000,0,994000,0,002000,0,002000	0,002000,0,994000,0,002000,0,002000	0,002637,0,993363,0,002000,0,002000
969	0,250000,0,250000,0,250000,0,250000	0,989604,0,002000,0,006396,0,002000	0,994000,0,002000,0,002000,0,002000
1003	0,002000,0,002000,0,002000,0,994000	0,002000,0,002000,0,994000,0,002000	0,002000,0,002000,0,994000,0,002000
1009	0,002000,0,994000,0,002000,0,002000	0,994000,0,002000,0,002000,0,002000	0,994000,0,002000,0,002000,0,002000
1015	0,002000,0,994000,0,002000,0,002000	0,002000,0,973862,0,022138,0,002000	0,002000,0,989999,0,005818,0,002183
1019	0,332003,0,663997,0,002000,0,002000	0,002000,0,002000,0,994000,0,002000	0,002000,0,002000,0,994000,0,002000
1063	0,272575,0,002000,0,723425,0,002000	0,994000,0,002000,0,002000,0,002000	0,994000,0,002000,0,002000,0,002000
1067	0,002000,0,342507,0,653493,0,002000	0,002000,0,994000,0,002000,0,002000	0,002000,0,994000,0,002000,0,002000
1072	0,002000,0,002000,0,332003,0,663997	0,994000,0,002000,0,002000,0,002000	0,994000,0,002000,0,002000,0,002000
1078	0,002000,0,002000,0,002000,0,994000	0,002000,0,994000,0,002000,0,002000	0,002000,0,994000,0,002000,0,002000
1079	0,002000,0,002000,0,002000,0,994000	0,002000,0,994000,0,002000,0,002000	0,002000,0,994000,0,002000,0,002000
1081	0,002000,0,002000,0,994000,0,002000	0,994000,0,002000,0,002000,0,002000	0,994000,0,002000,0,002000,0,002000
1138	0,002000,0,994000,0,002000,0,002000	0,002000,0,994000,0,002000,0,002000	0,005727,0,990273,0,002000,0,002000
1211	0,250000,0,250000,0,250000,0,250000	0,956713,0,002000,0,002000,0,039287	0,980501,0,002000,0,002000,0,015499
1228	0,250000,0,250000,0,250000,0,250000	0,953840,0,002000,0,042160,0,002000	0,961772,0,002000,0,034228,0,002000
1240	0,002000,0,994000,0,002000,0,002000	0,002000,0,013238,0,002000,0,982762	0,002000,0,981935,0,002000,0,014065
1255	0,002000,0,002000,0,994000,0,002000	0,002000,0,002000,0,906823,0,089177	0,002000,0,002000,0,012939,0,983061
1267	0,994000,0,002000,0,002000,0,002000	0,994000,0,002000,0,002000,0,002000	0,984668,0,002000,0,011332,0,002000
1268	0,002000,0,002000,0,994000,0,002000	0,002000,0,002000,0,994000,0,002000	0,012547,0,002000,0,983453,0,002000
1270	0,002000,0,994000,0,002000,0,002000	0,002000,0,002000,0,994000,0,002000	0,002000,0,994000,0,002000,0,002000
1271	0,869961,0,126039,0,002000,0,002000	0,080840,0,915160,0,002000,0,002000	0,994000,0,002000,0,002000,0,002000
1272	0,002000,0,994000,0,002000,0,002000	0,015071,0,980929,0,002000,0,002000	0,979902,0,016098,0,002000,0,002000
1276	0,002000,0,002000,0,002000,0,994000	0,002000,0,969609,0,002000,0,026391	0,002000,0,012833,0,002000,0,983167
1348	0,002000,0,014864,0,002000,0,981136	0,002000,0,994000,0,002000,0,002000	0,002000,0,990558,0,002000,0,005442
1383	0,002000,0,002000,0,002000,0,994000	0,026457,0,008985,0,002000,0,962558	0,002000,0,002000,0,002000,0,994000
1384	0,002000,0,994000,0,002000,0,002000	0,002000,0,940330,0,002000,0,055670	0,002000,0,987754,0,002000,0,008246
