Command arguments:  -t data/39.B1.W11.12/39.B1.W11.12 --bam data/39.B1.W11.12/39.B1.W11.12.bam --baseFreq data/39.B1.W11.12/13/step_1/39.B1.W11.12.lld --refSequence data/fasta/HCMV_Merlin_UL33.fasta --hapAlignment data/39.B1.W11.12/13/step_1/39.B1.W11.12Haplo.fasta --iterate
INITIAL	LL: -17582.47093992749	PENALTY: 505.0	PENALISED LL: -18087.47093992749
	0	0.05992601591538404
	1	0.4842645722147455
	2	0.05992601591538404
	3	0.059966172765745535
	4	0.33591722318874084

Overwriting 4 with 2 in region 656-662
RECOMBINE	0	-18084.626111823585
Overwriting 1 with 2 in region 364-377
RECOMBINE	1	-17667.78304896172
Recombining haplotypes 4 and 0 in region 944-952
RECOMBINE	2	-17659.815372518715
Overwriting 0 with 2 in region 592-610
RECOMBINE	3	-17640.89718937603
Recombining haplotypes 0 and 4 in region 35-43
RECOMBINE	4	-17636.430576815976
Recombining haplotypes 1 and 4 in region 1157-1160
RECOMBINE	5	-17636.039085034845
Recombining haplotypes 0 and 3 in region 104-114
RECOMBINE	6	-17635.78447741501
Overwriting 2 with 1 in region 893-920
RECOMBINE	7	-17635.537812224524
Recombining haplotypes 2 and 1 in region 538-561
RECOMBINE	8	-17635.013726792145
Recombining haplotypes 0 and 2 in region 659-679
RECOMBINE	9	-17634.76054892289
Recombining haplotypes 0 and 1 in region 509-521
RECOMBINE	10	-17634.53038639472
Recombining haplotypes 0 and 2 in region 149-167
RECOMBINE	11	-17634.15586327839
Recombining haplotypes 1 and 2 in region 1493-1499
RECOMBINE	12	-17633.04420663613
Recombining haplotypes 0 and 4 in region 1348-1362
RECOMBINE	13	-17631.648703175382
Recombining haplotypes 3 and 0 in region 252-254
RECOMBINE	14	-17631.14724751437
Recombining haplotypes 2 and 3 in region 750-752
RECOMBINE	15	-17630.89533387962
Recombining haplotypes 4 and 0 in region 171-181
RECOMBINE	16	-17630.661896748792
Overwriting 4 with 2 in region 360-367
RECOMBINE	17	-17630.44916534226
Overwriting 1 with 2 in region 220-233
RECOMBINE	18	-17633.398459878583
Recombining haplotypes 1 and 2 in region 873-882
RECOMBINE	19	-17630.242636968014
INITIAL RECOMBINE	-17125.242636968014	505.0	-17630.242636968014
Combining haplotypes 0 and 1
Combining haplotypes 0 and 1
CONTRACT	1	-17543.092696034528
Combining haplotypes 0 and 2
Combining haplotypes 0 and 2
CONTRACT	1	-17537.960579458133
Combining haplotypes 0 and 3
Combining haplotypes 0 and 3
CONTRACT	1	-17543.407869978837
Combining haplotypes 0 and 4
Combining haplotypes 0 and 4
CONTRACT	1	-17543.103656904485
Combining haplotypes 1 and 2
Combining haplotypes 1 and 2
CONTRACT	1	-17547.53032963105
Combining haplotypes 1 and 3
Combining haplotypes 1 and 3
CONTRACT	1	-17551.99844703984
Combining haplotypes 1 and 4
Combining haplotypes 1 and 4
CONTRACT	1	-17518.53055857572
Combining haplotypes 2 and 3
Combining haplotypes 2 and 3
CONTRACT	1	-17547.731766721943
Combining haplotypes 2 and 4
Combining haplotypes 2 and 4
CONTRACT	1	-17545.747691145585
Combining haplotypes 3 and 4
Combining haplotypes 3 and 4
CONTRACT	1	-17755.02499484912
Recombining haplotypes 3 and 1 in region 477-489
RECOMBINE	1	0	-17514.17370201533
Overwriting 3 with 1 in region 302-315
RECOMBINE	1	1	-17509.35225210211
Recombining haplotypes 1 and 0 in region 155-174
RECOMBINE	1	2	-17503.897215981116
Overwriting 0 with 2 in region 1486-1501
RECOMBINE	1	3	-17497.52643667716
Overwriting 1 with 3 in region 184-199
RECOMBINE	1	4	-17368.929424138245
Overwriting 1 with 2 in region 346-349
RECOMBINE	1	5	-17365.982781682473
Overwriting 1 with 0 in region 318-327
RECOMBINE	1	6	-17357.238902821307
Overwriting 3 with 0 in region 725-728
RECOMBINE	1	7	-17352.497743002867
Recombining haplotypes 0 and 3 in region 117-131
RECOMBINE	1	8	-17352.045965498568
Overwriting 3 with 1 in region 289-310
RECOMBINE	1	9	-17351.475931345707
Overwriting 0 with 3 in region 598-613
RECOMBINE	1	10	-17350.770857041352
Overwriting 3 with 1 in region 263-294
RECOMBINE	1	11	-17350.050596655125
Overwriting 2 with 3 in region 1210-1221
RECOMBINE	1	12	-17349.76519662951
Recombining haplotypes 0 and 1 in region 1032-1043
RECOMBINE	1	13	-17349.583134467845
Overwriting 0 with 1 in region 658-675
RECOMBINE	1	14	-17349.475001558203
Overwriting 0 with 1 in region 101-117
RECOMBINE	1	15	-17349.4615915927
Overwriting 3 with 1 in region 703-717
RECOMBINE	1	16	-17190.666732813348
Recombining haplotypes 3 and 1 in region 369-386
RECOMBINE	1	17	-17189.708613082916
Overwriting 2 with 3 in region 193-198
RECOMBINE	1	18	-17189.61281759762
Recombining haplotypes 2 and 1 in region 886-894
RECOMBINE	1	19	-17189.59765144792

Big Iteration 1	LL: -16785.59765144792	PENALTY: 404.0	PENALISED LL: -17189.59765144792
	0	0.6361449833055283
	1	0.023603240646919724
	2	0.016318690262635816
	3	0.32393308578491614

Combining haplotypes 0 and 1
Combining haplotypes 0 and 1
CONTRACT	2	-17319.82300761293
Combining haplotypes 0 and 2
Combining haplotypes 0 and 2
CONTRACT	2	-17917.74626400363
Combining haplotypes 0 and 3
Combining haplotypes 0 and 3
CONTRACT	2	-17315.858177302376
Combining haplotypes 1 and 2
Combining haplotypes 1 and 2
CONTRACT	2	-17303.493548798167
Combining haplotypes 1 and 3
Combining haplotypes 1 and 3
CONTRACT	2	-17323.438096000584
Combining haplotypes 2 and 3
Combining haplotypes 2 and 3
CONTRACT	2	-17683.585645877683

Big Iteration 2	LL: -16785.59765144792	PENALTY: 404.0	PENALISED LL: -17189.59765144792
	0	0.6361449833055283
	1	0.023603240646919724
	2	0.016318690262635816
	3	0.32393308578491614

FINISHED

Big Iteration -1	LL: -16785.59765144792	PENALTY: 404.0	PENALISED LL: -17189.59765144792
	0	0.6361449833055283
	1	0.023603240646919724
	2	0.016318690262635816
	3	0.32393308578491614


Haplotype frequencies
0	0,636145
1	0,023603
2	0,016319
3	0,323933
Active sites
112	0,002000,0,009350,0,002000,0,986650	0,002000,0,002000,0,002000,0,994000	0,002000,0,239880,0,002000,0,756120	0,002000,0,003832,0,002000,0,992168
119	0,994000,0,002000,0,002000,0,002000	0,994000,0,002000,0,002000,0,002000	0,933103,0,002000,0,062897,0,002000	0,994000,0,002000,0,002000,0,002000
120	0,016544,0,002000,0,979456,0,002000	0,002000,0,002000,0,994000,0,002000	0,002000,0,002000,0,994000,0,002000	0,050150,0,002000,0,945850,0,002000
121	0,002000,0,002000,0,994000,0,002000	0,002000,0,002000,0,994000,0,002000	0,002000,0,002000,0,994000,0,002000	0,006639,0,002000,0,989361,0,002000
161	0,002000,0,994000,0,002000,0,002000	0,002000,0,994000,0,002000,0,002000	0,002000,0,780732,0,002000,0,215268	0,012348,0,983652,0,002000,0,002000
178	0,002000,0,002000,0,025128,0,970872	0,002000,0,002000,0,002000,0,994000	0,002000,0,002000,0,002000,0,994000	0,002000,0,002000,0,002000,0,994000
189	0,002000,0,002000,0,002000,0,994000	0,002000,0,002000,0,002000,0,994000	0,002000,0,002000,0,002000,0,994000	0,002000,0,002000,0,004709,0,991291
194	0,002000,0,961410,0,002000,0,034590	0,002000,0,994000,0,002000,0,002000	0,002000,0,926892,0,002000,0,069108	0,002000,0,908386,0,002000,0,087614
212	0,994000,0,002000,0,002000,0,002000	0,994000,0,002000,0,002000,0,002000	0,509258,0,002000,0,486742,0,002000	0,994000,0,002000,0,002000,0,002000
213	0,004411,0,991589,0,002000,0,002000	0,002000,0,994000,0,002000,0,002000	0,749473,0,246527,0,002000,0,002000	0,043970,0,952030,0,002000,0,002000
215	0,002000,0,002000,0,002000,0,994000	0,002000,0,002000,0,002000,0,994000	0,002000,0,936911,0,002000,0,059089	0,002000,0,018348,0,002000,0,977652
226	0,002000,0,002000,0,002000,0,994000	0,002000,0,002000,0,002000,0,994000	0,002000,0,188715,0,002000,0,807285	0,002000,0,002000,0,002000,0,994000
228	0,002000,0,994000,0,002000,0,002000	0,002000,0,994000,0,002000,0,002000	0,002000,0,994000,0,002000,0,002000	0,002000,0,990265,0,005735,0,002000
229	0,002000,0,994000,0,002000,0,002000	0,140865,0,855135,0,002000,0,002000	0,002000,0,994000,0,002000,0,002000	0,002000,0,994000,0,002000,0,002000
230	0,993633,0,002000,0,002367,0,002000	0,486743,0,002000,0,509257,0,002000	0,994000,0,002000,0,002000,0,002000	0,994000,0,002000,0,002000,0,002000
231	0,002000,0,002000,0,994000,0,002000	0,263297,0,096159,0,638544,0,002000	0,002000,0,002000,0,994000,0,002000	0,004095,0,002000,0,991905,0,002000
233	0,994000,0,002000,0,002000,0,002000	0,804676,0,077609,0,115715,0,002000	0,994000,0,002000,0,002000,0,002000	0,994000,0,002000,0,002000,0,002000
274	0,002000,0,002000,0,993572,0,002428	0,015470,0,002000,0,980530,0,002000	0,016923,0,002000,0,960715,0,020362	0,002000,0,002000,0,994000,0,002000
308	0,002000,0,002000,0,994000,0,002000	0,002000,0,002000,0,994000,0,002000	0,057738,0,002000,0,938262,0,002000	0,002000,0,002000,0,994000,0,002000
316	0,002000,0,002000,0,002000,0,994000	0,002000,0,002000,0,002000,0,994000	0,002000,0,185046,0,002000,0,810954	0,002000,0,002000,0,002000,0,994000
320	0,002000,0,002000,0,002000,0,994000	0,002000,0,002000,0,002000,0,994000	0,107030,0,002000,0,002000,0,888970	0,002000,0,002000,0,002000,0,994000
331	0,002000,0,994000,0,002000,0,002000	0,002000,0,994000,0,002000,0,002000	0,002000,0,848660,0,002000,0,147340	0,002000,0,994000,0,002000,0,002000
337	0,002000,0,002000,0,002000,0,994000	0,002000,0,002000,0,002000,0,994000	0,002000,0,060932,0,002000,0,935068	0,002000,0,002696,0,002000,0,993304
343	0,002000,0,002117,0,002000,0,993883	0,002000,0,002000,0,002000,0,994000	0,002000,0,049036,0,002000,0,946964	0,002000,0,006532,0,002000,0,989468
363	0,002000,0,002000,0,002000,0,994000	0,002000,0,002000,0,002000,0,994000	0,002000,0,002000,0,184048,0,811952	0,002000,0,002000,0,002000,0,994000
364	0,994000,0,002000,0,002000,0,002000	0,994000,0,002000,0,002000,0,002000	0,621102,0,002000,0,374898,0,002000	0,994000,0,002000,0,002000,0,002000
366	0,002000,0,002000,0,002000,0,994000	0,002000,0,002000,0,002000,0,994000	0,002000,0,002000,0,149585,0,846415	0,002000,0,002000,0,002000,0,994000
376	0,002000,0,004935,0,002000,0,991065	0,002000,0,002000,0,002000,0,994000	0,002000,0,095764,0,002000,0,900236	0,002000,0,002000,0,002000,0,994000
388	0,002000,0,994000,0,002000,0,002000	0,002000,0,994000,0,002000,0,002000	0,002000,0,781200,0,002000,0,214800	0,002000,0,994000,0,002000,0,002000
451	0,993817,0,002000,0,002183,0,002000	0,994000,0,002000,0,002000,0,002000	0,936844,0,002000,0,059156,0,002000	0,994000,0,002000,0,002000,0,002000
454	0,002000,0,994000,0,002000,0,002000	0,026033,0,969967,0,002000,0,002000	0,061398,0,934602,0,002000,0,002000	0,007497,0,988503,0,002000,0,002000
457	0,002000,0,989924,0,002000,0,006076	0,002000,0,960983,0,002000,0,035017	0,002000,0,904807,0,002000,0,091193	0,002000,0,990705,0,002000,0,005295
481	0,993847,0,002000,0,002153,0,002000	0,994000,0,002000,0,002000,0,002000	0,928603,0,002000,0,067397,0,002000	0,994000,0,002000,0,002000,0,002000
484	0,002000,0,002000,0,994000,0,002000	0,002000,0,002000,0,994000,0,002000	0,002000,0,002000,0,994000,0,002000	0,003118,0,002000,0,992882,0,002000
485	0,002000,0,993382,0,002618,0,002000	0,002000,0,994000,0,002000,0,002000	0,002000,0,994000,0,002000,0,002000	0,002000,0,994000,0,002000,0,002000
497	0,002000,0,002000,0,002000,0,994000	0,002000,0,002000,0,002000,0,994000	0,002000,0,002000,0,053317,0,942683	0,002000,0,002000,0,002000,0,994000
506	0,994000,0,002000,0,002000,0,002000	0,994000,0,002000,0,002000,0,002000	0,976131,0,002000,0,002000,0,019869	0,993780,0,002000,0,002000,0,002220
512	0,002000,0,994000,0,002000,0,002000	0,002000,0,994000,0,002000,0,002000	0,002000,0,931347,0,002000,0,064653	0,002000,0,994000,0,002000,0,002000
555	0,002000,0,994000,0,002000,0,002000	0,002000,0,984421,0,002000,0,011579	0,002000,0,994000,0,002000,0,002000	0,002000,0,988018,0,002000,0,007982
556	0,002000,0,003739,0,002000,0,992261	0,002000,0,002000,0,002000,0,994000	0,002000,0,212686,0,002000,0,783314	0,002000,0,002000,0,002000,0,994000
589	0,002000,0,993510,0,002000,0,002490	0,002000,0,994000,0,002000,0,002000	0,002000,0,951721,0,002000,0,044279	0,002000,0,987655,0,002000,0,008345
601	0,002000,0,002000,0,994000,0,002000	0,002000,0,002000,0,994000,0,002000	0,260120,0,002000,0,735880,0,002000	0,002000,0,002000,0,994000,0,002000
604	0,002000,0,994000,0,002000,0,002000	0,002000,0,994000,0,002000,0,002000	0,002000,0,844437,0,002000,0,151563	0,002000,0,994000,0,002000,0,002000
613	0,002000,0,002000,0,008905,0,987095	0,002000,0,002000,0,035503,0,960497	0,002000,0,036245,0,025567,0,936188	0,002000,0,002000,0,012780,0,983220
627	0,002000,0,994000,0,002000,0,002000	0,002000,0,994000,0,002000,0,002000	0,002000,0,994000,0,002000,0,002000	0,002000,0,990326,0,002000,0,005674
644	0,988356,0,007644,0,002000,0,002000	0,979406,0,016594,0,002000,0,002000	0,825147,0,170853,0,002000,0,002000	0,990771,0,005229,0,002000,0,002000
646	0,002000,0,002000,0,994000,0,002000	0,002000,0,002000,0,994000,0,002000	0,231193,0,002000,0,764807,0,002000	0,002000,0,002000,0,994000,0,002000
647	0,002000,0,988297,0,002000,0,007703	0,002000,0,994000,0,002000,0,002000	0,002000,0,588744,0,020313,0,388943	0,002000,0,979171,0,002000,0,016829
652	0,002000,0,002381,0,002000,0,993619	0,002000,0,002000,0,002000,0,994000	0,038418,0,069419,0,002000,0,890163	0,002000,0,009414,0,002000,0,986586
655	0,002000,0,002000,0,994000,0,002000	0,002000,0,002000,0,994000,0,002000	0,097963,0,002000,0,898037,0,002000	0,004754,0,002000,0,991246,0,002000
661	0,002000,0,002000,0,002000,0,994000	0,002000,0,002000,0,002000,0,994000	0,002000,0,475219,0,002000,0,520781	0,002000,0,002000,0,002000,0,994000
662	0,002000,0,002000,0,994000,0,002000	0,002000,0,002000,0,994000,0,002000	0,002000,0,002000,0,662364,0,333636	0,002000,0,002000,0,994000,0,002000
687	0,002000,0,994000,0,002000,0,002000	0,002000,0,994000,0,002000,0,002000	0,002000,0,994000,0,002000,0,002000	0,002000,0,988457,0,002000,0,007543
706	0,994000,0,002000,0,002000,0,002000	0,994000,0,002000,0,002000,0,002000	0,994000,0,002000,0,002000,0,002000	0,990618,0,002000,0,005382,0,002000
712	0,002000,0,994000,0,002000,0,002000	0,002000,0,994000,0,002000,0,002000	0,002000,0,590015,0,002000,0,405985	0,002000,0,028347,0,002000,0,967653
713	0,002000,0,994000,0,002000,0,002000	0,002000,0,994000,0,002000,0,002000	0,816057,0,179943,0,002000,0,002000	0,994000,0,002000,0,002000,0,002000
715	0,002000,0,994000,0,002000,0,002000	0,002000,0,994000,0,002000,0,002000	0,025015,0,148876,0,002000,0,824109	0,002000,0,002000,0,002000,0,994000
717	0,989095,0,002000,0,006905,0,002000	0,994000,0,002000,0,002000,0,002000	0,894744,0,068961,0,034295,0,002000	0,994000,0,002000,0,002000,0,002000
718	0,994000,0,002000,0,002000,0,002000	0,994000,0,002000,0,002000,0,002000	0,034582,0,021563,0,002000,0,941855	0,002000,0,002000,0,002000,0,994000
719	0,003188,0,002000,0,992812,0,002000	0,002000,0,002000,0,994000,0,002000	0,959226,0,002000,0,036774,0,002000	0,994000,0,002000,0,002000,0,002000
720	0,002000,0,994000,0,002000,0,002000	0,002000,0,994000,0,002000,0,002000	0,002000,0,868903,0,127097,0,002000	0,002000,0,003078,0,002000,0,992922
721	0,002000,0,002000,0,002000,0,994000	0,002000,0,002000,0,002000,0,994000	0,979273,0,014078,0,002000,0,004649	0,002000,0,994000,0,002000,0,002000
722	0,994000,0,002000,0,002000,0,002000	0,994000,0,002000,0,002000,0,002000	0,219052,0,002000,0,002000,0,776948	0,994000,0,002000,0,002000,0,002000
726	0,002000,0,002000,0,037717,0,958283	0,002000,0,002000,0,067832,0,928168	0,002000,0,002000,0,207303,0,788697	0,002000,0,002000,0,072164,0,923836
777	0,994000,0,002000,0,002000,0,002000	0,896208,0,002000,0,002000,0,099792	0,994000,0,002000,0,002000,0,002000	0,989061,0,002000,0,002000,0,006939
783	0,002000,0,994000,0,002000,0,002000	0,994000,0,002000,0,002000,0,002000	0,002000,0,994000,0,002000,0,002000	0,020329,0,975671,0,002000,0,002000
784	0,002000,0,002000,0,002000,0,994000	0,002000,0,994000,0,002000,0,002000	0,002000,0,103075,0,002000,0,892925	0,002000,0,037481,0,002000,0,958519
790	0,007832,0,002000,0,988168,0,002000	0,002000,0,002000,0,994000,0,002000	0,653291,0,002000,0,342709,0,002000	0,009935,0,002000,0,986065,0,002000
791	0,002000,0,991550,0,004450,0,002000	0,002000,0,994000,0,002000,0,002000	0,002000,0,245934,0,750066,0,002000	0,002000,0,985195,0,010805,0,002000
809	0,002000,0,990433,0,005567,0,002000	0,002000,0,849186,0,146814,0,002000	0,002000,0,994000,0,002000,0,002000	0,002000,0,985220,0,010780,0,002000
820	0,002000,0,002000,0,993254,0,002746	0,002000,0,002000,0,994000,0,002000	0,002000,0,002000,0,962909,0,033091	0,002000,0,002000,0,992229,0,003771
832	0,002000,0,006338,0,002000,0,989662	0,002000,0,002000,0,002000,0,994000	0,002000,0,002000,0,002000,0,994000	0,002000,0,002000,0,002000,0,994000
877	0,002000,0,002000,0,994000,0,002000	0,002000,0,002000,0,994000,0,002000	0,205865,0,002000,0,790135,0,002000	0,002000,0,002000,0,994000,0,002000
890	0,987055,0,002000,0,008945,0,002000	0,993286,0,002000,0,002714,0,002000	0,994000,0,002000,0,002000,0,002000	0,985579,0,002000,0,010421,0,002000
905	0,002789,0,993211,0,002000,0,002000	0,045199,0,950801,0,002000,0,002000	0,002000,0,994000,0,002000,0,002000	0,002623,0,993377,0,002000,0,002000
946	0,002000,0,019828,0,002000,0,976172	0,002000,0,002000,0,002000,0,994000	0,002000,0,075090,0,002000,0,920910	0,002000,0,026384,0,002000,0,969616
949	0,002000,0,002000,0,002000,0,994000	0,002000,0,002000,0,002000,0,994000	0,002000,0,061407,0,002000,0,934593	0,002000,0,002000,0,002000,0,994000
1003	0,002000,0,002000,0,002000,0,994000	0,002000,0,002000,0,002000,0,994000	0,034467,0,002000,0,002000,0,961533	0,002000,0,002000,0,009596,0,986404
1004	0,002000,0,002000,0,994000,0,002000	0,002000,0,002000,0,994000,0,002000	0,011662,0,002000,0,984338,0,002000	0,002000,0,006194,0,989806,0,002000
1026	0,002000,0,002000,0,994000,0,002000	0,002000,0,002000,0,994000,0,002000	0,002000,0,002000,0,994000,0,002000	0,005132,0,002000,0,990868,0,002000
1028	0,002000,0,994000,0,002000,0,002000	0,002000,0,994000,0,002000,0,002000	0,002000,0,994000,0,002000,0,002000	0,002000,0,989674,0,006326,0,002000
1039	0,993698,0,002000,0,002302,0,002000	0,994000,0,002000,0,002000,0,002000	0,994000,0,002000,0,002000,0,002000	0,994000,0,002000,0,002000,0,002000
1045	0,002000,0,002000,0,002000,0,994000	0,002000,0,002000,0,002000,0,994000	0,002000,0,075602,0,002000,0,920398	0,002000,0,002000,0,002000,0,994000
1051	0,993678,0,002000,0,002000,0,002322	0,994000,0,002000,0,002000,0,002000	0,994000,0,002000,0,002000,0,002000	0,993729,0,002000,0,002000,0,002271
1067	0,002000,0,002950,0,002000,0,993050	0,002000,0,002000,0,002000,0,994000	0,002000,0,107265,0,002000,0,888735	0,002000,0,002000,0,002000,0,994000
1072	0,002000,0,007196,0,002000,0,988804	0,002000,0,002000,0,002000,0,994000	0,002000,0,002000,0,002000,0,994000	0,002000,0,002000,0,002000,0,994000
1073	0,002000,0,843327,0,002000,0,152673	0,002000,0,934614,0,002000,0,061386	0,002000,0,886085,0,002000,0,109915	0,002000,0,811221,0,002000,0,184779
1081	0,002000,0,002000,0,989552,0,006448	0,002000,0,002000,0,768135,0,227865	0,002000,0,002000,0,994000,0,002000	0,002000,0,002000,0,991203,0,004797
1082	0,002000,0,994000,0,002000,0,002000	0,002000,0,934325,0,002000,0,061675	0,002000,0,994000,0,002000,0,002000	0,002000,0,994000,0,002000,0,002000
1159	0,002000,0,002000,0,002000,0,994000	0,002000,0,002000,0,002000,0,994000	0,002000,0,002000,0,002000,0,994000	0,002000,0,008649,0,002000,0,987351
1182	0,002000,0,002000,0,002000,0,994000	0,002000,0,002000,0,002000,0,994000	0,002000,0,002000,0,002000,0,994000	0,002000,0,004331,0,002000,0,991669
1183	0,002000,0,994000,0,002000,0,002000	0,002000,0,994000,0,002000,0,002000	0,002000,0,994000,0,002000,0,002000	0,017406,0,978594,0,002000,0,002000
1211	0,994000,0,002000,0,002000,0,002000	0,011410,0,002000,0,002000,0,984590	0,840035,0,002000,0,002000,0,155965	0,994000,0,002000,0,002000,0,002000
1228	0,924204,0,002000,0,071796,0,002000	0,994000,0,002000,0,002000,0,002000	0,994000,0,002000,0,002000,0,002000	0,994000,0,002000,0,002000,0,002000
1271	0,012125,0,983875,0,002000,0,002000	0,002000,0,994000,0,002000,0,002000	0,003018,0,992982,0,002000,0,002000	0,002000,0,994000,0,002000,0,002000
1356	0,002000,0,994000,0,002000,0,002000	0,002000,0,994000,0,002000,0,002000	0,036507,0,959493,0,002000,0,002000	0,002000,0,994000,0,002000,0,002000
1382	0,990028,0,002000,0,002000,0,005972	0,994000,0,002000,0,002000,0,002000	0,994000,0,002000,0,002000,0,002000	0,994000,0,002000,0,002000,0,002000
1384	0,002000,0,976298,0,002000,0,019702	0,002000,0,994000,0,002000,0,002000	0,002000,0,994000,0,002000,0,002000	0,002000,0,991791,0,002000,0,004209
