Command arguments:  -t data/04.M1.W09.02/04.M1.W09.02 --bam data/04.M1.W09.02/04.M1.W09.02.bam --baseFreq data/04.M1.W09.02/15/step_1/04.M1.W09.02.lld --refSequence data/fasta/HCMV_Merlin_UL33.fasta --hapAlignment data/04.M1.W09.02/15/step_1/04.M1.W09.02Haplo.fasta --iterate
INITIAL	LL: -224700.84759234855	PENALTY: 1625.0	PENALISED LL: -226325.84759234855
	0	0.07938313870645311
	1	0.5210057353818235
	2	0.3435893722838143
	3	0.027570322325344766
	4	0.02845143130256427

Recombining haplotypes 0 and 1 in region 1291-1304
RECOMBINE	0	-226327.1661907475
Overwriting 2 with 4 in region 529-540
RECOMBINE	1	-226324.98534586543
Overwriting 2 with 0 in region 660-673
RECOMBINE	2	-226324.69720931508
Recombining haplotypes 3 and 1 in region 745-756
RECOMBINE	3	-226324.6037220075
Overwriting 0 with 4 in region 1092-1102
RECOMBINE	4	-226324.83704456073
Overwriting 2 with 4 in region 212-229
RECOMBINE	5	-226324.70773765576
Recombining haplotypes 2 and 3 in region 696-703
RECOMBINE	6	-226324.532718146
Overwriting 2 with 1 in region 959-972
RECOMBINE	7	-226325.35940923882
Recombining haplotypes 4 and 1 in region 1098-1114
RECOMBINE	8	-226324.53194401035
Overwriting 1 with 2 in region 335-343
RECOMBINE	9	-226325.67995618648
Overwriting 4 with 1 in region 498-515
RECOMBINE	10	-226324.49629740303
Overwriting 3 with 4 in region 241-246
RECOMBINE	11	-226324.46410535666
Overwriting 3 with 2 in region 213-235
RECOMBINE	12	-226324.4623464422
Overwriting 0 with 3 in region 760-769
RECOMBINE	13	-226324.57870710973
Overwriting 4 with 3 in region 451-472
RECOMBINE	14	-226324.56879286884
Recombining haplotypes 4 and 2 in region 719-734
RECOMBINE	15	-226325.53750924033
Recombining haplotypes 0 and 1 in region 617-631
RECOMBINE	16	-226324.84229065652
Overwriting 1 with 0 in region 36-43
RECOMBINE	17	-226324.46188309367
Recombining haplotypes 0 and 1 in region 1081-1087
RECOMBINE	18	-226324.4622372167
Overwriting 2 with 3 in region 282-304
RECOMBINE	19	-226325.44002362218
INITIAL RECOMBINE	-224699.46188309367	1625.0	-226324.46188309367
Combining haplotypes 0 and 1
Combining haplotypes 0 and 1
CONTRACT	1	-248635.64519503788
Combining haplotypes 0 and 2
Combining haplotypes 0 and 2
CONTRACT	1	-248638.38238767788
Combining haplotypes 0 and 3
Combining haplotypes 0 and 3
CONTRACT	1	-251253.06518878296
Combining haplotypes 0 and 4
Combining haplotypes 0 and 4
CONTRACT	1	-251795.15362500807
Combining haplotypes 1 and 2
Combining haplotypes 1 and 2
CONTRACT	1	-248638.19240525417
Combining haplotypes 1 and 3
Combining haplotypes 1 and 3
CONTRACT	1	-248633.34962615112
Combining haplotypes 1 and 4
Combining haplotypes 1 and 4
CONTRACT	1	-248634.29190988632
Combining haplotypes 2 and 3
Combining haplotypes 2 and 3
CONTRACT	1	-248635.3932466175
Combining haplotypes 2 and 4
Combining haplotypes 2 and 4
CONTRACT	1	-248634.2344587398
Combining haplotypes 3 and 4
Combining haplotypes 3 and 4
CONTRACT	1	-240521.5606923011
Overwriting 0 with 3 in region 217-227
RECOMBINE	1	0	-226324.4869428252
Overwriting 3 with 4 in region 400-406
RECOMBINE	1	1	-226324.46159732618
Overwriting 4 with 0 in region 633-658
RECOMBINE	1	2	-226324.46159228843
Overwriting 3 with 4 in region 849-855
RECOMBINE	1	3	-226324.46147439067
Overwriting 1 with 3 in region 335-345
RECOMBINE	1	4	-226324.566506469
Recombining haplotypes 1 and 3 in region 94-116
RECOMBINE	1	5	-226324.61225011913
Recombining haplotypes 0 and 2 in region 786-800
RECOMBINE	1	6	-226324.47329857372
Overwriting 2 with 1 in region 958-972
RECOMBINE	1	7	-226325.235355206
Recombining haplotypes 2 and 1 in region 195-202
RECOMBINE	1	8	-226324.47525051213
Overwriting 3 with 0 in region 574-584
RECOMBINE	1	9	-226324.46200158872
Recombining haplotypes 3 and 4 in region 1102-1117
RECOMBINE	1	10	-226324.46170285754
Overwriting 3 with 4 in region 627-633
RECOMBINE	1	11	-226324.46138096694
Overwriting 4 with 1 in region 756-766
RECOMBINE	1	12	-226324.46161695576
Overwriting 1 with 3 in region 1279-1298
RECOMBINE	1	13	-226325.25589731886
Overwriting 0 with 3 in region 920-928
RECOMBINE	1	14	-226324.86329926347
Recombining haplotypes 4 and 0 in region 119-129
RECOMBINE	1	15	-226324.46138750348
Recombining haplotypes 3 and 1 in region 619-630
RECOMBINE	1	16	-226324.50688927394
Overwriting 4 with 1 in region 255-264
RECOMBINE	1	17	-226324.4614024967
Recombining haplotypes 2 and 4 in region 1023-1036
RECOMBINE	1	18	-226324.48397904157
Overwriting 4 with 2 in region 328-344
RECOMBINE	1	19	-226324.5083626407

Big Iteration 1	LL: -224699.46138096694	PENALTY: 1625.0	PENALISED LL: -226324.46138096694
	0	0.07970379788056345
	1	0.520910124984274
	2	0.34340675637687407
	3	0.02748345887368886
	4	0.02849586188459959

FINISHED

Big Iteration -1	LL: -224699.46138096694	PENALTY: 1625.0	PENALISED LL: -226324.46138096694
	0	0.07970379788056345
	1	0.520910124984274
	2	0.34340675637687407
	3	0.02748345887368886
	4	0.02849586188459959


Haplotype frequencies
0	0,079704
1	0,520910
2	0,343407
3	0,027483
4	0,028496
Active sites
38	0,002000,0,994000,0,002000,0,002000	0,002000,0,983896,0,002000,0,012104	0,002000,0,970189,0,002000,0,025811	0,002000,0,994000,0,002000,0,002000	0,002000,0,994000,0,002000,0,002000
65	0,002000,0,982012,0,002000,0,013988	0,002000,0,981570,0,002000,0,014430	0,002000,0,983511,0,002000,0,012489	0,002000,0,047376,0,002000,0,948624	0,002000,0,115880,0,002000,0,880120
68	0,500574,0,002000,0,495426,0,002000	0,781224,0,002000,0,214776,0,002000	0,140758,0,002000,0,855242,0,002000	0,944462,0,002000,0,051538,0,002000	0,914615,0,002000,0,081385,0,002000
95	0,002306,0,002000,0,002000,0,993694	0,004457,0,002000,0,002000,0,991543	0,002219,0,002000,0,002000,0,993781	0,891470,0,002000,0,002000,0,104530	0,704362,0,002000,0,002000,0,291638
105	0,002000,0,535574,0,002000,0,460426	0,002000,0,833242,0,002000,0,162758	0,002000,0,153753,0,002000,0,842247	0,002000,0,980288,0,002000,0,015712	0,002000,0,928266,0,002000,0,067734
112	0,002000,0,736690,0,002000,0,259310	0,002000,0,386040,0,002000,0,609960	0,002000,0,946737,0,002000,0,049263	0,002000,0,121132,0,002000,0,874868	0,002000,0,306854,0,002000,0,689146
114	0,287295,0,002000,0,708705,0,002000	0,091401,0,002000,0,904599,0,002000	0,713284,0,002000,0,282716,0,002000	0,011849,0,002000,0,984151,0,002000	0,024780,0,002000,0,971220,0,002000
119	0,982982,0,002000,0,013018,0,002000	0,994000,0,002000,0,002000,0,002000	0,993426,0,002000,0,002574,0,002000	0,987621,0,002000,0,008379,0,002000	0,994000,0,002000,0,002000,0,002000
120	0,144977,0,002000,0,851023,0,002000	0,137301,0,002000,0,858699,0,002000	0,168601,0,002000,0,827399,0,002000	0,137090,0,002000,0,858910,0,002000	0,208675,0,002000,0,787325,0,002000
121	0,003557,0,002000,0,992443,0,002000	0,007924,0,002000,0,987481,0,002595	0,009287,0,002000,0,986713,0,002000	0,002000,0,002000,0,994000,0,002000	0,002000,0,002000,0,994000,0,002000
160	0,732013,0,002000,0,142525,0,123462	0,796420,0,002000,0,021741,0,179839	0,533506,0,002000,0,270024,0,194470	0,953403,0,002000,0,042597,0,002000	0,957086,0,002000,0,020465,0,020449
161	0,002000,0,002000,0,002000,0,994000	0,002000,0,002105,0,002000,0,993895	0,002000,0,002308,0,002000,0,993692	0,002000,0,739326,0,002000,0,256674	0,002000,0,726724,0,002000,0,269276
162	0,002000,0,002000,0,002000,0,994000	0,002000,0,002460,0,002000,0,993540	0,002000,0,002000,0,002000,0,994000	0,002000,0,631196,0,002000,0,364804	0,002000,0,289745,0,002000,0,706255
163	0,002000,0,008499,0,002000,0,987501	0,002623,0,002000,0,002000,0,993377	0,002000,0,002693,0,002000,0,993307	0,002000,0,689084,0,002000,0,306916	0,002000,0,778495,0,002000,0,217505
164	0,993295,0,002000,0,002000,0,002705	0,994000,0,002000,0,002000,0,002000	0,993033,0,002000,0,002967,0,002000	0,121748,0,002000,0,861652,0,014600	0,178992,0,002000,0,316689,0,502319
165	0,993742,0,002000,0,002258,0,002000	0,992292,0,002000,0,003708,0,002000	0,994000,0,002000,0,002000,0,002000	0,105876,0,002000,0,890124,0,002000	0,185093,0,002000,0,810907,0,002000
168	0,002000,0,002000,0,994000,0,002000	0,002000,0,002000,0,994000,0,002000	0,002000,0,002000,0,994000,0,002000	0,016490,0,002000,0,979510,0,002000	0,239920,0,002000,0,756080,0,002000
183	0,002000,0,994000,0,002000,0,002000	0,002000,0,994000,0,002000,0,002000	0,002000,0,993096,0,002000,0,002904	0,002000,0,032431,0,002000,0,963569	0,002000,0,989548,0,002000,0,006452
197	0,631916,0,364084,0,002000,0,002000	0,040521,0,952587,0,004892,0,002000	0,979504,0,016440,0,002000,0,002056	0,006423,0,002000,0,002000,0,989577	0,082875,0,585219,0,002000,0,329906
200	0,002000,0,002000,0,994000,0,002000	0,007187,0,002000,0,988813,0,002000	0,007578,0,002000,0,988422,0,002000	0,984168,0,002000,0,011832,0,002000	0,035432,0,002000,0,960568,0,002000
210	0,002000,0,674250,0,002000,0,321750	0,002000,0,986935,0,002000,0,009065	0,002000,0,052582,0,002000,0,943418	0,002000,0,994000,0,002000,0,002000	0,002000,0,975691,0,002000,0,020309
215	0,002000,0,994000,0,002000,0,002000	0,002000,0,994000,0,002000,0,002000	0,002000,0,994000,0,002000,0,002000	0,002000,0,325476,0,002000,0,670524	0,002000,0,871054,0,002000,0,124946
219	0,002710,0,993290,0,002000,0,002000	0,003423,0,992577,0,002000,0,002000	0,002000,0,994000,0,002000,0,002000	0,016353,0,033240,0,002000,0,948407	0,864190,0,123567,0,002000,0,010243
220	0,002000,0,994000,0,002000,0,002000	0,002000,0,994000,0,002000,0,002000	0,002000,0,994000,0,002000,0,002000	0,002000,0,994000,0,002000,0,002000	0,002000,0,760443,0,002000,0,235557
225	0,994000,0,002000,0,002000,0,002000	0,994000,0,002000,0,002000,0,002000	0,994000,0,002000,0,002000,0,002000	0,982288,0,002000,0,013712,0,002000	0,389213,0,002000,0,606787,0,002000
226	0,002000,0,994000,0,002000,0,002000	0,002000,0,994000,0,002000,0,002000	0,002000,0,994000,0,002000,0,002000	0,002000,0,067288,0,002000,0,928712	0,002000,0,399852,0,002000,0,596148
228	0,377528,0,618472,0,002000,0,002000	0,956549,0,039451,0,002000,0,002000	0,005739,0,990261,0,002000,0,002000	0,009351,0,979303,0,009346,0,002000	0,087351,0,908649,0,002000,0,002000
230	0,994000,0,002000,0,002000,0,002000	0,994000,0,002000,0,002000,0,002000	0,994000,0,002000,0,002000,0,002000	0,988042,0,002000,0,007958,0,002000	0,277650,0,002000,0,718350,0,002000
231	0,004432,0,991568,0,002000,0,002000	0,021760,0,974240,0,002000,0,002000	0,002000,0,994000,0,002000,0,002000	0,002000,0,022198,0,973802,0,002000	0,592300,0,172350,0,233350,0,002000
232	0,002000,0,003024,0,002000,0,992976	0,002000,0,004871,0,002000,0,991129	0,002000,0,002000,0,002000,0,994000	0,002000,0,965189,0,002000,0,030811	0,002000,0,018455,0,002000,0,977545
233	0,296143,0,699857,0,002000,0,002000	0,006604,0,989396,0,002000,0,002000	0,968872,0,027128,0,002000,0,002000	0,913296,0,082704,0,002000,0,002000	0,800517,0,195483,0,002000,0,002000
235	0,002000,0,002000,0,002000,0,994000	0,002000,0,002000,0,002000,0,994000	0,002000,0,002000,0,002000,0,994000	0,002000,0,921039,0,002000,0,074961	0,002000,0,002000,0,002000,0,994000
241	0,002000,0,994000,0,002000,0,002000	0,002000,0,994000,0,002000,0,002000	0,002000,0,994000,0,002000,0,002000	0,002000,0,992370,0,002000,0,003630	0,002000,0,172943,0,002000,0,823057
242	0,994000,0,002000,0,002000,0,002000	0,994000,0,002000,0,002000,0,002000	0,994000,0,002000,0,002000,0,002000	0,017338,0,002000,0,978662,0,002000	0,121992,0,002000,0,874008,0,002000
247	0,002000,0,002748,0,002000,0,993252	0,002000,0,002144,0,002000,0,993856	0,002000,0,002614,0,002000,0,993386	0,002000,0,971695,0,002000,0,024305	0,002000,0,916672,0,002000,0,079328
248	0,009060,0,002000,0,986940,0,002000	0,016838,0,002000,0,979162,0,002000	0,011451,0,002000,0,984549,0,002000	0,972390,0,002000,0,023610,0,002000	0,900157,0,002000,0,095843,0,002000
249	0,991955,0,002000,0,002000,0,004045	0,986624,0,002000,0,002000,0,009376	0,987740,0,002000,0,002000,0,008260	0,026476,0,002000,0,969524,0,002000	0,106340,0,002000,0,230715,0,660945
250	0,002000,0,992165,0,003835,0,002000	0,002000,0,992620,0,003380,0,002000	0,002000,0,993081,0,002919,0,002000	0,002000,0,994000,0,002000,0,002000	0,002000,0,756847,0,002000,0,239153
253	0,002000,0,002000,0,002000,0,994000	0,002000,0,002000,0,002000,0,994000	0,002000,0,002000,0,002000,0,994000	0,002000,0,984856,0,002000,0,011144	0,009075,0,827276,0,002000,0,161649
256	0,002000,0,994000,0,002000,0,002000	0,002000,0,994000,0,002000,0,002000	0,002000,0,994000,0,002000,0,002000	0,002000,0,041358,0,002000,0,954642	0,002000,0,197489,0,002000,0,798511
262	0,003275,0,002000,0,992725,0,002000	0,002000,0,002000,0,994000,0,002000	0,006841,0,002000,0,989159,0,002000	0,002000,0,002000,0,994000,0,002000	0,631033,0,002000,0,364967,0,002000
265	0,281000,0,002000,0,715000,0,002000	0,990356,0,002000,0,005644,0,002000	0,003885,0,002000,0,992115,0,002000	0,015804,0,002000,0,047219,0,934977	0,011325,0,002000,0,984675,0,002000
267	0,003551,0,002000,0,992449,0,002000	0,002000,0,002000,0,994000,0,002000	0,003265,0,002000,0,992735,0,002000	0,960249,0,002000,0,035751,0,002000	0,913449,0,002000,0,082551,0,002000
274	0,671909,0,002000,0,324091,0,002000	0,993422,0,002000,0,002578,0,002000	0,009800,0,002000,0,985403,0,002797	0,023240,0,002000,0,972760,0,002000	0,994000,0,002000,0,002000,0,002000
283	0,002000,0,619361,0,002000,0,376639	0,002000,0,003434,0,002000,0,992566	0,002000,0,992851,0,002000,0,003149	0,002000,0,036940,0,002000,0,959060	0,002000,0,950388,0,002000,0,045612
286	0,423944,0,572056,0,002000,0,002000	0,993914,0,002086,0,002000,0,002000	0,004257,0,991743,0,002000,0,002000	0,012351,0,983649,0,002000,0,002000	0,098697,0,300726,0,002000,0,598578
289	0,002000,0,994000,0,002000,0,002000	0,002000,0,994000,0,002000,0,002000	0,002000,0,994000,0,002000,0,002000	0,002000,0,994000,0,002000,0,002000	0,002000,0,715948,0,002000,0,280052
292	0,005237,0,990763,0,002000,0,002000	0,002000,0,994000,0,002000,0,002000	0,002000,0,994000,0,002000,0,002000	0,004866,0,991134,0,002000,0,002000	0,844443,0,146604,0,002000,0,006952
301	0,329890,0,002000,0,666110,0,002000	0,990720,0,002000,0,005280,0,002000	0,002000,0,002000,0,994000,0,002000	0,002535,0,002000,0,993465,0,002000	0,034812,0,002000,0,961188,0,002000
302	0,009605,0,986395,0,002000,0,002000	0,002000,0,994000,0,002000,0,002000	0,002000,0,994000,0,002000,0,002000	0,978395,0,017605,0,002000,0,002000	0,928085,0,067915,0,002000,0,002000
307	0,002000,0,525308,0,002000,0,470692	0,002000,0,994000,0,002000,0,002000	0,002000,0,012972,0,002000,0,983028	0,002000,0,959958,0,002000,0,036042	0,002000,0,966865,0,002000,0,029135
308	0,994000,0,002000,0,002000,0,002000	0,994000,0,002000,0,002000,0,002000	0,994000,0,002000,0,002000,0,002000	0,067755,0,002000,0,928245,0,002000	0,994000,0,002000,0,002000,0,002000
310	0,994000,0,002000,0,002000,0,002000	0,994000,0,002000,0,002000,0,002000	0,994000,0,002000,0,002000,0,002000	0,049938,0,002000,0,946062,0,002000	0,283287,0,002000,0,712713,0,002000
311	0,002000,0,493370,0,002000,0,502630	0,002000,0,002000,0,002000,0,994000	0,002000,0,992910,0,002000,0,003090	0,002000,0,965058,0,002000,0,030942	0,002000,0,030244,0,002000,0,965756
316	0,002000,0,994000,0,002000,0,002000	0,002000,0,994000,0,002000,0,002000	0,002000,0,994000,0,002000,0,002000	0,002000,0,049979,0,002000,0,946021	0,002000,0,994000,0,002000,0,002000
319	0,002000,0,972736,0,002000,0,023264	0,002000,0,986532,0,002000,0,009468	0,002000,0,987694,0,002000,0,008306	0,002000,0,959422,0,002000,0,036578	0,002000,0,105553,0,002000,0,890447
325	0,003874,0,002000,0,992126,0,002000	0,002000,0,002000,0,994000,0,002000	0,002000,0,002000,0,994000,0,002000	0,002000,0,002000,0,994000,0,002000	0,572251,0,002000,0,423749,0,002000
331	0,002000,0,007222,0,002000,0,988778	0,002000,0,002000,0,002000,0,994000	0,002000,0,002000,0,002000,0,994000	0,002000,0,883912,0,002000,0,112088	0,002000,0,886776,0,002000,0,109224
334	0,434834,0,002000,0,561166,0,002000	0,993260,0,002000,0,002740,0,002000	0,002000,0,002000,0,994000,0,002000	0,025413,0,002000,0,970587,0,002000	0,022058,0,002000,0,973942,0,002000
337	0,002000,0,484284,0,002000,0,511716	0,002000,0,003163,0,002000,0,992837	0,002000,0,994000,0,002000,0,002000	0,002000,0,023879,0,002000,0,972121	0,002000,0,937881,0,002000,0,058119
340	0,002000,0,988023,0,002000,0,007977	0,002000,0,994000,0,002000,0,002000	0,002000,0,994000,0,002000,0,002000	0,002000,0,984794,0,002000,0,011206	0,002000,0,094181,0,002000,0,901819
343	0,002000,0,708928,0,002000,0,287072	0,002000,0,994000,0,002000,0,002000	0,002000,0,007226,0,002000,0,988774	0,002000,0,066855,0,002000,0,929145	0,002000,0,983971,0,002000,0,012029
350	0,002000,0,002000,0,002000,0,994000	0,002000,0,002000,0,002000,0,994000	0,002000,0,005780,0,002000,0,990220	0,002000,0,005930,0,002000,0,990070	0,002000,0,002000,0,002000,0,994000
353	0,305466,0,002000,0,690534,0,002000	0,994000,0,002000,0,002000,0,002000	0,003917,0,002000,0,992083,0,002000	0,015366,0,002000,0,980634,0,002000	0,559008,0,002000,0,436992,0,002000
361	0,842877,0,002000,0,153123,0,002000	0,006347,0,002000,0,989653,0,002000	0,994000,0,002000,0,002000,0,002000	0,994000,0,002000,0,002000,0,002000	0,116588,0,002000,0,879412,0,002000
363	0,002000,0,002000,0,002000,0,994000	0,002000,0,002000,0,004012,0,991988	0,002000,0,002000,0,002000,0,994000	0,002000,0,002000,0,002000,0,994000	0,002000,0,002000,0,010145,0,985855
364	0,002011,0,002000,0,993989,0,002000	0,002000,0,002000,0,994000,0,002000	0,002000,0,002000,0,994000,0,002000	0,929603,0,002000,0,066397,0,002000	0,002000,0,002000,0,994000,0,002000
370	0,002000,0,501633,0,494367,0,002000	0,002000,0,002000,0,994000,0,002000	0,002000,0,992760,0,003240,0,002000	0,002000,0,039126,0,956874,0,002000	0,002000,0,029816,0,966184,0,002000
373	0,002000,0,043734,0,002000,0,952266	0,002000,0,144209,0,002000,0,851791	0,002000,0,002000,0,002000,0,994000	0,002000,0,976809,0,002000,0,019191	0,002000,0,207262,0,002000,0,788738
379	0,007428,0,002477,0,988094,0,002000	0,002000,0,002155,0,993845,0,002000	0,002000,0,002672,0,993328,0,002000	0,004612,0,002000,0,991388,0,002000	0,959688,0,002000,0,036312,0,002000
380	0,002000,0,982718,0,002000,0,013282	0,002000,0,989453,0,002000,0,006547	0,002000,0,992284,0,002000,0,003716	0,002000,0,026863,0,002000,0,969137	0,002000,0,029588,0,002000,0,966412
382	0,002000,0,002000,0,009193,0,986807	0,002000,0,002000,0,002000,0,994000	0,002000,0,002000,0,002000,0,994000	0,002000,0,002000,0,976610,0,019390	0,002000,0,002000,0,926357,0,069643
388	0,002000,0,002000,0,002000,0,994000	0,002000,0,002000,0,002000,0,994000	0,002000,0,002000,0,002000,0,994000	0,002000,0,994000,0,002000,0,002000	0,002000,0,002000,0,002000,0,994000
403	0,002000,0,497580,0,002000,0,498420	0,002000,0,002000,0,002000,0,994000	0,002000,0,991050,0,002000,0,004950	0,002000,0,978331,0,002000,0,017669	0,002000,0,951648,0,002000,0,044352
418	0,002000,0,989847,0,002000,0,006153	0,002000,0,994000,0,002000,0,002000	0,002000,0,994000,0,002000,0,002000	0,002000,0,022704,0,002000,0,973296	0,002000,0,994000,0,002000,0,002000
421	0,002000,0,303660,0,002000,0,692340	0,002000,0,992204,0,002000,0,003796	0,002000,0,002000,0,002000,0,994000	0,002000,0,006785,0,002000,0,989215	0,002000,0,018108,0,002000,0,977892
424	0,002000,0,615090,0,002000,0,380910	0,002000,0,003393,0,002000,0,992607	0,002000,0,993631,0,002000,0,002369	0,002000,0,987901,0,002000,0,008099	0,002000,0,976652,0,002000,0,019348
427	0,002000,0,012508,0,002000,0,983492	0,002000,0,002000,0,002000,0,994000	0,002000,0,002000,0,002000,0,994000	0,002000,0,002000,0,002000,0,994000	0,002000,0,807324,0,002000,0,188676
430	0,002000,0,379536,0,002000,0,616464	0,002000,0,002000,0,002000,0,994000	0,002000,0,979627,0,002000,0,016373	0,002000,0,980365,0,002000,0,015635	0,002000,0,903151,0,002000,0,092849
433	0,002000,0,002000,0,002000,0,994000	0,002000,0,002000,0,002000,0,994000	0,002000,0,002000,0,002000,0,994000	0,002000,0,002000,0,002000,0,994000	0,002000,0,470185,0,002000,0,525815
436	0,002000,0,987764,0,002000,0,008236	0,002000,0,994000,0,002000,0,002000	0,002000,0,994000,0,002000,0,002000	0,002000,0,044077,0,002000,0,951923	0,002000,0,986147,0,002000,0,009853
442	0,002000,0,021063,0,002000,0,974937	0,002000,0,002000,0,002000,0,994000	0,002000,0,002000,0,002000,0,994000	0,002000,0,925015,0,002000,0,070985	0,002000,0,977746,0,002000,0,018254
445	0,002000,0,588585,0,002000,0,407415	0,002000,0,002193,0,002000,0,993807	0,002000,0,993105,0,002000,0,002895	0,002000,0,975482,0,002000,0,020518	0,002000,0,985827,0,002000,0,010173
448	0,004674,0,002000,0,991326,0,002000	0,002000,0,002000,0,994000,0,002000	0,002000,0,002000,0,994000,0,002000	0,007718,0,002000,0,988282,0,002000	0,558415,0,002000,0,437585,0,002000
449	0,002000,0,385949,0,002000,0,610051	0,002000,0,990516,0,002000,0,005484	0,002000,0,036314,0,002000,0,959686	0,002000,0,983529,0,002000,0,012471	0,002000,0,980214,0,002000,0,015786
451	0,964566,0,002000,0,031434,0,002000	0,986358,0,008179,0,003463,0,002000	0,994000,0,002000,0,002000,0,002000	0,970510,0,002000,0,025490,0,002000	0,004249,0,002000,0,991751,0,002000
454	0,048861,0,903337,0,002000,0,045802	0,005945,0,985622,0,002000,0,006432	0,002000,0,952923,0,002000,0,043077	0,009797,0,968825,0,002000,0,019378	0,834492,0,161508,0,002000,0,002000
457	0,002000,0,024992,0,002000,0,971008	0,002000,0,002000,0,002000,0,994000	0,002000,0,002000,0,002000,0,994000	0,002000,0,971718,0,002000,0,024282	0,002000,0,215486,0,002000,0,780514
460	0,002000,0,985339,0,002000,0,010661	0,002000,0,994000,0,002000,0,002000	0,002000,0,994000,0,002000,0,002000	0,002000,0,038795,0,002000,0,957205	0,002000,0,991975,0,002000,0,004025
463	0,060507,0,002000,0,935493,0,002000	0,205875,0,002000,0,790125,0,002000	0,002000,0,002000,0,994000,0,002000	0,009295,0,002000,0,986705,0,002000	0,002000,0,002000,0,994000,0,002000
464	0,002000,0,993445,0,002000,0,002555	0,002000,0,994000,0,002000,0,002000	0,002000,0,994000,0,002000,0,002000	0,002000,0,994000,0,002000,0,002000	0,002000,0,609854,0,002000,0,386146
466	0,002000,0,966756,0,029244,0,002000	0,002000,0,994000,0,002000,0,002000	0,002000,0,994000,0,002000,0,002000	0,002000,0,038590,0,957410,0,002000	0,002000,0,042101,0,953899,0,002000
472	0,002000,0,457850,0,002000,0,538150	0,002000,0,992831,0,002000,0,003169	0,002000,0,003498,0,002000,0,992502	0,002000,0,986169,0,002000,0,009831	0,002000,0,950053,0,002000,0,045947
482	0,002000,0,626214,0,005181,0,366604	0,002000,0,002000,0,017905,0,978095	0,002000,0,994000,0,002000,0,002000	0,002000,0,973365,0,002000,0,022635	0,002000,0,994000,0,002000,0,002000
484	0,540789,0,002000,0,449421,0,007789	0,002000,0,002000,0,983612,0,012388	0,992141,0,002000,0,003859,0,002000	0,041831,0,002000,0,954169,0,002000	0,994000,0,002000,0,002000,0,002000
485	0,002000,0,983760,0,012240,0,002000	0,002000,0,983070,0,012930,0,002000	0,002000,0,994000,0,002000,0,002000	0,002000,0,994000,0,002000,0,002000	0,002000,0,994000,0,002000,0,002000
487	0,002000,0,080730,0,915270,0,002000	0,002000,0,038528,0,957472,0,002000	0,002000,0,018843,0,977157,0,002000	0,002000,0,942166,0,053834,0,002000	0,002000,0,941714,0,054286,0,002000
490	0,002000,0,993598,0,002000,0,002402	0,002000,0,994000,0,002000,0,002000	0,002000,0,994000,0,002000,0,002000	0,002000,0,994000,0,002000,0,002000	0,002000,0,110678,0,002000,0,885322
491	0,015367,0,002000,0,980633,0,002000	0,002000,0,002000,0,994000,0,002000	0,002000,0,002000,0,994000,0,002000	0,980643,0,002000,0,015357,0,002000	0,948781,0,002000,0,047219,0,002000
493	0,002000,0,987905,0,002000,0,008095	0,002000,0,994000,0,002000,0,002000	0,002000,0,994000,0,002000,0,002000	0,002000,0,002000,0,002000,0,994000	0,002000,0,994000,0,002000,0,002000
497	0,002000,0,002000,0,989684,0,006316	0,002000,0,002000,0,994000,0,002000	0,002000,0,002000,0,994000,0,002000	0,002000,0,002000,0,015814,0,980186	0,492366,0,002000,0,503634,0,002000
499	0,002000,0,986966,0,002000,0,009034	0,002000,0,994000,0,002000,0,002000	0,002000,0,994000,0,002000,0,002000	0,002000,0,020544,0,002000,0,975456	0,002000,0,040942,0,002000,0,955058
505	0,002000,0,618180,0,002000,0,377820	0,002000,0,002320,0,002000,0,993680	0,002000,0,994000,0,002000,0,002000	0,002000,0,009061,0,002000,0,986939	0,002000,0,982512,0,002000,0,013488
511	0,002000,0,499547,0,002000,0,496453	0,002000,0,014041,0,002000,0,981959	0,002000,0,994000,0,002000,0,002000	0,002000,0,941923,0,002000,0,054077	0,002000,0,241232,0,002000,0,754768
512	0,002000,0,969340,0,002000,0,026660	0,002000,0,989135,0,002000,0,006865	0,002000,0,994000,0,002000,0,002000	0,002000,0,974170,0,002000,0,021830	0,002000,0,016541,0,002000,0,979459
514	0,396437,0,002000,0,599563,0,002000	0,993920,0,002000,0,002080,0,002000	0,002000,0,002000,0,994000,0,002000	0,974710,0,002000,0,021290,0,002000	0,014742,0,002000,0,981258,0,002000
520	0,002000,0,002000,0,994000,0,002000	0,002000,0,002000,0,994000,0,002000	0,002000,0,002000,0,994000,0,002000	0,002000,0,002000,0,994000,0,002000	0,250162,0,002000,0,745838,0,002000
521	0,985027,0,002000,0,010973,0,002000	0,994000,0,002000,0,002000,0,002000	0,994000,0,002000,0,002000,0,002000	0,097243,0,002000,0,898757,0,002000	0,994000,0,002000,0,002000,0,002000
523	0,002000,0,970338,0,002000,0,025662	0,002000,0,994000,0,002000,0,002000	0,002000,0,993568,0,002000,0,002432	0,002000,0,078369,0,002000,0,917631	0,002000,0,032583,0,002000,0,963417
535	0,002000,0,613002,0,002000,0,382998	0,002000,0,994000,0,002000,0,002000	0,002000,0,003524,0,002000,0,992476	0,002000,0,974738,0,002000,0,021262	0,002000,0,965303,0,002000,0,030697
544	0,002000,0,002000,0,994000,0,002000	0,002000,0,002000,0,994000,0,002000	0,002000,0,002000,0,994000,0,002000	0,002000,0,002000,0,994000,0,002000	0,715571,0,002000,0,280429,0,002000
556	0,002000,0,974607,0,002000,0,021393	0,002000,0,994000,0,002000,0,002000	0,002000,0,994000,0,002000,0,002000	0,002000,0,064266,0,002000,0,931734	0,002000,0,994000,0,002000,0,002000
559	0,975894,0,002000,0,020106,0,002000	0,993314,0,002000,0,002686,0,002000	0,994000,0,002000,0,002000,0,002000	0,014041,0,002000,0,981959,0,002000	0,994000,0,002000,0,002000,0,002000
562	0,002000,0,758611,0,002000,0,237389	0,002000,0,007243,0,002000,0,988757	0,002000,0,994000,0,002000,0,002000	0,002000,0,002000,0,002000,0,994000	0,002000,0,986940,0,002000,0,009060
563	0,002000,0,304142,0,002000,0,691858	0,002000,0,988954,0,002000,0,007046	0,002000,0,002000,0,002000,0,994000	0,002000,0,025599,0,002000,0,970401	0,002000,0,916620,0,002000,0,079380
574	0,002000,0,987746,0,008254,0,002000	0,002000,0,994000,0,002000,0,002000	0,002000,0,994000,0,002000,0,002000	0,002000,0,325834,0,670166,0,002000	0,002000,0,994000,0,002000,0,002000
577	0,002000,0,342185,0,002000,0,653815	0,002000,0,002000,0,002000,0,994000	0,002000,0,994000,0,002000,0,002000	0,002000,0,935691,0,002000,0,060309	0,002000,0,946130,0,002000,0,049870
580	0,012129,0,289297,0,002000,0,696574	0,002761,0,002000,0,002000,0,993239	0,002000,0,992652,0,002000,0,003348	0,002000,0,025381,0,002000,0,970619	0,930803,0,013143,0,002000,0,054054
583	0,002000,0,015624,0,002000,0,980376	0,002000,0,002000,0,002000,0,994000	0,002000,0,002000,0,002000,0,994000	0,002000,0,875259,0,002000,0,120741	0,002000,0,910787,0,002000,0,085213
589	0,002000,0,974365,0,002000,0,021635	0,002000,0,993180,0,002000,0,002820	0,002000,0,984079,0,002000,0,011921	0,002000,0,994000,0,002000,0,002000	0,002000,0,039355,0,002000,0,956645
595	0,002000,0,513674,0,002000,0,482326	0,002000,0,002000,0,002000,0,994000	0,002000,0,994000,0,002000,0,002000	0,013241,0,944930,0,002000,0,039829	0,002000,0,028533,0,002000,0,967467
598	0,374243,0,002000,0,621757,0,002000	0,994000,0,002000,0,002000,0,002000	0,002000,0,002000,0,994000,0,002000	0,025735,0,002000,0,970265,0,002000	0,027018,0,002000,0,968982,0,002000
604	0,412211,0,013002,0,002000,0,572787	0,994000,0,002000,0,002000,0,002000	0,002000,0,002000,0,002000,0,994000	0,022791,0,929471,0,002000,0,045738	0,029487,0,931524,0,002000,0,036989
610	0,964139,0,002000,0,031861,0,002000	0,991078,0,002000,0,004922,0,002000	0,991980,0,002000,0,004020,0,002000	0,045285,0,002000,0,950715,0,002000	0,036429,0,002000,0,959571,0,002000
613	0,002000,0,972063,0,004429,0,021508	0,002000,0,994000,0,002000,0,002000	0,002000,0,994000,0,002000,0,002000	0,002000,0,050622,0,021708,0,925670	0,002000,0,047445,0,948555,0,002000
616	0,979327,0,002000,0,016673,0,002000	0,994000,0,002000,0,002000,0,002000	0,994000,0,002000,0,002000,0,002000	0,075813,0,002000,0,920187,0,002000	0,147830,0,002000,0,848170,0,002000
619	0,508336,0,002000,0,487664,0,002000	0,994000,0,002000,0,002000,0,002000	0,002000,0,002000,0,994000,0,002000	0,954031,0,002000,0,041969,0,002000	0,014827,0,002000,0,981173,0,002000
622	0,002000,0,992023,0,002000,0,003977	0,002000,0,994000,0,002000,0,002000	0,002000,0,994000,0,002000,0,002000	0,002000,0,994000,0,002000,0,002000	0,002000,0,654077,0,002000,0,341923
625	0,002000,0,349580,0,002000,0,646420	0,002000,0,002000,0,002000,0,994000	0,002000,0,993008,0,002000,0,002992	0,002000,0,035656,0,002000,0,960344	0,002000,0,945922,0,002000,0,050078
627	0,002000,0,994000,0,002000,0,002000	0,002000,0,992037,0,002000,0,003963	0,002000,0,994000,0,002000,0,002000	0,002000,0,994000,0,002000,0,002000	0,002000,0,994000,0,002000,0,002000
628	0,527641,0,468359,0,002000,0,002000	0,866098,0,129902,0,002000,0,002000	0,002463,0,993537,0,002000,0,002000	0,039003,0,956997,0,002000,0,002000	0,002000,0,823535,0,002000,0,172465
634	0,002000,0,015001,0,002000,0,980999	0,002000,0,002000,0,002000,0,994000	0,002000,0,002000,0,002000,0,994000	0,002000,0,938116,0,002000,0,057884	0,002000,0,002000,0,002000,0,994000
636	0,002000,0,422262,0,002000,0,573738	0,002000,0,003540,0,002000,0,992460	0,002000,0,976752,0,002000,0,019248	0,002000,0,018115,0,002000,0,977885	0,002000,0,044586,0,002000,0,951414
637	0,913626,0,002000,0,082374,0,002000	0,826583,0,002000,0,169417,0,002000	0,993571,0,002000,0,002429,0,002000	0,994000,0,002000,0,002000,0,002000	0,987675,0,002000,0,008325,0,002000
638	0,973571,0,002000,0,022429,0,002000	0,994000,0,002000,0,002000,0,002000	0,994000,0,002000,0,002000,0,002000	0,034413,0,002000,0,961587,0,002000	0,994000,0,002000,0,002000,0,002000
644	0,750170,0,245830,0,002000,0,002000	0,032724,0,963276,0,002000,0,002000	0,992621,0,003379,0,002000,0,002000	0,963755,0,032245,0,002000,0,002000	0,222471,0,773529,0,002000,0,002000
646	0,993414,0,002000,0,002586,0,002000	0,994000,0,002000,0,002000,0,002000	0,994000,0,002000,0,002000,0,002000	0,089604,0,002000,0,906396,0,002000	0,994000,0,002000,0,002000,0,002000
647	0,002000,0,002000,0,002000,0,994000	0,002000,0,002000,0,002000,0,994000	0,002000,0,002000,0,002000,0,994000	0,002000,0,900795,0,002000,0,095205	0,002000,0,002000,0,002000,0,994000
652	0,981568,0,005030,0,002000,0,011402	0,994000,0,002000,0,002000,0,002000	0,994000,0,002000,0,002000,0,002000	0,098910,0,002000,0,002000,0,897090	0,102288,0,680360,0,002000,0,215352
656	0,002000,0,976059,0,002000,0,019941	0,002000,0,992888,0,002000,0,003112	0,002000,0,994000,0,002000,0,002000	0,002000,0,994000,0,002000,0,002000	0,002000,0,058909,0,002000,0,937091
658	0,002000,0,970373,0,002000,0,025627	0,002000,0,991001,0,002000,0,004999	0,002000,0,994000,0,002000,0,002000	0,002000,0,045654,0,002000,0,950346	0,002000,0,044491,0,002000,0,951509
661	0,002000,0,577762,0,002000,0,418238	0,002000,0,014728,0,002000,0,981272	0,002000,0,985242,0,002000,0,010758	0,002000,0,037592,0,002000,0,958408	0,002000,0,994000,0,002000,0,002000
662	0,002000,0,002000,0,980990,0,015010	0,002000,0,002000,0,988377,0,007623	0,002000,0,002000,0,994000,0,002000	0,002000,0,002000,0,988528,0,007472	0,002000,0,002000,0,994000,0,002000
664	0,693725,0,002000,0,302275,0,002000	0,987233,0,002000,0,008767,0,002000	0,010847,0,002000,0,985153,0,002000	0,987296,0,002000,0,008704,0,002000	0,013639,0,002000,0,982361,0,002000
665	0,016439,0,979561,0,002000,0,002000	0,010863,0,985137,0,002000,0,002000	0,002000,0,994000,0,002000,0,002000	0,002000,0,994000,0,002000,0,002000	0,002000,0,994000,0,002000,0,002000
667	0,959876,0,002000,0,036124,0,002000	0,990869,0,002000,0,005131,0,002000	0,994000,0,002000,0,002000,0,002000	0,021346,0,002000,0,974654,0,002000	0,008308,0,002000,0,987692,0,002000
670	0,002000,0,003636,0,002000,0,992364	0,002000,0,002000,0,002000,0,994000	0,002000,0,002000,0,002000,0,994000	0,002000,0,002000,0,002000,0,994000	0,002000,0,929374,0,002000,0,066626
676	0,002000,0,989666,0,002000,0,006334	0,002000,0,994000,0,002000,0,002000	0,002000,0,994000,0,002000,0,002000	0,002000,0,131129,0,002000,0,864871	0,002000,0,994000,0,002000,0,002000
677	0,657756,0,002000,0,338244,0,002000	0,032296,0,002000,0,963704,0,002000	0,990067,0,002000,0,005933,0,002000	0,941943,0,002000,0,054057,0,002000	0,988616,0,002000,0,007384,0,002000
685	0,343124,0,002000,0,652876,0,002000	0,965840,0,002000,0,030160,0,002000	0,016666,0,002000,0,979334,0,002000	0,064016,0,002000,0,931984,0,002000	0,096582,0,002000,0,899418,0,002000
688	0,002000,0,003348,0,002000,0,992652	0,002000,0,002000,0,002000,0,994000	0,002000,0,002000,0,002000,0,994000	0,002000,0,002000,0,002000,0,994000	0,002000,0,151000,0,002000,0,845000
691	0,002000,0,242563,0,002000,0,753437	0,002000,0,002000,0,002000,0,994000	0,002000,0,917420,0,002000,0,078580	0,002000,0,020304,0,002000,0,975696	0,002000,0,523080,0,002000,0,472920
697	0,002000,0,412902,0,002000,0,583098	0,002000,0,983184,0,002000,0,012816	0,002000,0,009477,0,002000,0,986523	0,002000,0,973500,0,002000,0,022500	0,002000,0,026441,0,002000,0,969559
703	0,556151,0,002000,0,439849,0,002000	0,004273,0,002000,0,991727,0,002000	0,991939,0,002000,0,004061,0,002000	0,025570,0,002000,0,970430,0,002000	0,994000,0,002000,0,002000,0,002000
706	0,585023,0,002000,0,410977,0,002000	0,008312,0,002000,0,987688,0,002000	0,992500,0,002000,0,003500,0,002000	0,966594,0,002000,0,029406,0,002000	0,079366,0,002000,0,916634,0,002000
709	0,011769,0,002000,0,984231,0,002000	0,004778,0,002000,0,991222,0,002000	0,002000,0,002000,0,994000,0,002000	0,829659,0,002000,0,166341,0,002000	0,874638,0,002000,0,121362,0,002000
712	0,002000,0,004453,0,002000,0,991547	0,002000,0,002000,0,002000,0,994000	0,002000,0,002000,0,002000,0,994000	0,002000,0,674716,0,002000,0,321284	0,002000,0,002000,0,002000,0,994000
713	0,025972,0,967536,0,004491,0,002000	0,031530,0,963642,0,002828,0,002000	0,004690,0,991310,0,002000,0,002000	0,246507,0,749493,0,002000,0,002000	0,933586,0,062414,0,002000,0,002000
715	0,002000,0,468802,0,002000,0,527198	0,002000,0,985295,0,002000,0,010705	0,002000,0,002000,0,002000,0,994000	0,002000,0,672922,0,002000,0,323078	0,002000,0,017830,0,002000,0,978170
717	0,976452,0,002000,0,019548,0,002000	0,993831,0,002000,0,002169,0,002000	0,990015,0,002000,0,005985,0,002000	0,994000,0,002000,0,002000,0,002000	0,050013,0,002000,0,945987,0,002000
718	0,463354,0,002000,0,002000,0,532646	0,002000,0,002000,0,002000,0,994000	0,980770,0,002000,0,002000,0,015230	0,537037,0,002000,0,002000,0,458963	0,032925,0,002000,0,002000,0,963075
719	0,038153,0,013678,0,946169,0,002000	0,020370,0,009789,0,967841,0,002000	0,026147,0,002000,0,969853,0,002000	0,423721,0,002000,0,572279,0,002000	0,955122,0,002000,0,040878,0,002000
721	0,031188,0,964812,0,002000,0,002000	0,019303,0,976697,0,002000,0,002000	0,002000,0,993836,0,002164,0,002000	0,015242,0,461966,0,002000,0,520791	0,947820,0,048180,0,002000,0,002000
722	0,991818,0,002000,0,004182,0,002000	0,994000,0,002000,0,002000,0,002000	0,994000,0,002000,0,002000,0,002000	0,983188,0,002000,0,002000,0,012812	0,765975,0,002000,0,230025,0,002000
724	0,002000,0,525186,0,002000,0,470814	0,002000,0,957059,0,002000,0,038941	0,002000,0,002000,0,002000,0,994000	0,002000,0,022284,0,002000,0,973716	0,002000,0,021281,0,002000,0,974719
725	0,002000,0,013507,0,982493,0,002000	0,002000,0,094709,0,901291,0,002000	0,002000,0,002000,0,994000,0,002000	0,002000,0,002000,0,994000,0,002000	0,002000,0,002000,0,994000,0,002000
726	0,002000,0,017360,0,029917,0,950723	0,002000,0,002000,0,070583,0,925417	0,002000,0,031996,0,006385,0,959619	0,002000,0,002000,0,053922,0,942078	0,002000,0,002000,0,947995,0,048005
729	0,579383,0,397949,0,002000,0,020668	0,981587,0,014413,0,002000,0,002000	0,023521,0,889639,0,002000,0,084839	0,971818,0,024182,0,002000,0,002000	0,974628,0,021372,0,002000,0,002000
730	0,983282,0,002000,0,002000,0,012718	0,994000,0,002000,0,002000,0,002000	0,989246,0,002000,0,002000,0,006754	0,990278,0,005722,0,002000,0,002000	0,994000,0,002000,0,002000,0,002000
731	0,994000,0,002000,0,002000,0,002000	0,994000,0,002000,0,002000,0,002000	0,988801,0,002000,0,002000,0,007199	0,994000,0,002000,0,002000,0,002000	0,994000,0,002000,0,002000,0,002000
732	0,984691,0,004588,0,008721,0,002000	0,994000,0,002000,0,002000,0,002000	0,986371,0,002357,0,009272,0,002000	0,983911,0,002000,0,012089,0,002000	0,515459,0,002000,0,480541,0,002000
733	0,002000,0,008079,0,002000,0,987921	0,002000,0,002000,0,002000,0,994000	0,002000,0,005028,0,002000,0,990972	0,002000,0,002000,0,002000,0,994000	0,002000,0,002000,0,002000,0,994000
734	0,488399,0,002623,0,506978,0,002000	0,994000,0,002000,0,002000,0,002000	0,008815,0,002801,0,986383,0,002000	0,979015,0,002000,0,016985,0,002000	0,967221,0,002000,0,028779,0,002000
735	0,002000,0,972742,0,023258,0,002000	0,002000,0,994000,0,002000,0,002000	0,002000,0,977291,0,018709,0,002000	0,002000,0,987019,0,002000,0,008981	0,002000,0,546151,0,449849,0,002000
736	0,002000,0,444637,0,002000,0,551363	0,002000,0,002795,0,002000,0,993205	0,002000,0,992089,0,002000,0,003911	0,002000,0,983248,0,002000,0,012752	0,002000,0,967562,0,002000,0,028438
738	0,698519,0,297481,0,002000,0,002000	0,994000,0,002000,0,002000,0,002000	0,014419,0,981581,0,002000,0,002000	0,979932,0,016068,0,002000,0,002000	0,962920,0,033080,0,002000,0,002000
739	0,002000,0,028398,0,002000,0,967602	0,002000,0,002000,0,002000,0,994000	0,002000,0,002000,0,002000,0,994000	0,002000,0,938957,0,002000,0,057043	0,002000,0,002000,0,002000,0,994000
742	0,022678,0,002000,0,973322,0,002000	0,002000,0,002000,0,994000,0,002000	0,002000,0,002000,0,994000,0,002000	0,907342,0,002000,0,088658,0,002000	0,682787,0,002000,0,313213,0,002000
748	0,002000,0,991192,0,002000,0,004808	0,002000,0,994000,0,002000,0,002000	0,002000,0,993531,0,002000,0,002469	0,002000,0,994000,0,002000,0,002000	0,002000,0,061918,0,002000,0,934082
754	0,002000,0,551855,0,002000,0,444145	0,002000,0,003858,0,002000,0,992142	0,002000,0,992223,0,002000,0,003777	0,002000,0,945160,0,002000,0,050840	0,002000,0,947330,0,002000,0,048670
758	0,002000,0,994000,0,002000,0,002000	0,002000,0,994000,0,002000,0,002000	0,002000,0,993537,0,002000,0,002463	0,002000,0,994000,0,002000,0,002000	0,002000,0,246819,0,002000,0,749181
760	0,027289,0,002000,0,968711,0,002000	0,002000,0,002000,0,994000,0,002000	0,031878,0,002000,0,964122,0,002000	0,002000,0,002000,0,994000,0,002000	0,002000,0,002000,0,994000,0,002000
766	0,002000,0,448916,0,002000,0,547084	0,002000,0,994000,0,002000,0,002000	0,002000,0,002887,0,002000,0,993113	0,002000,0,928974,0,002000,0,067026	0,002000,0,883796,0,002000,0,112204
767	0,036275,0,002000,0,959725,0,002000	0,002216,0,002000,0,993784,0,002000	0,002000,0,002000,0,994000,0,002000	0,909932,0,002000,0,086068,0,002000	0,913381,0,002000,0,082619,0,002000
769	0,450050,0,002000,0,545950,0,002000	0,994000,0,002000,0,002000,0,002000	0,002000,0,002000,0,994000,0,002000	0,942290,0,002000,0,053710,0,002000	0,925914,0,002000,0,070086,0,002000
772	0,002000,0,362042,0,002000,0,633958	0,002000,0,002000,0,002000,0,994000	0,002000,0,994000,0,002000,0,002000	0,002000,0,946066,0,002000,0,049934	0,002000,0,967489,0,002000,0,028511
775	0,719603,0,255498,0,002000,0,022900	0,994000,0,002000,0,002000,0,002000	0,002964,0,993036,0,002000,0,002000	0,068606,0,020980,0,002000,0,908414	0,030438,0,961416,0,002000,0,006146
778	0,696976,0,002000,0,299024,0,002000	0,993114,0,002000,0,002886,0,002000	0,002000,0,002000,0,994000,0,002000	0,087112,0,002000,0,908888,0,002000	0,027366,0,002000,0,968634,0,002000
779	0,007875,0,002000,0,988125,0,002000	0,002309,0,002000,0,993691,0,002000	0,002000,0,002000,0,994000,0,002000	0,002000,0,002000,0,994000,0,002000	0,002000,0,002000,0,994000,0,002000
781	0,002000,0,004252,0,991748,0,002000	0,002000,0,002000,0,994000,0,002000	0,002000,0,002000,0,994000,0,002000	0,002000,0,927093,0,068907,0,002000	0,002000,0,002000,0,994000,0,002000
782	0,002000,0,963838,0,002000,0,032162	0,002000,0,994000,0,002000,0,002000	0,002000,0,994000,0,002000,0,002000	0,002000,0,087617,0,002000,0,908383	0,002000,0,020236,0,002000,0,975764
783	0,979194,0,016806,0,002000,0,002000	0,994000,0,002000,0,002000,0,002000	0,994000,0,002000,0,002000,0,002000	0,039513,0,956487,0,002000,0,002000	0,994000,0,002000,0,002000,0,002000
790	0,387944,0,002000,0,608056,0,002000	0,002621,0,002000,0,993379,0,002000	0,991478,0,002000,0,004522,0,002000	0,052823,0,002000,0,943177,0,002000	0,963174,0,002000,0,032826,0,002000
793	0,002000,0,002000,0,994000,0,002000	0,002000,0,002000,0,994000,0,002000	0,002000,0,002000,0,994000,0,002000	0,002000,0,002000,0,994000,0,002000	0,654325,0,002000,0,341675,0,002000
796	0,002000,0,006502,0,026933,0,964566	0,002000,0,004055,0,002000,0,991945	0,002000,0,008862,0,002000,0,987138	0,002000,0,002000,0,961652,0,034348	0,002000,0,839456,0,002000,0,156544
805	0,504079,0,002000,0,491921,0,002000	0,993579,0,002000,0,002421,0,002000	0,002089,0,002000,0,993911,0,002000	0,028508,0,002000,0,967492,0,002000	0,921091,0,002000,0,074909,0,002000
811	0,002000,0,002000,0,610238,0,385762	0,002000,0,002000,0,994000,0,002000	0,002000,0,002000,0,006413,0,989587	0,002000,0,002000,0,968878,0,027122	0,002000,0,002000,0,926708,0,069292
820	0,002000,0,002000,0,994000,0,002000	0,002000,0,002000,0,994000,0,002000	0,002000,0,002000,0,989695,0,006305	0,002000,0,002000,0,989097,0,006903	0,596316,0,002000,0,399684,0,002000
823	0,442217,0,002000,0,553783,0,002000	0,993725,0,002000,0,002275,0,002000	0,003867,0,002000,0,992133,0,002000	0,031538,0,002000,0,964462,0,002000	0,065736,0,002000,0,930264,0,002000
829	0,002000,0,503148,0,002000,0,492852	0,002000,0,008458,0,002000,0,987542	0,002000,0,992699,0,002000,0,003301	0,002000,0,981873,0,002000,0,014127	0,002000,0,969455,0,002000,0,026545
832	0,002000,0,991193,0,002000,0,004807	0,002000,0,994000,0,002000,0,002000	0,002000,0,994000,0,002000,0,002000	0,002000,0,056679,0,002000,0,939321	0,002000,0,975122,0,002000,0,020878
835	0,553480,0,003479,0,441040,0,002000	0,987435,0,007426,0,003139,0,002000	0,003103,0,002000,0,992897,0,002000	0,044926,0,002000,0,951074,0,002000	0,120734,0,002000,0,860123,0,017143
836	0,006739,0,989261,0,002000,0,002000	0,010051,0,985949,0,002000,0,002000	0,002000,0,994000,0,002000,0,002000	0,002000,0,994000,0,002000,0,002000	0,002000,0,994000,0,002000,0,002000
841	0,002000,0,002000,0,985283,0,010717	0,002000,0,002000,0,990248,0,005752	0,002000,0,002000,0,994000,0,002000	0,002000,0,002000,0,994000,0,002000	0,002000,0,002000,0,075039,0,920961
844	0,498735,0,497265,0,002000,0,002000	0,991195,0,004805,0,002000,0,002000	0,009383,0,986617,0,002000,0,002000	0,057802,0,938198,0,002000,0,002000	0,033910,0,962090,0,002000,0,002000
853	0,100405,0,002000,0,895595,0,002000	0,198784,0,002000,0,797216,0,002000	0,002000,0,002000,0,994000,0,002000	0,026393,0,002000,0,969607,0,002000	0,002000,0,002000,0,994000,0,002000
859	0,002000,0,983320,0,002000,0,012680	0,002000,0,994000,0,002000,0,002000	0,002000,0,994000,0,002000,0,002000	0,002000,0,991303,0,002000,0,004697	0,002000,0,074648,0,002000,0,921352
865	0,599747,0,396253,0,002000,0,002000	0,994000,0,002000,0,002000,0,002000	0,016083,0,979917,0,002000,0,002000	0,088396,0,907604,0,002000,0,002000	0,034390,0,961610,0,002000,0,002000
871	0,002000,0,988674,0,002000,0,007326	0,002000,0,994000,0,002000,0,002000	0,002000,0,994000,0,002000,0,002000	0,002000,0,082806,0,002000,0,913194	0,002000,0,994000,0,002000,0,002000
877	0,412414,0,002000,0,583586,0,002000	0,992833,0,002000,0,003167,0,002000	0,010983,0,002000,0,985017,0,002000	0,019986,0,002000,0,976014,0,002000	0,896993,0,002000,0,099007,0,002000
886	0,571986,0,002000,0,424014,0,002000	0,003020,0,002000,0,992980,0,002000	0,983850,0,002000,0,012150,0,002000	0,077259,0,002000,0,918741,0,002000	0,062605,0,002000,0,933395,0,002000
889	0,002000,0,987223,0,002000,0,008777	0,002000,0,992978,0,002000,0,003022	0,002000,0,994000,0,002000,0,002000	0,002000,0,994000,0,002000,0,002000	0,002000,0,061091,0,002000,0,934909
895	0,988916,0,002000,0,002000,0,007084	0,994000,0,002000,0,002000,0,002000	0,978591,0,002000,0,002000,0,017409	0,173568,0,002000,0,002000,0,822432	0,217133,0,002000,0,002000,0,778867
898	0,501717,0,002000,0,494283,0,002000	0,004780,0,002000,0,991220,0,002000	0,983887,0,002000,0,012113,0,002000	0,182010,0,002000,0,813990,0,002000	0,191414,0,002000,0,804586,0,002000
913	0,002000,0,710565,0,002000,0,285435	0,002000,0,006499,0,002000,0,989501	0,002000,0,988466,0,002000,0,007534	0,002000,0,994000,0,002000,0,002000	0,002000,0,981358,0,002000,0,014642
916	0,002000,0,983308,0,002000,0,012692	0,002000,0,994000,0,002000,0,002000	0,002000,0,994000,0,002000,0,002000	0,002000,0,064985,0,002000,0,931015	0,002000,0,070503,0,002000,0,925497
922	0,002000,0,749613,0,002000,0,246387	0,002000,0,993688,0,002000,0,002312	0,002000,0,075014,0,002000,0,920986	0,002000,0,970044,0,002000,0,025956	0,002000,0,949730,0,002000,0,046270
925	0,002000,0,014570,0,002000,0,981430	0,002000,0,002000,0,002000,0,994000	0,002000,0,004051,0,002000,0,991949	0,002000,0,820922,0,002000,0,175078	0,002000,0,872722,0,002000,0,123278
928	0,002000,0,685702,0,002000,0,310298	0,002000,0,020423,0,002000,0,975577	0,002000,0,993265,0,002000,0,002735	0,002000,0,975395,0,002000,0,020605	0,002000,0,955551,0,002000,0,040449
935	0,002000,0,192160,0,002000,0,803840	0,002000,0,974812,0,002000,0,021188	0,002000,0,002548,0,002000,0,993452	0,002000,0,006420,0,002000,0,989580	0,002000,0,027256,0,002000,0,968744
937	0,167708,0,002000,0,828292,0,002000	0,968158,0,002000,0,027842,0,002000	0,002839,0,002000,0,993161,0,002000	0,968207,0,002000,0,027793,0,002000	0,904807,0,002000,0,091193,0,002000
949	0,002000,0,985157,0,002000,0,010843	0,002000,0,994000,0,002000,0,002000	0,002000,0,993231,0,002000,0,002769	0,002000,0,027508,0,002000,0,968492	0,002000,0,994000,0,002000,0,002000
955	0,075844,0,002000,0,920156,0,002000	0,147265,0,002000,0,848735,0,002000	0,002000,0,002000,0,994000,0,002000	0,002000,0,002000,0,994000,0,002000	0,002000,0,002000,0,994000,0,002000
961	0,568953,0,002000,0,427047,0,002000	0,005825,0,002000,0,990175,0,002000	0,941463,0,002000,0,054537,0,002000	0,026967,0,002000,0,969033,0,002000	0,027083,0,002000,0,968917,0,002000
964	0,476360,0,002000,0,007869,0,513771	0,002000,0,006811,0,002000,0,989189	0,985815,0,002000,0,004580,0,007605	0,002000,0,002000,0,950899,0,045101	0,020308,0,002000,0,957572,0,020120
967	0,002000,0,310456,0,002000,0,685544	0,002000,0,974902,0,002000,0,021098	0,002000,0,002000,0,002000,0,994000	0,002000,0,002000,0,002000,0,994000	0,002000,0,018318,0,002000,0,977682
971	0,709634,0,002000,0,286366,0,002000	0,011723,0,002000,0,984277,0,002000	0,994000,0,002000,0,002000,0,002000	0,037223,0,002000,0,958777,0,002000	0,062628,0,002000,0,933372,0,002000
976	0,002000,0,015399,0,002000,0,980601	0,002000,0,006580,0,002000,0,989420	0,002000,0,009538,0,002000,0,986462	0,002000,0,959466,0,002000,0,036534	0,002000,0,893948,0,002000,0,102052
977	0,014988,0,981012,0,002000,0,002000	0,002581,0,993419,0,002000,0,002000	0,002000,0,994000,0,002000,0,002000	0,974897,0,021103,0,002000,0,002000	0,903229,0,092771,0,002000,0,002000
985	0,002000,0,976558,0,002000,0,019442	0,002000,0,993549,0,002000,0,002451	0,002000,0,990427,0,002000,0,005573	0,002000,0,021041,0,002000,0,974959	0,002000,0,055072,0,002000,0,940928
997	0,002000,0,626307,0,002000,0,369693	0,002000,0,026081,0,002000,0,969919	0,002000,0,987967,0,002000,0,008033	0,002000,0,985602,0,002000,0,010398	0,002000,0,983220,0,002000,0,012780
1004	0,964188,0,005209,0,028604,0,002000	0,991172,0,004828,0,002000,0,002000	0,953394,0,002000,0,042606,0,002000	0,055470,0,002000,0,940530,0,002000	0,265112,0,002000,0,730888,0,002000
1006	0,002000,0,922725,0,072410,0,002865	0,002000,0,994000,0,002000,0,002000	0,002000,0,822207,0,167117,0,008676	0,002000,0,994000,0,002000,0,002000	0,002000,0,963711,0,032289,0,002000
1013	0,002000,0,634524,0,002000,0,361476	0,002000,0,991397,0,002000,0,004603	0,002000,0,023189,0,002000,0,972811	0,002000,0,968997,0,002000,0,027003	0,002000,0,899905,0,002000,0,096095
1017	0,002000,0,519310,0,002000,0,476690	0,002000,0,008378,0,002000,0,987622	0,002000,0,980902,0,002000,0,015098	0,002000,0,130809,0,002000,0,865191	0,002000,0,170067,0,002000,0,825933
1019	0,308818,0,569914,0,119268,0,002000	0,004542,0,991458,0,002000,0,002000	0,778258,0,019824,0,199918,0,002000	0,228753,0,153946,0,615301,0,002000	0,113779,0,223543,0,660677,0,002000
1021	0,567967,0,024719,0,405314,0,002000	0,008767,0,004527,0,984706,0,002000	0,984044,0,002000,0,011956,0,002000	0,128315,0,867685,0,002000,0,002000	0,049515,0,897372,0,051113,0,002000
1024	0,002000,0,002000,0,002000,0,994000	0,002000,0,002000,0,002000,0,994000	0,002000,0,002448,0,002000,0,993552	0,002000,0,915113,0,002000,0,080887	0,002000,0,773734,0,002000,0,222266
1025	0,177798,0,002000,0,818202,0,002000	0,002000,0,002000,0,994000,0,002000	0,345496,0,002000,0,650504,0,002000	0,823325,0,002000,0,172675,0,002000	0,049067,0,002000,0,946933,0,002000
1026	0,994000,0,002000,0,002000,0,002000	0,994000,0,002000,0,002000,0,002000	0,994000,0,002000,0,002000,0,002000	0,148135,0,002000,0,847865,0,002000	0,994000,0,002000,0,002000,0,002000
1033	0,002000,0,989818,0,006182,0,002000	0,002000,0,993116,0,002884,0,002000	0,002000,0,994000,0,002000,0,002000	0,002000,0,042951,0,953049,0,002000	0,002000,0,044281,0,951719,0,002000
1036	0,994000,0,002000,0,002000,0,002000	0,994000,0,002000,0,002000,0,002000	0,994000,0,002000,0,002000,0,002000	0,027340,0,002000,0,968660,0,002000	0,994000,0,002000,0,002000,0,002000
1039	0,002000,0,002000,0,994000,0,002000	0,002000,0,002000,0,994000,0,002000	0,002000,0,002000,0,994000,0,002000	0,890240,0,002000,0,105760,0,002000	0,002000,0,002000,0,994000,0,002000
1057	0,002000,0,002000,0,994000,0,002000	0,002000,0,002000,0,994000,0,002000	0,002000,0,002000,0,994000,0,002000	0,743989,0,002000,0,252011,0,002000	0,002000,0,002000,0,994000,0,002000
1058	0,002000,0,860457,0,002000,0,135543	0,002000,0,488410,0,002000,0,507590	0,002000,0,993874,0,002000,0,002126	0,002000,0,974185,0,002000,0,021815	0,002000,0,942193,0,002000,0,053807
1061	0,002000,0,002000,0,994000,0,002000	0,002000,0,002000,0,994000,0,002000	0,002000,0,002000,0,994000,0,002000	0,002000,0,002000,0,990092,0,005908	0,002000,0,002000,0,268735,0,727265
1063	0,276323,0,002000,0,719677,0,002000	0,004388,0,002000,0,991612,0,002000	0,953152,0,002000,0,042848,0,002000	0,906324,0,002000,0,089676,0,002000	0,824492,0,002000,0,171508,0,002000
1066	0,002000,0,568486,0,002000,0,427514	0,002000,0,012142,0,002000,0,983858	0,002000,0,987187,0,002000,0,008813	0,002000,0,936800,0,002000,0,059200	0,002000,0,939546,0,002000,0,056454
1067	0,002000,0,318290,0,677710,0,002000	0,002000,0,002000,0,994000,0,002000	0,002000,0,965595,0,030405,0,002000	0,002000,0,002000,0,094488,0,901512	0,002000,0,873345,0,122655,0,002000
1072	0,002000,0,002000,0,396430,0,599570	0,002000,0,008426,0,979129,0,010445	0,002000,0,002155,0,007524,0,988321	0,002000,0,002000,0,040840,0,955160	0,694406,0,002000,0,176797,0,126798
1073	0,002000,0,994000,0,002000,0,002000	0,002000,0,957973,0,038027,0,002000	0,002000,0,989388,0,002000,0,006612	0,002000,0,761068,0,002000,0,234932	0,002000,0,994000,0,002000,0,002000
1078	0,002000,0,052538,0,002000,0,943462	0,002000,0,877533,0,002000,0,118467	0,002000,0,002000,0,002000,0,994000	0,002000,0,013149,0,002000,0,982851	0,002000,0,484097,0,002000,0,511903
1079	0,002000,0,068945,0,002000,0,927055	0,004408,0,892373,0,002000,0,101219	0,002000,0,002000,0,002000,0,994000	0,002000,0,002000,0,002000,0,994000	0,002000,0,615220,0,002000,0,380780
1082	0,002000,0,992416,0,002000,0,003584	0,002000,0,994000,0,002000,0,002000	0,002000,0,992931,0,002000,0,003069	0,002000,0,994000,0,002000,0,002000	0,002000,0,994000,0,002000,0,002000
1093	0,002000,0,002153,0,002000,0,993847	0,002000,0,002000,0,002000,0,994000	0,002000,0,002000,0,002000,0,994000	0,002000,0,004360,0,002000,0,991640	0,002000,0,913952,0,002000,0,082048
1099	0,002000,0,852676,0,002000,0,143324	0,002000,0,913294,0,002000,0,082706	0,002000,0,890540,0,002000,0,105460	0,002000,0,983212,0,002000,0,012788	0,002000,0,994000,0,002000,0,002000
1102	0,006967,0,989033,0,002000,0,002000	0,002000,0,994000,0,002000,0,002000	0,030434,0,965566,0,002000,0,002000	0,002000,0,994000,0,002000,0,002000	0,002000,0,148582,0,002000,0,847418
1109	0,002000,0,002000,0,994000,0,002000	0,013759,0,002000,0,982241,0,002000	0,002000,0,002000,0,994000,0,002000	0,002000,0,002000,0,994000,0,002000	0,002000,0,002000,0,994000,0,002000
1111	0,585537,0,002000,0,410463,0,002000	0,015587,0,002000,0,980413,0,002000	0,963831,0,002000,0,032169,0,002000	0,098027,0,002000,0,897973,0,002000	0,044513,0,002000,0,951487,0,002000
1114	0,002000,0,002000,0,994000,0,002000	0,002000,0,002000,0,994000,0,002000	0,002000,0,002000,0,994000,0,002000	0,002000,0,002000,0,994000,0,002000	0,250105,0,002000,0,745895,0,002000
1120	0,002000,0,002000,0,002000,0,994000	0,002000,0,002000,0,002000,0,994000	0,002000,0,002000,0,002000,0,994000	0,002000,0,002000,0,002000,0,994000	0,002000,0,403587,0,002000,0,592413
1126	0,002000,0,428407,0,002000,0,567593	0,002000,0,082679,0,002000,0,913321	0,002000,0,933482,0,002000,0,062518	0,002000,0,975767,0,002000,0,020233	0,002000,0,897169,0,002000,0,098831
1130	0,002000,0,993938,0,002000,0,002062	0,002000,0,994000,0,002000,0,002000	0,002000,0,993884,0,002000,0,002116	0,002000,0,124670,0,002000,0,871330	0,002000,0,976761,0,002000,0,019239
1135	0,838574,0,002000,0,157426,0,002000	0,974542,0,002000,0,021458,0,002000	0,387053,0,002000,0,608947,0,002000	0,066164,0,002000,0,929836,0,002000	0,324548,0,002000,0,671452,0,002000
1137	0,002552,0,002000,0,993448,0,002000	0,002699,0,002000,0,993301,0,002000	0,002000,0,002000,0,994000,0,002000	0,002000,0,002000,0,994000,0,002000	0,002000,0,002000,0,994000,0,002000
1138	0,002000,0,974252,0,002000,0,021748	0,002000,0,994000,0,002000,0,002000	0,002000,0,890315,0,002000,0,105685	0,002000,0,994000,0,002000,0,002000	0,002000,0,994000,0,002000,0,002000
1159	0,002000,0,187920,0,002000,0,808080	0,002000,0,033817,0,002000,0,962183	0,002000,0,878349,0,002000,0,117651	0,002000,0,909371,0,002000,0,086629	0,002000,0,398647,0,002000,0,597353
1183	0,002000,0,994000,0,002000,0,002000	0,002000,0,994000,0,002000,0,002000	0,002000,0,994000,0,002000,0,002000	0,032516,0,963484,0,002000,0,002000	0,068911,0,927089,0,002000,0,002000
1211	0,994000,0,002000,0,002000,0,002000	0,993281,0,002000,0,002000,0,002719	0,985502,0,002000,0,002000,0,010498	0,909913,0,002000,0,002000,0,086087	0,994000,0,002000,0,002000,0,002000
1213	0,994000,0,002000,0,002000,0,002000	0,993609,0,002000,0,002391,0,002000	0,991203,0,002000,0,004797,0,002000	0,994000,0,002000,0,002000,0,002000	0,994000,0,002000,0,002000,0,002000
1228	0,994000,0,002000,0,002000,0,002000	0,994000,0,002000,0,002000,0,002000	0,990003,0,002000,0,005997,0,002000	0,994000,0,002000,0,002000,0,002000	0,994000,0,002000,0,002000,0,002000
1231	0,002000,0,392758,0,603242,0,002000	0,002000,0,634678,0,361322,0,002000	0,002000,0,028679,0,967321,0,002000	0,002000,0,023421,0,972579,0,002000	0,002000,0,002000,0,994000,0,002000
1240	0,002000,0,970403,0,002000,0,025597	0,002000,0,989833,0,002000,0,006167	0,002000,0,907966,0,002000,0,088034	0,002000,0,986256,0,002000,0,009744	0,002000,0,978551,0,002000,0,017449
1271	0,691615,0,304385,0,002000,0,002000	0,943970,0,052030,0,002000,0,002000	0,273467,0,722533,0,002000,0,002000	0,320366,0,675634,0,002000,0,002000	0,881316,0,114684,0,002000,0,002000
1294	0,462460,0,002000,0,533540,0,002000	0,858590,0,002000,0,137410,0,002000	0,176983,0,002000,0,819017,0,002000	0,151654,0,002000,0,844346,0,002000	0,275735,0,002000,0,720265,0,002000
1318	0,002000,0,541704,0,002000,0,454296	0,002000,0,842171,0,002000,0,153829	0,002000,0,763323,0,002000,0,232677	0,002000,0,152488,0,002000,0,843512	0,002000,0,954672,0,002000,0,041328
1321	0,002000,0,411045,0,002000,0,584955	0,002000,0,096268,0,002000,0,899732	0,002000,0,131523,0,002000,0,864477	0,002000,0,860086,0,002000,0,135914	0,002000,0,006950,0,002000,0,989050
1345	0,002000,0,990357,0,002000,0,005643	0,002000,0,994000,0,002000,0,002000	0,002000,0,993081,0,002000,0,002919	0,002000,0,988896,0,002000,0,007104	0,002000,0,619975,0,002000,0,376025
1351	0,105678,0,002000,0,890322,0,002000	0,007291,0,002000,0,988709,0,002000	0,086034,0,002000,0,909966,0,002000	0,121044,0,002000,0,874956,0,002000	0,002000,0,002000,0,994000,0,002000
1370	0,983590,0,002000,0,012410,0,002000	0,972893,0,002000,0,023107,0,002000	0,984083,0,002000,0,011917,0,002000	0,990129,0,002000,0,005871,0,002000	0,982745,0,002000,0,013255,0,002000
1383	0,002000,0,003973,0,002000,0,992027	0,002687,0,002000,0,002000,0,993313	0,005370,0,002000,0,002000,0,990630	0,002000,0,002000,0,002000,0,994000	0,002000,0,002000,0,002000,0,994000
1384	0,002000,0,984419,0,002000,0,011581	0,002000,0,984032,0,002000,0,011968	0,002000,0,987193,0,002000,0,008807	0,002000,0,994000,0,002000,0,002000	0,002000,0,994000,0,002000,0,002000
1391	0,002000,0,994000,0,002000,0,002000	0,002000,0,994000,0,002000,0,002000	0,002000,0,994000,0,002000,0,002000	0,002000,0,994000,0,002000,0,002000	0,095671,0,900329,0,002000,0,002000
1417	0,002000,0,994000,0,002000,0,002000	0,002000,0,994000,0,002000,0,002000	0,002079,0,993921,0,002000,0,002000	0,003047,0,992953,0,002000,0,002000	0,300865,0,695135,0,002000,0,002000
