Command arguments:  -t data/66.M1.W02.24/66.M1.W02.24 --bam data/66.M1.W02.24/66.M1.W02.24.bam --baseFreq data/66.M1.W02.24/1/step_1/66.M1.W02.24.lld --refSequence data/fasta/HCMV_Merlin_UL33.fasta --hapAlignment data/66.M1.W02.24/1/step_1/66.M1.W02.24Haplo.fasta --iterate
INITIAL	LL: -66889.47251496711	PENALTY: 1135.0	PENALISED LL: -68024.47251496711
	0	0.6678820862718768
	1	0.07159434108320105
	4	0.2605235726449221

Overwriting 4 with 0 in region 448-450
RECOMBINE	0	-68023.99497000531
Overwriting 4 with 0 in region 16-24
RECOMBINE	1	-68023.92821936074
Recombining haplotypes 0 and 1 in region 187-204
RECOMBINE	2	-68023.92551033385
Recombining haplotypes 4 and 0 in region 248-253
RECOMBINE	3	-68023.92353209482
Recombining haplotypes 0 and 4 in region 679-694
RECOMBINE	4	-68023.92629582479
Overwriting 0 with 1 in region 265-273
RECOMBINE	5	-68023.92326352713
Overwriting 0 with 4 in region 1017-1021
RECOMBINE	6	-68023.93053135474
Recombining haplotypes 1 and 4 in region 968-986
RECOMBINE	7	-68023.92571988198
Recombining haplotypes 1 and 0 in region 800-815
RECOMBINE	8	-68024.1024570599
Recombining haplotypes 4 and 0 in region 908-914
RECOMBINE	9	-68023.92347566906
Overwriting 4 with 1 in region 740-761
RECOMBINE	10	-68023.924271929
Overwriting 0 with 1 in region 1393-1400
RECOMBINE	11	-68023.92347566906
Recombining haplotypes 4 and 0 in region 498-501
RECOMBINE	12	-68023.92347566906
Overwriting 4 with 0 in region 691-702
RECOMBINE	13	-68023.99807855516
Recombining haplotypes 1 and 4 in region 428-442
RECOMBINE	14	-68023.95303713628
Recombining haplotypes 1 and 4 in region 946-963
RECOMBINE	15	-68023.92460079075
Recombining haplotypes 4 and 1 in region 352-376
RECOMBINE	16	-68024.16727198755
Overwriting 4 with 0 in region 391-403
RECOMBINE	17	-68023.9234727411
Overwriting 1 with 4 in region 687-693
RECOMBINE	18	-68023.97611967065
Recombining haplotypes 1 and 0 in region 563-579
RECOMBINE	19	-68024.0899500253
INITIAL RECOMBINE	-66888.92326352713	1135.0	-68023.92326352713
Combining haplotypes 0 and 1
Combining haplotypes 0 and 1
CONTRACT	1	-82721.33212158048
Combining haplotypes 0 and 4
Combining haplotypes 0 and 4
CONTRACT	1	-186665.91451910752
Combining haplotypes 1 and 4
Combining haplotypes 1 and 4
CONTRACT	1	-82721.14429045709
Recombining haplotypes 0 and 1 in region 282-290
RECOMBINE	1	0	-68024.05885215635
Recombining haplotypes 1 and 0 in region 941-945
RECOMBINE	1	1	-68023.92347566906
Recombining haplotypes 1 and 0 in region 615-620
RECOMBINE	1	2	-68024.0411786371
Overwriting 1 with 4 in region 333-351
RECOMBINE	1	3	-68024.1180897278
Recombining haplotypes 1 and 2 in region 7-10
RECOMBINE	1	4	-68023.92347566906
Recombining haplotypes 2 and 3 in region 929-937
RECOMBINE	1	5	-68023.92347566906
Recombining haplotypes 0 and 1 in region 886-899
RECOMBINE	1	6	-68023.95486092636
Recombining haplotypes 1 and 4 in region 870-880
RECOMBINE	1	7	-68024.02499947786
Recombining haplotypes 1 and 0 in region 1379-1410
RECOMBINE	1	8	-68023.92440841372
Recombining haplotypes 4 and 0 in region 1030-1045
RECOMBINE	1	9	-68023.92347566906
Recombining haplotypes 0 and 4 in region 862-868
RECOMBINE	1	10	-68023.93973210361
Overwriting 1 with 0 in region 1071-1074
RECOMBINE	1	11	-68023.9234813543
Recombining haplotypes 4 and 0 in region 843-857
RECOMBINE	1	12	-68024.11796519223
Overwriting 4 with 0 in region 114-123
RECOMBINE	1	13	-68023.9234804613
Recombining haplotypes 1 and 4 in region 1369-1389
RECOMBINE	1	14	-68023.94034575504
Overwriting 0 with 1 in region 496-506
RECOMBINE	1	15	-68023.9248536986
Overwriting 4 with 1 in region 471-480
RECOMBINE	1	16	-68023.92859836707
Recombining haplotypes 1 and 0 in region 994-998
RECOMBINE	1	17	-68023.96780908266
Recombining haplotypes 4 and 1 in region 109-117
RECOMBINE	1	18	-68023.94047582486
Overwriting 0 with 1 in region 380-385
RECOMBINE	1	19	-68023.92327655059

Big Iteration 1	LL: -66888.92326352713	PENALTY: 1135.0	PENALISED LL: -68023.92326352713
	0	0.6677410986749438
	1	0.07207410970535079
	4	0.2601847916197055

FINISHED

Big Iteration -1	LL: -66888.92326352713	PENALTY: 1135.0	PENALISED LL: -68023.92326352713
	0	0.6677410986749438
	1	0.07207410970535079
	4	0.2601847916197055


Haplotype frequencies
0	0.667741
1	0.072074
4	0.260185
Active sites
65	0.002000,0.991366,0.002000,0.004634	0.002000,0.587872,0.002000,0.408128	0.002000,0.993288,0.002000,0.002712
68	0.936189,0.002000,0.059811,0.002000	0.709040,0.002000,0.286960,0.002000	0.183141,0.002000,0.812859,0.002000
95	0.002000,0.002000,0.002000,0.994000	0.184271,0.002000,0.002000,0.811729	0.002074,0.002000,0.002000,0.993926
105	0.002000,0.958564,0.002000,0.037436	0.002000,0.740103,0.002000,0.255897	0.002000,0.189629,0.002000,0.806371
112	0.002000,0.095152,0.002000,0.900848	0.002000,0.510732,0.002000,0.485268	0.002000,0.918947,0.002000,0.077053
114	0.015823,0.002000,0.980177,0.002000	0.132841,0.002000,0.863159,0.002000	0.636365,0.002000,0.359635,0.002000
120	0.098614,0.002000,0.897386,0.002000	0.060500,0.002000,0.935500,0.002000	0.111149,0.002000,0.884851,0.002000
121	0.003339,0.002000,0.992661,0.002000	0.002000,0.002000,0.994000,0.002000	0.005427,0.002000,0.990573,0.002000
161	0.002000,0.002000,0.002000,0.994000	0.002000,0.332940,0.002000,0.663060	0.002000,0.013496,0.002000,0.982504
163	0.002132,0.002000,0.002000,0.993868	0.002000,0.241745,0.002000,0.754255	0.002000,0.002000,0.002000,0.994000
164	0.994000,0.002000,0.002000,0.002000	0.701269,0.002000,0.002000,0.294731	0.993886,0.002000,0.002114,0.002000
165	0.994000,0.002000,0.002000,0.002000	0.649752,0.002000,0.346248,0.002000	0.994000,0.002000,0.002000,0.002000
168	0.002000,0.002000,0.994000,0.002000	0.110692,0.002000,0.885308,0.002000	0.002000,0.002000,0.994000,0.002000
169	0.002000,0.994000,0.002000,0.002000	0.002000,0.994000,0.002000,0.002000	0.007113,0.988887,0.002000,0.002000
196	0.002000,0.984341,0.011659,0.002000	0.002000,0.994000,0.002000,0.002000	0.002000,0.994000,0.002000,0.002000
197	0.025860,0.967773,0.004367,0.002000	0.486506,0.373281,0.002000,0.138213	0.976599,0.019401,0.002000,0.002000
210	0.002000,0.987050,0.002000,0.008950	0.002000,0.770551,0.002000,0.225449	0.002000,0.083805,0.002000,0.912195
215	0.002000,0.994000,0.002000,0.002000	0.002000,0.880591,0.002000,0.115409	0.004667,0.991333,0.002000,0.002000
219	0.003098,0.992902,0.002000,0.002000	0.137490,0.858510,0.002000,0.002000	0.002000,0.994000,0.002000,0.002000
220	0.002000,0.994000,0.002000,0.002000	0.002000,0.878186,0.002000,0.117814	0.002000,0.994000,0.002000,0.002000
225	0.994000,0.002000,0.002000,0.002000	0.962540,0.002967,0.032493,0.002000	0.994000,0.002000,0.002000,0.002000
228	0.961198,0.034802,0.002000,0.002000	0.441148,0.554852,0.002000,0.002000	0.022522,0.973478,0.002000,0.002000
231	0.013425,0.982575,0.002000,0.002000	0.039295,0.876939,0.081766,0.002000	0.003803,0.992197,0.002000,0.002000
233	0.007535,0.988465,0.002000,0.002000	0.265052,0.730948,0.002000,0.002000	0.935608,0.060392,0.002000,0.002000
241	0.002000,0.994000,0.002000,0.002000	0.002000,0.867245,0.002000,0.128755	0.002000,0.994000,0.002000,0.002000
242	0.994000,0.002000,0.002000,0.002000	0.846852,0.002000,0.149148,0.002000	0.994000,0.002000,0.002000,0.002000
247	0.002000,0.002000,0.002000,0.994000	0.002000,0.188935,0.002000,0.807065	0.002000,0.002000,0.002000,0.994000
248	0.015450,0.002000,0.980550,0.002000	0.178329,0.002000,0.817671,0.002000	0.012853,0.002000,0.983147,0.002000
249	0.987898,0.002000,0.002000,0.008102	0.869040,0.002000,0.114812,0.014147	0.991079,0.002000,0.002000,0.004921
250	0.002000,0.991132,0.004868,0.002000	0.002000,0.931845,0.002000,0.064155	0.002000,0.992155,0.003845,0.002000
253	0.002000,0.002000,0.002000,0.994000	0.006267,0.133635,0.002000,0.858098	0.002000,0.002000,0.002000,0.994000
256	0.002000,0.994000,0.002000,0.002000	0.002000,0.849229,0.002000,0.146771	0.002000,0.994000,0.002000,0.002000
265	0.986129,0.002000,0.009871,0.002000	0.315242,0.002000,0.680758,0.002000	0.006462,0.002000,0.989538,0.002000
267	0.002000,0.002000,0.994000,0.002000	0.313899,0.002000,0.682101,0.002000	0.002000,0.002000,0.994000,0.002000
274	0.992854,0.002000,0.003146,0.002000	0.838512,0.002000,0.157488,0.002000	0.032745,0.002000,0.963232,0.002023
276	0.002000,0.002000,0.002000,0.994000	0.002000,0.293158,0.002000,0.702842	0.002000,0.002000,0.002000,0.994000
283	0.002000,0.002821,0.002000,0.993179	0.002000,0.583486,0.002000,0.412514	0.002000,0.985195,0.002000,0.010805
286	0.993534,0.002466,0.002000,0.002000	0.497525,0.498276,0.002000,0.002199	0.014082,0.981918,0.002000,0.002000
289	0.002000,0.994000,0.002000,0.002000	0.002000,0.889074,0.002000,0.106926	0.002000,0.994000,0.002000,0.002000
292	0.002000,0.994000,0.002000,0.002000	0.165069,0.830931,0.002000,0.002000	0.002000,0.994000,0.002000,0.002000
301	0.993906,0.002000,0.002094,0.002000	0.333947,0.002000,0.662053,0.002000	0.004228,0.002000,0.991772,0.002000
302	0.002000,0.994000,0.002000,0.002000	0.213653,0.782347,0.002000,0.002000	0.002000,0.994000,0.002000,0.002000
307	0.002000,0.994000,0.002000,0.002000	0.002000,0.679462,0.002000,0.316538	0.002000,0.016555,0.002000,0.979445
311	0.002000,0.002000,0.002000,0.994000	0.002000,0.307142,0.002000,0.688858	0.002000,0.986226,0.002000,0.009774
331	0.002000,0.002000,0.002000,0.994000	0.002000,0.123972,0.002000,0.872028	0.002000,0.002000,0.002000,0.994000
334	0.994000,0.002000,0.002000,0.002000	0.418652,0.002000,0.577348,0.002000	0.004808,0.002000,0.991192,0.002000
337	0.002000,0.002379,0.002000,0.993621	0.002000,0.503889,0.002000,0.492111	0.002000,0.992298,0.002000,0.003702
340	0.002000,0.994000,0.002000,0.002000	0.002000,0.819849,0.002000,0.176151	0.002000,0.992683,0.002000,0.003317
343	0.002000,0.994000,0.002000,0.002000	0.002000,0.827946,0.002000,0.168054	0.002000,0.020497,0.002000,0.975503
353	0.993155,0.002000,0.002845,0.002000	0.311652,0.002000,0.684348,0.002000	0.004970,0.002000,0.991030,0.002000
361	0.010796,0.002000,0.985204,0.002000	0.683775,0.002000,0.312225,0.002000	0.994000,0.002000,0.002000,0.002000
370	0.002000,0.002000,0.994000,0.002000	0.002000,0.335977,0.660023,0.002000	0.002000,0.991928,0.004072,0.002000
373	0.002000,0.002000,0.002000,0.994000	0.002000,0.091918,0.002000,0.904082	0.002000,0.002000,0.002000,0.994000
376	0.002000,0.994000,0.002000,0.002000	0.002000,0.854553,0.002000,0.141447	0.002000,0.994000,0.002000,0.002000
379	0.002000,0.002000,0.994000,0.002000	0.245010,0.002000,0.750990,0.002000	0.002000,0.002455,0.993545,0.002000
380	0.002000,0.992532,0.002000,0.003468	0.002000,0.763452,0.002000,0.232548	0.002000,0.990223,0.002000,0.005777
382	0.002000,0.002000,0.002000,0.994000	0.002000,0.002000,0.160094,0.835906	0.002000,0.002000,0.002000,0.994000
394	0.002000,0.002641,0.993359,0.002000	0.115499,0.008899,0.873602,0.002000	0.002000,0.002000,0.994000,0.002000
403	0.002000,0.002000,0.002000,0.994000	0.002000,0.513547,0.002000,0.482453	0.002000,0.986743,0.002000,0.009257
421	0.002000,0.993038,0.002000,0.002962	0.002000,0.295135,0.002000,0.700865	0.002000,0.002000,0.002000,0.994000
424	0.002000,0.002505,0.002000,0.993495	0.002000,0.630348,0.002000,0.365652	0.002000,0.994000,0.002000,0.002000
430	0.002000,0.002000,0.002000,0.994000	0.002000,0.394333,0.002000,0.601667	0.002000,0.971628,0.002000,0.024372
442	0.002000,0.002000,0.002000,0.994000	0.002000,0.216936,0.002000,0.779064	0.002000,0.002000,0.002000,0.994000
445	0.002000,0.004554,0.002000,0.991446	0.002000,0.648577,0.002000,0.347423	0.002000,0.987523,0.002000,0.008477
449	0.008529,0.984079,0.002000,0.005393	0.002000,0.507638,0.002000,0.488362	0.002000,0.005456,0.002000,0.990544
451	0.957579,0.032343,0.008078,0.002000	0.659226,0.002000,0.336774,0.002000	0.994000,0.002000,0.002000,0.002000
457	0.002000,0.002000,0.002000,0.994000	0.002000,0.204950,0.002000,0.791050	0.002000,0.002000,0.002000,0.994000
463	0.992251,0.002000,0.003749,0.002000	0.335740,0.002000,0.660260,0.002000	0.002282,0.002000,0.993718,0.002000
466	0.002000,0.994000,0.002000,0.002000	0.002000,0.716148,0.279852,0.002000	0.002000,0.994000,0.002000,0.002000
472	0.002000,0.993869,0.002000,0.002131	0.002000,0.599819,0.002000,0.396181	0.002000,0.004493,0.002000,0.991507
482	0.002000,0.002000,0.011135,0.984865	0.002000,0.741306,0.002000,0.254694	0.002000,0.984125,0.003171,0.010704
484	0.002000,0.002000,0.983705,0.012295	0.612839,0.002000,0.383161,0.002000	0.986925,0.002000,0.009075,0.002000
485	0.002000,0.987151,0.008677,0.002172	0.002000,0.994000,0.002000,0.002000	0.002000,0.993706,0.002294,0.002000
487	0.002000,0.044218,0.951782,0.002000	0.002000,0.192368,0.803632,0.002000	0.002000,0.020118,0.975882,0.002000
490	0.002000,0.994000,0.002000,0.002000	0.002000,0.822742,0.002000,0.173258	0.002000,0.992056,0.002000,0.003944
491	0.002000,0.002000,0.994000,0.002000	0.177158,0.002000,0.818842,0.002000	0.002000,0.002000,0.994000,0.002000
497	0.002000,0.002000,0.994000,0.002000	0.334790,0.002000,0.661210,0.002000	0.002000,0.002000,0.994000,0.002000
499	0.002000,0.994000,0.002000,0.002000	0.002000,0.754351,0.002000,0.241649	0.002000,0.994000,0.002000,0.002000
505	0.002000,0.002025,0.002000,0.993975	0.002000,0.688771,0.002000,0.307229	0.002000,0.993147,0.002000,0.002853
511	0.002000,0.008930,0.002000,0.987070	0.002000,0.638185,0.002000,0.357815	0.002000,0.992255,0.002000,0.003745
512	0.002000,0.990402,0.002000,0.005598	0.002000,0.781461,0.002000,0.214539	0.002000,0.994000,0.002000,0.002000
514	0.992597,0.002000,0.003403,0.002000	0.319449,0.002000,0.676551,0.002000	0.002704,0.002000,0.993296,0.002000
520	0.002000,0.002000,0.994000,0.002000	0.156251,0.002000,0.839749,0.002000	0.002000,0.002000,0.994000,0.002000
523	0.002000,0.994000,0.002000,0.002000	0.002000,0.750306,0.002000,0.245694	0.002000,0.994000,0.002000,0.002000
562	0.002000,0.005896,0.002000,0.990104	0.002000,0.799842,0.002000,0.196158	0.002000,0.994000,0.002000,0.002000
563	0.002000,0.991498,0.002000,0.004502	0.002000,0.337281,0.002000,0.658719	0.002000,0.003331,0.002000,0.992669
577	0.002000,0.002000,0.002000,0.994000	0.002000,0.463969,0.002000,0.532031	0.002000,0.986527,0.002000,0.009473
580	0.002000,0.002000,0.002000,0.994000	0.166918,0.303646,0.002000,0.527436	0.002000,0.971416,0.002000,0.024584
583	0.002000,0.002000,0.002000,0.994000	0.002000,0.098539,0.002000,0.897461	0.002000,0.002000,0.002000,0.994000
589	0.002000,0.994000,0.002000,0.002000	0.002000,0.743881,0.002000,0.252119	0.002000,0.992167,0.002000,0.003833
595	0.002000,0.002000,0.002000,0.994000	0.002000,0.523644,0.002000,0.472356	0.002000,0.991280,0.002000,0.004720
598	0.994000,0.002000,0.002000,0.002000	0.297987,0.002000,0.698013,0.002000	0.004305,0.002000,0.991695,0.002000
601	0.994000,0.002000,0.002000,0.002000	0.901211,0.002000,0.002000,0.094789	0.994000,0.002000,0.002000,0.002000
604	0.994000,0.002000,0.002000,0.002000	0.280110,0.251557,0.002000,0.466332	0.003924,0.002000,0.002000,0.992076
610	0.993080,0.002000,0.002920,0.002000	0.653757,0.002000,0.342243,0.002000	0.985201,0.002000,0.010799,0.002000
613	0.002000,0.994000,0.002000,0.002000	0.002000,0.772422,0.223578,0.002000	0.002000,0.994000,0.002000,0.002000
616	0.994000,0.002000,0.002000,0.002000	0.903800,0.002000,0.092200,0.002000	0.994000,0.002000,0.002000,0.002000
619	0.994000,0.002000,0.002000,0.002000	0.349744,0.002000,0.646256,0.002000	0.009788,0.002000,0.986212,0.002000
622	0.002000,0.994000,0.002000,0.002000	0.002000,0.810106,0.002000,0.185894	0.002000,0.994000,0.002000,0.002000
625	0.002000,0.002000,0.002000,0.994000	0.002000,0.429884,0.002000,0.566116	0.002000,0.968447,0.002000,0.027553
627	0.002000,0.992113,0.002000,0.003887	0.002000,0.994000,0.002000,0.002000	0.002000,0.994000,0.002000,0.002000
628	0.993997,0.002003,0.002000,0.002000	0.564705,0.371393,0.002000,0.061902	0.021901,0.974099,0.002000,0.002000
636	0.002000,0.003475,0.002000,0.992525	0.002000,0.361385,0.002000,0.634615	0.002000,0.954544,0.002000,0.041456
644	0.027575,0.968425,0.002000,0.002000	0.712151,0.283849,0.002000,0.002000	0.987746,0.008254,0.002000,0.002000
652	0.994000,0.002000,0.002000,0.002000	0.883001,0.003109,0.002000,0.111890	0.994000,0.002000,0.002000,0.002000
658	0.002000,0.994000,0.002000,0.002000	0.002000,0.708120,0.002000,0.287880	0.002000,0.994000,0.002000,0.002000
661	0.002000,0.012911,0.002000,0.983089	0.002000,0.743138,0.002000,0.252862	0.002000,0.991918,0.002000,0.004082
662	0.002000,0.002000,0.990844,0.005156	0.002000,0.002000,0.988288,0.007712	0.002000,0.002000,0.994000,0.002000
664	0.988881,0.002000,0.007119,0.002000	0.598408,0.002000,0.397592,0.002000	0.020287,0.002000,0.975713,0.002000
665	0.005252,0.990748,0.002000,0.002000	0.002000,0.994000,0.002000,0.002000	0.002000,0.994000,0.002000,0.002000
667	0.994000,0.002000,0.002000,0.002000	0.598079,0.002000,0.397921,0.002000	0.994000,0.002000,0.002000,0.002000
670	0.002000,0.002000,0.002000,0.994000	0.002000,0.152267,0.002000,0.843733	0.002000,0.002000,0.002000,0.994000
674	0.002000,0.029074,0.002000,0.966926	0.002000,0.002000,0.002000,0.994000	0.002000,0.003342,0.002000,0.992658
675	0.002000,0.993043,0.002000,0.002957	0.002000,0.994000,0.002000,0.002000	0.002000,0.994000,0.002000,0.002000
677	0.016558,0.002000,0.979442,0.002000	0.728134,0.002000,0.267866,0.002000	0.982994,0.002000,0.013006,0.002000
688	0.002000,0.002000,0.002000,0.994000	0.002000,0.149708,0.002000,0.846292	0.002000,0.002000,0.002000,0.994000
691	0.002000,0.002384,0.002000,0.993616	0.002000,0.187270,0.002000,0.808730	0.002000,0.884006,0.002000,0.111994
697	0.002000,0.979466,0.002000,0.016534	0.002000,0.338514,0.002000,0.657486	0.002000,0.005315,0.002000,0.990685
703	0.007911,0.002000,0.988089,0.002000	0.630190,0.002000,0.365810,0.002000	0.989610,0.002000,0.006390,0.002000
706	0.008379,0.002000,0.987621,0.002000	0.415826,0.002000,0.580174,0.002000	0.982826,0.002000,0.013174,0.002000
709	0.003184,0.002000,0.992816,0.002000	0.137331,0.002000,0.858669,0.002000	0.002000,0.002000,0.994000,0.002000
713	0.023952,0.972048,0.002000,0.002000	0.278430,0.716014,0.003556,0.002000	0.006764,0.989236,0.002000,0.002000
715	0.002000,0.986127,0.002000,0.009873	0.002000,0.384687,0.002000,0.611313	0.002000,0.002000,0.002000,0.994000
717	0.994000,0.002000,0.002000,0.002000	0.735635,0.004002,0.258363,0.002000	0.989392,0.002000,0.006608,0.002000
718	0.002000,0.002000,0.002000,0.994000	0.319293,0.003871,0.002000,0.674836	0.977928,0.002000,0.002000,0.018072
719	0.020150,0.011587,0.966262,0.002000	0.306811,0.011783,0.679406,0.002000	0.014166,0.003450,0.980384,0.002000
721	0.016216,0.979784,0.002000,0.002000	0.242075,0.753925,0.002000,0.002000	0.005447,0.990553,0.002000,0.002000
722	0.994000,0.002000,0.002000,0.002000	0.776173,0.002000,0.219827,0.002000	0.993151,0.002000,0.002849,0.002000
724	0.002000,0.961581,0.002000,0.034419	0.002000,0.429797,0.002000,0.566203	0.002000,0.002000,0.002000,0.994000
729	0.977360,0.018640,0.002000,0.002000	0.736486,0.223750,0.002000,0.037764	0.031049,0.890237,0.002000,0.076713
730	0.994000,0.002000,0.002000,0.002000	0.994000,0.002000,0.002000,0.002000	0.980418,0.003353,0.002000,0.014229
732	0.994000,0.002000,0.002000,0.002000	0.986139,0.002000,0.009861,0.002000	0.988262,0.002000,0.007738,0.002000
734	0.994000,0.002000,0.002000,0.002000	0.646740,0.002000,0.349260,0.002000	0.006872,0.002000,0.989128,0.002000
735	0.002000,0.994000,0.002000,0.002000	0.004796,0.956827,0.036377,0.002000	0.002000,0.983247,0.012753,0.002000
736	0.002000,0.002291,0.002000,0.993709	0.002000,0.523440,0.002000,0.472560	0.002000,0.994000,0.002000,0.002000
738	0.994000,0.002000,0.002000,0.002000	0.823905,0.172095,0.002000,0.002000	0.012963,0.983037,0.002000,0.002000
748	0.002000,0.994000,0.002000,0.002000	0.002000,0.920229,0.002000,0.075771	0.002000,0.989822,0.002000,0.006178
754	0.002000,0.005040,0.002000,0.990960	0.002000,0.564547,0.002000,0.431453	0.002000,0.985100,0.002000,0.010900
763	0.004080,0.991920,0.002000,0.002000	0.002000,0.994000,0.002000,0.002000	0.002000,0.994000,0.002000,0.002000
766	0.002000,0.994000,0.002000,0.002000	0.002000,0.531084,0.002000,0.464916	0.002000,0.015230,0.002000,0.980770
767	0.002000,0.002000,0.994000,0.002000	0.193921,0.002000,0.802079,0.002000	0.002000,0.002000,0.994000,0.002000
769	0.994000,0.002000,0.002000,0.002000	0.554415,0.002000,0.441585,0.002000	0.002998,0.002000,0.993002,0.002000
772	0.002000,0.002000,0.002000,0.994000	0.002000,0.503552,0.002000,0.492448	0.002000,0.974917,0.002000,0.021083
775	0.994000,0.002000,0.002000,0.002000	0.617684,0.378316,0.002000,0.002000	0.030939,0.965061,0.002000,0.002000
778	0.994000,0.002000,0.002000,0.002000	0.621722,0.002000,0.374278,0.002000	0.018872,0.002000,0.977128,0.002000
790	0.002686,0.002000,0.993314,0.002000	0.645804,0.002000,0.350196,0.002000	0.983154,0.002000,0.012846,0.002000
795	0.002000,0.002000,0.002000,0.994000	0.002000,0.002000,0.018718,0.977282	0.002000,0.002000,0.006028,0.989972
796	0.002000,0.002000,0.002000,0.994000	0.002000,0.142950,0.002000,0.853050	0.002000,0.004456,0.002000,0.991544
805	0.990872,0.002000,0.005128,0.002000	0.544653,0.002000,0.451347,0.002000	0.011348,0.002000,0.984652,0.002000
811	0.002000,0.002000,0.994000,0.002000	0.002000,0.002000,0.659185,0.336815	0.002000,0.002000,0.012017,0.983983
820	0.002000,0.002000,0.994000,0.002000	0.042904,0.002000,0.953096,0.002000	0.002000,0.002000,0.993446,0.002554
823	0.993471,0.002000,0.002529,0.002000	0.421103,0.002000,0.574897,0.002000	0.009961,0.002000,0.986039,0.002000
835	0.991444,0.002000,0.004556,0.002000	0.630932,0.020121,0.346947,0.002000	0.005613,0.002000,0.990387,0.002000
836	0.009165,0.986835,0.002000,0.002000	0.009784,0.986216,0.002000,0.002000	0.002000,0.994000,0.002000,0.002000
838	0.003886,0.992114,0.002000,0.002000	0.002000,0.994000,0.002000,0.002000	0.002000,0.993935,0.002000,0.002065
841	0.002000,0.002000,0.994000,0.002000	0.002000,0.002000,0.732102,0.263898	0.002000,0.002000,0.994000,0.002000
844	0.990876,0.005124,0.002000,0.002000	0.399672,0.595501,0.002827,0.002000	0.019615,0.976385,0.002000,0.002000
865	0.989824,0.006176,0.002000,0.002000	0.512553,0.483447,0.002000,0.002000	0.081390,0.914610,0.002000,0.002000
877	0.987141,0.002000,0.008859,0.002000	0.548503,0.002000,0.447497,0.002000	0.026507,0.002000,0.969493,0.002000
886	0.012272,0.002000,0.983728,0.002000	0.493837,0.002000,0.502163,0.002000	0.962886,0.002000,0.033114,0.002000
889	0.002000,0.993864,0.002000,0.002136	0.002000,0.741209,0.002000,0.254791	0.002000,0.994000,0.002000,0.002000
890	0.976817,0.002000,0.019183,0.002000	0.585118,0.002000,0.410882,0.002000	0.986202,0.002000,0.009798,0.002000
895	0.994000,0.002000,0.002000,0.002000	0.870323,0.002000,0.002000,0.125677	0.978925,0.002000,0.002000,0.017075
898	0.014559,0.002000,0.981441,0.002000	0.574804,0.002000,0.421196,0.002000	0.960274,0.002000,0.035726,0.002000
916	0.002000,0.994000,0.002000,0.002000	0.002000,0.623003,0.002000,0.372997	0.002000,0.994000,0.002000,0.002000
922	0.002000,0.987105,0.002000,0.008895	0.002000,0.724245,0.002000,0.271755	0.002000,0.081168,0.002000,0.914832
925	0.002000,0.002000,0.002000,0.994000	0.002000,0.132540,0.002000,0.863460	0.002000,0.002000,0.002000,0.994000
928	0.002000,0.040386,0.002000,0.955614	0.002000,0.801059,0.002000,0.194941	0.002000,0.987491,0.002000,0.008509
935	0.002000,0.962427,0.002000,0.033573	0.002000,0.191588,0.002000,0.804412	0.002000,0.007085,0.002000,0.988915
937	0.925343,0.002000,0.070657,0.002000	0.317268,0.002000,0.678732,0.002000	0.003855,0.002000,0.992145,0.002000
961	0.025166,0.002000,0.970834,0.002000	0.391146,0.002000,0.604854,0.002000	0.968717,0.002448,0.026835,0.002000
964	0.021433,0.002179,0.002000,0.974388	0.311660,0.010604,0.212584,0.465153	0.958398,0.002000,0.002000,0.037602
965	0.002000,0.994000,0.002000,0.002000	0.002000,0.994000,0.002000,0.002000	0.010821,0.985179,0.002000,0.002000
977	0.002000,0.994000,0.002000,0.002000	0.450492,0.545508,0.002000,0.002000	0.002000,0.994000,0.002000,0.002000
985	0.002000,0.994000,0.002000,0.002000	0.002000,0.632758,0.002000,0.363242	0.002000,0.992850,0.002000,0.003150
997	0.002000,0.029723,0.002000,0.966277	0.002000,0.745626,0.002000,0.250374	0.002000,0.976383,0.002000,0.019617
1003	0.994000,0.002000,0.002000,0.002000	0.840125,0.002000,0.155875,0.002000	0.985415,0.002000,0.010585,0.002000
1004	0.994000,0.002000,0.002000,0.002000	0.820848,0.002000,0.175152,0.002000	0.983997,0.002000,0.012003,0.002000
1006	0.002000,0.988600,0.007400,0.002000	0.002000,0.666722,0.329278,0.002000	0.002000,0.039533,0.956467,0.002000
1013	0.002000,0.990981,0.002000,0.005019	0.002000,0.696277,0.002000,0.299723	0.002000,0.058916,0.002000,0.937084
1017	0.002000,0.005477,0.002000,0.990523	0.002000,0.311675,0.002000,0.684325	0.002000,0.967307,0.002000,0.028693
1019	0.002000,0.989569,0.006431,0.002000	0.002000,0.481708,0.514292,0.002000	0.002284,0.048364,0.947352,0.002000
1024	0.002000,0.002000,0.002000,0.994000	0.002000,0.201625,0.002000,0.794375	0.002000,0.002000,0.002000,0.994000
1025	0.024745,0.002000,0.971255,0.002000	0.596020,0.002000,0.399980,0.002000	0.971514,0.002000,0.024486,0.002000
1033	0.002000,0.994000,0.002000,0.002000	0.002000,0.595311,0.400689,0.002000	0.002000,0.994000,0.002000,0.002000
1061	0.002000,0.002000,0.994000,0.002000	0.002000,0.002000,0.919115,0.076885	0.002000,0.002000,0.994000,0.002000
1063	0.003146,0.002000,0.992854,0.002000	0.250353,0.002000,0.745647,0.002000	0.910328,0.002000,0.085672,0.002000
1067	0.002000,0.004760,0.991240,0.002000	0.002000,0.350988,0.645012,0.002000	0.002000,0.941579,0.054421,0.002000
1073	0.002000,0.953590,0.042410,0.002000	0.002000,0.958689,0.037311,0.002000	0.002000,0.986597,0.003842,0.007561
1077	0.981563,0.002000,0.014437,0.002000	0.985321,0.002000,0.010679,0.002000	0.994000,0.002000,0.002000,0.002000
1082	0.002000,0.994000,0.002000,0.002000	0.002000,0.975556,0.002000,0.020444	0.002000,0.994000,0.002000,0.002000
1093	0.002000,0.002000,0.002000,0.994000	0.002000,0.279428,0.002000,0.716572	0.002000,0.002000,0.002000,0.994000
1099	0.002000,0.991264,0.002000,0.004736	0.002000,0.852865,0.002000,0.143135	0.002000,0.107337,0.002000,0.888663
1102	0.002000,0.994000,0.002000,0.002000	0.002000,0.835944,0.002000,0.160056	0.002000,0.993394,0.002000,0.002606
1135	0.993226,0.002000,0.002774,0.002000	0.911933,0.002000,0.084067,0.002000	0.390548,0.002000,0.605452,0.002000
1154	0.002000,0.994000,0.002000,0.002000	0.018894,0.977106,0.002000,0.002000	0.002000,0.994000,0.002000,0.002000
1159	0.002000,0.011545,0.002000,0.984455	0.002000,0.057323,0.002000,0.938677	0.002000,0.808280,0.002000,0.187720
1169	0.002000,0.002000,0.994000,0.002000	0.002000,0.002000,0.994000,0.002000	0.002000,0.002000,0.978730,0.017270
1211	0.993549,0.002451,0.002000,0.002000	0.994000,0.002000,0.002000,0.002000	0.976369,0.002000,0.002000,0.019631
1213	0.987915,0.002000,0.008085,0.002000	0.994000,0.002000,0.002000,0.002000	0.994000,0.002000,0.002000,0.002000
1228	0.907010,0.002000,0.088990,0.002000	0.994000,0.002000,0.002000,0.002000	0.769557,0.002000,0.226443,0.002000
1271	0.149466,0.846534,0.002000,0.002000	0.697806,0.298194,0.002000,0.002000	0.966273,0.029727,0.002000,0.002000
1370	0.067563,0.002000,0.928437,0.002000	0.556296,0.002000,0.439704,0.002000	0.850234,0.002000,0.145766,0.002000
1382	0.988630,0.002000,0.002000,0.007370	0.982674,0.002000,0.002000,0.013326	0.990567,0.002000,0.002000,0.005433
1384	0.002000,0.966808,0.002000,0.029192	0.002000,0.994000,0.002000,0.002000	0.002000,0.986269,0.002000,0.009731
1391	0.002000,0.994000,0.002000,0.002000	0.098538,0.897462,0.002000,0.002000	0.002759,0.993241,0.002000,0.002000
