Command arguments:  -t data/30.B1.W11.08/30.B1.W11.08 --bam data/30.B1.W11.08/30.B1.W11.08.bam --baseFreq data/30.B1.W11.08/20/step_1/30.B1.W11.08.lld --refSequence data/fasta/HCMV_Merlin_UL33.fasta --hapAlignment data/30.B1.W11.08/20/step_1/30.B1.W11.08Haplo.fasta --iterate
INITIAL	LL: -2180.6242877591085	PENALTY: 225.0	PENALISED LL: -2405.6242877591085
	0	0.0023797058074877756
	2	0.3325400980641708
	3	0.3325400980641708
	4	0.3325400980641708

Overwriting 3 with 2 in region 1069-1093
RECOMBINE	0	-2404.2835463985944
Recombining haplotypes 3 and 4 in region 819-831
RECOMBINE	1	-2404.227512098458
Recombining haplotypes 2 and 0 in region 489-518
RECOMBINE	2	-2404.227324573461
Overwriting 1 with 4 in region 441-459
RECOMBINE	3	-2404.2273114495747
Overwriting 4 with 3 in region 107-114
RECOMBINE	4	-2404.227298567576
Recombining haplotypes 3 and 4 in region 421-431
RECOMBINE	5	-2404.2272842710368
Overwriting 0 with 2 in region 945-945
RECOMBINE	6	-2404.2272683760143
Recombining haplotypes 1 and 4 in region 1527-1543
RECOMBINE	7	-2404.227250752935
Recombining haplotypes 3 and 4 in region 1312-1322
RECOMBINE	8	-2404.2272312782543
Overwriting 3 with 0 in region 303-314
RECOMBINE	9	-2404.2272098364283
Overwriting 0 with 4 in region 1107-1118
RECOMBINE	10	-2404.227186325011
Overwriting 2 with 0 in region 1501-1534
RECOMBINE	11	-2404.2271606605395
Overwriting 4 with 2 in region 1506-1516
RECOMBINE	12	-2404.2271327852495
Overwriting 2 with 4 in region 960-978
RECOMBINE	13	-2404.227102674233
Overwriting 4 with 0 in region 429-430
RECOMBINE	14	-2404.227070342836
Overwriting 0 with 1 in region 84-96
RECOMBINE	15	-2404.2270358536502
Overwriting 4 with 0 in region 1203-1212
RECOMBINE	16	-2404.226999322854
Recombining haplotypes 3 and 2 in region 190-203
RECOMBINE	17	-2404.2269609246628
Overwriting 0 with 4 in region 750-762
RECOMBINE	18	-2404.2269359956967
Overwriting 4 with 3 in region 1380-1385
RECOMBINE	19	-2404.226894564493
INITIAL RECOMBINE	-2179.226894564493	225.0	-2404.226894564493
Combining haplotypes 0 and 2
Combining haplotypes 0 and 2
CONTRACT	1	-2358.9608479935764
Combining haplotypes 0 and 3
Combining haplotypes 0 and 3
CONTRACT	1	-2358.9608479935764
Combining haplotypes 0 and 4
Combining haplotypes 0 and 4
CONTRACT	1	-2358.9608479935764
Combining haplotypes 2 and 3
Combining haplotypes 2 and 3
CONTRACT	1	-2359.232715563677
Combining haplotypes 2 and 4
Combining haplotypes 2 and 4
CONTRACT	1	-2359.232715563677
Combining haplotypes 3 and 4
Combining haplotypes 3 and 4
CONTRACT	1	-2359.232715563677
Recombining haplotypes 1 and 2 in region 779-786
RECOMBINE	1	0	-2358.6360660839146
Recombining haplotypes 2 and 0 in region 1102-1102
RECOMBINE	1	1	-2358.627040926357
Overwriting 2 with 3 in region 1148-1151
RECOMBINE	1	2	-2358.626872942682
Recombining haplotypes 1 and 2 in region 1417-1423
RECOMBINE	1	3	-2358.626782444604
Recombining haplotypes 2 and 1 in region 108-113
RECOMBINE	1	4	-2358.626729579601
Recombining haplotypes 0 and 2 in region 449-462
RECOMBINE	1	5	-2358.6266960629996
Recombining haplotypes 1 and 2 in region 818-826
RECOMBINE	1	6	-2358.6266502633093
Recombining haplotypes 0 and 2 in region 249-253
RECOMBINE	1	7	-2358.626633100824
Recombining haplotypes 2 and 1 in region 1227-1231
RECOMBINE	1	8	-2358.626619519674
Overwriting 1 with 2 in region 237-256
RECOMBINE	1	9	-2358.6266081822396
Recombining haplotypes 3 and 2 in region 1556-1570
RECOMBINE	1	10	-2358.6265983392886
Recombining haplotypes 1 and 3 in region 494-498
RECOMBINE	1	11	-2358.626589563127
Overwriting 3 with 1 in region 565-567
RECOMBINE	1	12	-2358.6265816054783
Overwriting 1 with 2 in region 7-20
RECOMBINE	1	13	-2358.6265743191225
Recombining haplotypes 3 and 1 in region 1372-1374
RECOMBINE	1	14	-2358.6265676140442
Recombining haplotypes 1 and 3 in region 1169-1172
RECOMBINE	1	15	-2358.626561432264
Overwriting 3 with 0 in region 164-169
RECOMBINE	1	16	-2358.62655573339
Overwriting 1 with 2 in region 1390-1411
RECOMBINE	1	17	-2358.626550486473
Overwriting 1 with 2 in region 813-825
RECOMBINE	1	18	-2358.626545665238
Overwriting 2 with 1 in region 627-641
RECOMBINE	1	19	-2358.626541245641

Big Iteration 1	LL: -2178.626541245641	PENALTY: 180.0	PENALISED LL: -2358.626541245641
	1	0.4987829621754221
	2	0.4987829621754221
	3	0.002434075649155826

Combining haplotypes 1 and 2
Combining haplotypes 1 and 2
CONTRACT	2	-2313.638280063733
Combining haplotypes 1 and 3
Combining haplotypes 1 and 3
CONTRACT	2	-2313.964999648942
Combining haplotypes 2 and 3
Combining haplotypes 2 and 3
CONTRACT	2	-2313.964999648942
Recombining haplotypes 2 and 1 in region 1055-1065
RECOMBINE	2	0	-2313.6382759718913
Recombining haplotypes 0 and 2 in region 1401-1412
RECOMBINE	2	1	-2313.6382723589463
Overwriting 0 with 1 in region 662-672
RECOMBINE	2	2	-2313.6382690859364
Overwriting 2 with 1 in region 201-206
RECOMBINE	2	3	-2313.638266123612
Overwriting 0 with 1 in region 872-876
RECOMBINE	2	4	-2313.638263448211
Recombining haplotypes 1 and 2 in region 768-775
RECOMBINE	2	5	-2313.6382610368673
Recombining haplotypes 2 and 1 in region 1221-1227
RECOMBINE	2	6	-2313.638258867484
Overwriting 0 with 1 in region 371-372
RECOMBINE	2	7	-2313.6382569189705
Recombining haplotypes 0 and 2 in region 328-330
RECOMBINE	2	8	-2313.6382551713823
Overwriting 2 with 0 in region 1469-1470
RECOMBINE	2	9	-2313.6382536059427
Overwriting 1 with 0 in region 1281-1295
RECOMBINE	2	10	-2313.638252205159
Overwriting 0 with 1 in region 629-644
RECOMBINE	2	11	-2313.6382509528307
Overwriting 1 with 0 in region 1570-1570
RECOMBINE	2	12	-2313.6382498340367
Recombining haplotypes 0 and 2 in region 1007-1016
RECOMBINE	2	13	-2313.638248835077
Recombining haplotypes 0 and 2 in region 1267-1271
RECOMBINE	2	14	-2313.6382479434537
Overwriting 0 with 1 in region 1447-1451
RECOMBINE	2	15	-2313.638247147824
Overwriting 2 with 0 in region 297-303
RECOMBINE	2	16	-2313.6382464379417
Overwriting 2 with 0 in region 1482-1495
RECOMBINE	2	17	-2313.6382458045264
Recombining haplotypes 0 and 1 in region 458-478
RECOMBINE	2	18	-2313.6382452392368
Overwriting 2 with 0 in region 96-105
RECOMBINE	2	19	-2313.6382447345964

Big Iteration 2	LL: -2178.6382447345964	PENALTY: 135.0	PENALISED LL: -2313.6382447345964
	1	0.0024322653484379736
	2	0.997567734651562

Combining haplotypes 1 and 2
Combining haplotypes 1 and 2
CONTRACT	3	-2454.3815849828775

Big Iteration 3	LL: -2178.6382447345964	PENALTY: 135.0	PENALISED LL: -2313.6382447345964
	1	0.0024322653484379736
	2	0.997567734651562

FINISHED

Big Iteration -1	LL: -2178.6382447345964	PENALTY: 135.0	PENALISED LL: -2313.6382447345964
	1	0.0024322653484379736
	2	0.997567734651562


Haplotype frequencies
1	0,002432
2	0,997568
Active sites
112	0,002000,0,994000,0,002000,0,002000	0,002000,0,008214,0,002000,0,987786
120	0,250000,0,250000,0,250000,0,250000	0,126059,0,002000,0,869941,0,002000
121	0,002000,0,002000,0,994000,0,002000	0,007700,0,002000,0,988300,0,002000
162	0,002000,0,002000,0,002000,0,994000	0,002000,0,003784,0,002000,0,992216
168	0,368298,0,002000,0,627702,0,002000	0,994000,0,002000,0,002000,0,002000
183	0,002000,0,994000,0,002000,0,002000	0,002000,0,993489,0,002000,0,002511
189	0,002000,0,002000,0,002000,0,994000	0,002000,0,002649,0,002000,0,993351
195	0,002000,0,002000,0,994000,0,002000	0,002453,0,002000,0,993547,0,002000
205	0,002000,0,775480,0,002000,0,220520	0,002000,0,984252,0,002000,0,011748
215	0,002000,0,395009,0,002000,0,600991	0,002000,0,002000,0,002000,0,994000
225	0,751318,0,002000,0,244682,0,002000	0,002000,0,002000,0,994000,0,002000
226	0,002000,0,612158,0,002000,0,383842	0,002000,0,002000,0,002000,0,994000
230	0,250000,0,250000,0,250000,0,250000	0,994000,0,002000,0,002000,0,002000
231	0,250000,0,250000,0,250000,0,250000	0,002470,0,002000,0,993530,0,002000
249	0,433971,0,002000,0,097275,0,466754	0,002000,0,002000,0,994000,0,002000
250	0,002000,0,994000,0,002000,0,002000	0,002000,0,002000,0,002000,0,994000
262	0,193250,0,002000,0,802750,0,002000	0,006155,0,002000,0,989845,0,002000
363	0,002000,0,002000,0,565396,0,430604	0,002000,0,002000,0,002000,0,994000
366	0,002000,0,002000,0,287518,0,708482	0,002000,0,002000,0,002000,0,994000
427	0,002000,0,002000,0,002000,0,994000	0,002000,0,002863,0,002000,0,993137
457	0,002000,0,226709,0,002000,0,769291	0,002000,0,987537,0,002000,0,008463
490	0,002000,0,002000,0,002000,0,994000	0,002000,0,005669,0,002000,0,990331
497	0,703736,0,002000,0,292264,0,002000	0,994000,0,002000,0,002000,0,002000
627	0,002000,0,994000,0,002000,0,002000	0,002000,0,993680,0,002000,0,002320
628	0,437294,0,558706,0,002000,0,002000	0,005778,0,002226,0,002000,0,989996
688	0,002000,0,002000,0,002000,0,994000	0,002000,0,993115,0,002000,0,002885
728	0,002000,0,994000,0,002000,0,002000	0,032292,0,063401,0,872011,0,032297
791	0,002000,0,994000,0,002000,0,002000	0,002279,0,993721,0,002000,0,002000
793	0,002000,0,002000,0,994000,0,002000	0,994000,0,002000,0,002000,0,002000
796	0,002000,0,002000,0,002000,0,994000	0,002000,0,994000,0,002000,0,002000
820	0,002000,0,002000,0,994000,0,002000	0,994000,0,002000,0,002000,0,002000
835	0,363137,0,002000,0,317321,0,317542	0,994000,0,002000,0,002000,0,002000
836	0,002000,0,534469,0,002000,0,461531	0,004536,0,991464,0,002000,0,002000
1024	0,002000,0,002000,0,002000,0,994000	0,002000,0,994000,0,002000,0,002000
1081	0,002000,0,002000,0,994000,0,002000	0,994000,0,002000,0,002000,0,002000
1183	0,250000,0,250000,0,250000,0,250000	0,004233,0,991767,0,002000,0,002000
1206	0,002000,0,002000,0,994000,0,002000	0,002000,0,002000,0,992538,0,003462
1211	0,899680,0,002000,0,002000,0,096320	0,987831,0,002000,0,002000,0,008169
1213	0,250000,0,250000,0,250000,0,250000	0,988953,0,002000,0,007047,0,002000
1228	0,250000,0,250000,0,250000,0,250000	0,957244,0,002000,0,038756,0,002000
1356	0,002000,0,994000,0,002000,0,002000	0,002036,0,993964,0,002000,0,002000
1384	0,002000,0,947681,0,002000,0,048319	0,002000,0,985732,0,002000,0,010268
1391	0,002000,0,994000,0,002000,0,002000	0,994000,0,002000,0,002000,0,002000
