Command arguments:  -t data/38.B1.W10.11/38.B1.W10.11 --bam data/38.B1.W10.11/38.B1.W10.11.bam --baseFreq data/38.B1.W10.11/1/step_1/38.B1.W10.11.lld --refSequence data/fasta/HCMV_Merlin_UL33.fasta --hapAlignment data/38.B1.W10.11/1/step_1/38.B1.W10.11Haplo.fasta --iterate
INITIAL	LL: -14604.049904156192	PENALTY: 415.0	PENALISED LL: -15019.049904156192
	0	0.013011501393052769
	1	0.126956978782665
	2	0.47077589938362785
	3	0.36647940287643577
	4	0.022776217564218566

Overwriting 2 with 1 in region 697-715
RECOMBINE	0	-15015.873770165348
Overwriting 4 with 1 in region 193-204
RECOMBINE	1	-15015.308309819013
Recombining haplotypes 0 and 1 in region 342-352
RECOMBINE	2	-15015.209851151296
Recombining haplotypes 4 and 2 in region 719-725
RECOMBINE	3	-15014.729450093522
Recombining haplotypes 3 and 2 in region 710-715
RECOMBINE	4	-15014.331362785038
Overwriting 4 with 2 in region 804-818
RECOMBINE	5	-15013.954219783694
Overwriting 4 with 2 in region 121-126
RECOMBINE	6	-15013.600928252672
Overwriting 4 with 3 in region 158-169
RECOMBINE	7	-15013.267371519147
Overwriting 2 with 4 in region 709-715
RECOMBINE	8	-15012.94606620651
Overwriting 3 with 2 in region 1205-1210
RECOMBINE	9	-15012.570445185349
Overwriting 2 with 0 in region 375-382
RECOMBINE	10	-15019.475864530381
Recombining haplotypes 1 and 2 in region 1488-1509
RECOMBINE	11	-15012.217976399064
Recombining haplotypes 3 and 2 in region 337-347
RECOMBINE	12	-15011.87641734959
Recombining haplotypes 0 and 1 in region 1282-1289
RECOMBINE	13	-15011.526154900135
Overwriting 4 with 1 in region 1369-1394
RECOMBINE	14	-15011.164368236214
Recombining haplotypes 1 and 3 in region 1250-1274
RECOMBINE	15	-15011.042970744413
Recombining haplotypes 2 and 4 in region 1383-1409
RECOMBINE	16	-15010.742439030637
Recombining haplotypes 0 and 2 in region 603-611
RECOMBINE	17	-15018.30097825739
Recombining haplotypes 4 and 2 in region 1338-1341
RECOMBINE	18	-15010.318953260472
Recombining haplotypes 1 and 3 in region 375-394
RECOMBINE	19	-15009.951014978256
INITIAL RECOMBINE	-14594.951014978256	415.0	-15009.951014978256
Combining haplotypes 0 and 1
Combining haplotypes 0 and 1
CONTRACT	1	-15207.620145284043
Combining haplotypes 0 and 2
Combining haplotypes 0 and 2
CONTRACT	1	-14943.07226401894
Combining haplotypes 0 and 3
Combining haplotypes 0 and 3
CONTRACT	1	-14922.08226919323
Combining haplotypes 0 and 4
Combining haplotypes 0 and 4
CONTRACT	1	-15196.097769743006
Combining haplotypes 1 and 2
Combining haplotypes 1 and 2
CONTRACT	1	-14942.877476171541
Combining haplotypes 1 and 3
Combining haplotypes 1 and 3
CONTRACT	1	-14944.934779799702
Combining haplotypes 1 and 4
Combining haplotypes 1 and 4
CONTRACT	1	-15837.454417563624
Combining haplotypes 2 and 3
Combining haplotypes 2 and 3
CONTRACT	1	-14942.186264732685
Combining haplotypes 2 and 4
Combining haplotypes 2 and 4
CONTRACT	1	-14942.76752315829
Combining haplotypes 3 and 4
Combining haplotypes 3 and 4
CONTRACT	1	-14943.228117829434
Recombining haplotypes 2 and 1 in region 878-880
RECOMBINE	1	0	-14921.244391222292
Overwriting 1 with 0 in region 1148-1155
RECOMBINE	1	1	-14921.089444182579
Overwriting 2 with 0 in region 1223-1239
RECOMBINE	1	2	-14921.034959408498
Recombining haplotypes 1 and 0 in region 242-255
RECOMBINE	1	3	-14920.993728472571
Overwriting 2 with 1 in region 482-489
RECOMBINE	1	4	-14920.98060408358
Overwriting 0 with 2 in region 304-308
RECOMBINE	1	5	-14921.105423501109
Overwriting 3 with 1 in region 1384-1396
RECOMBINE	1	6	-14920.977016046625
Recombining haplotypes 3 and 1 in region 345-358
RECOMBINE	1	7	-14920.97580281823
Overwriting 1 with 2 in region 343-362
RECOMBINE	1	8	-14921.28604463993
Overwriting 1 with 3 in region 1208-1220
RECOMBINE	1	9	-14921.216321909294
Recombining haplotypes 3 and 1 in region 1211-1220
RECOMBINE	1	10	-14921.251946529135
Recombining haplotypes 2 and 1 in region 1190-1209
RECOMBINE	1	11	-14920.975787243357
Recombining haplotypes 2 and 0 in region 1388-1396
RECOMBINE	1	12	-14921.202405349832
Overwriting 0 with 1 in region 372-381
RECOMBINE	1	13	-14920.99326891224
Overwriting 2 with 3 in region 479-486
RECOMBINE	1	14	-14920.97587885402
Recombining haplotypes 0 and 3 in region 701-712
RECOMBINE	1	15	-14920.976525373091
Overwriting 2 with 3 in region 786-801
RECOMBINE	1	16	-14921.157181773542
Overwriting 3 with 1 in region 882-901
RECOMBINE	1	17	-14920.975879369933
Overwriting 0 with 2 in region 717-747
RECOMBINE	1	18	-14798.76932665764
Recombining haplotypes 0 and 2 in region 816-823
RECOMBINE	1	19	-14796.089005459213

Big Iteration 1	LL: -14464.089005459213	PENALTY: 332.0	PENALISED LL: -14796.089005459213
	0	0.0261219664033255
	1	0.8333481989850239
	2	0.011930575836556923
	3	0.1285992587750936

Combining haplotypes 0 and 1
Combining haplotypes 0 and 1
CONTRACT	2	-15127.730220804993
Combining haplotypes 0 and 2
Combining haplotypes 0 and 2
CONTRACT	2	-15125.900904383572
Combining haplotypes 0 and 3
Combining haplotypes 0 and 3
CONTRACT	2	-15520.1227405468
Combining haplotypes 1 and 2
Combining haplotypes 1 and 2
CONTRACT	2	-15187.537488068137
Combining haplotypes 1 and 3
Combining haplotypes 1 and 3
CONTRACT	2	-15764.353696078864
Combining haplotypes 2 and 3
Combining haplotypes 2 and 3
CONTRACT	2	-15217.740403848358

Big Iteration 2	LL: -14464.089005459213	PENALTY: 332.0	PENALISED LL: -14796.089005459213
	0	0.0261219664033255
	1	0.8333481989850239
	2	0.011930575836556923
	3	0.1285992587750936

FINISHED

Big Iteration -1	LL: -14464.089005459213	PENALTY: 332.0	PENALISED LL: -14796.089005459213
	0	0.0261219664033255
	1	0.8333481989850239
	2	0.011930575836556923
	3	0.1285992587750936


Haplotype frequencies
0	0,026122
1	0,833348
2	0,011931
3	0,128599
Active sites
116	0,002000,0,002000,0,994000,0,002000	0,004250,0,002000,0,991750,0,002000	0,002000,0,002000,0,994000,0,002000	0,002000,0,002000,0,994000,0,002000
119	0,994000,0,002000,0,002000,0,002000	0,993048,0,002000,0,002952,0,002000	0,994000,0,002000,0,002000,0,002000	0,983974,0,002000,0,012026,0,002000
120	0,780254,0,002000,0,215746,0,002000	0,165319,0,002000,0,830681,0,002000	0,002000,0,002000,0,994000,0,002000	0,376200,0,002000,0,619800,0,002000
121	0,002000,0,002000,0,994000,0,002000	0,011164,0,002000,0,984836,0,002000	0,002000,0,002000,0,994000,0,002000	0,002000,0,002000,0,994000,0,002000
159	0,002000,0,795839,0,002000,0,200161	0,007415,0,956104,0,002000,0,034481	0,158931,0,837069,0,002000,0,002000	0,076517,0,863379,0,002000,0,058104
161	0,002000,0,053562,0,002000,0,942438	0,002000,0,002000,0,002000,0,994000	0,002000,0,002000,0,002000,0,994000	0,002000,0,002000,0,002000,0,994000
163	0,002000,0,002000,0,002000,0,994000	0,002000,0,002000,0,002000,0,994000	0,002000,0,002000,0,002000,0,994000	0,010076,0,002000,0,002000,0,985924
200	0,002000,0,002000,0,994000,0,002000	0,002000,0,002000,0,993453,0,002547	0,002000,0,002000,0,994000,0,002000	0,002000,0,002000,0,994000,0,002000
248	0,006949,0,002000,0,989051,0,002000	0,002000,0,002000,0,994000,0,002000	0,994000,0,002000,0,002000,0,002000	0,002000,0,002000,0,994000,0,002000
249	0,991413,0,002000,0,002000,0,004587	0,994000,0,002000,0,002000,0,002000	0,002000,0,002000,0,002000,0,994000	0,994000,0,002000,0,002000,0,002000
250	0,002000,0,990209,0,005791,0,002000	0,002000,0,994000,0,002000,0,002000	0,002000,0,422061,0,573939,0,002000	0,002000,0,994000,0,002000,0,002000
274	0,031545,0,002000,0,964455,0,002000	0,002000,0,002000,0,993485,0,002515	0,002000,0,002000,0,994000,0,002000	0,002000,0,002000,0,994000,0,002000
280	0,002000,0,994000,0,002000,0,002000	0,003846,0,992154,0,002000,0,002000	0,047588,0,948412,0,002000,0,002000	0,003998,0,992002,0,002000,0,002000
307	0,002000,0,048537,0,002000,0,947463	0,002000,0,011140,0,002000,0,984860	0,002000,0,002000,0,002000,0,994000	0,002000,0,008844,0,002000,0,987156
343	0,002000,0,016541,0,002000,0,979459	0,002000,0,002546,0,002000,0,993454	0,002000,0,002000,0,002000,0,994000	0,002000,0,002000,0,002000,0,994000
350	0,002000,0,082724,0,002000,0,913276	0,002000,0,002000,0,002000,0,994000	0,002000,0,002000,0,002000,0,994000	0,002000,0,002000,0,002000,0,994000
380	0,002000,0,967224,0,002000,0,028776	0,002000,0,992201,0,002000,0,003799	0,002000,0,994000,0,002000,0,002000	0,002000,0,991807,0,002000,0,004193
424	0,965165,0,030835,0,002000,0,002000	0,992733,0,003267,0,002000,0,002000	0,994000,0,002000,0,002000,0,002000	0,981594,0,014406,0,002000,0,002000
427	0,002000,0,025586,0,002000,0,970414	0,002000,0,002874,0,002000,0,993126	0,002000,0,064261,0,002000,0,931739	0,002000,0,002000,0,002000,0,994000
472	0,002000,0,015879,0,002000,0,980121	0,002000,0,002646,0,002000,0,993354	0,002000,0,002000,0,002000,0,994000	0,002000,0,002000,0,002000,0,994000
484	0,994000,0,002000,0,002000,0,002000	0,994000,0,002000,0,002000,0,002000	0,994000,0,002000,0,002000,0,002000	0,990654,0,002000,0,005346,0,002000
487	0,002000,0,002000,0,994000,0,002000	0,002000,0,011651,0,984349,0,002000	0,002000,0,002000,0,994000,0,002000	0,002000,0,065893,0,930107,0,002000
490	0,002000,0,994000,0,002000,0,002000	0,002000,0,994000,0,002000,0,002000	0,002000,0,994000,0,002000,0,002000	0,002000,0,992237,0,002000,0,003763
589	0,002000,0,994000,0,002000,0,002000	0,002000,0,989755,0,002000,0,006245	0,002000,0,994000,0,002000,0,002000	0,002000,0,972007,0,002000,0,023993
610	0,919979,0,002000,0,076021,0,002000	0,991631,0,002000,0,004369,0,002000	0,994000,0,002000,0,002000,0,002000	0,994000,0,002000,0,002000,0,002000
706	0,982511,0,002000,0,013489,0,002000	0,994000,0,002000,0,002000,0,002000	0,994000,0,002000,0,002000,0,002000	0,987291,0,002000,0,008709,0,002000
713	0,008949,0,987051,0,002000,0,002000	0,002000,0,994000,0,002000,0,002000	0,002000,0,994000,0,002000,0,002000	0,040472,0,952853,0,004675,0,002000
715	0,002000,0,002000,0,002000,0,994000	0,002000,0,002000,0,002000,0,994000	0,002000,0,002000,0,002000,0,994000	0,005067,0,002000,0,002000,0,990933
717	0,987100,0,002000,0,008900,0,002000	0,994000,0,002000,0,002000,0,002000	0,994000,0,002000,0,002000,0,002000	0,958906,0,002000,0,037094,0,002000
718	0,985689,0,002000,0,002000,0,010311	0,994000,0,002000,0,002000,0,002000	0,994000,0,002000,0,002000,0,002000	0,862891,0,002000,0,002000,0,133109
719	0,025451,0,002000,0,970549,0,002000	0,002000,0,002000,0,994000,0,002000	0,002000,0,002000,0,994000,0,002000	0,174235,0,008382,0,815383,0,002000
721	0,002000,0,985052,0,010948,0,002000	0,002000,0,994000,0,002000,0,002000	0,002000,0,994000,0,002000,0,002000	0,015720,0,976625,0,005655,0,002000
722	0,994000,0,002000,0,002000,0,002000	0,993817,0,002000,0,002183,0,002000	0,961192,0,002000,0,034808,0,002000	0,994000,0,002000,0,002000,0,002000
726	0,002000,0,206740,0,735200,0,056061	0,002000,0,002000,0,002000,0,994000	0,002000,0,002000,0,016708,0,979292	0,002000,0,951301,0,002000,0,044699
727	0,828571,0,167429,0,002000,0,002000	0,994000,0,002000,0,002000,0,002000	0,994000,0,002000,0,002000,0,002000	0,994000,0,002000,0,002000,0,002000
728	0,002000,0,447840,0,002000,0,548160	0,002000,0,994000,0,002000,0,002000	0,002000,0,994000,0,002000,0,002000	0,002000,0,994000,0,002000,0,002000
729	0,955390,0,002000,0,007758,0,034852	0,002787,0,993213,0,002000,0,002000	0,004124,0,918874,0,002000,0,075003	0,002000,0,002000,0,002000,0,994000
730	0,506624,0,088013,0,002000,0,403363	0,994000,0,002000,0,002000,0,002000	0,994000,0,002000,0,002000,0,002000	0,994000,0,002000,0,002000,0,002000
731	0,490914,0,012349,0,002000,0,494737	0,994000,0,002000,0,002000,0,002000	0,994000,0,002000,0,002000,0,002000	0,994000,0,002000,0,002000,0,002000
732	0,002000,0,301566,0,605477,0,090956	0,994000,0,002000,0,002000,0,002000	0,994000,0,002000,0,002000,0,002000	0,990653,0,002000,0,002000,0,005347
733	0,002000,0,428667,0,102601,0,466732	0,002000,0,002000,0,002000,0,994000	0,002000,0,002000,0,002000,0,994000	0,002000,0,002000,0,002000,0,994000
734	0,846667,0,139052,0,012281,0,002000	0,002000,0,002000,0,994000,0,002000	0,002000,0,002000,0,994000,0,002000	0,002000,0,002000,0,994000,0,002000
735	0,002000,0,389702,0,606298,0,002000	0,002000,0,988357,0,007643,0,002000	0,002000,0,792020,0,203980,0,002000	0,002000,0,994000,0,002000,0,002000
737	0,916329,0,079671,0,002000,0,002000	0,993841,0,002159,0,002000,0,002000	0,886299,0,109701,0,002000,0,002000	0,994000,0,002000,0,002000,0,002000
742	0,033745,0,104776,0,859479,0,002000	0,002000,0,002000,0,994000,0,002000	0,002000,0,002000,0,994000,0,002000	0,002000,0,002000,0,994000,0,002000
788	0,002000,0,002000,0,994000,0,002000	0,002000,0,002000,0,993898,0,002102	0,002000,0,002000,0,994000,0,002000	0,002000,0,002000,0,994000,0,002000
795	0,002000,0,002000,0,002000,0,994000	0,002000,0,002000,0,003324,0,992676	0,002000,0,002000,0,002000,0,994000	0,002000,0,002000,0,020719,0,975281
796	0,002000,0,002000,0,002000,0,994000	0,002000,0,002613,0,002000,0,993387	0,002000,0,002000,0,002000,0,994000	0,002000,0,016989,0,002000,0,979011
809	0,002000,0,994000,0,002000,0,002000	0,002000,0,994000,0,002000,0,002000	0,002000,0,994000,0,002000,0,002000	0,002000,0,989868,0,006132,0,002000
820	0,002000,0,002000,0,977098,0,018902	0,002000,0,002000,0,982808,0,013192	0,002000,0,002000,0,989042,0,006958	0,002000,0,002000,0,979551,0,016449
886	0,994000,0,002000,0,002000,0,002000	0,992162,0,002000,0,003838,0,002000	0,933552,0,002000,0,062448,0,002000	0,993737,0,002000,0,002263,0,002000
952	0,994000,0,002000,0,002000,0,002000	0,994000,0,002000,0,002000,0,002000	0,951979,0,002000,0,044021,0,002000	0,994000,0,002000,0,002000,0,002000
954	0,002000,0,994000,0,002000,0,002000	0,002819,0,993181,0,002000,0,002000	0,002000,0,994000,0,002000,0,002000	0,006647,0,989353,0,002000,0,002000
976	0,002000,0,002000,0,002000,0,994000	0,002000,0,002000,0,002000,0,994000	0,002000,0,136297,0,002000,0,859703	0,002000,0,002000,0,002000,0,994000
977	0,029672,0,966328,0,002000,0,002000	0,002000,0,994000,0,002000,0,002000	0,279140,0,716860,0,002000,0,002000	0,002000,0,994000,0,002000,0,002000
1003	0,994000,0,002000,0,002000,0,002000	0,994000,0,002000,0,002000,0,002000	0,251395,0,002000,0,744605,0,002000	0,978140,0,002000,0,017860,0,002000
1004	0,994000,0,002000,0,002000,0,002000	0,994000,0,002000,0,002000,0,002000	0,257718,0,002000,0,738282,0,002000	0,977191,0,002000,0,018809,0,002000
1006	0,002000,0,002000,0,994000,0,002000	0,002000,0,002000,0,994000,0,002000	0,002000,0,578832,0,417168,0,002000	0,002000,0,022592,0,973408,0,002000
1014	0,002000,0,994000,0,002000,0,002000	0,002000,0,993134,0,002000,0,002866	0,002000,0,994000,0,002000,0,002000	0,002000,0,992188,0,002000,0,003812
1018	0,002000,0,002000,0,994000,0,002000	0,002000,0,002000,0,994000,0,002000	0,002000,0,002000,0,994000,0,002000	0,002000,0,002000,0,987793,0,008207
1072	0,002000,0,002000,0,002000,0,994000	0,002000,0,004030,0,002000,0,991970	0,002000,0,002000,0,002000,0,994000	0,002000,0,002000,0,002000,0,994000
1073	0,002000,0,994000,0,002000,0,002000	0,002000,0,988238,0,002000,0,007762	0,002000,0,994000,0,002000,0,002000	0,002000,0,986032,0,002000,0,009968
1099	0,002000,0,002000,0,002000,0,994000	0,002000,0,003549,0,002000,0,992451	0,002000,0,002000,0,002000,0,994000	0,002000,0,002000,0,002000,0,994000
1154	0,045115,0,950885,0,002000,0,002000	0,003190,0,992810,0,002000,0,002000	0,002000,0,994000,0,002000,0,002000	0,002942,0,993058,0,002000,0,002000
1156	0,002000,0,994000,0,002000,0,002000	0,002000,0,990727,0,002000,0,005273	0,002000,0,994000,0,002000,0,002000	0,002000,0,994000,0,002000,0,002000
1182	0,002000,0,002000,0,002000,0,994000	0,002000,0,002000,0,002000,0,994000	0,002000,0,134107,0,002000,0,861893	0,002000,0,002000,0,002000,0,994000
1183	0,002000,0,994000,0,002000,0,002000	0,002000,0,994000,0,002000,0,002000	0,325884,0,670116,0,002000,0,002000	0,002000,0,994000,0,002000,0,002000
1207	0,846463,0,149537,0,002000,0,002000	0,994000,0,002000,0,002000,0,002000	0,994000,0,002000,0,002000,0,002000	0,994000,0,002000,0,002000,0,002000
1211	0,804992,0,002000,0,002000,0,191008	0,983273,0,002000,0,002000,0,012727	0,994000,0,002000,0,002000,0,002000	0,904653,0,002000,0,002000,0,091347
1213	0,994000,0,002000,0,002000,0,002000	0,985420,0,002000,0,010580,0,002000	0,994000,0,002000,0,002000,0,002000	0,994000,0,002000,0,002000,0,002000
1228	0,984536,0,002000,0,011464,0,002000	0,988912,0,002000,0,007088,0,002000	0,250000,0,250000,0,250000,0,250000	0,912402,0,002000,0,083598,0,002000
1271	0,002000,0,994000,0,002000,0,002000	0,012692,0,983308,0,002000,0,002000	0,002000,0,994000,0,002000,0,002000	0,002000,0,994000,0,002000,0,002000
1383	0,002000,0,002000,0,002000,0,994000	0,002000,0,002000,0,002000,0,994000	0,002000,0,002000,0,002000,0,994000	0,015414,0,002000,0,002000,0,980586
1384	0,002000,0,994000,0,002000,0,002000	0,002000,0,989449,0,002000,0,006551	0,002000,0,994000,0,002000,0,002000	0,002000,0,956041,0,002000,0,039959
1394	0,002000,0,020516,0,002000,0,975484	0,002000,0,003894,0,002000,0,992106	0,002000,0,081368,0,002000,0,914632	0,002000,0,004620,0,002000,0,991380
