Command arguments:  -t data/39.M1.W05.14/39.M1.W05.14 --bam data/39.M1.W05.14/39.M1.W05.14.bam --baseFreq data/39.M1.W05.14/19/step_1/39.M1.W05.14.lld --refSequence data/fasta/HCMV_Merlin_UL33.fasta --hapAlignment data/39.M1.W05.14/19/step_1/39.M1.W05.14Haplo.fasta --iterate
INITIAL	LL: -85371.02219575515	PENALTY: 1495.0	PENALISED LL: -86866.02219575515
	0	0.4426146705882342
	1	0.03789725174100084
	2	0.08894426920955997
	3	0.06223963946631082
	4	0.3683041689948941

Overwriting 0 with 2 in region 627-640
RECOMBINE	0	-86863.07277114214
Overwriting 4 with 3 in region 396-404
RECOMBINE	1	-86862.67929574434
Overwriting 0 with 2 in region 160-163
RECOMBINE	2	-86862.531523346
Recombining haplotypes 2 and 1 in region 872-887
RECOMBINE	3	-86854.75811573054
Recombining haplotypes 1 and 2 in region 324-335
RECOMBINE	4	-86853.61836841085
Recombining haplotypes 1 and 3 in region 842-846
RECOMBINE	5	-86851.00054284588
Overwriting 0 with 2 in region 317-328
RECOMBINE	6	-86850.75171880088
Recombining haplotypes 4 and 0 in region 1188-1212
RECOMBINE	7	-86849.60080089522
Overwriting 3 with 0 in region 797-811
RECOMBINE	8	-86849.02584540441
Recombining haplotypes 1 and 4 in region 588-590
RECOMBINE	9	-86848.99242706042
Overwriting 0 with 1 in region 197-207
RECOMBINE	10	-86848.99194544186
Overwriting 0 with 4 in region 688-696
RECOMBINE	11	-86848.99181019058
Recombining haplotypes 4 and 2 in region 1062-1067
RECOMBINE	12	-86849.65081934338
Recombining haplotypes 0 and 2 in region 1100-1121
RECOMBINE	13	-86849.32699247223
Recombining haplotypes 4 and 0 in region 103-111
RECOMBINE	14	-86849.34938401173
Recombining haplotypes 3 and 1 in region 113-124
RECOMBINE	15	-86849.00583913694
Recombining haplotypes 4 and 3 in region 491-501
RECOMBINE	16	-86849.05505679241
Recombining haplotypes 1 and 0 in region 238-244
RECOMBINE	17	-86848.99180038914
Overwriting 2 with 4 in region 779-786
RECOMBINE	18	-86848.99178595952
Recombining haplotypes 3 and 0 in region 970-975
RECOMBINE	19	-86848.58520831724
INITIAL RECOMBINE	-85353.58520831724	1495.0	-86848.58520831724
Combining haplotypes 0 and 1
Combining haplotypes 0 and 1
CONTRACT	1	-92213.36369330436
Combining haplotypes 0 and 2
Combining haplotypes 0 and 2
CONTRACT	1	-92211.63137276963
Combining haplotypes 0 and 3
Combining haplotypes 0 and 3
CONTRACT	1	-92211.4965817248
Combining haplotypes 0 and 4
Combining haplotypes 0 and 4
CONTRACT	1	-92211.54763100132
Combining haplotypes 1 and 2
Combining haplotypes 1 and 2
CONTRACT	1	-92211.38603188941
Combining haplotypes 1 and 3
Combining haplotypes 1 and 3
CONTRACT	1	-92211.56246290247
Combining haplotypes 1 and 4
Combining haplotypes 1 and 4
CONTRACT	1	-92211.70058567813
Combining haplotypes 2 and 3
Combining haplotypes 2 and 3
CONTRACT	1	-92211.44532159047
Combining haplotypes 2 and 4
Combining haplotypes 2 and 4
CONTRACT	1	-92211.29430677806
Combining haplotypes 3 and 4
Combining haplotypes 3 and 4
CONTRACT	1	-92211.50039414213
Overwriting 4 with 3 in region 643-645
RECOMBINE	1	0	-86848.58440208454
Recombining haplotypes 2 and 4 in region 428-438
RECOMBINE	1	1	-86848.58578192741
Overwriting 4 with 2 in region 549-563
RECOMBINE	1	2	-86848.58409067866
Overwriting 0 with 1 in region 526-545
RECOMBINE	1	3	-86848.5838394339
Recombining haplotypes 0 and 4 in region 578-582
RECOMBINE	1	4	-86848.64729763701
Overwriting 4 with 0 in region 438-449
RECOMBINE	1	5	-86848.59731292358
Recombining haplotypes 3 and 2 in region 213-216
RECOMBINE	1	6	-86848.58387511109
Overwriting 3 with 0 in region 603-618
RECOMBINE	1	7	-86849.06085438767
Recombining haplotypes 4 and 2 in region 88-95
RECOMBINE	1	8	-86848.58372707466
Recombining haplotypes 3 and 0 in region 1007-1023
RECOMBINE	1	9	-86848.58417698134
Overwriting 1 with 2 in region 664-667
RECOMBINE	1	10	-86848.58366585398
Overwriting 0 with 2 in region 733-739
RECOMBINE	1	11	-86849.34593952868
Overwriting 1 with 4 in region 890-896
RECOMBINE	1	12	-86848.58363556967
Overwriting 1 with 0 in region 120-124
RECOMBINE	1	13	-86848.5835801889
Recombining haplotypes 4 and 2 in region 822-824
RECOMBINE	1	14	-86849.11473242477
Recombining haplotypes 0 and 4 in region 501-507
RECOMBINE	1	15	-86848.85451206988
Recombining haplotypes 4 and 3 in region 200-207
RECOMBINE	1	16	-86842.02811424898
Recombining haplotypes 2 and 4 in region 528-545
RECOMBINE	1	17	-86808.04110230507
Overwriting 1 with 4 in region 278-285
RECOMBINE	1	18	-86791.30331362212
Recombining haplotypes 3 and 1 in region 1122-1132
RECOMBINE	1	19	-86789.840583338

Big Iteration 1	LL: -85294.840583338	PENALTY: 1495.0	PENALISED LL: -86789.840583338
	0	0.4454743114495321
	1	0.045492907662615656
	2	0.08805410380751523
	3	0.0547663717152742
	4	0.3662123053650628

Combining haplotypes 0 and 1
Combining haplotypes 0 and 1
CONTRACT	2	-92213.36723780728
Combining haplotypes 0 and 2
Combining haplotypes 0 and 2
CONTRACT	2	-92211.41374810222
Combining haplotypes 0 and 3
Combining haplotypes 0 and 3
CONTRACT	2	-92211.50609635655
Combining haplotypes 0 and 4
Combining haplotypes 0 and 4
CONTRACT	2	-92211.63347973867
Combining haplotypes 1 and 2
Combining haplotypes 1 and 2
CONTRACT	2	-92211.58795763573
Combining haplotypes 1 and 3
Combining haplotypes 1 and 3
CONTRACT	2	-92211.71689740257
Combining haplotypes 1 and 4
Combining haplotypes 1 and 4
CONTRACT	2	-92211.75490616873
Combining haplotypes 2 and 3
Combining haplotypes 2 and 3
CONTRACT	2	-92211.4943577921
Combining haplotypes 2 and 4
Combining haplotypes 2 and 4
CONTRACT	2	-92211.44316156692
Combining haplotypes 3 and 4
Combining haplotypes 3 and 4
CONTRACT	2	-92211.59062787407

Big Iteration 2	LL: -85294.840583338	PENALTY: 1495.0	PENALISED LL: -86789.840583338
	0	0.4454743114495321
	1	0.045492907662615656
	2	0.08805410380751523
	3	0.0547663717152742
	4	0.3662123053650628

FINISHED

Big Iteration -1	LL: -85294.840583338	PENALTY: 1495.0	PENALISED LL: -86789.840583338
	0	0.4454743114495321
	1	0.045492907662615656
	2	0.08805410380751523
	3	0.0547663717152742
	4	0.3662123053650628


Haplotype frequencies
0	0,445474
1	0,045493
2	0,088054
3	0,054766
4	0,366212
Active sites
65	0,002000,0,010359,0,002000,0,985641	0,002000,0,015847,0,002000,0,980153	0,002000,0,908913,0,002000,0,087087	0,002000,0,271852,0,002000,0,724148	0,002000,0,899869,0,002000,0,096131
68	0,959871,0,002000,0,036129,0,002000	0,969042,0,002000,0,026958,0,002000	0,036704,0,002000,0,959296,0,002000	0,439660,0,002000,0,556340,0,002000	0,037763,0,002000,0,958237,0,002000
93	0,002000,0,994000,0,002000,0,002000	0,002000,0,994000,0,002000,0,002000	0,055710,0,940290,0,002000,0,002000	0,002000,0,994000,0,002000,0,002000	0,083356,0,859690,0,002000,0,054954
95	0,955729,0,002000,0,002000,0,040271	0,959717,0,002000,0,002000,0,036283	0,027800,0,002000,0,002000,0,968200	0,300552,0,002000,0,002000,0,695448	0,020141,0,002000,0,002000,0,975859
105	0,002000,0,968574,0,002000,0,027426	0,002000,0,960414,0,002000,0,035586	0,002000,0,040659,0,002000,0,955341	0,002000,0,418883,0,002000,0,577117	0,002000,0,036696,0,002000,0,959304
112	0,002000,0,096340,0,002000,0,899660	0,002000,0,019219,0,002000,0,976781	0,003749,0,986246,0,002000,0,008004	0,002000,0,805324,0,002000,0,190676	0,002000,0,985324,0,002000,0,010676
114	0,011584,0,002000,0,984416,0,002000	0,006296,0,002000,0,989704,0,002000	0,839522,0,002000,0,156478,0,002000	0,368725,0,002000,0,627275,0,002000	0,930497,0,002000,0,065503,0,002000
120	0,032029,0,002000,0,963971,0,002000	0,115817,0,002000,0,880183,0,002000	0,293194,0,002000,0,702806,0,002000	0,218686,0,002000,0,777314,0,002000	0,154190,0,002000,0,841810,0,002000
121	0,002851,0,002000,0,993149,0,002000	0,002000,0,002000,0,994000,0,002000	0,007295,0,002000,0,988705,0,002000	0,002000,0,002000,0,994000,0,002000	0,009597,0,002000,0,986403,0,002000
159	0,002000,0,994000,0,002000,0,002000	0,002000,0,994000,0,002000,0,002000	0,013207,0,956147,0,002000,0,028646	0,046324,0,949676,0,002000,0,002000	0,019105,0,949305,0,002000,0,029590
162	0,002000,0,002000,0,002000,0,994000	0,002000,0,051436,0,002000,0,944564	0,002000,0,002000,0,002000,0,994000	0,002000,0,102280,0,002000,0,893720	0,002000,0,002155,0,002000,0,993845
163	0,002000,0,975621,0,002000,0,020379	0,002000,0,994000,0,002000,0,002000	0,002000,0,033679,0,002000,0,962321	0,002000,0,297008,0,002000,0,698992	0,006543,0,024342,0,002000,0,967115
164	0,009975,0,002000,0,002000,0,986025	0,008109,0,002000,0,072769,0,917123	0,931755,0,002000,0,002000,0,064245	0,619656,0,002000,0,116007,0,262336	0,954623,0,002000,0,002000,0,041377
165	0,010415,0,002000,0,985585,0,002000	0,007587,0,002000,0,988413,0,002000	0,947169,0,002000,0,048831,0,002000	0,532977,0,002000,0,463023,0,002000	0,959791,0,002000,0,036209,0,002000
168	0,953595,0,002000,0,042405,0,002000	0,768123,0,002000,0,227877,0,002000	0,012221,0,002000,0,983779,0,002000	0,063102,0,002000,0,932898,0,002000	0,014549,0,002000,0,981451,0,002000
183	0,002000,0,993475,0,002000,0,002525	0,002000,0,961072,0,002000,0,034928	0,002000,0,994000,0,002000,0,002000	0,002000,0,846825,0,002000,0,149175	0,002000,0,994000,0,002000,0,002000
186	0,002000,0,015587,0,002000,0,980413	0,002000,0,087283,0,002000,0,908717	0,002000,0,897696,0,002000,0,098304	0,002000,0,659558,0,002000,0,336442	0,002000,0,984866,0,002000,0,011134
195	0,002000,0,002000,0,994000,0,002000	0,054042,0,002000,0,941958,0,002000	0,002000,0,002000,0,994000,0,002000	0,056038,0,002000,0,939962,0,002000	0,002000,0,017245,0,978755,0,002000
200	0,002000,0,002000,0,994000,0,002000	0,025462,0,002000,0,970538,0,002000	0,002000,0,002000,0,994000,0,002000	0,329042,0,002000,0,666958,0,002000	0,002017,0,002000,0,993983,0,002000
202	0,002000,0,002000,0,994000,0,002000	0,215345,0,002000,0,780655,0,002000	0,002000,0,002000,0,994000,0,002000	0,464055,0,002000,0,531945,0,002000	0,002000,0,002000,0,994000,0,002000
205	0,002000,0,989398,0,002000,0,006602	0,002000,0,716621,0,002000,0,279379	0,002000,0,994000,0,002000,0,002000	0,002000,0,581800,0,002000,0,414200	0,002000,0,994000,0,002000,0,002000
210	0,002000,0,994000,0,002000,0,002000	0,002000,0,989515,0,002000,0,006485	0,002000,0,192570,0,002000,0,803430	0,002000,0,931735,0,002000,0,064265	0,002000,0,991017,0,002000,0,004983
215	0,002000,0,006615,0,002000,0,989385	0,002000,0,414725,0,002000,0,581275	0,002000,0,985561,0,002000,0,010439	0,002000,0,909246,0,002000,0,086754	0,002000,0,994000,0,002000,0,002000
219	0,994000,0,002000,0,002000,0,002000	0,972134,0,011586,0,002000,0,014280	0,017602,0,978398,0,002000,0,002000	0,173028,0,780402,0,002000,0,044570	0,002124,0,993876,0,002000,0,002000
220	0,002000,0,002000,0,002000,0,994000	0,002000,0,253749,0,002000,0,742251	0,002000,0,982792,0,002000,0,013208	0,002000,0,933631,0,002000,0,062369	0,002000,0,994000,0,002000,0,002000
225	0,002000,0,002000,0,994000,0,002000	0,017465,0,002000,0,978535,0,002000	0,994000,0,002000,0,002000,0,002000	0,901453,0,002000,0,094547,0,002000	0,994000,0,002000,0,002000,0,002000
226	0,002000,0,002000,0,002000,0,994000	0,002000,0,016967,0,002000,0,979033	0,002000,0,994000,0,002000,0,002000	0,002000,0,894353,0,002000,0,101647	0,002037,0,993963,0,002000,0,002000
228	0,002000,0,994000,0,002000,0,002000	0,002000,0,994000,0,002000,0,002000	0,035015,0,960985,0,002000,0,002000	0,459587,0,536413,0,002000,0,002000	0,967047,0,028953,0,002000,0,002000
230	0,994000,0,002000,0,002000,0,002000	0,623072,0,002000,0,372928,0,002000	0,994000,0,002000,0,002000,0,002000	0,736381,0,002000,0,259619,0,002000	0,994000,0,002000,0,002000,0,002000
232	0,002000,0,002000,0,002000,0,994000	0,002000,0,002000,0,002000,0,994000	0,002000,0,002000,0,002000,0,994000	0,002000,0,164696,0,002000,0,831304	0,002000,0,002063,0,002000,0,993937
233	0,994000,0,002000,0,002000,0,002000	0,994000,0,002000,0,002000,0,002000	0,866665,0,129335,0,002000,0,002000	0,234969,0,761031,0,002000,0,002000	0,002198,0,993802,0,002000,0,002000
235	0,002000,0,002000,0,002000,0,994000	0,002000,0,027988,0,002000,0,968012	0,002000,0,002000,0,002000,0,994000	0,002000,0,044835,0,002000,0,951165	0,002000,0,002000,0,002000,0,994000
241	0,002000,0,002000,0,002000,0,994000	0,002000,0,024164,0,002000,0,971836	0,002000,0,994000,0,002000,0,002000	0,002000,0,814653,0,002000,0,181347	0,002000,0,994000,0,002000,0,002000
242	0,002000,0,002000,0,994000,0,002000	0,002000,0,002000,0,994000,0,002000	0,990692,0,002000,0,005308,0,002000	0,678045,0,002000,0,317955,0,002000	0,994000,0,002000,0,002000,0,002000
247	0,002000,0,994000,0,002000,0,002000	0,002000,0,994000,0,002000,0,002000	0,002000,0,007914,0,002000,0,988086	0,002000,0,371486,0,002000,0,624514	0,002000,0,002000,0,002000,0,994000
248	0,994000,0,002000,0,002000,0,002000	0,994000,0,002000,0,002000,0,002000	0,016875,0,002000,0,979125,0,002000	0,350801,0,002000,0,645199,0,002000	0,014824,0,002000,0,981176,0,002000
249	0,002000,0,002000,0,993046,0,002954	0,002000,0,002000,0,738604,0,257396	0,988462,0,002000,0,002529,0,007010	0,658345,0,002000,0,153208,0,186446	0,986305,0,002000,0,002000,0,009695
250	0,002000,0,004104,0,002000,0,991896	0,002000,0,286085,0,002000,0,709915	0,002000,0,994000,0,002000,0,002000	0,002000,0,970374,0,011060,0,016566	0,002000,0,993397,0,002603,0,002000
253	0,002000,0,994000,0,002000,0,002000	0,002000,0,994000,0,002000,0,002000	0,002991,0,002000,0,002000,0,993009	0,002000,0,236675,0,002000,0,759325	0,002000,0,002000,0,002000,0,994000
256	0,002000,0,002000,0,002000,0,994000	0,002000,0,002000,0,002000,0,994000	0,002000,0,994000,0,002000,0,002000	0,002000,0,762839,0,002000,0,233161	0,002000,0,994000,0,002000,0,002000
265	0,002000,0,002000,0,994000,0,002000	0,010860,0,002000,0,985140,0,002000	0,027383,0,002000,0,968617,0,002000	0,277763,0,002000,0,646800,0,073437	0,989870,0,002000,0,006130,0,002000
267	0,994000,0,002000,0,002000,0,002000	0,994000,0,002000,0,002000,0,002000	0,059858,0,002000,0,936142,0,002000	0,488966,0,002000,0,507034,0,002000	0,002000,0,002000,0,994000,0,002000
276	0,002000,0,994000,0,002000,0,002000	0,002000,0,988331,0,002000,0,007669	0,002000,0,006807,0,002000,0,989193	0,002000,0,427774,0,002000,0,568226	0,002000,0,002000,0,002000,0,994000
283	0,002000,0,994000,0,002000,0,002000	0,002000,0,990797,0,002000,0,005203	0,002000,0,969111,0,002000,0,026889	0,002000,0,494465,0,002000,0,501535	0,002000,0,009181,0,002000,0,986819
286	0,002154,0,993846,0,002000,0,002000	0,006291,0,786022,0,002000,0,205687	0,046887,0,949113,0,002000,0,002000	0,536216,0,330798,0,002000,0,130986	0,992572,0,003428,0,002000,0,002000
289	0,002000,0,002000,0,002000,0,994000	0,002000,0,244067,0,002000,0,751933	0,002000,0,994000,0,002000,0,002000	0,002000,0,946738,0,002000,0,049262	0,002000,0,994000,0,002000,0,002000
292	0,990570,0,002000,0,002000,0,005430	0,952669,0,032126,0,002000,0,013206	0,005423,0,990577,0,002000,0,002000	0,251403,0,744597,0,002000,0,002000	0,002000,0,994000,0,002000,0,002000
301	0,002000,0,002000,0,994000,0,002000	0,026343,0,002000,0,969657,0,002000	0,040799,0,002000,0,955201,0,002000	0,340712,0,002000,0,655288,0,002000	0,989959,0,002000,0,006041,0,002000
302	0,994000,0,002000,0,002000,0,002000	0,957842,0,038158,0,002000,0,002000	0,012737,0,983263,0,002000,0,002000	0,488722,0,507278,0,002000,0,002000	0,002449,0,993551,0,002000,0,002000
307	0,002000,0,994000,0,002000,0,002000	0,002000,0,984568,0,002000,0,011432	0,002000,0,083959,0,002000,0,912041	0,002000,0,880660,0,002000,0,115340	0,002000,0,994000,0,002000,0,002000
308	0,994000,0,002000,0,002000,0,002000	0,994000,0,002000,0,002000,0,002000	0,994000,0,002000,0,002000,0,002000	0,952972,0,002000,0,043028,0,002000	0,994000,0,002000,0,002000,0,002000
310	0,994000,0,002000,0,002000,0,002000	0,681609,0,002000,0,314391,0,002000	0,993694,0,002000,0,002306,0,002000	0,711333,0,002000,0,284667,0,002000	0,994000,0,002000,0,002000,0,002000
311	0,002000,0,002000,0,002000,0,994000	0,002000,0,014893,0,002000,0,981107	0,002000,0,925834,0,002000,0,070166	0,002000,0,130250,0,002000,0,865750	0,002000,0,002000,0,002000,0,994000
316	0,002000,0,994000,0,002000,0,002000	0,002000,0,984620,0,002000,0,011380	0,002000,0,994000,0,002000,0,002000	0,002000,0,910820,0,002000,0,085180	0,002000,0,994000,0,002000,0,002000
319	0,002000,0,002000,0,002000,0,994000	0,002000,0,176064,0,002000,0,819936	0,002000,0,979031,0,002000,0,016969	0,002000,0,649418,0,002000,0,346582	0,002000,0,981978,0,002000,0,014022
322	0,002000,0,994000,0,002000,0,002000	0,002000,0,979963,0,002000,0,016037	0,002000,0,994000,0,002000,0,002000	0,002000,0,929218,0,002000,0,066782	0,002000,0,994000,0,002000,0,002000
325	0,002980,0,002000,0,993020,0,002000	0,165539,0,002000,0,830461,0,002000	0,002000,0,002000,0,994000,0,002000	0,143695,0,002000,0,852305,0,002000	0,002000,0,002000,0,994000,0,002000
331	0,002000,0,994000,0,002000,0,002000	0,002000,0,795445,0,002000,0,200555	0,002000,0,003096,0,002000,0,992904	0,002000,0,246806,0,002000,0,749194	0,002000,0,002000,0,002000,0,994000
334	0,002000,0,002000,0,994000,0,002000	0,070484,0,002000,0,925516,0,002000	0,053918,0,002000,0,942082,0,002000	0,409419,0,002000,0,586581,0,002000	0,991686,0,002000,0,004314,0,002000
337	0,002000,0,994000,0,002000,0,002000	0,002000,0,892864,0,002000,0,103136	0,002000,0,931358,0,002000,0,064642	0,002000,0,502101,0,002000,0,493899	0,002000,0,003408,0,002000,0,992592
340	0,002000,0,002000,0,002000,0,994000	0,002000,0,148624,0,002000,0,847376	0,002000,0,985999,0,002000,0,010001	0,002000,0,594318,0,002000,0,401682	0,002000,0,994000,0,002000,0,002000
343	0,002000,0,994000,0,002000,0,002000	0,002000,0,972063,0,002000,0,023937	0,002000,0,198150,0,002000,0,797850	0,002000,0,901774,0,002000,0,094226	0,002000,0,994000,0,002000,0,002000
353	0,002043,0,002000,0,993957,0,002000	0,276669,0,002000,0,719331,0,002000	0,035778,0,002000,0,960222,0,002000	0,549476,0,002000,0,446524,0,002000	0,991829,0,002000,0,004171,0,002000
361	0,002000,0,002000,0,994000,0,002000	0,132010,0,002000,0,863990,0,002000	0,986499,0,002000,0,009501,0,002000	0,414387,0,002000,0,581613,0,002000	0,007956,0,002000,0,988044,0,002000
370	0,002000,0,002000,0,994000,0,002000	0,002000,0,068093,0,927907,0,002000	0,002000,0,954223,0,041777,0,002000	0,002000,0,137215,0,858785,0,002000	0,002000,0,002811,0,993189,0,002000
373	0,002000,0,993507,0,002000,0,002493	0,002000,0,673068,0,002000,0,322932	0,002000,0,037399,0,002000,0,958601	0,002000,0,678931,0,002000,0,317069	0,002000,0,993574,0,002000,0,002426
376	0,002000,0,002148,0,002000,0,993852	0,002000,0,419549,0,002000,0,576451	0,002000,0,987725,0,002000,0,008275	0,002000,0,724220,0,002000,0,271780	0,002000,0,994000,0,002000,0,002000
379	0,994000,0,002000,0,002000,0,002000	0,868903,0,002000,0,127097,0,002000	0,012729,0,008434,0,976838,0,002000	0,552669,0,002000,0,443331,0,002000	0,002000,0,002000,0,994000,0,002000
380	0,002000,0,002000,0,002000,0,994000	0,002000,0,123880,0,002000,0,872120	0,002000,0,973402,0,002000,0,022598	0,002000,0,402161,0,002000,0,593839	0,002000,0,991650,0,002000,0,004350
382	0,002000,0,002000,0,994000,0,002000	0,002000,0,002000,0,805908,0,190092	0,002000,0,002000,0,006121,0,989879	0,002000,0,002000,0,481299,0,514701	0,002000,0,002000,0,002000,0,994000
394	0,972979,0,020153,0,004867,0,002000	0,669019,0,052203,0,276777,0,002000	0,002839,0,007259,0,987901,0,002000	0,246893,0,048794,0,702312,0,002000	0,002000,0,002000,0,994000,0,002000
403	0,002000,0,994000,0,002000,0,002000	0,002000,0,854429,0,002000,0,141571	0,002000,0,929574,0,002000,0,066426	0,002000,0,619746,0,002000,0,376254	0,002000,0,003260,0,002000,0,992740
418	0,002000,0,994000,0,002000,0,002000	0,002000,0,976957,0,002000,0,019043	0,002000,0,994000,0,002000,0,002000	0,002000,0,899231,0,002000,0,096769	0,002000,0,994000,0,002000,0,002000
421	0,002000,0,002000,0,002000,0,994000	0,002000,0,132523,0,002000,0,863477	0,002000,0,029632,0,002000,0,966368	0,002000,0,210693,0,002000,0,785307	0,002000,0,983187,0,002000,0,012813
424	0,002000,0,994000,0,002000,0,002000	0,002000,0,797461,0,002000,0,198539	0,002000,0,961672,0,002000,0,034328	0,002000,0,778964,0,002000,0,217036	0,002000,0,012458,0,002000,0,983542
427	0,002000,0,006016,0,002000,0,989984	0,002000,0,244118,0,002000,0,751882	0,002000,0,002000,0,002000,0,994000	0,002000,0,287779,0,002000,0,708221	0,002000,0,002000,0,002000,0,994000
430	0,002000,0,990344,0,002000,0,005656	0,002000,0,533301,0,002000,0,462699	0,002000,0,851884,0,002000,0,144116	0,002000,0,572407,0,002000,0,423593	0,002000,0,002821,0,002000,0,993179
433	0,002000,0,003925,0,002000,0,992075	0,002000,0,064034,0,002000,0,931966	0,002000,0,002000,0,002000,0,994000	0,002000,0,109421,0,002000,0,886579	0,002000,0,002000,0,002000,0,994000
436	0,002000,0,994000,0,002000,0,002000	0,002000,0,986302,0,002000,0,009698	0,002000,0,994000,0,002000,0,002000	0,002000,0,904664,0,002000,0,091336	0,002000,0,994000,0,002000,0,002000
442	0,002000,0,994000,0,002000,0,002000	0,002000,0,722995,0,002000,0,273005	0,002000,0,003264,0,002000,0,992736	0,002000,0,800700,0,002000,0,195300	0,002000,0,003684,0,002000,0,992316
444	0,002000,0,994000,0,002000,0,002000	0,002000,0,779267,0,216733,0,002000	0,002000,0,994000,0,002000,0,002000	0,002000,0,685701,0,310299,0,002000	0,002000,0,994000,0,002000,0,002000
445	0,002000,0,994000,0,002000,0,002000	0,002000,0,845347,0,002000,0,150653	0,002000,0,956523,0,002000,0,039477	0,002000,0,917994,0,002000,0,078006	0,002000,0,003851,0,002000,0,992149
448	0,002000,0,002000,0,994000,0,002000	0,100594,0,002000,0,895406,0,002000	0,002000,0,002000,0,994000,0,002000	0,217332,0,002000,0,778668,0,002000	0,003211,0,002000,0,992789,0,002000
449	0,002000,0,994000,0,002000,0,002000	0,002000,0,910736,0,002000,0,085264	0,002000,0,043921,0,002000,0,952079	0,002000,0,929939,0,002000,0,066061	0,002000,0,992634,0,002000,0,003366
451	0,002000,0,002000,0,994000,0,002000	0,122429,0,002000,0,873571,0,002000	0,978680,0,002000,0,017320,0,002000	0,109265,0,007393,0,881343,0,002000	0,945821,0,012373,0,039806,0,002000
454	0,003102,0,992898,0,002000,0,002000	0,435384,0,560616,0,002000,0,002000	0,002000,0,994000,0,002000,0,002000	0,585120,0,410880,0,002000,0,002000	0,008535,0,987465,0,002000,0,002000
457	0,002000,0,976261,0,002000,0,019739	0,002000,0,406422,0,002000,0,589578	0,002000,0,014088,0,002000,0,981912	0,002000,0,422253,0,002000,0,573747	0,002000,0,003794,0,002000,0,992206
460	0,002000,0,994000,0,002000,0,002000	0,002000,0,986399,0,002000,0,009601	0,002000,0,994000,0,002000,0,002000	0,002000,0,897473,0,002000,0,098527	0,002000,0,994000,0,002000,0,002000
463	0,002000,0,002000,0,994000,0,002000	0,244526,0,002000,0,751474,0,002000	0,042803,0,002000,0,953197,0,002000	0,163474,0,002000,0,832526,0,002000	0,994000,0,002000,0,002000,0,002000
464	0,002000,0,002000,0,002000,0,994000	0,002000,0,497902,0,002000,0,498098	0,002000,0,987299,0,002000,0,008701	0,002000,0,536760,0,002000,0,459240	0,002000,0,994000,0,002000,0,002000
466	0,002000,0,002000,0,994000,0,002000	0,002000,0,278261,0,717739,0,002000	0,002000,0,981397,0,014603,0,002000	0,002000,0,212769,0,783231,0,002000	0,002000,0,990112,0,005888,0,002000
472	0,002000,0,994000,0,002000,0,002000	0,002000,0,906399,0,002000,0,089601	0,002000,0,067027,0,002000,0,928973	0,002000,0,938170,0,002000,0,057830	0,002000,0,993833,0,002000,0,002167
481	0,994000,0,002000,0,002000,0,002000	0,739331,0,002000,0,256669,0,002000	0,004646,0,002000,0,991354,0,002000	0,765546,0,002000,0,230454,0,002000	0,004241,0,002000,0,991759,0,002000
482	0,002000,0,994000,0,002000,0,002000	0,002000,0,832037,0,003717,0,162245	0,002000,0,964411,0,002000,0,031589	0,002000,0,902902,0,002000,0,093098	0,002000,0,009771,0,021818,0,966411
485	0,002000,0,994000,0,002000,0,002000	0,002000,0,994000,0,002000,0,002000	0,002000,0,990005,0,005995,0,002000	0,002000,0,994000,0,002000,0,002000	0,002000,0,990189,0,005811,0,002000
487	0,002000,0,994000,0,002000,0,002000	0,002000,0,576434,0,419566,0,002000	0,002000,0,032616,0,963384,0,002000	0,002000,0,713726,0,282274,0,002000	0,002000,0,028294,0,967706,0,002000
490	0,002000,0,004544,0,002000,0,991456	0,002000,0,463924,0,002000,0,532076	0,002000,0,991069,0,002000,0,004931	0,002000,0,364734,0,002000,0,631266	0,002000,0,994000,0,002000,0,002000
491	0,994000,0,002000,0,002000,0,002000	0,710556,0,002000,0,285444,0,002000	0,002019,0,002000,0,993981,0,002000	0,808149,0,002000,0,187851,0,002000	0,002128,0,002000,0,993872,0,002000
493	0,002000,0,994000,0,002000,0,002000	0,002000,0,978364,0,002000,0,017636	0,002000,0,994000,0,002000,0,002000	0,002000,0,895886,0,002000,0,100114	0,002000,0,994000,0,002000,0,002000
497	0,993889,0,002000,0,002111,0,002000	0,830903,0,002000,0,154614,0,012483	0,024914,0,002000,0,971086,0,002000	0,474778,0,002000,0,478002,0,045219	0,002000,0,002000,0,994000,0,002000
499	0,002000,0,002000,0,002000,0,994000	0,002000,0,196883,0,002000,0,799117	0,002000,0,986333,0,002000,0,009667	0,002000,0,297298,0,002000,0,698702	0,002000,0,994000,0,002000,0,002000
505	0,002000,0,994000,0,002000,0,002000	0,002000,0,810429,0,002000,0,185571	0,002000,0,959571,0,002000,0,036429	0,002000,0,823133,0,002000,0,172867	0,002000,0,002000,0,002000,0,994000
511	0,002000,0,993975,0,002000,0,002025	0,002000,0,609747,0,002000,0,386253	0,002000,0,956567,0,002000,0,039433	0,002000,0,410915,0,002000,0,585085	0,002000,0,004135,0,002000,0,991865
512	0,002000,0,002000,0,002000,0,994000	0,002000,0,328512,0,002000,0,667488	0,002000,0,966754,0,002000,0,029246	0,002000,0,249814,0,002000,0,746186	0,002000,0,992219,0,002000,0,003781
514	0,002000,0,002000,0,994000,0,002000	0,280853,0,002000,0,715147,0,002000	0,057317,0,002000,0,938683,0,002000	0,253640,0,002000,0,742360,0,002000	0,992734,0,002000,0,003266,0,002000
520	0,991585,0,002000,0,004415,0,002000	0,334076,0,002000,0,661924,0,002000	0,006681,0,002000,0,989319,0,002000	0,306996,0,002000,0,689004,0,002000	0,002000,0,002000,0,994000,0,002000
521	0,994000,0,002000,0,002000,0,002000	0,940806,0,002000,0,055194,0,002000	0,994000,0,002000,0,002000,0,002000	0,931377,0,002000,0,064623,0,002000	0,994000,0,002000,0,002000,0,002000
523	0,002000,0,002000,0,002000,0,994000	0,002000,0,439486,0,002000,0,556514	0,002000,0,976750,0,002000,0,019250	0,002000,0,183728,0,002000,0,812272	0,002000,0,991967,0,002000,0,004033
544	0,005138,0,002000,0,990862,0,002000	0,077764,0,002000,0,918236,0,002000	0,002000,0,002000,0,994000,0,002000	0,304033,0,002000,0,691967,0,002000	0,002000,0,002000,0,994000,0,002000
556	0,002000,0,994000,0,002000,0,002000	0,002000,0,994000,0,002000,0,002000	0,002000,0,994000,0,002000,0,002000	0,002000,0,931870,0,002000,0,064130	0,002000,0,994000,0,002000,0,002000
559	0,994000,0,002000,0,002000,0,002000	0,985129,0,002000,0,010871,0,002000	0,994000,0,002000,0,002000,0,002000	0,947162,0,002000,0,048838,0,002000	0,994000,0,002000,0,002000,0,002000
562	0,002000,0,994000,0,002000,0,002000	0,002000,0,580663,0,002000,0,415337	0,002000,0,967776,0,002000,0,028224	0,002000,0,765645,0,002000,0,230355	0,002000,0,014878,0,002000,0,981122
563	0,002000,0,994000,0,002000,0,002000	0,002000,0,802888,0,002000,0,193112	0,002000,0,048202,0,002000,0,947798	0,002000,0,805020,0,002000,0,190980	0,002000,0,994000,0,002000,0,002000
577	0,002000,0,994000,0,002000,0,002000	0,002000,0,319204,0,002000,0,676796	0,002000,0,841520,0,002000,0,154480	0,002000,0,867276,0,002000,0,128724	0,002000,0,002273,0,002000,0,993727
580	0,994000,0,002000,0,002000,0,002000	0,242232,0,072435,0,002000,0,683333	0,013593,0,820884,0,002000,0,163523	0,747906,0,032808,0,002000,0,217286	0,005519,0,002000,0,002000,0,990481
583	0,002000,0,994000,0,002000,0,002000	0,002000,0,224547,0,002000,0,771453	0,002000,0,007153,0,002000,0,988847	0,002000,0,778366,0,002000,0,217634	0,002000,0,002000,0,002000,0,994000
589	0,002000,0,002000,0,002000,0,994000	0,002000,0,628591,0,002000,0,367409	0,002000,0,956997,0,002000,0,039003	0,002000,0,120388,0,002000,0,875612	0,002000,0,986455,0,002000,0,009545
595	0,002000,0,002000,0,002000,0,994000	0,002000,0,129259,0,002000,0,866741	0,002000,0,952130,0,002000,0,043870	0,002000,0,071123,0,002000,0,924877	0,002000,0,002000,0,002000,0,994000
598	0,002000,0,002000,0,994000,0,002000	0,670607,0,002000,0,325393,0,002000	0,037059,0,002000,0,958941,0,002000	0,130597,0,002000,0,865403,0,002000	0,990629,0,002000,0,005371,0,002000
601	0,002000,0,002000,0,002000,0,994000	0,834709,0,002000,0,002000,0,161291	0,994000,0,002000,0,002000,0,002000	0,154931,0,002000,0,021739,0,821330	0,994000,0,002000,0,002000,0,002000
604	0,002000,0,994000,0,002000,0,002000	0,631360,0,240734,0,002000,0,125906	0,017122,0,011435,0,002000,0,969442	0,080476,0,901772,0,002000,0,015753	0,994000,0,002000,0,002000,0,002000
610	0,002000,0,002000,0,994000,0,002000	0,715640,0,002000,0,280360,0,002000	0,983221,0,002000,0,012779,0,002000	0,047780,0,002000,0,948220,0,002000	0,990682,0,002000,0,005318,0,002000
613	0,002000,0,002000,0,994000,0,002000	0,002000,0,754775,0,234478,0,008747	0,002000,0,981602,0,014398,0,002000	0,002000,0,076814,0,828492,0,092694	0,002000,0,994000,0,002000,0,002000
616	0,002000,0,002000,0,994000,0,002000	0,878615,0,002000,0,117385,0,002000	0,992806,0,002000,0,003194,0,002000	0,221511,0,002000,0,774489,0,002000	0,994000,0,002000,0,002000,0,002000
619	0,002000,0,002000,0,994000,0,002000	0,594244,0,002000,0,401756,0,002000	0,061495,0,002000,0,934505,0,002000	0,150242,0,002000,0,845758,0,002000	0,992320,0,002000,0,003680,0,002000
622	0,002000,0,006549,0,002000,0,989451	0,002000,0,848888,0,002000,0,147112	0,002000,0,975024,0,002000,0,020976	0,002000,0,304040,0,002000,0,691960	0,002000,0,994000,0,002000,0,002000
625	0,002000,0,992594,0,002000,0,003406	0,002000,0,200552,0,002000,0,795448	0,002000,0,884094,0,002000,0,111906	0,002000,0,775832,0,002000,0,220168	0,002000,0,002000,0,002000,0,994000
627	0,002000,0,993007,0,002000,0,002993	0,002000,0,980337,0,002000,0,015663	0,002000,0,994000,0,002000,0,002000	0,002000,0,994000,0,002000,0,002000	0,002000,0,990998,0,002000,0,005002
628	0,006508,0,012760,0,002000,0,978732	0,861208,0,099849,0,002000,0,036942	0,054948,0,941052,0,002000,0,002000	0,162658,0,533794,0,002000,0,301549	0,994000,0,002000,0,002000,0,002000
631	0,002000,0,994000,0,002000,0,002000	0,002000,0,972171,0,002000,0,023829	0,002000,0,994000,0,002000,0,002000	0,002000,0,869948,0,002000,0,126052	0,002000,0,994000,0,002000,0,002000
634	0,002000,0,002000,0,002000,0,994000	0,002000,0,006440,0,002000,0,989560	0,002000,0,002000,0,002000,0,994000	0,002000,0,097165,0,002000,0,898835	0,002000,0,002000,0,002000,0,994000
636	0,002000,0,002000,0,002000,0,994000	0,002000,0,159363,0,002000,0,836637	0,002000,0,924574,0,002000,0,071426	0,002000,0,022551,0,002000,0,973449	0,002000,0,002000,0,002000,0,994000
637	0,984418,0,002000,0,011582,0,002000	0,314557,0,002000,0,681443,0,002000	0,917644,0,002000,0,078356,0,002000	0,949196,0,002000,0,046804,0,002000	0,025438,0,002000,0,970562,0,002000
638	0,994000,0,002000,0,002000,0,002000	0,962711,0,002000,0,018222,0,017067	0,994000,0,002000,0,002000,0,002000	0,918152,0,002000,0,077848,0,002000	0,992266,0,002000,0,002000,0,003734
644	0,005496,0,990504,0,002000,0,002000	0,367411,0,628589,0,002000,0,002000	0,966852,0,029148,0,002000,0,002000	0,166750,0,829250,0,002000,0,002000	0,015348,0,980652,0,002000,0,002000
645	0,002000,0,002000,0,002000,0,994000	0,002000,0,002000,0,002000,0,994000	0,002000,0,002000,0,002000,0,994000	0,002000,0,102099,0,002000,0,893901	0,002000,0,002000,0,002000,0,994000
646	0,994000,0,002000,0,002000,0,002000	0,994000,0,002000,0,002000,0,002000	0,994000,0,002000,0,002000,0,002000	0,905710,0,002000,0,090290,0,002000	0,994000,0,002000,0,002000,0,002000
647	0,002000,0,002000,0,002000,0,994000	0,002000,0,002000,0,002000,0,994000	0,002000,0,002000,0,002000,0,994000	0,002000,0,107403,0,002000,0,888597	0,002000,0,002000,0,002000,0,994000
652	0,014781,0,003872,0,002000,0,979347	0,879468,0,002000,0,002000,0,116532	0,986229,0,002000,0,002000,0,009771	0,041291,0,422084,0,002000,0,534625	0,968840,0,002000,0,002000,0,027160
656	0,002000,0,002400,0,002000,0,993600	0,002000,0,771167,0,002000,0,224833	0,002000,0,981963,0,002000,0,014037	0,002000,0,030060,0,002000,0,965940	0,002000,0,929417,0,002000,0,066583
658	0,002000,0,003513,0,002000,0,992487	0,002000,0,767274,0,002000,0,228726	0,002000,0,983881,0,002000,0,012119	0,002000,0,017564,0,002000,0,978436	0,002000,0,920054,0,002000,0,075946
661	0,002000,0,993783,0,002000,0,002217	0,002000,0,286755,0,002000,0,709245	0,002000,0,963065,0,002000,0,032935	0,002000,0,940235,0,002000,0,055765	0,002000,0,027840,0,002000,0,968160
662	0,002000,0,002000,0,994000,0,002000	0,002000,0,002000,0,977778,0,018222	0,002000,0,002000,0,994000,0,002000	0,002000,0,002000,0,994000,0,002000	0,002000,0,002000,0,986004,0,009996
664	0,002000,0,002000,0,994000,0,002000	0,941393,0,002000,0,054607,0,002000	0,066937,0,002000,0,929063,0,002000	0,145851,0,002000,0,850149,0,002000	0,990299,0,002000,0,005701,0,002000
665	0,002000,0,994000,0,002000,0,002000	0,026940,0,969060,0,002000,0,002000	0,002000,0,994000,0,002000,0,002000	0,002000,0,994000,0,002000,0,002000	0,009113,0,986887,0,002000,0,002000
667	0,002000,0,002000,0,994000,0,002000	0,859598,0,002000,0,136402,0,002000	0,934735,0,002000,0,061265,0,002000	0,002000,0,002000,0,994000,0,002000	0,969882,0,002000,0,026118,0,002000
670	0,002000,0,988757,0,002000,0,007243	0,002000,0,079651,0,002000,0,916349	0,002000,0,006502,0,002000,0,989498	0,002000,0,866381,0,002000,0,129619	0,002000,0,014475,0,002000,0,981525
674	0,002000,0,002000,0,002000,0,994000	0,002000,0,002000,0,002000,0,994000	0,002000,0,002000,0,002000,0,994000	0,002000,0,002000,0,002000,0,994000	0,002000,0,034666,0,002000,0,961334
675	0,002000,0,994000,0,002000,0,002000	0,002000,0,994000,0,002000,0,002000	0,002000,0,994000,0,002000,0,002000	0,002000,0,994000,0,002000,0,002000	0,002000,0,988554,0,002000,0,007446
676	0,002000,0,994000,0,002000,0,002000	0,002000,0,994000,0,002000,0,002000	0,002000,0,994000,0,002000,0,002000	0,002000,0,961379,0,002000,0,034621	0,002000,0,994000,0,002000,0,002000
677	0,993563,0,002000,0,002437,0,002000	0,526002,0,002000,0,469998,0,002000	0,958161,0,002000,0,037839,0,002000	0,994000,0,002000,0,002000,0,002000	0,052732,0,002000,0,943268,0,002000
688	0,002000,0,968577,0,002000,0,027423	0,002000,0,019399,0,002000,0,976601	0,002000,0,017022,0,002000,0,978978	0,002000,0,474564,0,002000,0,521436	0,002000,0,010451,0,002000,0,985549
691	0,002000,0,004052,0,002000,0,991948	0,002000,0,067873,0,002000,0,928127	0,002000,0,798051,0,002000,0,197949	0,002000,0,179183,0,002000,0,816817	0,002000,0,005214,0,002000,0,990786
697	0,002000,0,002000,0,002000,0,994000	0,002000,0,754895,0,002000,0,241105	0,002000,0,036056,0,002000,0,959944	0,002000,0,222802,0,002000,0,773198	0,002000,0,972360,0,002000,0,023640
700	0,994000,0,002000,0,002000,0,002000	0,135412,0,002000,0,860588,0,002000	0,072508,0,002000,0,923492,0,002000	0,836111,0,145667,0,016223,0,002000	0,022335,0,002000,0,973665,0,002000
703	0,994000,0,002000,0,002000,0,002000	0,216280,0,002000,0,779720,0,002000	0,954438,0,002000,0,041562,0,002000	0,836952,0,002000,0,159048,0,002000	0,011478,0,002000,0,984522,0,002000
706	0,002000,0,002000,0,994000,0,002000	0,128327,0,002000,0,867673,0,002000	0,948210,0,002000,0,047790,0,002000	0,138293,0,002000,0,857707,0,002000	0,006773,0,002000,0,989227,0,002000
709	0,993897,0,002000,0,002103,0,002000	0,080328,0,002000,0,915672,0,002000	0,004403,0,002000,0,991597,0,002000	0,977010,0,002000,0,018990,0,002000	0,004889,0,002000,0,991111,0,002000
712	0,002000,0,002000,0,002000,0,994000	0,002000,0,009463,0,002000,0,986537	0,002000,0,002000,0,002000,0,994000	0,002000,0,050613,0,002000,0,945387	0,002000,0,002000,0,002000,0,994000
713	0,994000,0,002000,0,002000,0,002000	0,169378,0,826622,0,002000,0,002000	0,007366,0,987555,0,003079,0,002000	0,929005,0,066995,0,002000,0,002000	0,035012,0,960570,0,002418,0,002000
715	0,002000,0,002000,0,002000,0,994000	0,002000,0,773631,0,002000,0,222369	0,002000,0,026637,0,002000,0,969363	0,002000,0,075704,0,002000,0,920296	0,002000,0,976928,0,002000,0,019072
717	0,002000,0,002000,0,994000,0,002000	0,853119,0,002000,0,142881,0,002000	0,988439,0,002000,0,007561,0,002000	0,078167,0,002000,0,917833,0,002000	0,991507,0,002000,0,004493,0,002000
718	0,002000,0,002000,0,002000,0,994000	0,050891,0,002000,0,002000,0,945109	0,949545,0,002000,0,002000,0,046455	0,066269,0,002000,0,002000,0,929731	0,002000,0,002000,0,002000,0,994000
719	0,994000,0,002000,0,002000,0,002000	0,201911,0,002000,0,794089,0,002000	0,015708,0,002000,0,980292,0,002000	0,918686,0,002000,0,077314,0,002000	0,025244,0,008527,0,964229,0,002000
721	0,994000,0,002000,0,002000,0,002000	0,123321,0,865176,0,002000,0,009503	0,004519,0,991481,0,002000,0,002000	0,895720,0,026891,0,002000,0,075389	0,018745,0,977255,0,002000,0,002000
722	0,005820,0,002000,0,990180,0,002000	0,890972,0,002000,0,105028,0,002000	0,991844,0,002000,0,004156,0,002000	0,561633,0,002000,0,427734,0,008633	0,992634,0,002000,0,003366,0,002000
724	0,002000,0,002000,0,002000,0,994000	0,002000,0,711756,0,002000,0,284244	0,002000,0,033703,0,002000,0,962297	0,002000,0,002000,0,002000,0,994000	0,002000,0,929227,0,002000,0,066773
725	0,002000,0,002000,0,994000,0,002000	0,002000,0,014678,0,981322,0,002000	0,002000,0,002000,0,994000,0,002000	0,002000,0,003165,0,992835,0,002000	0,002000,0,287166,0,708834,0,002000
726	0,083102,0,002000,0,873285,0,041613	0,002000,0,002000,0,027707,0,968293	0,002000,0,040050,0,010149,0,947801	0,002000,0,002000,0,867144,0,128856	0,002107,0,002000,0,221583,0,774310
727	0,994000,0,002000,0,002000,0,002000	0,994000,0,002000,0,002000,0,002000	0,980846,0,015154,0,002000,0,002000	0,994000,0,002000,0,002000,0,002000	0,993710,0,002290,0,002000,0,002000
728	0,078265,0,329354,0,516924,0,075458	0,002000,0,977891,0,002000,0,018109	0,002000,0,989961,0,002000,0,006039	0,002000,0,994000,0,002000,0,002000	0,002000,0,994000,0,002000,0,002000
729	0,994000,0,002000,0,002000,0,002000	0,909822,0,086178,0,002000,0,002000	0,077698,0,827757,0,002000,0,092546	0,994000,0,002000,0,002000,0,002000	0,974938,0,021062,0,002000,0,002000
732	0,994000,0,002000,0,002000,0,002000	0,994000,0,002000,0,002000,0,002000	0,989447,0,004278,0,004276,0,002000	0,728210,0,002000,0,267790,0,002000	0,994000,0,002000,0,002000,0,002000
734	0,994000,0,002000,0,002000,0,002000	0,926279,0,002000,0,069721,0,002000	0,008935,0,004190,0,984875,0,002000	0,986568,0,002000,0,009432,0,002000	0,992470,0,002000,0,003530,0,002000
735	0,002000,0,994000,0,002000,0,002000	0,002000,0,972677,0,023323,0,002000	0,002000,0,986381,0,009619,0,002000	0,002000,0,783083,0,212917,0,002000	0,002000,0,994000,0,002000,0,002000
736	0,002000,0,992957,0,002000,0,003043	0,002000,0,169124,0,002000,0,826876	0,002000,0,975337,0,002000,0,020663	0,002000,0,978898,0,002000,0,017102	0,002000,0,010505,0,002000,0,985495
738	0,994000,0,002000,0,002000,0,002000	0,976002,0,019998,0,002000,0,002000	0,050622,0,945378,0,002000,0,002000	0,990933,0,005067,0,002000,0,002000	0,994000,0,002000,0,002000,0,002000
742	0,003682,0,002000,0,992318,0,002000	0,004531,0,002000,0,991469,0,002000	0,002000,0,002000,0,994000,0,002000	0,585286,0,002000,0,410714,0,002000	0,002000,0,002000,0,994000,0,002000
748	0,002000,0,006507,0,002000,0,989493	0,002000,0,923724,0,002000,0,072276	0,002000,0,987080,0,002000,0,008920	0,002000,0,165199,0,002000,0,830801	0,002000,0,990516,0,002000,0,005484
754	0,002000,0,983124,0,002000,0,012876	0,002000,0,170416,0,002000,0,825584	0,002000,0,971115,0,002000,0,024885	0,002000,0,955960,0,002000,0,040040	0,002000,0,008647,0,002000,0,987353
758	0,002000,0,990041,0,002000,0,005959	0,002000,0,994000,0,002000,0,002000	0,002000,0,992236,0,002000,0,003764	0,002000,0,484189,0,002000,0,511811	0,002000,0,994000,0,002000,0,002000
766	0,002000,0,993263,0,002000,0,002737	0,002000,0,872501,0,002000,0,123499	0,002000,0,024702,0,002000,0,971298	0,002000,0,979190,0,002000,0,016810	0,002000,0,994000,0,002000,0,002000
767	0,990800,0,002000,0,005200,0,002000	0,104959,0,002000,0,891041,0,002000	0,012600,0,002000,0,983400,0,002000	0,924536,0,002000,0,071464,0,002000	0,014621,0,002000,0,981379,0,002000
769	0,994000,0,002000,0,002000,0,002000	0,869972,0,002000,0,126028,0,002000	0,033913,0,002000,0,962087,0,002000	0,956575,0,002000,0,039425,0,002000	0,993945,0,002000,0,002055,0,002000
772	0,002000,0,989831,0,002000,0,006169	0,002000,0,134329,0,002000,0,861671	0,002000,0,957078,0,002000,0,038922	0,002000,0,979430,0,002000,0,016570	0,002000,0,009846,0,002000,0,986154
775	0,010901,0,985099,0,002000,0,002000	0,912236,0,083764,0,002000,0,002000	0,071260,0,924740,0,002000,0,002000	0,023055,0,813746,0,002000,0,161199	0,991022,0,004978,0,002000,0,002000
778	0,002000,0,002000,0,994000,0,002000	0,889297,0,002000,0,106703,0,002000	0,047067,0,002000,0,948933,0,002000	0,030192,0,002000,0,965808,0,002000	0,990027,0,002000,0,005973,0,002000
781	0,002000,0,002000,0,994000,0,002000	0,002000,0,002000,0,994000,0,002000	0,002000,0,002000,0,994000,0,002000	0,002000,0,038425,0,957575,0,002000	0,002000,0,002000,0,994000,0,002000
782	0,002000,0,002354,0,002000,0,993646	0,002000,0,792069,0,002000,0,203931	0,002000,0,943200,0,002000,0,052800	0,002000,0,048767,0,002000,0,947233	0,002000,0,981601,0,002000,0,014399
783	0,994000,0,002000,0,002000,0,002000	0,994000,0,002000,0,002000,0,002000	0,994000,0,002000,0,002000,0,002000	0,952704,0,043296,0,002000,0,002000	0,992380,0,003620,0,002000,0,002000
784	0,002000,0,994000,0,002000,0,002000	0,002000,0,994000,0,002000,0,002000	0,002000,0,994000,0,002000,0,002000	0,002000,0,964863,0,002000,0,031137	0,002000,0,994000,0,002000,0,002000
793	0,981166,0,002000,0,014834,0,002000	0,049780,0,002000,0,946220,0,002000	0,002000,0,002000,0,994000,0,002000	0,304458,0,002000,0,691542,0,002000	0,002000,0,002000,0,994000,0,002000
795	0,002000,0,002000,0,002000,0,994000	0,002000,0,002000,0,062909,0,933091	0,002000,0,002000,0,008226,0,987774	0,002000,0,002000,0,002000,0,994000	0,002000,0,002000,0,003967,0,992033
796	0,002000,0,988565,0,002000,0,007435	0,002000,0,106972,0,002000,0,889028	0,002000,0,007963,0,002000,0,988037	0,002000,0,584919,0,291782,0,121299	0,002000,0,002000,0,002000,0,994000
805	0,994000,0,002000,0,002000,0,002000	0,854591,0,002000,0,141409,0,002000	0,029797,0,002000,0,966203,0,002000	0,891982,0,002000,0,104018,0,002000	0,990837,0,002000,0,005163,0,002000
811	0,002000,0,002000,0,994000,0,002000	0,002000,0,002000,0,983120,0,012880	0,002000,0,002000,0,038595,0,957405	0,002000,0,002000,0,925015,0,070985	0,002000,0,002000,0,994000,0,002000
823	0,010414,0,002000,0,985586,0,002000	0,862271,0,002000,0,133729,0,002000	0,029741,0,002000,0,966259,0,002000	0,099715,0,002000,0,896285,0,002000	0,988543,0,002000,0,007457,0,002000
829	0,008569,0,987431,0,002000,0,002000	0,002000,0,273235,0,002000,0,722765	0,002000,0,971277,0,002000,0,024723	0,502066,0,434039,0,018758,0,045137	0,002000,0,033942,0,002000,0,962058
832	0,002000,0,994000,0,002000,0,002000	0,002000,0,994000,0,002000,0,002000	0,002000,0,994000,0,002000,0,002000	0,002000,0,782402,0,002000,0,213598	0,002000,0,994000,0,002000,0,002000
835	0,971176,0,006128,0,020696,0,002000	0,907389,0,018766,0,058765,0,015080	0,030089,0,002000,0,965911,0,002000	0,314188,0,002000,0,681812,0,002000	0,983856,0,008583,0,005561,0,002000
836	0,009600,0,986400,0,002000,0,002000	0,002000,0,980202,0,002000,0,015798	0,002000,0,994000,0,002000,0,002000	0,002000,0,994000,0,002000,0,002000	0,004848,0,991152,0,002000,0,002000
841	0,002000,0,002000,0,005220,0,990780	0,002000,0,002000,0,919566,0,076434	0,002000,0,002000,0,949380,0,046620	0,002000,0,002000,0,135460,0,860540	0,002000,0,002000,0,974465,0,021535
844	0,006294,0,989706,0,002000,0,002000	0,888516,0,107484,0,002000,0,002000	0,033999,0,962001,0,002000,0,002000	0,046667,0,949333,0,002000,0,002000	0,977660,0,018340,0,002000,0,002000
859	0,002000,0,003064,0,002000,0,992936	0,002000,0,935937,0,002000,0,060063	0,002000,0,971479,0,002000,0,024521	0,002000,0,176326,0,002000,0,819674	0,002000,0,971750,0,002000,0,024250
865	0,005797,0,990203,0,002000,0,002000	0,793955,0,202045,0,002000,0,002000	0,056254,0,939746,0,002000,0,002000	0,082753,0,913247,0,002000,0,002000	0,986898,0,009102,0,002000,0,002000
871	0,002000,0,994000,0,002000,0,002000	0,002000,0,973934,0,002000,0,022066	0,002000,0,993097,0,002000,0,002903	0,002000,0,863661,0,002000,0,132339	0,002000,0,994000,0,002000,0,002000
877	0,989690,0,002000,0,006310,0,002000	0,809948,0,002000,0,186052,0,002000	0,038461,0,002000,0,957539,0,002000	0,711682,0,002000,0,284318,0,002000	0,986108,0,002000,0,009892,0,002000
886	0,002157,0,002000,0,993843,0,002000	0,189450,0,002000,0,806550,0,002000	0,926251,0,002000,0,069749,0,002000	0,064231,0,002000,0,931769,0,002000	0,008300,0,002000,0,987700,0,002000
889	0,002000,0,005725,0,002000,0,990275	0,002000,0,984065,0,002000,0,011935	0,002000,0,954823,0,002000,0,041177	0,002000,0,208198,0,002000,0,787802	0,002000,0,953504,0,002000,0,042496
890	0,002301,0,002000,0,993699,0,002000	0,880827,0,002000,0,115173,0,002000	0,953860,0,002000,0,042140,0,002000	0,136909,0,002000,0,859091,0,002000	0,906284,0,002000,0,089716,0,002000
894	0,002000,0,994000,0,002000,0,002000	0,002000,0,994000,0,002000,0,002000	0,002000,0,994000,0,002000,0,002000	0,002000,0,994000,0,002000,0,002000	0,006065,0,989935,0,002000,0,002000
898	0,033657,0,002000,0,962343,0,002000	0,184145,0,002000,0,811855,0,002000	0,945889,0,002000,0,050111,0,002000	0,697183,0,002000,0,298817,0,002000	0,006579,0,002000,0,989421,0,002000
905	0,994000,0,002000,0,002000,0,002000	0,994000,0,002000,0,002000,0,002000	0,994000,0,002000,0,002000,0,002000	0,906867,0,089133,0,002000,0,002000	0,994000,0,002000,0,002000,0,002000
913	0,002000,0,990969,0,002000,0,005031	0,002000,0,256149,0,002000,0,739851	0,002000,0,969470,0,002000,0,026530	0,002000,0,911555,0,002000,0,084445	0,002000,0,073721,0,002000,0,922279
916	0,002000,0,002976,0,002000,0,993024	0,002000,0,994000,0,002000,0,002000	0,002000,0,961297,0,002000,0,034703	0,002000,0,052874,0,002000,0,943126	0,002000,0,944191,0,002000,0,051809
925	0,002000,0,986053,0,002000,0,009947	0,002000,0,002000,0,002000,0,994000	0,002000,0,033363,0,002000,0,962637	0,002000,0,763444,0,002000,0,232556	0,002000,0,017687,0,002000,0,978313
928	0,002000,0,994000,0,002000,0,002000	0,002000,0,282375,0,002000,0,713625	0,002000,0,981324,0,002000,0,014676	0,002000,0,967827,0,002000,0,028173	0,002000,0,068751,0,002000,0,927249
935	0,002000,0,002190,0,002000,0,993810	0,002000,0,827545,0,002000,0,168455	0,002000,0,007485,0,002000,0,988515	0,002000,0,015738,0,002000,0,980262	0,002000,0,879453,0,002000,0,116547
937	0,994000,0,002000,0,002000,0,002000	0,489969,0,002000,0,506031,0,002000	0,021258,0,002000,0,973735,0,003007	0,956229,0,002000,0,039771,0,002000	0,971396,0,002000,0,024604,0,002000
946	0,002000,0,994000,0,002000,0,002000	0,002000,0,994000,0,002000,0,002000	0,009878,0,986122,0,002000,0,002000	0,002000,0,802900,0,002000,0,193100	0,002000,0,994000,0,002000,0,002000
949	0,002000,0,994000,0,002000,0,002000	0,002000,0,994000,0,002000,0,002000	0,002000,0,994000,0,002000,0,002000	0,002000,0,759021,0,002000,0,236979	0,002000,0,994000,0,002000,0,002000
961	0,002000,0,002000,0,994000,0,002000	0,289819,0,002000,0,706181,0,002000	0,955031,0,002000,0,040969,0,002000	0,029192,0,002000,0,966808,0,002000	0,011814,0,002000,0,984186,0,002000
964	0,002000,0,002000,0,993562,0,002438	0,033663,0,002000,0,002000,0,962337	0,895177,0,002000,0,063535,0,039289	0,017560,0,002000,0,930492,0,049948	0,005836,0,002000,0,061581,0,930583
973	0,002000,0,003054,0,992946,0,002000	0,002000,0,994000,0,002000,0,002000	0,002000,0,951913,0,044087,0,002000	0,002000,0,056148,0,939852,0,002000	0,002000,0,916613,0,079387,0,002000
976	0,002000,0,991541,0,002000,0,004459	0,002000,0,005589,0,002000,0,990411	0,002000,0,028609,0,002000,0,967391	0,002000,0,922284,0,002000,0,073716	0,002000,0,052677,0,002000,0,943323
977	0,993103,0,002897,0,002000,0,002000	0,002000,0,994000,0,002000,0,002000	0,079262,0,916738,0,002000,0,002000	0,987920,0,008080,0,002000,0,002000	0,087132,0,908868,0,002000,0,002000
985	0,002000,0,004674,0,002000,0,991326	0,002000,0,994000,0,002000,0,002000	0,002000,0,918845,0,002000,0,077155	0,002000,0,042001,0,002000,0,953999	0,002000,0,936364,0,002000,0,059636
997	0,002000,0,993985,0,002000,0,002015	0,002000,0,184537,0,002000,0,811463	0,002000,0,968152,0,002000,0,027848	0,002000,0,953195,0,002000,0,042805	0,002000,0,089800,0,002000,0,906200
1003	0,030542,0,002000,0,965458,0,002000	0,974997,0,021003,0,002000,0,002000	0,963453,0,005772,0,028775,0,002000	0,149129,0,002000,0,651135,0,197736	0,986287,0,002000,0,009713,0,002000
1013	0,002000,0,994000,0,002000,0,002000	0,002000,0,926625,0,002000,0,069375	0,002000,0,106421,0,002000,0,889579	0,002000,0,926505,0,002000,0,069495	0,002000,0,988454,0,002000,0,007546
1015	0,002000,0,994000,0,002000,0,002000	0,002000,0,994000,0,002000,0,002000	0,002000,0,994000,0,002000,0,002000	0,002000,0,934141,0,061859,0,002000	0,002000,0,994000,0,002000,0,002000
1024	0,002000,0,945775,0,002000,0,050225	0,002000,0,002000,0,002000,0,994000	0,002000,0,020810,0,002000,0,975190	0,002000,0,869361,0,002000,0,126639	0,002000,0,016897,0,002000,0,979103
1025	0,002000,0,002000,0,994000,0,002000	0,002000,0,002000,0,994000,0,002000	0,002000,0,002000,0,994000,0,002000	0,047608,0,002000,0,948392,0,002000	0,002000,0,002000,0,994000,0,002000
1031	0,002000,0,994000,0,002000,0,002000	0,002000,0,994000,0,002000,0,002000	0,002000,0,994000,0,002000,0,002000	0,002000,0,961783,0,002000,0,034217	0,002000,0,994000,0,002000,0,002000
1033	0,002000,0,003105,0,992895,0,002000	0,002000,0,994000,0,002000,0,002000	0,002000,0,969690,0,026310,0,002000	0,002000,0,042172,0,953828,0,002000	0,002000,0,966043,0,029957,0,002000
1036	0,994000,0,002000,0,002000,0,002000	0,969237,0,002000,0,026763,0,002000	0,994000,0,002000,0,002000,0,002000	0,916981,0,002000,0,079019,0,002000	0,994000,0,002000,0,002000,0,002000
1039	0,002000,0,002000,0,994000,0,002000	0,002000,0,002000,0,994000,0,002000	0,002000,0,002000,0,994000,0,002000	0,094397,0,002000,0,901603,0,002000	0,002000,0,002000,0,994000,0,002000
1045	0,002000,0,994000,0,002000,0,002000	0,002000,0,994000,0,002000,0,002000	0,002000,0,994000,0,002000,0,002000	0,002000,0,957343,0,002000,0,038657	0,002000,0,994000,0,002000,0,002000
1051	0,002000,0,002000,0,002000,0,994000	0,099070,0,002000,0,002000,0,896930	0,002000,0,002000,0,002000,0,994000	0,091605,0,002000,0,002000,0,904395	0,002000,0,002000,0,002000,0,994000
1057	0,002000,0,002000,0,994000,0,002000	0,002000,0,002000,0,994000,0,002000	0,002000,0,002000,0,994000,0,002000	0,060890,0,002000,0,935110,0,002000	0,002000,0,002000,0,994000,0,002000
1061	0,002000,0,002000,0,021199,0,974801	0,002000,0,002000,0,994000,0,002000	0,002000,0,002000,0,982677,0,013323	0,002000,0,002000,0,441993,0,554007	0,002000,0,002000,0,988561,0,007439
1063	0,965875,0,002000,0,030125,0,002000	0,030498,0,002000,0,965502,0,002000	0,886765,0,002000,0,109235,0,002000	0,526695,0,002000,0,469305,0,002000	0,005407,0,002000,0,990593,0,002000
1067	0,002000,0,962397,0,033603,0,002000	0,002000,0,040330,0,955670,0,002000	0,002000,0,942503,0,053497,0,002000	0,002000,0,672176,0,248690,0,077134	0,002000,0,011949,0,984051,0,002000
1073	0,002000,0,994000,0,002000,0,002000	0,002000,0,906898,0,065294,0,025807	0,002000,0,970740,0,002000,0,025260	0,002000,0,911140,0,028864,0,057996	0,002000,0,958152,0,037848,0,002000
1078	0,002000,0,969437,0,002000,0,026563	0,002000,0,076321,0,002000,0,919679	0,002000,0,003762,0,002000,0,992238	0,002000,0,527563,0,002000,0,468437	0,002000,0,632151,0,002000,0,363849
1093	0,002000,0,991176,0,002000,0,004824	0,002000,0,011646,0,002000,0,984354	0,002000,0,028446,0,002000,0,967554	0,002000,0,853680,0,002000,0,142320	0,002000,0,039431,0,002000,0,956569
1102	0,002000,0,009381,0,002000,0,986619	0,002000,0,994000,0,002000,0,002000	0,002000,0,960077,0,002000,0,035923	0,002000,0,279400,0,002000,0,716600	0,002000,0,975920,0,002000,0,020080
1130	0,002000,0,994000,0,002000,0,002000	0,002000,0,994000,0,002000,0,002000	0,002000,0,994000,0,002000,0,002000	0,002000,0,919366,0,002000,0,076634	0,002000,0,994000,0,002000,0,002000
1135	0,147745,0,002000,0,848255,0,002000	0,994000,0,002000,0,002000,0,002000	0,353548,0,002000,0,642452,0,002000	0,616686,0,002000,0,379314,0,002000	0,989271,0,002000,0,006729,0,002000
1155	0,002000,0,002000,0,994000,0,002000	0,044226,0,002000,0,951774,0,002000	0,002000,0,002000,0,994000,0,002000	0,032559,0,002000,0,963441,0,002000	0,002000,0,002000,0,994000,0,002000
1156	0,002000,0,994000,0,002000,0,002000	0,002000,0,948140,0,002000,0,047860	0,002000,0,994000,0,002000,0,002000	0,002000,0,953261,0,002000,0,042739	0,002000,0,994000,0,002000,0,002000
1158	0,002000,0,002000,0,994000,0,002000	0,052109,0,002000,0,943891,0,002000	0,002000,0,002000,0,994000,0,002000	0,037129,0,002000,0,958871,0,002000	0,002000,0,002000,0,994000,0,002000
1183	0,016709,0,979291,0,002000,0,002000	0,002000,0,994000,0,002000,0,002000	0,002000,0,994000,0,002000,0,002000	0,002000,0,994000,0,002000,0,002000	0,002000,0,994000,0,002000,0,002000
1211	0,994000,0,002000,0,002000,0,002000	0,938003,0,002000,0,002000,0,057997	0,994000,0,002000,0,002000,0,002000	0,994000,0,002000,0,002000,0,002000	0,994000,0,002000,0,002000,0,002000
1228	0,939896,0,002000,0,056104,0,002000	0,994000,0,002000,0,002000,0,002000	0,994000,0,002000,0,002000,0,002000	0,994000,0,002000,0,002000,0,002000	0,994000,0,002000,0,002000,0,002000
1240	0,002000,0,983343,0,002000,0,012657	0,002000,0,994000,0,002000,0,002000	0,002000,0,994000,0,002000,0,002000	0,002000,0,650786,0,002000,0,345214	0,002000,0,994000,0,002000,0,002000
1270	0,002000,0,992892,0,003108,0,002000	0,002000,0,994000,0,002000,0,002000	0,002000,0,994000,0,002000,0,002000	0,002000,0,730584,0,265416,0,002000	0,002000,0,994000,0,002000,0,002000
1271	0,974400,0,021600,0,002000,0,002000	0,002000,0,994000,0,002000,0,002000	0,197027,0,798973,0,002000,0,002000	0,564949,0,431051,0,002000,0,002000	0,302852,0,693148,0,002000,0,002000
1370	0,994000,0,002000,0,002000,0,002000	0,994000,0,002000,0,002000,0,002000	0,993058,0,002000,0,002942,0,002000	0,963185,0,002000,0,032815,0,002000	0,994000,0,002000,0,002000,0,002000
1383	0,002937,0,002000,0,002000,0,993063	0,002000,0,002000,0,002000,0,994000	0,007470,0,002000,0,002000,0,988530	0,002000,0,002000,0,002000,0,994000	0,002000,0,003380,0,002000,0,992620
1384	0,002000,0,986178,0,002000,0,009822	0,002000,0,994000,0,002000,0,002000	0,002000,0,980520,0,002000,0,015480	0,002000,0,994000,0,002000,0,002000	0,002000,0,987071,0,002000,0,008929
1391	0,708631,0,287369,0,002000,0,002000	0,107253,0,888747,0,002000,0,002000	0,076152,0,919848,0,002000,0,002000	0,264552,0,731448,0,002000,0,002000	0,050975,0,945025,0,002000,0,002000
