Command arguments:  -t data/27.B1.W13.06/27.B1.W13.06 --bam data/27.B1.W13.06/27.B1.W13.06.bam --baseFreq data/27.B1.W13.06/12/step_1/27.B1.W13.06.lld --refSequence data/fasta/HCMV_Merlin_UL33.fasta --hapAlignment data/27.B1.W13.06/12/step_1/27.B1.W13.06Haplo.fasta --iterate
INITIAL	LL: -13461.092589452928	PENALTY: 360.0	PENALISED LL: -13821.092589452928
	0	0.3148489371005214
	1	0.04471532829314883
	2	0.3148489371005214
	3	0.31293936554705054
	4	0.01264743195875786

Recombining haplotypes 3 and 0 in region 288-304
RECOMBINE	0	-13820.326275571804
Overwriting 3 with 2 in region 247-259
RECOMBINE	1	-13819.962951296766
Overwriting 3 with 1 in region 655-668
RECOMBINE	2	-13819.658497651166
Overwriting 4 with 3 in region 612-615
RECOMBINE	3	-13819.366057075424
Recombining haplotypes 1 and 0 in region 733-745
RECOMBINE	4	-13824.251091914504
Overwriting 1 with 2 in region 583-594
RECOMBINE	5	-13819.070338820056
Overwriting 4 with 0 in region 483-485
RECOMBINE	6	-13818.83791810994
Overwriting 4 with 1 in region 441-453
RECOMBINE	7	-13818.416623052424
Overwriting 2 with 4 in region 1200-1216
RECOMBINE	8	-13818.03011704857
Overwriting 2 with 4 in region 248-256
RECOMBINE	9	-13823.548281104546
Recombining haplotypes 2 and 4 in region 156-162
RECOMBINE	10	-13817.50800662123
Overwriting 4 with 1 in region 394-407
RECOMBINE	11	-13816.83083240669
Recombining haplotypes 3 and 4 in region 1573-1586
RECOMBINE	12	-13816.191991054546
Overwriting 1 with 2 in region 1221-1229
RECOMBINE	13	-13815.578904573358
Overwriting 2 with 1 in region 1204-1217
RECOMBINE	14	-13814.462939877058
Overwriting 2 with 3 in region 360-361
RECOMBINE	15	-13812.849099073659
Overwriting 4 with 2 in region 1449-1454
RECOMBINE	16	-13812.341709178358
Recombining haplotypes 0 and 4 in region 485-491
RECOMBINE	17	-13811.903889291854
Recombining haplotypes 3 and 2 in region 290-293
RECOMBINE	18	-13811.407702724322
Recombining haplotypes 1 and 4 in region 261-272
RECOMBINE	19	-13810.913782629725
INITIAL RECOMBINE	-13450.913782629725	360.0	-13810.913782629725
Combining haplotypes 0 and 1
Combining haplotypes 0 and 1
CONTRACT	1	-13748.807964719694
Combining haplotypes 0 and 2
Combining haplotypes 0 and 2
CONTRACT	1	-13739.465004780717
Combining haplotypes 0 and 3
Combining haplotypes 0 and 3
CONTRACT	1	-13753.302414451604
Combining haplotypes 0 and 4
Combining haplotypes 0 and 4
CONTRACT	1	-13747.466969486535
Combining haplotypes 1 and 2
Combining haplotypes 1 and 2
CONTRACT	1	-13748.352451723327
Combining haplotypes 1 and 3
Combining haplotypes 1 and 3
CONTRACT	1	-13759.162113935941
Combining haplotypes 1 and 4
Combining haplotypes 1 and 4
CONTRACT	1	-14259.239856978174
Combining haplotypes 2 and 3
Combining haplotypes 2 and 3
CONTRACT	1	-13752.494692548213
Combining haplotypes 2 and 4
Combining haplotypes 2 and 4
CONTRACT	1	-13747.058866528456
Combining haplotypes 3 and 4
Combining haplotypes 3 and 4
CONTRACT	1	-13698.98620146424
Recombining haplotypes 3 and 1 in region 145-151
RECOMBINE	1	0	-13698.01846930169
Overwriting 0 with 1 in region 1326-1332
RECOMBINE	1	1	-13697.694410643859
Overwriting 0 with 1 in region 580-604
RECOMBINE	1	2	-13697.380405353584
Recombining haplotypes 0 and 2 in region 460-476
RECOMBINE	1	3	-13697.138920502863
Overwriting 0 with 1 in region 818-837
RECOMBINE	1	4	-13696.978843554718
Overwriting 1 with 2 in region 488-504
RECOMBINE	1	5	-13696.89695989993
Overwriting 0 with 2 in region 1094-1098
RECOMBINE	1	6	-13696.82499487341
Recombining haplotypes 3 and 1 in region 792-805
RECOMBINE	1	7	-13759.474556157065
Overwriting 0 with 1 in region 1067-1078
RECOMBINE	1	8	-13697.194189047284
Recombining haplotypes 1 and 2 in region 291-294
RECOMBINE	1	9	-13696.910010102245
Recombining haplotypes 0 and 1 in region 290-293
RECOMBINE	1	10	-13696.906464974021
Overwriting 2 with 1 in region 369-372
RECOMBINE	1	11	-13697.387684103747
Recombining haplotypes 2 and 3 in region 708-720
RECOMBINE	1	12	-13696.750367198536
Overwriting 2 with 0 in region 1309-1311
RECOMBINE	1	13	-13696.66123025911
Recombining haplotypes 1 and 0 in region 673-687
RECOMBINE	1	14	-13696.551867600858
Recombining haplotypes 3 and 0 in region 661-680
RECOMBINE	1	15	-13696.44183327074
Recombining haplotypes 1 and 0 in region 603-620
RECOMBINE	1	16	-13696.32937289597
Recombining haplotypes 2 and 3 in region 255-273
RECOMBINE	1	17	-13696.33109910489
Overwriting 0 with 3 in region 115-121
RECOMBINE	1	18	-13695.965595069916
Recombining haplotypes 0 and 1 in region 574-597
RECOMBINE	1	19	-13695.847416918614

Big Iteration 1	LL: -13407.847416918614	PENALTY: 288.0	PENALISED LL: -13695.847416918614
	0	0.45709002550449973
	1	0.04422597796823155
	2	0.4863577415239076
	3	0.01232625500336099

Combining haplotypes 0 and 1
Combining haplotypes 0 and 1
CONTRACT	2	-13628.508209665457
Combining haplotypes 0 and 2
Combining haplotypes 0 and 2
CONTRACT	2	-13626.350319036534
Combining haplotypes 0 and 3
Combining haplotypes 0 and 3
CONTRACT	2	-13627.42842087349
Combining haplotypes 1 and 2
Combining haplotypes 1 and 2
CONTRACT	2	-13629.135130214843
Combining haplotypes 1 and 3
Combining haplotypes 1 and 3
CONTRACT	2	-14204.364019628652
Combining haplotypes 2 and 3
Combining haplotypes 2 and 3
CONTRACT	2	-13627.458876509845
Recombining haplotypes 1 and 0 in region 972-985
RECOMBINE	2	0	-13626.347564905747
Recombining haplotypes 0 and 2 in region 1178-1190
RECOMBINE	2	1	-13626.751523881496
Recombining haplotypes 2 and 0 in region 1374-1390
RECOMBINE	2	2	-13626.613488017052
Overwriting 0 with 1 in region 353-377
RECOMBINE	2	3	-13626.318843924337
Overwriting 1 with 2 in region 259-269
RECOMBINE	2	4	-13626.32060727829
Recombining haplotypes 0 and 2 in region 244-249
RECOMBINE	2	5	-13626.313309939118
Recombining haplotypes 0 and 1 in region 1223-1230
RECOMBINE	2	6	-13626.313248508759
Overwriting 0 with 1 in region 775-777
RECOMBINE	2	7	-13626.313234739984
Overwriting 2 with 0 in region 1382-1399
RECOMBINE	2	8	-13626.32687245575
Overwriting 0 with 2 in region 364-377
RECOMBINE	2	9	-13626.316460534363
Overwriting 0 with 1 in region 117-126
RECOMBINE	2	10	-13626.78640290647
Overwriting 0 with 1 in region 789-797
RECOMBINE	2	11	-13626.32959546558
Overwriting 2 with 0 in region 110-121
RECOMBINE	2	12	-13626.409296969607
Recombining haplotypes 0 and 2 in region 1255-1273
RECOMBINE	2	13	-13626.572992092717
Recombining haplotypes 1 and 2 in region 468-483
RECOMBINE	2	14	-13626.313319731684
Overwriting 1 with 0 in region 353-364
RECOMBINE	2	15	-13626.31324946099
Recombining haplotypes 2 and 1 in region 1142-1156
RECOMBINE	2	16	-13627.15246044008
Recombining haplotypes 2 and 1 in region 482-485
RECOMBINE	2	17	-13626.736736918583
Recombining haplotypes 0 and 1 in region 485-494
RECOMBINE	2	18	-13626.387107908356
Overwriting 1 with 0 in region 1368-1385
RECOMBINE	2	19	-13639.79341135099

Big Iteration 2	LL: -13410.313234739984	PENALTY: 216.0	PENALISED LL: -13626.313234739984
	0	0.04429538289123589
	1	0.012330366114549787
	2	0.9433742509942143

Combining haplotypes 0 and 1
Combining haplotypes 0 and 1
CONTRACT	3	-14135.658311519217
Combining haplotypes 0 and 2
Combining haplotypes 0 and 2
CONTRACT	3	-14195.15054745889
Combining haplotypes 1 and 2
Combining haplotypes 1 and 2
CONTRACT	3	-14140.92354265335

Big Iteration 3	LL: -13410.313234739984	PENALTY: 216.0	PENALISED LL: -13626.313234739984
	0	0.04429538289123589
	1	0.012330366114549787
	2	0.9433742509942143

FINISHED

Big Iteration -1	LL: -13410.313234739984	PENALTY: 216.0	PENALISED LL: -13626.313234739984
	0	0.04429538289123589
	1	0.012330366114549787
	2	0.9433742509942143


Haplotype frequencies
0	0,044295
1	0,012330
2	0,943374
Active sites
116	0,002000,0,002000,0,994000,0,002000	0,002000,0,002000,0,994000,0,002000	0,002213,0,002000,0,993787,0,002000
120	0,002000,0,002000,0,994000,0,002000	0,002000,0,002000,0,994000,0,002000	0,169312,0,002000,0,826688,0,002000
121	0,095310,0,002000,0,900690,0,002000	0,002000,0,002000,0,994000,0,002000	0,011557,0,002000,0,984443,0,002000
159	0,114507,0,820855,0,002000,0,062637	0,002000,0,994000,0,002000,0,002000	0,008870,0,954589,0,002000,0,034541
163	0,002000,0,002000,0,002000,0,994000	0,002000,0,002000,0,002000,0,994000	0,002318,0,002000,0,002000,0,993682
184	0,002000,0,002000,0,002000,0,994000	0,002000,0,002000,0,002000,0,994000	0,002279,0,002000,0,002000,0,993721
247	0,002000,0,002000,0,002000,0,994000	0,002000,0,922937,0,073063,0,002000	0,002000,0,002000,0,002000,0,994000
248	0,002000,0,002000,0,994000,0,002000	0,994000,0,002000,0,002000,0,002000	0,002000,0,002000,0,994000,0,002000
249	0,994000,0,002000,0,002000,0,002000	0,002000,0,002000,0,009275,0,986725	0,994000,0,002000,0,002000,0,002000
250	0,002000,0,994000,0,002000,0,002000	0,002000,0,353035,0,613180,0,031785	0,002000,0,994000,0,002000,0,002000
267	0,010359,0,002000,0,985641,0,002000	0,236271,0,002000,0,759729,0,002000	0,002000,0,002000,0,994000,0,002000
292	0,002000,0,986998,0,002000,0,009002	0,002000,0,994000,0,002000,0,002000	0,002000,0,994000,0,002000,0,002000
307	0,002000,0,039270,0,002000,0,956730	0,002000,0,059312,0,002000,0,936688	0,002000,0,009315,0,002000,0,986685
343	0,002000,0,013721,0,002000,0,982279	0,002000,0,086724,0,002000,0,909276	0,002000,0,002000,0,002000,0,994000
361	0,952151,0,002000,0,043849,0,002000	0,958958,0,002000,0,037042,0,002000	0,994000,0,002000,0,002000,0,002000
363	0,002000,0,002000,0,087660,0,908340	0,002000,0,002000,0,010845,0,985155	0,002000,0,002000,0,002000,0,994000
366	0,002000,0,002000,0,081068,0,914932	0,002000,0,002000,0,002000,0,994000	0,002000,0,002000,0,002000,0,994000
370	0,002000,0,953186,0,042814,0,002000	0,002000,0,965280,0,030720,0,002000	0,002000,0,994000,0,002000,0,002000
380	0,002000,0,994000,0,002000,0,002000	0,002000,0,959995,0,002000,0,036005	0,002000,0,993055,0,002000,0,002945
449	0,002000,0,004532,0,004249,0,989220	0,002000,0,029713,0,002000,0,966287	0,002000,0,002000,0,002000,0,994000
454	0,002000,0,994000,0,002000,0,002000	0,172057,0,823943,0,002000,0,002000	0,002000,0,994000,0,002000,0,002000
472	0,002000,0,002000,0,002000,0,994000	0,002000,0,061874,0,002000,0,934126	0,002000,0,002000,0,002000,0,994000
484	0,947198,0,002000,0,048802,0,002000	0,914600,0,002000,0,081400,0,002000	0,994000,0,002000,0,002000,0,002000
485	0,002000,0,959460,0,036540,0,002000	0,002000,0,933388,0,062612,0,002000	0,002000,0,994000,0,002000,0,002000
490	0,002000,0,994000,0,002000,0,002000	0,002000,0,965500,0,002000,0,030500	0,002000,0,994000,0,002000,0,002000
535	0,002000,0,002000,0,002000,0,994000	0,002000,0,002000,0,002000,0,994000	0,002000,0,002198,0,002000,0,993802
589	0,002000,0,978263,0,002000,0,017737	0,002000,0,961984,0,002000,0,034016	0,002000,0,989681,0,002000,0,006319
610	0,994000,0,002000,0,002000,0,002000	0,994000,0,002000,0,002000,0,002000	0,992165,0,002000,0,003835,0,002000
666	0,002000,0,002000,0,002000,0,994000	0,002000,0,002000,0,002000,0,994000	0,002000,0,003134,0,002000,0,992866
674	0,002000,0,002000,0,002000,0,994000	0,002000,0,002000,0,002000,0,994000	0,002000,0,004241,0,002000,0,991759
706	0,954968,0,002000,0,041032,0,002000	0,994000,0,002000,0,002000,0,002000	0,994000,0,002000,0,002000,0,002000
715	0,007428,0,006395,0,002000,0,984176	0,002000,0,002000,0,002000,0,994000	0,002229,0,002000,0,002000,0,993771
718	0,665805,0,002000,0,002000,0,330195	0,994000,0,002000,0,002000,0,002000	0,994000,0,002000,0,002000,0,002000
721	0,035114,0,923090,0,039795,0,002000	0,002000,0,994000,0,002000,0,002000	0,002000,0,994000,0,002000,0,002000
722	0,994000,0,002000,0,002000,0,002000	0,994000,0,002000,0,002000,0,002000	0,993160,0,002000,0,002840,0,002000
726	0,002000,0,805465,0,180564,0,011971	0,002000,0,021525,0,002000,0,974475	0,002000,0,002000,0,002000,0,994000
727	0,930918,0,065082,0,002000,0,002000	0,994000,0,002000,0,002000,0,002000	0,994000,0,002000,0,002000,0,002000
728	0,002000,0,914640,0,004184,0,079176	0,002000,0,994000,0,002000,0,002000	0,002000,0,994000,0,002000,0,002000
729	0,353940,0,002000,0,002000,0,642060	0,068626,0,849920,0,002000,0,079455	0,002000,0,958511,0,002000,0,037489
730	0,788335,0,032678,0,002000,0,176988	0,994000,0,002000,0,002000,0,002000	0,994000,0,002000,0,002000,0,002000
732	0,002000,0,459579,0,440562,0,097859	0,994000,0,002000,0,002000,0,002000	0,994000,0,002000,0,002000,0,002000
733	0,002000,0,151534,0,020845,0,825622	0,002000,0,014350,0,002000,0,981650	0,002000,0,002000,0,002000,0,994000
734	0,244460,0,045105,0,708435,0,002000	0,041210,0,002000,0,954790,0,002000	0,002000,0,002000,0,994000,0,002000
737	0,994000,0,002000,0,002000,0,002000	0,968586,0,027414,0,002000,0,002000	0,994000,0,002000,0,002000,0,002000
795	0,002000,0,002000,0,002000,0,994000	0,002000,0,002000,0,375410,0,620590	0,002000,0,002000,0,002000,0,994000
796	0,002000,0,002000,0,002000,0,994000	0,002000,0,343233,0,016077,0,638691	0,002000,0,002000,0,002000,0,994000
811	0,002000,0,002000,0,002000,0,994000	0,002000,0,002000,0,002000,0,994000	0,002000,0,002210,0,002000,0,993790
820	0,002000,0,002000,0,994000,0,002000	0,002000,0,002000,0,994000,0,002000	0,002000,0,002000,0,990924,0,005076
886	0,976691,0,002000,0,019309,0,002000	0,971381,0,002000,0,024619,0,002000	0,991898,0,002000,0,004102,0,002000
925	0,002000,0,010049,0,002000,0,985951	0,002000,0,034568,0,002000,0,961432	0,002000,0,002000,0,002000,0,994000
976	0,002000,0,002000,0,002000,0,994000	0,002000,0,027790,0,002000,0,968210	0,002000,0,007345,0,002000,0,988655
1014	0,002000,0,994000,0,002000,0,002000	0,002000,0,994000,0,002000,0,002000	0,002000,0,991238,0,002000,0,004762
1072	0,002000,0,002000,0,002000,0,994000	0,002000,0,002000,0,002000,0,994000	0,002000,0,003084,0,002000,0,992916
1073	0,002000,0,994000,0,002000,0,002000	0,002000,0,994000,0,002000,0,002000	0,002000,0,985939,0,002000,0,010061
1081	0,002000,0,002000,0,994000,0,002000	0,002000,0,002000,0,879231,0,116769	0,002000,0,002000,0,994000,0,002000
1082	0,002000,0,994000,0,002000,0,002000	0,002000,0,938140,0,002000,0,057860	0,002000,0,994000,0,002000,0,002000
1154	0,002000,0,994000,0,002000,0,002000	0,392251,0,603749,0,002000,0,002000	0,002000,0,994000,0,002000,0,002000
1183	0,217010,0,778990,0,002000,0,002000	0,002000,0,994000,0,002000,0,002000	0,002000,0,994000,0,002000,0,002000
1211	0,985399,0,002000,0,002000,0,010601	0,689148,0,002000,0,002000,0,306852	0,973729,0,002000,0,002000,0,022271
1213	0,994000,0,002000,0,002000,0,002000	0,994000,0,002000,0,002000,0,002000	0,990761,0,002000,0,005239,0,002000
1228	0,994000,0,002000,0,002000,0,002000	0,994000,0,002000,0,002000,0,002000	0,983458,0,002000,0,012542,0,002000
1271	0,194824,0,801176,0,002000,0,002000	0,002000,0,994000,0,002000,0,002000	0,007118,0,988882,0,002000,0,002000
1382	0,968100,0,002000,0,002000,0,027900	0,994000,0,002000,0,002000,0,002000	0,993836,0,002000,0,002000,0,002164
1383	0,002000,0,011406,0,002000,0,984594	0,250665,0,002000,0,002000,0,745335	0,002000,0,002000,0,002000,0,994000
1384	0,002000,0,994000,0,002000,0,002000	0,002000,0,115042,0,002000,0,880958	0,002000,0,994000,0,002000,0,002000
