Command arguments:  -t data/30.M1.W04.09/30.M1.W04.09 --bam data/30.M1.W04.09/30.M1.W04.09.bam --baseFreq data/30.M1.W04.09/12/step_1/30.M1.W04.09.lld --refSequence data/fasta/HCMV_Merlin_UL33.fasta --hapAlignment data/30.M1.W04.09/12/step_1/30.M1.W04.09Haplo.fasta --iterate
INITIAL	LL: -2443.8907690134142	PENALTY: 225.0	PENALISED LL: -2668.8907690134142
	2	0.3333195560236797
	3	0.3333608879526406
	4	0.3333195560236797

Overwriting 2 with 4 in region 295-296
RECOMBINE	0	-2666.2134755054167
Recombining haplotypes 2 and 3 in region 799-816
RECOMBINE	1	-2662.6979206028363
Recombining haplotypes 1 and 0 in region 494-502
RECOMBINE	2	-2652.88950459192
Overwriting 4 with 3 in region 669-675
RECOMBINE	3	-2650.1834830415255
Recombining haplotypes 3 and 1 in region 949-956
RECOMBINE	4	-2648.531079524214
Overwriting 3 with 4 in region 173-186
RECOMBINE	5	-2646.8179624014883
Overwriting 3 with 0 in region 194-201
RECOMBINE	6	-2644.9568515341016
Overwriting 3 with 2 in region 998-1011
RECOMBINE	7	-2642.857515591177
Recombining haplotypes 3 and 4 in region 1369-1384
RECOMBINE	8	-2640.4357733701536
Recombining haplotypes 1 and 0 in region 308-309
RECOMBINE	9	-2637.5320481891454
Overwriting 2 with 4 in region 1420-1437
RECOMBINE	10	-2633.888586850165
Recombining haplotypes 4 and 2 in region 110-120
RECOMBINE	11	-2629.430735664289
Recombining haplotypes 3 and 2 in region 747-757
RECOMBINE	12	-2504.759620727355
Recombining haplotypes 2 and 3 in region 317-322
RECOMBINE	13	-2503.28920147052
Recombining haplotypes 4 and 3 in region 1576-1584
RECOMBINE	14	-2503.0309184474
Recombining haplotypes 4 and 0 in region 315-324
RECOMBINE	15	-2502.977370109418
Overwriting 3 with 4 in region 1047-1048
RECOMBINE	16	-2502.958159852811
Recombining haplotypes 2 and 0 in region 933-941
RECOMBINE	17	-2502.9515969599715
Overwriting 0 with 2 in region 953-963
RECOMBINE	18	-2502.943402302364
Recombining haplotypes 3 and 2 in region 481-494
RECOMBINE	19	-2502.935984127591
INITIAL RECOMBINE	-2277.935984127591	225.0	-2502.935984127591
Combining haplotypes 2 and 3
Combining haplotypes 2 and 3
CONTRACT	1	-2460.355402213642
Combining haplotypes 2 and 4
Combining haplotypes 2 and 4
CONTRACT	1	-2460.6389203881436
Combining haplotypes 3 and 4
Combining haplotypes 3 and 4
CONTRACT	1	-2460.7187671555066
Recombining haplotypes 3 and 0 in region 391-403
RECOMBINE	1	0	-2460.3554075532174
Recombining haplotypes 3 and 1 in region 319-336
RECOMBINE	1	1	-2460.3554075532174
Overwriting 3 with 1 in region 1063-1070
RECOMBINE	1	2	-2460.3554075532174
Overwriting 3 with 0 in region 732-737
RECOMBINE	1	3	-2460.3554075532174
Overwriting 0 with 2 in region 94-97
RECOMBINE	1	4	-2460.3554075532174
Overwriting 2 with 1 in region 1196-1207
RECOMBINE	1	5	-2460.3554075532174
Recombining haplotypes 2 and 1 in region 628-634
RECOMBINE	1	6	-2460.3554075532174
Overwriting 1 with 2 in region 689-693
RECOMBINE	1	7	-2460.3554075532174
Overwriting 1 with 2 in region 334-342
RECOMBINE	1	8	-2460.3554075532174
Recombining haplotypes 3 and 1 in region 746-759
RECOMBINE	1	9	-2460.3554075532174
Recombining haplotypes 1 and 0 in region 657-664
RECOMBINE	1	10	-2460.3554075532174
Recombining haplotypes 0 and 1 in region 473-475
RECOMBINE	1	11	-2460.3554075532174
Recombining haplotypes 3 and 1 in region 532-537
RECOMBINE	1	12	-2460.3554075532174
Overwriting 1 with 3 in region 105-106
RECOMBINE	1	13	-2460.3554075532174
Recombining haplotypes 0 and 3 in region 584-591
RECOMBINE	1	14	-2460.3554075532174
Recombining haplotypes 1 and 2 in region 407-412
RECOMBINE	1	15	-2460.3554075532174
Recombining haplotypes 2 and 0 in region 675-692
RECOMBINE	1	16	-2460.3554075532174
Overwriting 1 with 2 in region 1381-1388
RECOMBINE	1	17	-2460.3554075532174
Recombining haplotypes 2 and 3 in region 491-495
RECOMBINE	1	18	-2460.3554075532174
Overwriting 1 with 0 in region 9-23
RECOMBINE	1	19	-2460.3554075532174

Big Iteration 1	LL: -2280.355402213642	PENALTY: 180.0	PENALISED LL: -2460.355402213642
	2	0.003392359439131721
	3	0.9966076405608684

Combining haplotypes 2 and 3
Combining haplotypes 2 and 3
CONTRACT	2	-2578.891033557684

Big Iteration 2	LL: -2280.355402213642	PENALTY: 180.0	PENALISED LL: -2460.355402213642
	2	0.003392359439131721
	3	0.9966076405608684

FINISHED

Big Iteration -1	LL: -2280.355402213642	PENALTY: 180.0	PENALISED LL: -2460.355402213642
	2	0.003392359439131721
	3	0.9966076405608684


Haplotype frequencies
2	0,003392
3	0,996608
Active sites
112	0,002000,0,551164,0,002000,0,444836	0,002000,0,005058,0,002000,0,990942
120	0,250000,0,250000,0,250000,0,250000	0,119614,0,002000,0,876386,0,002000
121	0,002000,0,002000,0,994000,0,002000	0,005777,0,002000,0,990223,0,002000
168	0,578107,0,002000,0,417893,0,002000	0,993830,0,002000,0,002170,0,002000
183	0,002000,0,725176,0,002000,0,270824	0,002000,0,994000,0,002000,0,002000
189	0,002000,0,002000,0,002000,0,994000	0,002000,0,002000,0,002130,0,993870
191	0,002000,0,002000,0,002000,0,994000	0,002000,0,002000,0,002499,0,993501
205	0,002000,0,994000,0,002000,0,002000	0,002000,0,986123,0,002000,0,009877
211	0,002000,0,994000,0,002000,0,002000	0,003105,0,992895,0,002000,0,002000
215	0,002000,0,782405,0,002000,0,213595	0,002000,0,002000,0,002000,0,994000
229	0,002000,0,994000,0,002000,0,002000	0,002924,0,993076,0,002000,0,002000
231	0,002000,0,994000,0,002000,0,002000	0,002000,0,002000,0,994000,0,002000
250	0,002000,0,682504,0,002000,0,313496	0,002000,0,002241,0,002000,0,993759
262	0,229107,0,002000,0,766893,0,002000	0,005471,0,002000,0,990529,0,002000
289	0,002000,0,751697,0,002000,0,244303	0,002000,0,002000,0,002000,0,994000
292	0,002000,0,592798,0,002000,0,403202	0,994000,0,002000,0,002000,0,002000
363	0,002000,0,002000,0,724027,0,271973	0,002000,0,002000,0,002000,0,994000
366	0,002000,0,002000,0,534329,0,461671	0,002000,0,002000,0,002000,0,994000
433	0,002000,0,807476,0,002000,0,188524	0,002000,0,002000,0,002000,0,994000
434	0,663445,0,208260,0,002000,0,126296	0,002000,0,994000,0,002000,0,002000
454	0,357959,0,638041,0,002000,0,002000	0,002000,0,994000,0,002000,0,002000
457	0,002000,0,555909,0,002000,0,440091	0,002000,0,987084,0,002000,0,008916
490	0,002000,0,296490,0,002000,0,699510	0,002000,0,002952,0,002000,0,993048
497	0,814424,0,002000,0,181576,0,002000	0,994000,0,002000,0,002000,0,002000
627	0,002000,0,600021,0,002000,0,395979	0,002000,0,994000,0,002000,0,002000
628	0,002000,0,697926,0,002000,0,298074	0,005889,0,002000,0,002000,0,990111
644	0,385707,0,610293,0,002000,0,002000	0,002000,0,993740,0,002000,0,002260
688	0,002000,0,002000,0,002000,0,994000	0,002000,0,994000,0,002000,0,002000
726	0,002000,0,002000,0,002000,0,994000	0,206074,0,002000,0,789926,0,002000
727	0,994000,0,002000,0,002000,0,002000	0,916328,0,002000,0,002000,0,079672
728	0,002000,0,994000,0,002000,0,002000	0,041736,0,081814,0,834715,0,041736
801	0,002000,0,002000,0,994000,0,002000	0,002000,0,002000,0,993263,0,002737
820	0,381210,0,002000,0,614790,0,002000	0,993786,0,002000,0,002214,0,002000
836	0,002000,0,994000,0,002000,0,002000	0,012863,0,983137,0,002000,0,002000
898	0,994000,0,002000,0,002000,0,002000	0,002528,0,002000,0,993472,0,002000
934	0,002000,0,002000,0,994000,0,002000	0,002000,0,002000,0,991206,0,004794
1154	0,002000,0,994000,0,002000,0,002000	0,004310,0,991690,0,002000,0,002000
1211	0,002000,0,002000,0,002000,0,994000	0,989716,0,002000,0,002000,0,006284
1213	0,994000,0,002000,0,002000,0,002000	0,989688,0,002000,0,006312,0,002000
1255	0,002000,0,002000,0,994000,0,002000	0,002000,0,002000,0,993711,0,002289
1356	0,002000,0,994000,0,002000,0,002000	0,002849,0,993151,0,002000,0,002000
1383	0,134522,0,002000,0,002000,0,861478	0,002000,0,002000,0,002000,0,994000
1384	0,002000,0,002000,0,002000,0,994000	0,002000,0,993104,0,002000,0,002896
