Command arguments:  -t data/53.B1.W14.17/53.B1.W14.17 --bam data/53.B1.W14.17/53.B1.W14.17.bam --baseFreq data/53.B1.W14.17/13/step_1/53.B1.W14.17.lld --refSequence data/fasta/HCMV_Merlin_UL33.fasta --hapAlignment data/53.B1.W14.17/13/step_1/53.B1.W14.17Haplo.fasta --iterate
INITIAL	LL: -10798.608678038836	PENALTY: 480.0	PENALISED LL: -11278.608678038836
	0	0.32532865904610436
	1	0.3259741613350862
	2	0.022723018283723105
	3	0.3259741613350862

Recombining haplotypes 1 and 2 in region 466-477
RECOMBINE	0	-11228.167566462813
Overwriting 2 with 1 in region 665-678
RECOMBINE	1	-11224.454789383224
Recombining haplotypes 0 and 2 in region 670-687
RECOMBINE	2	-11222.698928194644
Overwriting 3 with 1 in region 803-811
RECOMBINE	3	-11220.812387822416
Overwriting 0 with 3 in region 244-256
RECOMBINE	4	-11219.230547977742
Overwriting 2 with 1 in region 444-471
RECOMBINE	5	-11217.784300637706
Overwriting 3 with 1 in region 1381-1389
RECOMBINE	6	-11219.50793910587
Recombining haplotypes 3 and 0 in region 726-731
RECOMBINE	7	-11216.313241999644
Recombining haplotypes 2 and 3 in region 1131-1146
RECOMBINE	8	-11216.634809441206
Overwriting 1 with 0 in region 754-780
RECOMBINE	9	-11214.837051773273
Recombining haplotypes 2 and 0 in region 1099-1107
RECOMBINE	10	-11213.433686683768
Recombining haplotypes 2 and 1 in region 813-822
RECOMBINE	11	-11211.746397937124
Recombining haplotypes 0 and 1 in region 917-933
RECOMBINE	12	-11210.649991309388
Overwriting 3 with 2 in region 1355-1369
RECOMBINE	13	-11208.94794307236
Overwriting 3 with 0 in region 263-275
RECOMBINE	14	-11207.127019105115
Recombining haplotypes 0 and 1 in region 119-129
RECOMBINE	15	-11205.18541641772
Recombining haplotypes 3 and 2 in region 1259-1277
RECOMBINE	16	-11202.96062773426
Recombining haplotypes 0 and 2 in region 953-977
RECOMBINE	17	-11201.129575649811
Overwriting 1 with 3 in region 1377-1383
RECOMBINE	18	-11198.273407425826
Overwriting 0 with 3 in region 695-708
RECOMBINE	19	-11195.022076714655
INITIAL RECOMBINE	-10715.022076714655	480.0	-11195.022076714655
Combining haplotypes 0 and 1
Combining haplotypes 0 and 1
CONTRACT	1	-11126.311572278808
Combining haplotypes 0 and 2
Combining haplotypes 0 and 2
CONTRACT	1	-11119.909576597383
Combining haplotypes 0 and 3
Combining haplotypes 0 and 3
CONTRACT	1	-11142.456532957778
Combining haplotypes 1 and 2
Combining haplotypes 1 and 2
CONTRACT	1	-11145.54872176374
Combining haplotypes 1 and 3
Combining haplotypes 1 and 3
CONTRACT	1	-11144.92540190331
Combining haplotypes 2 and 3
Combining haplotypes 2 and 3
CONTRACT	1	-11147.112259588592
Overwriting 0 with 1 in region 1002-1021
RECOMBINE	1	0	-11115.877995888597
Overwriting 3 with 0 in region 970-977
RECOMBINE	1	1	-11111.355298585122
Overwriting 1 with 0 in region 484-503
RECOMBINE	1	2	-11106.409598118307
Overwriting 3 with 1 in region 109-116
RECOMBINE	1	3	-11101.00811526711
Recombining haplotypes 0 and 3 in region 470-475
RECOMBINE	1	4	-10972.142785593242
Overwriting 3 with 0 in region 184-191
RECOMBINE	1	5	-10971.330140607462
Recombining haplotypes 0 and 3 in region 153-163
RECOMBINE	1	6	-10971.378314067138
Overwriting 1 with 0 in region 372-379
RECOMBINE	1	7	-10971.305619180852
Recombining haplotypes 3 and 2 in region 1292-1295
RECOMBINE	1	8	-10971.296334402037
Recombining haplotypes 0 and 3 in region 604-622
RECOMBINE	1	9	-10971.277909031645
Overwriting 0 with 3 in region 394-396
RECOMBINE	1	10	-10971.237212024362
Overwriting 0 with 3 in region 297-316
RECOMBINE	1	11	-10971.131329653515
Recombining haplotypes 1 and 3 in region 1177-1189
RECOMBINE	1	12	-10970.722122277708
Recombining haplotypes 2 and 1 in region 1266-1276
RECOMBINE	1	13	-10970.289209855173
Overwriting 1 with 3 in region 737-758
RECOMBINE	1	14	-10970.044550345669
Recombining haplotypes 0 and 3 in region 1137-1142
RECOMBINE	1	15	-10939.401804237137
Overwriting 2 with 0 in region 1539-1542
RECOMBINE	1	16	-10938.733444199346
Recombining haplotypes 3 and 0 in region 1002-1015
RECOMBINE	1	17	-10938.700627733835
Recombining haplotypes 0 and 2 in region 815-831
RECOMBINE	1	18	-10938.668935710864
Overwriting 3 with 1 in region 1217-1217
RECOMBINE	1	19	-10938.636237375387

Big Iteration 1	LL: -10554.636237375387	PENALTY: 384.0	PENALISED LL: -10938.636237375387
	0	0.9712211897752228
	1	0.007030759371109431
	3	0.021748050853667874

Combining haplotypes 0 and 1
Combining haplotypes 0 and 1
CONTRACT	2	-11088.432883478794
Combining haplotypes 0 and 3
Combining haplotypes 0 and 3
CONTRACT	2	-11071.987044977217
Combining haplotypes 1 and 3
Combining haplotypes 1 and 3
CONTRACT	2	-11071.975967924383

Big Iteration 2	LL: -10554.636237375387	PENALTY: 384.0	PENALISED LL: -10938.636237375387
	0	0.9712211897752228
	1	0.007030759371109431
	3	0.021748050853667874

FINISHED

Big Iteration -1	LL: -10554.636237375387	PENALTY: 384.0	PENALISED LL: -10938.636237375387
	0	0.9712211897752228
	1	0.007030759371109431
	3	0.021748050853667874


Haplotype frequencies
0	0,971221
1	0,007031
3	0,021748
Active sites
92	0,664434,0,002000,0,002000,0,331566	0,250000,0,250000,0,250000,0,250000	0,994000,0,002000,0,002000,0,002000
93	0,088442,0,117255,0,002000,0,792303	0,250000,0,250000,0,250000,0,250000	0,002000,0,473676,0,002000,0,522324
112	0,002000,0,011631,0,002000,0,984369	0,002000,0,002000,0,002000,0,994000	0,002000,0,083412,0,002000,0,912588
120	0,148241,0,002000,0,847759,0,002000	0,250000,0,250000,0,250000,0,250000	0,994000,0,002000,0,002000,0,002000
121	0,009801,0,002000,0,986199,0,002000	0,002000,0,002000,0,994000,0,002000	0,002000,0,002000,0,994000,0,002000
129	0,002000,0,002000,0,992686,0,003314	0,002000,0,002000,0,994000,0,002000	0,002000,0,002000,0,994000,0,002000
159	0,017575,0,951445,0,002000,0,028980	0,002000,0,994000,0,002000,0,002000	0,002000,0,994000,0,002000,0,002000
189	0,002000,0,002604,0,002000,0,993396	0,002000,0,002000,0,002000,0,994000	0,002000,0,002000,0,002000,0,994000
231	0,002000,0,994000,0,002000,0,002000	0,002000,0,994000,0,002000,0,002000	0,072196,0,923804,0,002000,0,002000
238	0,002172,0,002000,0,993828,0,002000	0,047531,0,002000,0,948469,0,002000	0,002000,0,002000,0,994000,0,002000
247	0,002000,0,002000,0,002000,0,994000	0,002000,0,002000,0,002000,0,994000	0,011414,0,171182,0,010942,0,806462
248	0,002896,0,002000,0,993104,0,002000	0,002000,0,002000,0,994000,0,002000	0,547200,0,002000,0,448800,0,002000
249	0,994000,0,002000,0,002000,0,002000	0,994000,0,002000,0,002000,0,002000	0,565988,0,002000,0,002000,0,430012
267	0,002000,0,002000,0,994000,0,002000	0,002000,0,002000,0,994000,0,002000	0,134263,0,002000,0,861737,0,002000
274	0,002000,0,002000,0,994000,0,002000	0,002000,0,002000,0,994000,0,002000	0,089517,0,002000,0,906483,0,002000
302	0,003085,0,992915,0,002000,0,002000	0,002000,0,994000,0,002000,0,002000	0,033278,0,962722,0,002000,0,002000
307	0,002000,0,010546,0,002000,0,985454	0,002000,0,021388,0,002000,0,974612	0,002000,0,090521,0,002000,0,905479
332	0,002825,0,993175,0,002000,0,002000	0,122777,0,873223,0,002000,0,002000	0,002000,0,994000,0,002000,0,002000
343	0,002000,0,002000,0,002000,0,994000	0,002000,0,002000,0,002000,0,994000	0,002000,0,092921,0,002000,0,903079
363	0,002000,0,002000,0,002000,0,994000	0,002000,0,002000,0,350563,0,645437	0,002000,0,002000,0,002000,0,994000
366	0,002000,0,002000,0,002000,0,994000	0,002000,0,002000,0,401423,0,594577	0,002000,0,002000,0,002000,0,994000
379	0,002000,0,002000,0,993295,0,002705	0,002000,0,919971,0,076029,0,002000	0,016453,0,002000,0,979547,0,002000
380	0,002000,0,994000,0,002000,0,002000	0,002000,0,037548,0,002000,0,958452	0,002000,0,957918,0,002000,0,038082
451	0,990854,0,002000,0,005146,0,002000	0,994000,0,002000,0,002000,0,002000	0,953618,0,002000,0,042382,0,002000
472	0,002000,0,002000,0,002000,0,994000	0,002000,0,002000,0,002000,0,994000	0,002000,0,032009,0,002000,0,963991
484	0,994000,0,002000,0,002000,0,002000	0,994000,0,002000,0,002000,0,002000	0,816318,0,002000,0,179682,0,002000
485	0,002000,0,994000,0,002000,0,002000	0,002000,0,994000,0,002000,0,002000	0,002000,0,858481,0,137519,0,002000
487	0,002000,0,021249,0,974751,0,002000	0,002000,0,002000,0,994000,0,002000	0,002000,0,340274,0,655726,0,002000
544	0,002000,0,002000,0,993719,0,002281	0,002000,0,002000,0,994000,0,002000	0,013440,0,002000,0,982560,0,002000
589	0,002000,0,989967,0,002000,0,006033	0,002000,0,994000,0,002000,0,002000	0,002000,0,926005,0,002000,0,069995
610	0,991604,0,002000,0,004396,0,002000	0,994000,0,002000,0,002000,0,002000	0,972615,0,002000,0,023385,0,002000
666	0,002000,0,002205,0,002000,0,993795	0,002000,0,002000,0,002000,0,994000	0,002000,0,002000,0,041034,0,954966
667	0,994000,0,002000,0,002000,0,002000	0,994000,0,002000,0,002000,0,002000	0,835913,0,002000,0,160087,0,002000
674	0,002000,0,003281,0,002000,0,992719	0,002000,0,002000,0,002000,0,994000	0,002000,0,002000,0,002000,0,994000
706	0,994000,0,002000,0,002000,0,002000	0,994000,0,002000,0,002000,0,002000	0,888309,0,002000,0,107691,0,002000
713	0,003696,0,992304,0,002000,0,002000	0,002000,0,994000,0,002000,0,002000	0,055579,0,940421,0,002000,0,002000
717	0,992198,0,002000,0,003802,0,002000	0,994000,0,002000,0,002000,0,002000	0,946811,0,002000,0,049189,0,002000
718	0,984529,0,002000,0,002000,0,011471	0,958568,0,002000,0,002000,0,037432	0,799220,0,002000,0,002000,0,196780
721	0,002000,0,994000,0,002000,0,002000	0,002000,0,994000,0,002000,0,002000	0,055327,0,856119,0,086554,0,002000
724	0,002000,0,002000,0,002000,0,994000	0,002000,0,002000,0,002000,0,994000	0,046463,0,013176,0,002000,0,938361
726	0,002000,0,026200,0,002000,0,969800	0,002000,0,002000,0,002000,0,994000	0,002000,0,190120,0,402457,0,405423
727	0,994000,0,002000,0,002000,0,002000	0,994000,0,002000,0,002000,0,002000	0,879125,0,116875,0,002000,0,002000
728	0,002000,0,994000,0,002000,0,002000	0,002000,0,994000,0,002000,0,002000	0,002000,0,725118,0,002000,0,270882
730	0,992783,0,002000,0,002000,0,003217	0,994000,0,002000,0,002000,0,002000	0,620585,0,150156,0,002000,0,227259
731	0,994000,0,002000,0,002000,0,002000	0,994000,0,002000,0,002000,0,002000	0,640429,0,073437,0,002000,0,284133
732	0,994000,0,002000,0,002000,0,002000	0,994000,0,002000,0,002000,0,002000	0,110959,0,263187,0,503621,0,122233
733	0,002000,0,002000,0,002000,0,994000	0,002000,0,002000,0,002000,0,994000	0,002000,0,349175,0,116269,0,532556
734	0,002000,0,002000,0,994000,0,002000	0,002000,0,002000,0,994000,0,002000	0,705411,0,202384,0,090205,0,002000
735	0,002000,0,987512,0,008488,0,002000	0,002000,0,994000,0,002000,0,002000	0,002000,0,362646,0,633354,0,002000
736	0,002000,0,994000,0,002000,0,002000	0,002000,0,994000,0,002000,0,002000	0,002000,0,746993,0,002000,0,249007
737	0,994000,0,002000,0,002000,0,002000	0,994000,0,002000,0,002000,0,002000	0,866841,0,129159,0,002000,0,002000
738	0,002000,0,994000,0,002000,0,002000	0,002000,0,994000,0,002000,0,002000	0,551542,0,444458,0,002000,0,002000
760	0,993290,0,002710,0,002000,0,002000	0,925930,0,070070,0,002000,0,002000	0,935275,0,002000,0,060725,0,002000
795	0,002000,0,002000,0,002000,0,994000	0,002000,0,002000,0,656079,0,339921	0,002000,0,002000,0,002000,0,994000
796	0,002000,0,002000,0,002000,0,994000	0,002000,0,637590,0,002000,0,358410	0,002000,0,002000,0,002000,0,994000
809	0,002000,0,992147,0,003853,0,002000	0,002000,0,994000,0,002000,0,002000	0,002000,0,994000,0,002000,0,002000
820	0,002000,0,002000,0,992396,0,003604	0,002000,0,002000,0,994000,0,002000	0,002000,0,002000,0,994000,0,002000
838	0,002320,0,993680,0,002000,0,002000	0,002000,0,994000,0,002000,0,002000	0,002000,0,994000,0,002000,0,002000
877	0,002000,0,002000,0,994000,0,002000	0,002000,0,002000,0,994000,0,002000	0,061099,0,002000,0,934901,0,002000
886	0,992996,0,002000,0,003004,0,002000	0,994000,0,002000,0,002000,0,002000	0,958565,0,002000,0,037435,0,002000
916	0,002000,0,991887,0,002000,0,004113	0,002000,0,994000,0,002000,0,002000	0,002000,0,882896,0,002000,0,113104
922	0,002000,0,020308,0,002000,0,975692	0,002000,0,002000,0,002000,0,994000	0,002000,0,049925,0,002000,0,946075
976	0,002000,0,007634,0,002000,0,988366	0,002000,0,002000,0,002000,0,994000	0,002000,0,088821,0,002000,0,907179
977	0,002000,0,994000,0,002000,0,002000	0,002000,0,994000,0,002000,0,002000	0,131458,0,823751,0,002000,0,042791
1013	0,002000,0,002000,0,002000,0,994000	0,002000,0,002000,0,002000,0,994000	0,002000,0,138879,0,002000,0,857121
1018	0,002000,0,003488,0,992512,0,002000	0,002000,0,002000,0,994000,0,002000	0,002000,0,002000,0,994000,0,002000
1063	0,994000,0,002000,0,002000,0,002000	0,994000,0,002000,0,002000,0,002000	0,940103,0,002000,0,055897,0,002000
1072	0,002000,0,002863,0,002000,0,993137	0,002000,0,002000,0,002000,0,994000	0,002000,0,002000,0,035249,0,960751
1073	0,002000,0,988661,0,002000,0,007339	0,002000,0,994000,0,002000,0,002000	0,002000,0,994000,0,002000,0,002000
1081	0,002000,0,002000,0,993200,0,002800	0,002000,0,002000,0,994000,0,002000	0,002000,0,002000,0,994000,0,002000
1103	0,002000,0,994000,0,002000,0,002000	0,002000,0,994000,0,002000,0,002000	0,014615,0,981385,0,002000,0,002000
1137	0,005708,0,002000,0,990292,0,002000	0,620980,0,002000,0,375020,0,002000	0,002000,0,002000,0,994000,0,002000
1138	0,002000,0,002000,0,002000,0,994000	0,002000,0,550593,0,002000,0,445407	0,002000,0,033099,0,002000,0,962901
1172	0,002000,0,993295,0,002000,0,002705	0,002000,0,994000,0,002000,0,002000	0,002000,0,994000,0,002000,0,002000
1188	0,002000,0,002000,0,991510,0,004490	0,002000,0,002000,0,994000,0,002000	0,002000,0,002000,0,957738,0,038262
1211	0,983195,0,002000,0,002000,0,012805	0,002000,0,002000,0,002000,0,994000	0,994000,0,002000,0,002000,0,002000
1228	0,963562,0,002000,0,032438,0,002000	0,250000,0,250000,0,250000,0,250000	0,002000,0,002000,0,994000,0,002000
1271	0,009476,0,986524,0,002000,0,002000	0,242311,0,753689,0,002000,0,002000	0,002000,0,994000,0,002000,0,002000
1356	0,002337,0,993663,0,002000,0,002000	0,002000,0,994000,0,002000,0,002000	0,002000,0,994000,0,002000,0,002000
1382	0,992588,0,002000,0,002000,0,003412	0,994000,0,002000,0,002000,0,002000	0,994000,0,002000,0,002000,0,002000
1383	0,002000,0,002000,0,002000,0,994000	0,452696,0,002000,0,002000,0,543304	0,002000,0,002000,0,002000,0,994000
1384	0,002000,0,993541,0,002000,0,002459	0,002000,0,002000,0,002000,0,994000	0,002000,0,994000,0,002000,0,002000
1440	0,002000,0,994000,0,002000,0,002000	0,002000,0,994000,0,002000,0,002000	0,002000,0,809726,0,002000,0,186274
1441	0,994000,0,002000,0,002000,0,002000	0,994000,0,002000,0,002000,0,002000	0,806932,0,189068,0,002000,0,002000
