Command arguments:  -t data/39.M1.W03.13/39.M1.W03.13 --bam data/39.M1.W03.13/39.M1.W03.13.bam --baseFreq data/39.M1.W03.13/14/step_1/39.M1.W03.13.lld --refSequence data/fasta/HCMV_Merlin_UL33.fasta --hapAlignment data/39.M1.W03.13/14/step_1/39.M1.W03.13Haplo.fasta --iterate
INITIAL	LL: -153564.59519731966	PENALTY: 1605.0	PENALISED LL: -155169.59519731966
	0	0.3181886794341525
	1	0.10416095620567488
	3	0.08365187354093633
	4	0.49399849081923625

Overwriting 4 with 0 in region 504-511
RECOMBINE	0	-155166.5418064316
Recombining haplotypes 1 and 4 in region 1376-1386
RECOMBINE	1	-155158.73284028165
Overwriting 0 with 4 in region 758-783
RECOMBINE	2	-155160.07019112346
Recombining haplotypes 3 and 0 in region 376-389
RECOMBINE	3	-155157.78157976634
Overwriting 0 with 3 in region 992-1005
RECOMBINE	4	-155157.53926691672
Overwriting 3 with 4 in region 542-547
RECOMBINE	5	-155157.18653830193
Overwriting 3 with 1 in region 189-198
RECOMBINE	6	-155157.03040718913
Recombining haplotypes 3 and 0 in region 572-585
RECOMBINE	7	-155157.68420223618
Recombining haplotypes 4 and 3 in region 347-359
RECOMBINE	8	-155157.02117609503
Overwriting 0 with 3 in region 732-738
RECOMBINE	9	-155157.01291171444
Overwriting 4 with 0 in region 968-975
RECOMBINE	10	-155157.01159950523
Recombining haplotypes 0 and 1 in region 671-675
RECOMBINE	11	-155157.01179699184
Overwriting 1 with 3 in region 430-434
RECOMBINE	12	-155157.01179348922
Recombining haplotypes 4 and 3 in region 318-334
RECOMBINE	13	-155157.10398937634
Overwriting 3 with 1 in region 160-166
RECOMBINE	14	-155157.0127526551
Overwriting 4 with 1 in region 1174-1188
RECOMBINE	15	-155157.01179699184
Overwriting 4 with 1 in region 224-232
RECOMBINE	16	-155157.0122113269
Recombining haplotypes 1 and 3 in region 208-227
RECOMBINE	17	-155157.1576058691
Overwriting 3 with 0 in region 97-114
RECOMBINE	18	-155157.0118500609
Recombining haplotypes 4 and 0 in region 436-444
RECOMBINE	19	-155157.0364857866
INITIAL RECOMBINE	-153552.01159950523	1605.0	-155157.01159950523
Combining haplotypes 0 and 1
Combining haplotypes 0 and 1
CONTRACT	1	-244355.7864390788
Combining haplotypes 0 and 3
Combining haplotypes 0 and 3
CONTRACT	1	-210614.87933753242
Combining haplotypes 0 and 4
Combining haplotypes 0 and 4
CONTRACT	1	-210616.7130339916
Combining haplotypes 1 and 3
Combining haplotypes 1 and 3
CONTRACT	1	-200228.25930750914
Combining haplotypes 1 and 4
Combining haplotypes 1 and 4
CONTRACT	1	-227421.0787198131
Combining haplotypes 3 and 4
Combining haplotypes 3 and 4
CONTRACT	1	-210617.06178461446
Overwriting 1 with 4 in region 119-123
RECOMBINE	1	0	-155157.01204372375
Recombining haplotypes 0 and 3 in region 920-927
RECOMBINE	1	1	-155157.01182437007
Recombining haplotypes 0 and 3 in region 770-781
RECOMBINE	1	2	-155157.01563561943
Recombining haplotypes 3 and 0 in region 1008-1022
RECOMBINE	1	3	-155157.01181414808
Recombining haplotypes 0 and 3 in region 229-244
RECOMBINE	1	4	-155157.02847218743
Recombining haplotypes 1 and 0 in region 1225-1231
RECOMBINE	1	5	-155157.01175141643
Overwriting 0 with 3 in region 209-214
RECOMBINE	1	6	-155157.01179624329
Recombining haplotypes 1 and 4 in region 555-561
RECOMBINE	1	7	-155157.01182617134
Recombining haplotypes 0 and 3 in region 455-458
RECOMBINE	1	8	-155157.0117915027
Overwriting 0 with 3 in region 470-482
RECOMBINE	1	9	-155157.0118987114
Overwriting 4 with 1 in region 461-481
RECOMBINE	1	10	-155157.0356700686
Overwriting 4 with 0 in region 426-446
RECOMBINE	1	11	-155157.0266396974
Recombining haplotypes 0 and 3 in region 337-341
RECOMBINE	1	12	-155157.01231232623
Overwriting 4 with 0 in region 1374-1388
RECOMBINE	1	13	-155157.01174599247
Recombining haplotypes 1 and 0 in region 1012-1017
RECOMBINE	1	14	-155156.8521382786
Overwriting 4 with 0 in region 492-506
RECOMBINE	1	15	-155156.88595094948
Overwriting 3 with 0 in region 1378-1390
RECOMBINE	1	16	-155156.89811338592
Recombining haplotypes 0 and 4 in region 519-529
RECOMBINE	1	17	-155157.0341291653
Recombining haplotypes 1 and 0 in region 327-334
RECOMBINE	1	18	-155156.87565331318
Recombining haplotypes 3 and 4 in region 725-739
RECOMBINE	1	19	-155156.85278754847

Big Iteration 1	LL: -153551.8521382786	PENALTY: 1605.0	PENALISED LL: -155156.8521382786
	0	0.31911992005337786
	1	0.10214455381240567
	3	0.08361155117915581
	4	0.4951239749550608

FINISHED

Big Iteration -1	LL: -153551.8521382786	PENALTY: 1605.0	PENALISED LL: -155156.8521382786
	0	0.31911992005337786
	1	0.10214455381240567
	3	0.08361155117915581
	4	0.4951239749550608


Haplotype frequencies
0	0,319120
1	0,102145
3	0,083612
4	0,495124
Active sites
65	0,002000,0,026529,0,002000,0,969471	0,002000,0,838466,0,002000,0,157534	0,002000,0,028442,0,002000,0,967558	0,002000,0,915577,0,002000,0,080423
68	0,923878,0,002000,0,072122,0,002000	0,067981,0,002000,0,928019,0,002000	0,911576,0,002000,0,084424,0,002000	0,030884,0,002000,0,965116,0,002000
95	0,886203,0,002000,0,002000,0,109797	0,029036,0,002000,0,002000,0,966964	0,842885,0,002000,0,002000,0,153115	0,013910,0,002000,0,002000,0,982090
105	0,002000,0,948868,0,002000,0,047132	0,002000,0,077189,0,002000,0,918811	0,002000,0,930397,0,002000,0,065603	0,002000,0,040801,0,002000,0,955199
112	0,002000,0,236952,0,002000,0,759048	0,002000,0,988165,0,002000,0,007835	0,002000,0,184667,0,002000,0,811333	0,002000,0,986883,0,002000,0,009117
114	0,035879,0,002000,0,960121,0,002000	0,869052,0,002000,0,126948,0,002000	0,021611,0,002000,0,974389,0,002000	0,938474,0,002000,0,057526,0,002000
119	0,993273,0,002000,0,002727,0,002000	0,984976,0,002000,0,011024,0,002000	0,989112,0,002000,0,006888,0,002000	0,992509,0,002000,0,003491,0,002000
120	0,109075,0,002000,0,886925,0,002000	0,145543,0,002000,0,850457,0,002000	0,087456,0,002000,0,908544,0,002000	0,172809,0,002000,0,823191,0,002000
121	0,005154,0,002000,0,990846,0,002000	0,005450,0,002000,0,990550,0,002000	0,005795,0,002000,0,985060,0,007146	0,008870,0,002000,0,987130,0,002000
159	0,002000,0,993637,0,002000,0,002363	0,015081,0,954919,0,002000,0,028000	0,002000,0,977914,0,002000,0,018086	0,005612,0,976787,0,002000,0,015601
161	0,002000,0,954273,0,002000,0,041727	0,007892,0,041644,0,002000,0,948463	0,002000,0,895766,0,002000,0,100234	0,004443,0,031508,0,002000,0,962049
162	0,002000,0,005939,0,002000,0,990061	0,002000,0,005063,0,002000,0,990937	0,002000,0,759094,0,002000,0,236906	0,002000,0,002000,0,002000,0,994000
163	0,002000,0,945782,0,002000,0,050218	0,005305,0,038764,0,002000,0,953930	0,002000,0,852197,0,002000,0,143803	0,002208,0,026182,0,002000,0,969610
164	0,030216,0,002000,0,010435,0,957349	0,929766,0,002000,0,006036,0,062198	0,078300,0,002000,0,700512,0,219188	0,964000,0,002000,0,002247,0,031753
165	0,030173,0,002000,0,965827,0,002000	0,935914,0,002000,0,060086,0,002000	0,067292,0,002000,0,928708,0,002000	0,962311,0,002000,0,033689,0,002000
168	0,887508,0,002000,0,108492,0,002000	0,019723,0,002000,0,976277,0,002000	0,105133,0,002000,0,890867,0,002000	0,015142,0,002000,0,980858,0,002000
183	0,002000,0,977000,0,002000,0,019000	0,002000,0,979183,0,002000,0,016817	0,002000,0,076808,0,002000,0,919192	0,002000,0,988891,0,002000,0,007109
186	0,002000,0,029675,0,002000,0,966325	0,002000,0,891430,0,002000,0,104570	0,002000,0,036624,0,002000,0,959376	0,002000,0,961849,0,002000,0,034151
196	0,002000,0,993979,0,002021,0,002000	0,002000,0,994000,0,002000,0,002000	0,002000,0,994000,0,002000,0,002000	0,002000,0,983222,0,012778,0,002000
197	0,006304,0,044727,0,002000,0,946969	0,865854,0,086985,0,003873,0,043287	0,002000,0,007208,0,002000,0,988792	0,018605,0,961713,0,006677,0,013005
200	0,023476,0,002000,0,972524,0,002000	0,050834,0,002000,0,945166,0,002000	0,968407,0,002000,0,027593,0,002000	0,009599,0,002000,0,986401,0,002000
202	0,018603,0,002000,0,977397,0,002000	0,030185,0,002000,0,965815,0,002000	0,863289,0,002000,0,132711,0,002000	0,004494,0,002000,0,991506,0,002000
205	0,002000,0,966814,0,002000,0,029186	0,002000,0,989646,0,002000,0,006354	0,002000,0,949906,0,002000,0,046094	0,002000,0,994000,0,002000,0,002000
210	0,002000,0,991164,0,002000,0,004836	0,002000,0,339342,0,002000,0,656658	0,002000,0,980441,0,002000,0,015559	0,002000,0,993497,0,002000,0,002503
215	0,002000,0,077560,0,002000,0,918440	0,002000,0,973436,0,002000,0,022564	0,002000,0,259775,0,002000,0,736225	0,002000,0,989327,0,002000,0,006673
219	0,938408,0,050697,0,002000,0,008895	0,016074,0,966816,0,002000,0,015110	0,035099,0,022747,0,002000,0,940153	0,005023,0,990977,0,002000,0,002000
220	0,002000,0,075767,0,002000,0,920233	0,002000,0,983047,0,002000,0,012953	0,002000,0,979424,0,002000,0,016576	0,002000,0,992633,0,002000,0,003367
225	0,153526,0,002000,0,842474,0,002000	0,994000,0,002000,0,002000,0,002000	0,974085,0,002000,0,021915,0,002000	0,994000,0,002000,0,002000,0,002000
226	0,002000,0,151287,0,002000,0,844713	0,002000,0,993900,0,002000,0,002100	0,002000,0,060609,0,002000,0,935391	0,002018,0,993982,0,002000,0,002000
228	0,035193,0,960807,0,002000,0,002000	0,102683,0,893317,0,002000,0,002000	0,016302,0,973552,0,008146,0,002000	0,960762,0,035238,0,002000,0,002000
230	0,958169,0,002000,0,037831,0,002000	0,994000,0,002000,0,002000,0,002000	0,983365,0,002000,0,012635,0,002000	0,994000,0,002000,0,002000,0,002000
231	0,038036,0,046962,0,913001,0,002000	0,009913,0,961324,0,026763,0,002000	0,003411,0,006833,0,987757,0,002000	0,013612,0,979100,0,005288,0,002000
232	0,002000,0,023146,0,002000,0,972854	0,002000,0,014595,0,002000,0,981405	0,002000,0,972570,0,002000,0,023430	0,002000,0,005229,0,002000,0,990771
233	0,928935,0,067065,0,002000,0,002000	0,730627,0,265373,0,002000,0,002000	0,953722,0,042278,0,002000,0,002000	0,009710,0,986290,0,002000,0,002000
235	0,002000,0,009913,0,002000,0,986087	0,002000,0,004017,0,002000,0,991983	0,002000,0,970689,0,002000,0,025311	0,002000,0,002000,0,002000,0,994000
241	0,002000,0,059920,0,002000,0,936080	0,002000,0,988414,0,002000,0,007586	0,002000,0,978470,0,002000,0,017530	0,002000,0,993162,0,002000,0,002838
242	0,038277,0,002000,0,957723,0,002000	0,982357,0,002000,0,013643,0,002000	0,022160,0,002000,0,973840,0,002000	0,990921,0,002000,0,005079,0,002000
247	0,002000,0,964472,0,002000,0,031528	0,002000,0,020750,0,002000,0,975250	0,002000,0,977708,0,002000,0,018292	0,002000,0,009593,0,002000,0,986407
248	0,967526,0,002000,0,028474,0,002000	0,023944,0,002000,0,972056,0,002000	0,976393,0,002000,0,019607,0,002000	0,023145,0,002000,0,972855,0,002000
249	0,037094,0,002000,0,937260,0,023646	0,979703,0,002000,0,011611,0,006686	0,022743,0,002000,0,973257,0,002000	0,981172,0,002000,0,004521,0,012307
250	0,002000,0,100893,0,002000,0,895107	0,002000,0,990913,0,003500,0,003587	0,002000,0,980046,0,002000,0,015954	0,002000,0,992502,0,003494,0,002004
253	0,002000,0,945261,0,002000,0,050739	0,002000,0,013892,0,002000,0,982108	0,002000,0,971805,0,002000,0,024195	0,002000,0,007514,0,002000,0,988486
256	0,002000,0,044426,0,002000,0,951574	0,002000,0,980181,0,002000,0,015819	0,002000,0,035103,0,002000,0,960897	0,002000,0,989714,0,002000,0,006286
262	0,025052,0,002000,0,970948,0,002000	0,003424,0,002000,0,992576,0,002000	0,002000,0,002000,0,994000,0,002000	0,002000,0,002000,0,994000,0,002000
265	0,007139,0,002000,0,988861,0,002000	0,053063,0,002000,0,942484,0,002453	0,027639,0,002000,0,139608,0,830753	0,967601,0,002000,0,028399,0,002000
267	0,980079,0,002000,0,015921,0,002000	0,081208,0,002000,0,914792,0,002000	0,967831,0,002000,0,028169,0,002000	0,020822,0,002000,0,975178,0,002000
274	0,992236,0,002000,0,003764,0,002000	0,294470,0,002000,0,701530,0,002000	0,062435,0,002000,0,931907,0,003658	0,993159,0,002000,0,002841,0,002000
276	0,002000,0,967208,0,002000,0,028792	0,002000,0,082977,0,002000,0,913023	0,002000,0,050859,0,002000,0,945141	0,002000,0,010182,0,002000,0,985818
283	0,002000,0,972172,0,002000,0,023828	0,002000,0,901639,0,002000,0,094361	0,002000,0,031124,0,002000,0,964876	0,002000,0,010614,0,002000,0,985386
286	0,045431,0,936104,0,002000,0,016465	0,113850,0,882150,0,002000,0,002000	0,021435,0,974565,0,002000,0,002000	0,988823,0,007177,0,002000,0,002000
289	0,002000,0,076843,0,002000,0,919157	0,002000,0,980231,0,002000,0,015769	0,002000,0,983944,0,002000,0,012056	0,002000,0,992975,0,002000,0,003025
292	0,952270,0,035761,0,002000,0,009969	0,016928,0,979072,0,002000,0,002000	0,019645,0,976355,0,002000,0,002000	0,007245,0,988755,0,002000,0,002000
301	0,017914,0,002000,0,978086,0,002000	0,058599,0,002000,0,937401,0,002000	0,008800,0,002000,0,987200,0,002000	0,978860,0,002000,0,017140,0,002000
302	0,968399,0,027601,0,002000,0,002000	0,038793,0,957207,0,002000,0,002000	0,985149,0,010851,0,002000,0,002000	0,012254,0,983746,0,002000,0,002000
307	0,002000,0,992316,0,002000,0,003684	0,002000,0,154622,0,002000,0,841378	0,002000,0,992273,0,002000,0,003727	0,002000,0,994000,0,002000,0,002000
308	0,993630,0,002000,0,002370,0,002000	0,991159,0,002000,0,004841,0,002000	0,068060,0,002000,0,927940,0,002000	0,994000,0,002000,0,002000,0,002000
310	0,969355,0,002000,0,026645,0,002000	0,990183,0,002000,0,005817,0,002000	0,064699,0,002000,0,931301,0,002000	0,994000,0,002000,0,002000,0,002000
311	0,002000,0,005235,0,002000,0,990765	0,002000,0,874420,0,002000,0,121580	0,002000,0,925312,0,002000,0,070688	0,002000,0,002000,0,002000,0,994000
316	0,002000,0,991690,0,002000,0,004310	0,002000,0,990264,0,002000,0,005736	0,002000,0,052417,0,002000,0,943583	0,002000,0,994000,0,002000,0,002000
319	0,002000,0,041906,0,002000,0,954094	0,002000,0,968701,0,002000,0,027299	0,002000,0,938957,0,002000,0,057043	0,002000,0,981493,0,002000,0,014507
322	0,002000,0,991192,0,002000,0,004808	0,002000,0,993320,0,002000,0,002680	0,002000,0,065127,0,002000,0,930873	0,002000,0,994000,0,002000,0,002000
325	0,012249,0,002000,0,983751,0,002000	0,002000,0,002000,0,994000,0,002000	0,002000,0,002000,0,994000,0,002000	0,002000,0,002000,0,994000,0,002000
331	0,002000,0,943184,0,002000,0,052816	0,002000,0,028658,0,002000,0,967342	0,002000,0,939428,0,002000,0,056572	0,002000,0,002000,0,002000,0,994000
334	0,026120,0,002000,0,969880,0,002000	0,047158,0,002000,0,948842,0,002000	0,010385,0,002000,0,985615,0,002000	0,989268,0,002000,0,006732,0,002000
337	0,002000,0,965676,0,002000,0,030324	0,002000,0,917129,0,002000,0,078871	0,002000,0,041141,0,002000,0,954859	0,002000,0,006554,0,002000,0,989446
340	0,002000,0,039529,0,002000,0,956471	0,002000,0,926676,0,002000,0,069324	0,002000,0,958406,0,002000,0,037594	0,002000,0,991712,0,002000,0,004288
343	0,002000,0,989790,0,002000,0,006210	0,002000,0,205034,0,002000,0,790966	0,002000,0,103106,0,002000,0,892894	0,002000,0,994000,0,002000,0,002000
353	0,034443,0,002000,0,961557,0,002000	0,031884,0,002000,0,964116,0,002000	0,018971,0,002000,0,977029,0,002000	0,988196,0,002000,0,007804,0,002000
361	0,016178,0,002000,0,979822,0,002000	0,956333,0,002000,0,039667,0,002000	0,964334,0,002000,0,031666,0,002000	0,008446,0,002000,0,987554,0,002000
363	0,002000,0,002000,0,002646,0,993354	0,002000,0,002000,0,004359,0,991641	0,002000,0,002000,0,002000,0,994000	0,002000,0,002000,0,002000,0,994000
364	0,002000,0,002000,0,994000,0,002000	0,004765,0,002000,0,991235,0,002000	0,857782,0,002000,0,138218,0,002000	0,002000,0,002000,0,994000,0,002000
370	0,002000,0,008096,0,987904,0,002000	0,002000,0,910045,0,085955,0,002000	0,002000,0,015464,0,980536,0,002000	0,002000,0,004197,0,991803,0,002000
373	0,002000,0,964204,0,002000,0,031796	0,002000,0,085683,0,002000,0,910317	0,002000,0,986958,0,002000,0,009042	0,002000,0,991999,0,002000,0,004001
376	0,002000,0,057133,0,002000,0,938867	0,002000,0,962192,0,002000,0,033808	0,002000,0,074846,0,002000,0,921154	0,002000,0,992400,0,002000,0,003600
379	0,971502,0,002000,0,024498,0,002000	0,052354,0,002000,0,943646,0,002000	0,033780,0,002000,0,962220,0,002000	0,008676,0,002000,0,987324,0,002000
380	0,002000,0,021144,0,002000,0,974856	0,002000,0,949232,0,002000,0,046768	0,002000,0,012134,0,002000,0,983866	0,002000,0,986180,0,002000,0,009820
382	0,002000,0,002000,0,968698,0,027302	0,002000,0,002000,0,041439,0,954561	0,002000,0,002000,0,987363,0,008637	0,002000,0,002000,0,005642,0,990358
388	0,002000,0,005675,0,002000,0,990325	0,002000,0,004634,0,002000,0,991366	0,002000,0,950777,0,002000,0,045223	0,002000,0,002000,0,002000,0,994000
394	0,922481,0,019506,0,056013,0,002000	0,020362,0,002600,0,975038,0,002000	0,025564,0,002000,0,970436,0,002000	0,004433,0,002859,0,990707,0,002000
403	0,002000,0,971153,0,002000,0,024847	0,002000,0,918875,0,002000,0,077125	0,002000,0,978518,0,002000,0,017482	0,002000,0,009977,0,002000,0,986023
418	0,002000,0,991767,0,002000,0,004233	0,002000,0,979322,0,002000,0,016678	0,002000,0,040313,0,002000,0,955687	0,002000,0,991925,0,002000,0,004075
421	0,002000,0,012639,0,002000,0,983361	0,002000,0,032046,0,002000,0,963954	0,002000,0,008024,0,002000,0,987976	0,002000,0,966406,0,002000,0,029594
424	0,002000,0,972851,0,002000,0,023149	0,002000,0,962084,0,002000,0,033916	0,002000,0,979504,0,002000,0,016496	0,002000,0,021103,0,002000,0,974897
427	0,002000,0,035872,0,002000,0,960128	0,002000,0,018893,0,002000,0,977107	0,002000,0,002000,0,002000,0,994000	0,002000,0,002000,0,002000,0,994000
430	0,002000,0,949348,0,002000,0,046652	0,002000,0,903983,0,002000,0,092017	0,002000,0,958104,0,002000,0,037896	0,002000,0,006981,0,002000,0,989019
433	0,002000,0,008632,0,002000,0,987368	0,002000,0,004614,0,002000,0,991386	0,002000,0,002000,0,002000,0,994000	0,002000,0,002000,0,002000,0,994000
436	0,002000,0,990948,0,002000,0,005052	0,002000,0,988267,0,002000,0,007733	0,002000,0,046215,0,002000,0,949785	0,002000,0,994000,0,002000,0,002000
442	0,002000,0,978118,0,002000,0,017882	0,002000,0,084238,0,002000,0,911762	0,002000,0,989538,0,002000,0,006462	0,002000,0,010157,0,002000,0,985843
444	0,002000,0,981307,0,014693,0,002000	0,002000,0,989743,0,006257,0,002000	0,002000,0,994000,0,002000,0,002000	0,002000,0,994000,0,002000,0,002000
445	0,002000,0,987790,0,002000,0,008210	0,002000,0,964012,0,002000,0,031988	0,002000,0,991834,0,002000,0,004166	0,002000,0,010636,0,002000,0,985364
448	0,012793,0,002000,0,983207,0,002000	0,005365,0,002000,0,990635,0,002000	0,002000,0,002000,0,994000,0,002000	0,002000,0,002000,0,994000,0,002000
449	0,002000,0,988927,0,002000,0,007073	0,002114,0,081921,0,002000,0,913965	0,002000,0,990345,0,002000,0,005655	0,002000,0,990203,0,002000,0,005797
451	0,003479,0,002000,0,992521,0,002000	0,916537,0,002000,0,079463,0,002000	0,968381,0,002000,0,027619,0,002000	0,929212,0,009663,0,057904,0,003221
454	0,035415,0,960585,0,002000,0,002000	0,018058,0,975408,0,004534,0,002000	0,002000,0,994000,0,002000,0,002000	0,014980,0,981020,0,002000,0,002000
457	0,002000,0,937055,0,002000,0,058945	0,002000,0,069469,0,002000,0,926531	0,002000,0,973148,0,002000,0,022852	0,002000,0,019302,0,002000,0,976698
460	0,002000,0,990443,0,002000,0,005557	0,002000,0,981780,0,002000,0,014220	0,002000,0,036652,0,002000,0,959348	0,002000,0,993648,0,002000,0,002352
463	0,010947,0,002000,0,985053,0,002000	0,033402,0,002000,0,962598,0,002000	0,027184,0,002000,0,968816,0,002000	0,980127,0,002000,0,015873,0,002000
464	0,002000,0,023931,0,002000,0,972069	0,002000,0,951615,0,002000,0,044385	0,002000,0,987354,0,002000,0,008646	0,002000,0,985008,0,002000,0,010992
466	0,002000,0,010528,0,985472,0,002000	0,002000,0,891878,0,104122,0,002000	0,002000,0,020676,0,975324,0,002000	0,002000,0,978549,0,017451,0,002000
472	0,002000,0,993297,0,002000,0,002703	0,002000,0,123629,0,002000,0,872371	0,002000,0,994000,0,002000,0,002000	0,002000,0,993648,0,002000,0,002352
481	0,987902,0,002000,0,008098,0,002000	0,082901,0,002000,0,913099,0,002000	0,958296,0,002000,0,037704,0,002000	0,008968,0,002000,0,987032,0,002000
482	0,002000,0,990833,0,002000,0,005167	0,002000,0,956684,0,002000,0,039316	0,002000,0,978163,0,002000,0,017837	0,002000,0,015693,0,021733,0,960573
484	0,973318,0,002000,0,022463,0,002220	0,937644,0,002000,0,058356,0,002000	0,016693,0,002000,0,979307,0,002000	0,008781,0,002000,0,966926,0,022293
485	0,002000,0,993749,0,002251,0,002000	0,002000,0,994000,0,002000,0,002000	0,002000,0,994000,0,002000,0,002000	0,002000,0,988137,0,007863,0,002000
487	0,002000,0,983649,0,012351,0,002000	0,002000,0,068753,0,927247,0,002000	0,002000,0,989475,0,006525,0,002000	0,002000,0,061845,0,934155,0,002000
490	0,002000,0,031962,0,002000,0,964038	0,002000,0,972769,0,002000,0,023231	0,002000,0,986061,0,002000,0,009939	0,002000,0,986328,0,002000,0,009672
491	0,980828,0,002000,0,015172,0,002000	0,063255,0,002000,0,932745,0,002000	0,992367,0,002000,0,003633,0,002000	0,008147,0,002000,0,987853,0,002000
493	0,002000,0,992535,0,002000,0,003465	0,002000,0,988230,0,002000,0,007770	0,002000,0,034110,0,002000,0,961890	0,002000,0,994000,0,002000,0,002000
497	0,976812,0,002000,0,018440,0,002748	0,060269,0,002000,0,922947,0,014784	0,039268,0,002000,0,038669,0,920063	0,020214,0,002000,0,975691,0,002095
499	0,002000,0,008920,0,002000,0,987080	0,002000,0,930917,0,002000,0,065083	0,002000,0,015651,0,002000,0,980349	0,002000,0,976410,0,002000,0,019590
505	0,002000,0,982201,0,002000,0,013799	0,002000,0,955395,0,002000,0,040605	0,004049,0,039864,0,002000,0,954087	0,002000,0,011706,0,002000,0,984294
511	0,002000,0,946533,0,002000,0,049467	0,002000,0,950546,0,002000,0,045454	0,002000,0,955049,0,002000,0,040951	0,002000,0,020502,0,002000,0,975498
512	0,002000,0,018657,0,002000,0,977343	0,002000,0,930232,0,002000,0,065768	0,002000,0,952079,0,002000,0,043921	0,002000,0,979541,0,002000,0,016459
514	0,016520,0,002000,0,979480,0,002000	0,039080,0,002000,0,956920,0,002000	0,979108,0,002000,0,016892,0,002000	0,984346,0,002000,0,011654,0,002000
520	0,939641,0,002000,0,056359,0,002000	0,037524,0,002000,0,958476,0,002000	0,010255,0,002000,0,985745,0,002000	0,007705,0,002000,0,988295,0,002000
521	0,992628,0,002000,0,003372,0,002000	0,990757,0,002000,0,005243,0,002000	0,041615,0,002000,0,954385,0,002000	0,987662,0,002000,0,008338,0,002000
523	0,002000,0,018365,0,002000,0,977635	0,002000,0,948906,0,002000,0,047094	0,002000,0,045061,0,002000,0,950939	0,002000,0,966584,0,002000,0,029416
544	0,019402,0,002000,0,976598,0,002000	0,003018,0,002000,0,992982,0,002000	0,002000,0,002000,0,994000,0,002000	0,002304,0,002000,0,993696,0,002000
556	0,002000,0,993617,0,002000,0,002383	0,002000,0,994000,0,002000,0,002000	0,002000,0,015825,0,002000,0,980175	0,002000,0,992105,0,002000,0,003895
559	0,994000,0,002000,0,002000,0,002000	0,991424,0,002000,0,004576,0,002000	0,048579,0,002000,0,947421,0,002000	0,983787,0,002000,0,012213,0,002000
562	0,002000,0,973127,0,002000,0,022873	0,002000,0,971290,0,002000,0,024710	0,002000,0,019520,0,002000,0,976480	0,002000,0,034100,0,002000,0,961900
563	0,002000,0,978674,0,002000,0,017326	0,002000,0,063437,0,002000,0,932563	0,002000,0,019599,0,002000,0,976401	0,002000,0,984219,0,002000,0,011781
574	0,002000,0,994000,0,002000,0,002000	0,002000,0,994000,0,002000,0,002000	0,002000,0,092994,0,903006,0,002000	0,002000,0,994000,0,002000,0,002000
577	0,002000,0,973113,0,002000,0,022887	0,002000,0,905652,0,002000,0,090348	0,002000,0,944106,0,002000,0,051894	0,002000,0,016155,0,002000,0,979845
580	0,961267,0,002905,0,002000,0,033828	0,071735,0,795762,0,002000,0,130503	0,014666,0,002000,0,002000,0,981334	0,011768,0,002000,0,002000,0,984232
583	0,002000,0,962157,0,002000,0,033843	0,002000,0,047880,0,002000,0,948120	0,002000,0,920553,0,002000,0,075447	0,002000,0,012115,0,002000,0,983885
589	0,002000,0,009721,0,002000,0,986279	0,002000,0,933806,0,002000,0,062194	0,002000,0,970885,0,002000,0,025115	0,002000,0,971752,0,002000,0,024248
595	0,002000,0,005636,0,002000,0,990364	0,002000,0,907344,0,002000,0,088656	0,005897,0,892290,0,005300,0,096513	0,002000,0,004448,0,002000,0,991552
598	0,025120,0,002000,0,970880,0,002000	0,048237,0,002000,0,947763,0,002000	0,145375,0,002000,0,850625,0,002000	0,983697,0,002000,0,012303,0,002000
601	0,057068,0,002000,0,002000,0,938932	0,983078,0,002000,0,002000,0,012922	0,095051,0,002000,0,900949,0,002000	0,990956,0,002000,0,002313,0,004731
604	0,012250,0,980633,0,002000,0,005116	0,052674,0,021459,0,002000,0,923868	0,050708,0,938470,0,002000,0,008822	0,980902,0,014644,0,002000,0,002454
610	0,013910,0,002000,0,982090,0,002000	0,908316,0,002000,0,087684,0,002000	0,040048,0,002000,0,955952,0,002000	0,968544,0,002000,0,027456,0,002000
613	0,002000,0,027753,0,968236,0,002011	0,002000,0,929130,0,060823,0,008046	0,002000,0,054870,0,026617,0,916514	0,002000,0,979768,0,014212,0,004020
616	0,058160,0,002000,0,937840,0,002000	0,970173,0,002000,0,025827,0,002000	0,075015,0,002000,0,920985,0,002000	0,989388,0,002000,0,006612,0,002000
619	0,018079,0,002000,0,977921,0,002000	0,081240,0,002000,0,914760,0,002000	0,979995,0,002000,0,016005,0,002000	0,979424,0,002000,0,016576,0,002000
622	0,002000,0,038111,0,002000,0,957889	0,002000,0,956380,0,002000,0,039620	0,002000,0,978270,0,002000,0,017730	0,002000,0,987423,0,002000,0,008577
625	0,002000,0,937924,0,002000,0,058076	0,002000,0,871522,0,002000,0,124478	0,002000,0,025853,0,002000,0,970147	0,002000,0,003284,0,002000,0,992716
627	0,002000,0,994000,0,002000,0,002000	0,002000,0,994000,0,002000,0,002000	0,002000,0,994000,0,002000,0,002000	0,002000,0,991471,0,002000,0,004529
628	0,068592,0,040619,0,002000,0,888789	0,069715,0,918308,0,002000,0,009976	0,066460,0,926056,0,002000,0,005484	0,988939,0,007061,0,002000,0,002000
631	0,002000,0,993196,0,002000,0,002804	0,002000,0,993315,0,002000,0,002685	0,002000,0,056330,0,002000,0,939670	0,002000,0,992048,0,002000,0,003952
634	0,002000,0,002000,0,002000,0,994000	0,002000,0,002000,0,002000,0,994000	0,002000,0,945916,0,002000,0,050084	0,002000,0,005617,0,002000,0,990383
636	0,002000,0,003625,0,002000,0,992375	0,002000,0,909057,0,002000,0,086943	0,002000,0,003383,0,002000,0,992617	0,002000,0,004811,0,002000,0,991189
637	0,952504,0,002000,0,043496,0,002000	0,927955,0,002000,0,068045,0,002000	0,955840,0,002000,0,040160,0,002000	0,028491,0,002000,0,967509,0,002000
638	0,994000,0,002000,0,002000,0,002000	0,986110,0,002000,0,009890,0,002000	0,041596,0,002000,0,954404,0,002000	0,987710,0,002000,0,004509,0,005781
644	0,031819,0,964181,0,002000,0,002000	0,967783,0,028217,0,002000,0,002000	0,965475,0,030525,0,002000,0,002000	0,022530,0,973470,0,002000,0,002000
645	0,002000,0,002072,0,002000,0,993928	0,002000,0,002000,0,002000,0,994000	0,002000,0,959980,0,004124,0,033896	0,002000,0,002000,0,002000,0,994000
646	0,992385,0,002000,0,003615,0,002000	0,994000,0,002000,0,002000,0,002000	0,061204,0,002000,0,934796,0,002000	0,994000,0,002000,0,002000,0,002000
652	0,051737,0,021684,0,002000,0,924579	0,975511,0,002000,0,002000,0,020489	0,049749,0,008209,0,002000,0,940041	0,973279,0,002000,0,002000,0,022721
656	0,002000,0,020595,0,002000,0,975405	0,002000,0,948543,0,002000,0,047457	0,002000,0,959969,0,002000,0,036031	0,002000,0,936026,0,002000,0,059974
658	0,002000,0,013765,0,002000,0,982235	0,002000,0,954774,0,002000,0,041226	0,002000,0,021977,0,002000,0,974023	0,002000,0,924870,0,002000,0,071130
661	0,002000,0,985414,0,002000,0,010586	0,002000,0,966515,0,002000,0,029485	0,002000,0,018982,0,002000,0,977018	0,002000,0,031851,0,002000,0,964149
662	0,002000,0,002000,0,994000,0,002000	0,002000,0,002000,0,993263,0,002737	0,002000,0,002000,0,994000,0,002000	0,002000,0,002000,0,988302,0,007698
664	0,018813,0,002000,0,977187,0,002000	0,068882,0,002000,0,927118,0,002000	0,979787,0,002000,0,016213,0,002000	0,979460,0,002000,0,016540,0,002000
665	0,002000,0,994000,0,002000,0,002000	0,002000,0,994000,0,002000,0,002000	0,002000,0,994000,0,002000,0,002000	0,012176,0,983824,0,002000,0,002000
667	0,007457,0,002000,0,988543,0,002000	0,952972,0,002000,0,043028,0,002000	0,009641,0,002000,0,986359,0,002000	0,952382,0,002000,0,043618,0,002000
670	0,002000,0,959291,0,002000,0,036709	0,002000,0,021446,0,002000,0,974554	0,002000,0,009538,0,002000,0,986462	0,002000,0,010176,0,002000,0,985824
674	0,002000,0,002000,0,002000,0,994000	0,002000,0,002000,0,002000,0,994000	0,002000,0,002000,0,002000,0,994000	0,002000,0,028114,0,002000,0,967886
676	0,002000,0,994000,0,002000,0,002000	0,002000,0,994000,0,002000,0,002000	0,002000,0,074427,0,002000,0,921573	0,002000,0,989214,0,002000,0,006786
677	0,980027,0,002000,0,015973,0,002000	0,969773,0,002000,0,026227,0,002000	0,972143,0,002000,0,023857,0,002000	0,045710,0,002000,0,950290,0,002000
687	0,002000,0,994000,0,002000,0,002000	0,002000,0,994000,0,002000,0,002000	0,002000,0,994000,0,002000,0,002000	0,003590,0,992410,0,002000,0,002000
688	0,002000,0,894914,0,002000,0,101086	0,002000,0,042397,0,005028,0,950576	0,002000,0,007025,0,002000,0,988975	0,002000,0,012829,0,002000,0,983171
691	0,002000,0,015815,0,002000,0,980185	0,002000,0,741074,0,002000,0,254926	0,002000,0,007700,0,002000,0,988300	0,002000,0,002004,0,002000,0,993996
697	0,002000,0,030284,0,002000,0,965716	0,002000,0,056361,0,002000,0,939639	0,002000,0,977773,0,002000,0,018227	0,002000,0,973448,0,002000,0,022552
700	0,981507,0,002067,0,014426,0,002000	0,053220,0,009198,0,935582,0,002000	0,016049,0,950249,0,031702,0,002000	0,017438,0,004570,0,975992,0,002000
703	0,983013,0,002000,0,012987,0,002000	0,948753,0,002000,0,047247,0,002000	0,008344,0,002000,0,987656,0,002000	0,018101,0,002000,0,977899,0,002000
706	0,005754,0,002000,0,990246,0,002000	0,929428,0,002000,0,066572,0,002000	0,970078,0,002000,0,025922,0,002000	0,009431,0,002000,0,986569,0,002000
709	0,967321,0,002000,0,028679,0,002000	0,019271,0,002000,0,976729,0,002000	0,913055,0,002000,0,082945,0,002000	0,009886,0,002000,0,986114,0,002000
713	0,983348,0,012652,0,002000,0,002000	0,040742,0,953432,0,003826,0,002000	0,308102,0,687898,0,002000,0,002000	0,038211,0,957789,0,002000,0,002000
715	0,002000,0,009974,0,002000,0,986026	0,002176,0,041581,0,002000,0,954243	0,002000,0,619365,0,002000,0,376635	0,002000,0,975793,0,002000,0,020207
717	0,011013,0,002000,0,984987,0,002000	0,963541,0,002000,0,032459,0,002000	0,976263,0,002000,0,019737,0,002000	0,983981,0,002000,0,012019,0,002000
718	0,002000,0,002000,0,002000,0,994000	0,909611,0,002000,0,002000,0,086389	0,399701,0,002000,0,002000,0,596299	0,003528,0,002000,0,002000,0,992472
719	0,983752,0,002000,0,012248,0,002000	0,065652,0,002000,0,930348,0,002000	0,564686,0,002000,0,431314,0,002000	0,041604,0,008877,0,947519,0,002000
721	0,984764,0,011236,0,002000,0,002000	0,030737,0,965263,0,002000,0,002000	0,022227,0,502905,0,002000,0,472868	0,022995,0,973005,0,002000,0,002000
722	0,047729,0,002000,0,948271,0,002000	0,972447,0,002000,0,023553,0,002000	0,980743,0,002000,0,011533,0,005724	0,986118,0,002000,0,009882,0,002000
724	0,002000,0,009657,0,002000,0,986343	0,002000,0,042078,0,002000,0,953922	0,002000,0,027260,0,002000,0,968740	0,002000,0,919936,0,002000,0,076064
725	0,002000,0,002000,0,994000,0,002000	0,002000,0,002000,0,994000,0,002000	0,002000,0,006270,0,989730,0,002000	0,002000,0,276217,0,719783,0,002000
726	0,021025,0,002000,0,745128,0,231848	0,002000,0,059342,0,009550,0,929108	0,002000,0,002911,0,026284,0,968805	0,002000,0,002000,0,231174,0,764826
727	0,994000,0,002000,0,002000,0,002000	0,992571,0,003429,0,002000,0,002000	0,994000,0,002000,0,002000,0,002000	0,988719,0,007281,0,002000,0,002000
728	0,033572,0,809776,0,145462,0,011191	0,002000,0,988411,0,004796,0,004793	0,002000,0,981210,0,002000,0,014790	0,002000,0,994000,0,002000,0,002000
729	0,994000,0,002000,0,002000,0,002000	0,103462,0,808632,0,002000,0,085906	0,992730,0,002000,0,002000,0,003270	0,981257,0,014743,0,002000,0,002000
732	0,984746,0,002000,0,011254,0,002000	0,984666,0,005334,0,008000,0,002000	0,994000,0,002000,0,002000,0,002000	0,993193,0,002000,0,002807,0,002000
734	0,994000,0,002000,0,002000,0,002000	0,053559,0,004920,0,939520,0,002000	0,992814,0,002000,0,003186,0,002000	0,993596,0,002000,0,002404,0,002000
735	0,002000,0,985581,0,010419,0,002000	0,002000,0,977837,0,018163,0,002000	0,002000,0,994000,0,002000,0,002000	0,002000,0,994000,0,002000,0,002000
736	0,002000,0,986982,0,002000,0,009018	0,002000,0,978772,0,002000,0,017228	0,002000,0,973501,0,002000,0,022499	0,002000,0,025617,0,002000,0,970383
738	0,994000,0,002000,0,002000,0,002000	0,093683,0,902317,0,002000,0,002000	0,994000,0,002000,0,002000,0,002000	0,994000,0,002000,0,002000,0,002000
739	0,002000,0,002000,0,002000,0,994000	0,002000,0,012463,0,002000,0,983537	0,002000,0,958209,0,002000,0,037791	0,002000,0,008199,0,002000,0,987801
742	0,031484,0,002000,0,964516,0,002000	0,005514,0,002671,0,989815,0,002000	0,946190,0,002000,0,049810,0,002000	0,004734,0,002000,0,991266,0,002000
748	0,002000,0,015528,0,002000,0,980472	0,002000,0,977528,0,002000,0,018472	0,002000,0,981393,0,002000,0,014607	0,002000,0,991557,0,002000,0,004443
754	0,002000,0,971104,0,002000,0,024896	0,002000,0,974928,0,002000,0,021072	0,002000,0,964645,0,002000,0,031355	0,002000,0,016141,0,002000,0,979859
758	0,002000,0,954876,0,002000,0,041124	0,002000,0,993640,0,002000,0,002360	0,002000,0,992955,0,002000,0,003045	0,002000,0,994000,0,002000,0,002000
766	0,002000,0,991378,0,002000,0,004622	0,002000,0,044265,0,002000,0,951735	0,002000,0,983728,0,002000,0,012272	0,002000,0,990873,0,002000,0,005127
767	0,975949,0,002000,0,020051,0,002000	0,029208,0,002000,0,966792,0,002000	0,950744,0,002000,0,045256,0,002000	0,017569,0,002000,0,978431,0,002000
769	0,994000,0,002000,0,002000,0,002000	0,053785,0,002000,0,942215,0,002000	0,994000,0,002000,0,002000,0,002000	0,993282,0,002000,0,002718,0,002000
772	0,002000,0,975498,0,002000,0,020502	0,002000,0,955756,0,002000,0,040244	0,002000,0,963247,0,002000,0,032753	0,002000,0,012198,0,002000,0,983802
775	0,036275,0,957830,0,002000,0,003895	0,072626,0,915648,0,002000,0,009726	0,042900,0,004501,0,002000,0,950599	0,989794,0,006206,0,002000,0,002000
778	0,022850,0,002000,0,973150,0,002000	0,030234,0,002000,0,965766,0,002000	0,063729,0,002000,0,932271,0,002000	0,988123,0,002000,0,007877,0,002000
781	0,002000,0,002000,0,994000,0,002000	0,002000,0,010549,0,985451,0,002000	0,002000,0,837809,0,158191,0,002000	0,002000,0,002000,0,994000,0,002000
782	0,002000,0,005421,0,002000,0,990579	0,002000,0,922449,0,002000,0,073551	0,002000,0,050375,0,002000,0,945625	0,002000,0,975795,0,002000,0,020205
783	0,994000,0,002000,0,002000,0,002000	0,978385,0,017615,0,002000,0,002000	0,093235,0,902765,0,002000,0,002000	0,994000,0,002000,0,002000,0,002000
784	0,002000,0,994000,0,002000,0,002000	0,002000,0,992391,0,002000,0,003609	0,002000,0,085791,0,002000,0,910209	0,002000,0,993632,0,002000,0,002368
787	0,021352,0,002000,0,974648,0,002000	0,955104,0,002000,0,040896,0,002000	0,978615,0,002000,0,017385,0,002000	0,971969,0,002000,0,024031,0,002000
790	0,981217,0,002000,0,014783,0,002000	0,926891,0,002000,0,069109,0,002000	0,041650,0,002000,0,954350,0,002000	0,014003,0,002000,0,981997,0,002000
793	0,854866,0,002000,0,141134,0,002000	0,003731,0,003726,0,990543,0,002000	0,002000,0,002000,0,994000,0,002000	0,002000,0,002000,0,994000,0,002000
795	0,002000,0,002000,0,002018,0,993982	0,002000,0,002000,0,002636,0,993364	0,002000,0,002000,0,002000,0,994000	0,002000,0,002000,0,002898,0,993102
796	0,002000,0,954588,0,003194,0,040218	0,002000,0,006930,0,013039,0,978031	0,002000,0,002000,0,979101,0,016899	0,002000,0,008242,0,007634,0,982124
805	0,989406,0,002000,0,006594,0,002000	0,054013,0,002000,0,941987,0,002000	0,045266,0,002000,0,950734,0,002000	0,990754,0,002000,0,005246,0,002000
809	0,002000,0,994000,0,002000,0,002000	0,002000,0,985631,0,010369,0,002000	0,002000,0,986074,0,009926,0,002000	0,002000,0,994000,0,002000,0,002000
811	0,002000,0,002000,0,991831,0,004169	0,002000,0,002530,0,073196,0,922274	0,002000,0,002000,0,988325,0,007675	0,002000,0,002000,0,993023,0,002977
823	0,056910,0,002000,0,939090,0,002000	0,028519,0,002000,0,967481,0,002000	0,022565,0,002000,0,973435,0,002000	0,972984,0,002000,0,023016,0,002000
832	0,002000,0,983749,0,002000,0,012251	0,002000,0,984893,0,002000,0,011107	0,002000,0,040048,0,002000,0,955952	0,002000,0,986884,0,002000,0,009116
835	0,941832,0,003604,0,050960,0,003604	0,052753,0,002000,0,943247,0,002000	0,020569,0,002000,0,975431,0,002000	0,986648,0,006793,0,004559,0,002000
836	0,003153,0,988544,0,002000,0,006303	0,002000,0,994000,0,002000,0,002000	0,002000,0,994000,0,002000,0,002000	0,007709,0,988291,0,002000,0,002000
838	0,007109,0,988891,0,002000,0,002000	0,002000,0,994000,0,002000,0,002000	0,002000,0,994000,0,002000,0,002000	0,002000,0,994000,0,002000,0,002000
841	0,002000,0,002000,0,027188,0,968812	0,002000,0,002000,0,943793,0,052207	0,002000,0,002000,0,955357,0,040643	0,002000,0,002000,0,973640,0,022360
844	0,027434,0,968566,0,002000,0,002000	0,034358,0,961642,0,002000,0,002000	0,024345,0,971655,0,002000,0,002000	0,969401,0,026599,0,002000,0,002000
859	0,002000,0,019686,0,002000,0,976314	0,002000,0,952062,0,002000,0,043938	0,002000,0,978245,0,002000,0,017755	0,002000,0,969587,0,002000,0,026413
865	0,049854,0,946146,0,002000,0,002000	0,054418,0,941582,0,002000,0,002000	0,042849,0,953151,0,002000,0,002000	0,983475,0,012525,0,002000,0,002000
871	0,002000,0,993480,0,002000,0,002520	0,002000,0,992034,0,002000,0,003966	0,002000,0,048140,0,002000,0,947860	0,002000,0,991394,0,002000,0,004606
877	0,982755,0,002000,0,013245,0,002000	0,078655,0,002000,0,917345,0,002000	0,018737,0,002000,0,977263,0,002000	0,987580,0,002000,0,008420,0,002000
886	0,006825,0,002000,0,989175,0,002000	0,923967,0,002000,0,072033,0,002000	0,003306,0,002000,0,992694,0,002000	0,007934,0,002000,0,988066,0,002000
889	0,002000,0,024517,0,002000,0,971483	0,002000,0,915190,0,002000,0,080810	0,002000,0,951127,0,002000,0,044873	0,002000,0,960122,0,002000,0,035878
890	0,014099,0,002000,0,981901,0,002000	0,846058,0,002000,0,149942,0,002000	0,933682,0,002000,0,062318,0,002000	0,926972,0,002000,0,069028,0,002000
895	0,117265,0,002000,0,002000,0,878735	0,938481,0,002000,0,002000,0,057519	0,068150,0,002000,0,002000,0,927850	0,986070,0,002000,0,002000,0,009930
898	0,076385,0,002000,0,919615,0,002000	0,936642,0,002000,0,059358,0,002000	0,032591,0,002000,0,963409,0,002000	0,012129,0,002000,0,983871,0,002000
916	0,002000,0,025887,0,002000,0,970113	0,002000,0,905851,0,002000,0,090149	0,002000,0,008427,0,002000,0,987573	0,002000,0,941739,0,002000,0,054261
925	0,002000,0,945459,0,002000,0,050541	0,002000,0,023361,0,002000,0,972639	0,002000,0,927998,0,002000,0,068002	0,002000,0,012352,0,002000,0,983648
928	0,002000,0,981132,0,002000,0,014868	0,002000,0,984617,0,002000,0,011383	0,002000,0,991228,0,002000,0,004772	0,002000,0,068372,0,002000,0,927628
935	0,002000,0,007455,0,002000,0,988545	0,002000,0,011233,0,002000,0,984767	0,002000,0,002000,0,002000,0,994000	0,002000,0,886503,0,002000,0,109497
937	0,988578,0,002000,0,007422,0,002000	0,013486,0,002000,0,982514,0,002000	0,989746,0,002000,0,006254,0,002000	0,955225,0,002000,0,040775,0,002000
946	0,002000,0,991204,0,002000,0,004796	0,002000,0,990472,0,002000,0,005528	0,002000,0,063942,0,002000,0,932058	0,002000,0,992753,0,002000,0,003247
949	0,002000,0,987315,0,002000,0,008685	0,002000,0,967606,0,002000,0,028394	0,002000,0,027514,0,002000,0,968486	0,002000,0,988154,0,002000,0,007846
961	0,008178,0,002000,0,987822,0,002000	0,925846,0,002000,0,070154,0,002000	0,012470,0,002000,0,983530,0,002000	0,018310,0,002000,0,977690,0,002000
964	0,007002,0,002000,0,976936,0,014061	0,907786,0,002000,0,042563,0,047651	0,010795,0,002000,0,963664,0,023541	0,007707,0,009591,0,058346,0,924356
973	0,002000,0,013613,0,982387,0,002000	0,002000,0,936670,0,059330,0,002000	0,002000,0,018260,0,977740,0,002000	0,002000,0,902815,0,093185,0,002000
976	0,002000,0,972581,0,002000,0,023419	0,002000,0,074747,0,002000,0,921253	0,002000,0,975682,0,002000,0,020318	0,002000,0,046082,0,002000,0,949918
977	0,985280,0,010720,0,002000,0,002000	0,202366,0,793634,0,002000,0,002000	0,984664,0,011336,0,002000,0,002000	0,089625,0,906375,0,002000,0,002000
985	0,002000,0,016563,0,002000,0,979437	0,002000,0,905761,0,002000,0,090239	0,002000,0,019756,0,002000,0,976244	0,002000,0,958997,0,002000,0,037003
997	0,002000,0,983015,0,002000,0,012985	0,002000,0,951526,0,002000,0,044474	0,002000,0,983135,0,002000,0,012865	0,002000,0,052145,0,002000,0,943855
1003	0,077332,0,002000,0,903856,0,016812	0,986176,0,002000,0,007877,0,003946	0,012414,0,002000,0,012564,0,973022	0,986287,0,002000,0,009246,0,002467
1004	0,088973,0,002000,0,907027,0,002000	0,978039,0,002000,0,017961,0,002000	0,012402,0,003088,0,982510,0,002000	0,982376,0,002000,0,013624,0,002000
1009	0,887676,0,084617,0,025706,0,002000	0,014133,0,981867,0,002000,0,002000	0,029087,0,030328,0,938584,0,002000	0,006519,0,989481,0,002000,0,002000
1013	0,002000,0,986289,0,002000,0,009711	0,002000,0,087990,0,002000,0,908010	0,002000,0,985692,0,002000,0,010308	0,002000,0,991501,0,002000,0,004499
1019	0,036297,0,124203,0,837500,0,002000	0,902917,0,072994,0,022089,0,002000	0,073353,0,194711,0,729937,0,002000	0,005716,0,983266,0,009018,0,002000
1021	0,009134,0,949448,0,039419,0,002000	0,931853,0,032783,0,033364,0,002000	0,013169,0,919910,0,064921,0,002000	0,009671,0,036638,0,951691,0,002000
1024	0,002000,0,904391,0,002000,0,091609	0,002000,0,027573,0,002000,0,968427	0,002000,0,937501,0,002000,0,058499	0,002000,0,023578,0,002000,0,972422
1026	0,994000,0,002000,0,002000,0,002000	0,990762,0,002000,0,002000,0,005238	0,108815,0,002000,0,887185,0,002000	0,994000,0,002000,0,002000,0,002000
1033	0,002000,0,007281,0,988719,0,002000	0,002000,0,937664,0,058336,0,002000	0,002000,0,016586,0,979414,0,002000	0,002000,0,969094,0,026906,0,002000
1036	0,991708,0,002000,0,004292,0,002000	0,994000,0,002000,0,002000,0,002000	0,057679,0,002000,0,938321,0,002000	0,994000,0,002000,0,002000,0,002000
1039	0,005966,0,002000,0,990034,0,002000	0,002000,0,002000,0,994000,0,002000	0,896869,0,002000,0,099131,0,002000	0,002000,0,002000,0,994000,0,002000
1042	0,994000,0,002000,0,002000,0,002000	0,994000,0,002000,0,002000,0,002000	0,974721,0,021279,0,002000,0,002000	0,991254,0,004746,0,002000,0,002000
1049	0,994000,0,002000,0,002000,0,002000	0,992997,0,002000,0,003003,0,002000	0,994000,0,002000,0,002000,0,002000	0,983170,0,002000,0,012830,0,002000
1050	0,002000,0,002000,0,002000,0,994000	0,003794,0,002000,0,002000,0,992206	0,002000,0,002000,0,002000,0,994000	0,009844,0,002000,0,002000,0,986156
1057	0,002918,0,002000,0,993082,0,002000	0,002827,0,002000,0,993173,0,002000	0,924723,0,002000,0,071277,0,002000	0,003524,0,002000,0,992476,0,002000
1061	0,002000,0,002000,0,106770,0,889230	0,002000,0,002000,0,984110,0,011890	0,002000,0,002000,0,973592,0,022408	0,002000,0,002000,0,992728,0,003272
1063	0,836599,0,002000,0,159401,0,002000	0,791981,0,002000,0,204019,0,002000	0,891680,0,002000,0,104320,0,002000	0,004749,0,002000,0,991251,0,002000
1066	0,002000,0,939581,0,002000,0,056419	0,002000,0,940838,0,002000,0,055162	0,002000,0,945863,0,002000,0,050137	0,002000,0,019636,0,002389,0,975976
1067	0,002000,0,877611,0,107467,0,012922	0,002000,0,868020,0,127980,0,002000	0,002000,0,064008,0,105486,0,828506	0,002000,0,006564,0,989436,0,002000
1073	0,002000,0,986660,0,002000,0,009340	0,002000,0,989488,0,006512,0,002000	0,002000,0,843292,0,002000,0,152708	0,002000,0,942252,0,053748,0,002000
1078	0,002000,0,907253,0,002000,0,088747	0,002000,0,002518,0,002000,0,993482	0,002000,0,011114,0,002000,0,984886	0,002000,0,590036,0,002000,0,405964
1082	0,002000,0,994000,0,002000,0,002000	0,002000,0,993265,0,002000,0,002735	0,002000,0,994000,0,002000,0,002000	0,002000,0,987728,0,002000,0,008272
1093	0,002000,0,968960,0,002000,0,027040	0,002000,0,041878,0,002000,0,954122	0,002000,0,819318,0,002000,0,176682	0,002000,0,022620,0,002000,0,973380
1102	0,002000,0,064593,0,002000,0,931407	0,002000,0,968504,0,002000,0,027496	0,002000,0,934903,0,002000,0,061097	0,002000,0,983743,0,002000,0,012257
1130	0,006162,0,978832,0,002000,0,013006	0,002000,0,990167,0,002000,0,005833	0,002000,0,346309,0,002000,0,649691	0,002000,0,994000,0,002000,0,002000
1135	0,387831,0,002000,0,608169,0,002000	0,491325,0,002000,0,504675,0,002000	0,388747,0,002000,0,607253,0,002000	0,991446,0,002000,0,004554,0,002000
1159	0,002000,0,852293,0,002000,0,143707	0,002000,0,685496,0,002000,0,310504	0,002000,0,438996,0,002000,0,557004	0,002000,0,009986,0,002000,0,986014
1183	0,009419,0,986581,0,002000,0,002000	0,002000,0,994000,0,002000,0,002000	0,002000,0,994000,0,002000,0,002000	0,002000,0,994000,0,002000,0,002000
1211	0,966664,0,002000,0,002000,0,029336	0,993203,0,002000,0,002000,0,002797	0,994000,0,002000,0,002000,0,002000	0,994000,0,002000,0,002000,0,002000
1213	0,994000,0,002000,0,002000,0,002000	0,994000,0,002000,0,002000,0,002000	0,994000,0,002000,0,002000,0,002000	0,979879,0,002000,0,016121,0,002000
1228	0,870293,0,002000,0,125707,0,002000	0,994000,0,002000,0,002000,0,002000	0,994000,0,002000,0,002000,0,002000	0,863272,0,002000,0,132728,0,002000
1240	0,002000,0,967421,0,002000,0,028579	0,002000,0,992175,0,002000,0,003825	0,002000,0,994000,0,002000,0,002000	0,002000,0,994000,0,002000,0,002000
1270	0,002000,0,989907,0,006093,0,002000	0,002000,0,994000,0,002000,0,002000	0,002000,0,994000,0,002000,0,002000	0,002000,0,993073,0,002927,0,002000
1271	0,919915,0,076085,0,002000,0,002000	0,252861,0,743139,0,002000,0,002000	0,875834,0,120166,0,002000,0,002000	0,117611,0,878389,0,002000,0,002000
1370	0,990455,0,002000,0,005545,0,002000	0,994000,0,002000,0,002000,0,002000	0,840299,0,002000,0,155701,0,002000	0,989073,0,002000,0,006927,0,002000
1382	0,994000,0,002000,0,002000,0,002000	0,990629,0,002000,0,002000,0,005371	0,991225,0,002000,0,002000,0,004775	0,992222,0,002000,0,002000,0,003778
1383	0,002000,0,002000,0,002000,0,994000	0,005451,0,002000,0,002000,0,990549	0,039388,0,002000,0,002000,0,956612	0,005168,0,002000,0,002000,0,990832
1384	0,002000,0,990459,0,002000,0,005541	0,002000,0,994000,0,002000,0,002000	0,002000,0,894608,0,002000,0,101392	0,002000,0,993604,0,002000,0,002396
1391	0,570404,0,425596,0,002000,0,002000	0,043054,0,952946,0,002000,0,002000	0,069373,0,926627,0,002000,0,002000	0,038182,0,957818,0,002000,0,002000
