Command arguments:  -t data/05.B1.W14.04/05.B1.W14.04 --bam data/05.B1.W14.04/05.B1.W14.04.bam --baseFreq data/05.B1.W14.04/11/step_1/05.B1.W14.04.lld --refSequence data/fasta/HCMV_Merlin_UL33.fasta --hapAlignment data/05.B1.W14.04/11/step_1/05.B1.W14.04Haplo.fasta --iterate
INITIAL	LL: -1811.5156358673178	PENALTY: 265.0	PENALISED LL: -2076.5156358673175
	0	0.0011872174837222963
	1	0.33293759417209257
	2	0.33293759417209257
	3	0.33293759417209257

Recombining haplotypes 3 and 2 in region 330-332
RECOMBINE	0	-2076.2441816355567
Recombining haplotypes 3 and 0 in region 853-860
RECOMBINE	1	-2076.2402383423323
Recombining haplotypes 1 and 2 in region 846-847
RECOMBINE	2	-2076.239730605449
Recombining haplotypes 1 and 4 in region 526-539
RECOMBINE	3	-2076.239730605149
Overwriting 2 with 1 in region 477-487
RECOMBINE	4	-2076.2397306051434
Overwriting 2 with 1 in region 518-542
RECOMBINE	5	-2076.2397306051434
Recombining haplotypes 1 and 3 in region 304-321
RECOMBINE	6	-2076.2397306051434
Overwriting 4 with 0 in region 1140-1140
RECOMBINE	7	-2076.2397306051434
Recombining haplotypes 0 and 3 in region 1349-1351
RECOMBINE	8	-2076.2397306051434
Overwriting 1 with 4 in region 189-191
RECOMBINE	9	-2076.2397306051434
Recombining haplotypes 4 and 1 in region 1212-1217
RECOMBINE	10	-2076.2397306051434
Recombining haplotypes 3 and 1 in region 1203-1222
RECOMBINE	11	-2076.2397306051434
Overwriting 0 with 1 in region 444-449
RECOMBINE	12	-2076.2397306051434
Recombining haplotypes 2 and 3 in region 362-367
RECOMBINE	13	-2076.2397306051434
Recombining haplotypes 3 and 2 in region 553-577
RECOMBINE	14	-2076.2397306051434
Recombining haplotypes 0 and 3 in region 117-119
RECOMBINE	15	-2076.2397306051434
Overwriting 2 with 3 in region 1006-1017
RECOMBINE	16	-2076.2397306051434
Recombining haplotypes 2 and 0 in region 1543-1544
RECOMBINE	17	-2076.2397306051434
Recombining haplotypes 0 and 4 in region 601-617
RECOMBINE	18	-2076.2397306051434
Overwriting 3 with 2 in region 364-370
RECOMBINE	19	-2076.2397306051434
INITIAL RECOMBINE	-1811.2397306051432	265.0	-2076.2397306051434
Combining haplotypes 0 and 1
Combining haplotypes 0 and 1
CONTRACT	1	-2023.2401795714918
Combining haplotypes 0 and 2
Combining haplotypes 0 and 2
CONTRACT	1	-2023.2401795714918
Combining haplotypes 0 and 3
Combining haplotypes 0 and 3
CONTRACT	1	-2023.2401795714918
Combining haplotypes 1 and 2
Combining haplotypes 1 and 2
CONTRACT	1	-2023.2401775921614
Combining haplotypes 1 and 3
Combining haplotypes 1 and 3
CONTRACT	1	-2023.2401775921614
Combining haplotypes 2 and 3
Combining haplotypes 2 and 3
CONTRACT	1	-2023.2401775921614
Recombining haplotypes 1 and 3 in region 477-484
RECOMBINE	1	0	-2023.2401775922242
Overwriting 0 with 2 in region 351-362
RECOMBINE	1	1	-2023.2401775922242
Overwriting 1 with 0 in region 371-374
RECOMBINE	1	2	-2023.2401775922242
Overwriting 2 with 3 in region 1077-1084
RECOMBINE	1	3	-2023.2401775922242
Recombining haplotypes 3 and 1 in region 30-41
RECOMBINE	1	4	-2023.2401775922242
Overwriting 3 with 2 in region 980-985
RECOMBINE	1	5	-2023.2401775922242
Recombining haplotypes 1 and 0 in region 425-433
RECOMBINE	1	6	-2023.2401775922242
Overwriting 2 with 3 in region 193-217
RECOMBINE	1	7	-2023.2401775922242
Overwriting 2 with 3 in region 794-800
RECOMBINE	1	8	-2023.2401775922242
Overwriting 1 with 3 in region 312-327
RECOMBINE	1	9	-2023.2401775922242
Overwriting 2 with 1 in region 1514-1518
RECOMBINE	1	10	-2023.2401775922242
Overwriting 3 with 1 in region 474-488
RECOMBINE	1	11	-2023.2401775922242
Overwriting 3 with 1 in region 993-994
RECOMBINE	1	12	-2023.2401775922242
Recombining haplotypes 1 and 2 in region 860-865
RECOMBINE	1	13	-2023.2401775922242
Recombining haplotypes 3 and 0 in region 209-230
RECOMBINE	1	14	-2023.2401775922242
Recombining haplotypes 2 and 0 in region 1127-1131
RECOMBINE	1	15	-2023.2401775922242
Recombining haplotypes 1 and 2 in region 813-818
RECOMBINE	1	16	-2023.2401775922242
Overwriting 2 with 1 in region 941-949
RECOMBINE	1	17	-2023.2401775922242
Recombining haplotypes 0 and 2 in region 728-730
RECOMBINE	1	18	-2023.2401775922242
Recombining haplotypes 1 and 2 in region 226-232
RECOMBINE	1	19	-2023.2401775922242

Big Iteration 1	LL: -1811.2401775921614	PENALTY: 212.0	PENALISED LL: -2023.2401775921614
	0	0.0011765991313613818
	1	0.3329411336228795
	3	0.665882267245759

Combining haplotypes 0 and 1
Combining haplotypes 0 and 1
CONTRACT	2	-1970.2421698749781
Combining haplotypes 0 and 3
Combining haplotypes 0 and 3
CONTRACT	2	-1970.2421698979076
Combining haplotypes 1 and 3
Combining haplotypes 1 and 3
CONTRACT	2	-1970.2421678411074
Recombining haplotypes 1 and 2 in region 114-125
RECOMBINE	2	0	-1970.2421678415628
Recombining haplotypes 0 and 1 in region 262-289
RECOMBINE	2	1	-1970.2421678415628
Overwriting 1 with 0 in region 926-927
RECOMBINE	2	2	-1970.2421678415628
Overwriting 2 with 0 in region 171-184
RECOMBINE	2	3	-1970.2421678415628
Overwriting 2 with 0 in region 26-34
RECOMBINE	2	4	-1970.2421678415628
Recombining haplotypes 1 and 0 in region 222-242
RECOMBINE	2	5	-1970.2421678415628
Recombining haplotypes 0 and 1 in region 1218-1225
RECOMBINE	2	6	-1970.2421678415628
Overwriting 0 with 2 in region 279-288
RECOMBINE	2	7	-1970.2421678415628
Overwriting 1 with 0 in region 1089-1096
RECOMBINE	2	8	-1970.2421678415628
Recombining haplotypes 1 and 2 in region 1580-1593
RECOMBINE	2	9	-1970.2421678415628
Overwriting 1 with 0 in region 1203-1216
RECOMBINE	2	10	-1970.2421678415628
Recombining haplotypes 2 and 0 in region 1156-1162
RECOMBINE	2	11	-1970.2421678415628
Overwriting 2 with 0 in region 1111-1120
RECOMBINE	2	12	-1970.2421678415628
Recombining haplotypes 2 and 1 in region 226-232
RECOMBINE	2	13	-1970.2421678415628
Overwriting 1 with 2 in region 449-458
RECOMBINE	2	14	-1970.2421678415628
Overwriting 0 with 2 in region 583-584
RECOMBINE	2	15	-1970.2421678415628
Overwriting 2 with 1 in region 682-683
RECOMBINE	2	16	-1970.2421678415628
Overwriting 0 with 2 in region 39-41
RECOMBINE	2	17	-1970.2421678415628
Overwriting 2 with 0 in region 159-163
RECOMBINE	2	18	-1970.2421678415628
Recombining haplotypes 2 and 0 in region 264-268
RECOMBINE	2	19	-1970.2421678415628

Big Iteration 2	LL: -1811.2421678411074	PENALTY: 159.0	PENALISED LL: -1970.2421678411074
	0	0.0011764562199194101
	2	0.9988235437800806

Combining haplotypes 0 and 2
Combining haplotypes 0 and 2
CONTRACT	3	-2462.376384935921

Big Iteration 3	LL: -1811.2421678411074	PENALTY: 159.0	PENALISED LL: -1970.2421678411074
	0	0.0011764562199194101
	2	0.9988235437800806

FINISHED

Big Iteration -1	LL: -1811.2421678411074	PENALTY: 159.0	PENALISED LL: -1970.2421678411074
	0	0.0011764562199194101
	2	0.9988235437800806


Haplotype frequencies
0	0,001176
2	0,998824
Active sites
38	0,250000,0,250000,0,250000,0,250000	0,057583,0,921220,0,019197,0,002000
112	0,002000,0,994000,0,002000,0,002000	0,002000,0,013023,0,002000,0,982977
120	0,250000,0,250000,0,250000,0,250000	0,109415,0,002000,0,886585,0,002000
121	0,002000,0,002000,0,994000,0,002000	0,007154,0,002000,0,988846,0,002000
194	0,542324,0,002000,0,002000,0,453676	0,002000,0,002000,0,002000,0,994000
195	0,002000,0,327828,0,668172,0,002000	0,994000,0,002000,0,002000,0,002000
225	0,994000,0,002000,0,002000,0,002000	0,002000,0,002000,0,994000,0,002000
226	0,002000,0,994000,0,002000,0,002000	0,002000,0,002000,0,002000,0,994000
256	0,002000,0,994000,0,002000,0,002000	0,002000,0,002000,0,002000,0,994000
319	0,002000,0,994000,0,002000,0,002000	0,002000,0,002000,0,002000,0,994000
325	0,002000,0,002000,0,994000,0,002000	0,994000,0,002000,0,002000,0,002000
331	0,002000,0,002000,0,002000,0,994000	0,002000,0,994000,0,002000,0,002000
333	0,002000,0,994000,0,002000,0,002000	0,002000,0,993940,0,002000,0,002060
345	0,002000,0,002000,0,002000,0,994000	0,002106,0,002000,0,002000,0,993894
346	0,994000,0,002000,0,002000,0,002000	0,990962,0,005038,0,002000,0,002000
353	0,002000,0,002000,0,994000,0,002000	0,994000,0,002000,0,002000,0,002000
361	0,994000,0,002000,0,002000,0,002000	0,002000,0,002000,0,994000,0,002000
363	0,002000,0,002000,0,002000,0,994000	0,002000,0,002000,0,003148,0,992852
366	0,002000,0,002000,0,002000,0,994000	0,002000,0,002000,0,002900,0,993100
382	0,002000,0,002000,0,002000,0,994000	0,002000,0,002000,0,994000,0,002000
391	0,002000,0,002000,0,994000,0,002000	0,994000,0,002000,0,002000,0,002000
393	0,002000,0,994000,0,002000,0,002000	0,004396,0,991604,0,002000,0,002000
394	0,002000,0,002000,0,994000,0,002000	0,002000,0,994000,0,002000,0,002000
433	0,002000,0,002000,0,002000,0,994000	0,002000,0,994000,0,002000,0,002000
444	0,002000,0,994000,0,002000,0,002000	0,002000,0,002000,0,994000,0,002000
448	0,002000,0,002000,0,994000,0,002000	0,994000,0,002000,0,002000,0,002000
481	0,002000,0,002000,0,994000,0,002000	0,994000,0,002000,0,002000,0,002000
490	0,002000,0,994000,0,002000,0,002000	0,002000,0,013277,0,002000,0,982723
491	0,002000,0,002000,0,994000,0,002000	0,994000,0,002000,0,002000,0,002000
505	0,002000,0,994000,0,002000,0,002000	0,004062,0,991938,0,002000,0,002000
538	0,002000,0,994000,0,002000,0,002000	0,002000,0,993585,0,002000,0,002415
616	0,994000,0,002000,0,002000,0,002000	0,002000,0,002000,0,994000,0,002000
627	0,002000,0,994000,0,002000,0,002000	0,002000,0,993957,0,002000,0,002043
735	0,002000,0,994000,0,002000,0,002000	0,002000,0,002000,0,994000,0,002000
766	0,002000,0,257127,0,002000,0,738873	0,002000,0,994000,0,002000,0,002000
767	0,002000,0,002000,0,994000,0,002000	0,994000,0,002000,0,002000,0,002000
796	0,002000,0,002000,0,002000,0,994000	0,002000,0,994000,0,002000,0,002000
801	0,002000,0,002000,0,994000,0,002000	0,002000,0,002000,0,991715,0,004285
820	0,002000,0,002000,0,994000,0,002000	0,994000,0,002000,0,002000,0,002000
839	0,250000,0,250000,0,250000,0,250000	0,002000,0,002000,0,993697,0,002303
1015	0,250000,0,250000,0,250000,0,250000	0,002000,0,992353,0,003647,0,002000
1056	0,250000,0,250000,0,250000,0,250000	0,002890,0,993110,0,002000,0,002000
1061	0,002000,0,002000,0,994000,0,002000	0,002000,0,002000,0,002000,0,994000
1114	0,002000,0,002000,0,994000,0,002000	0,993888,0,002000,0,002112,0,002000
1154	0,002000,0,994000,0,002000,0,002000	0,005879,0,990121,0,002000,0,002000
1211	0,250000,0,250000,0,250000,0,250000	0,986633,0,002000,0,002000,0,009367
1345	0,002000,0,488539,0,002000,0,507461	0,002000,0,004376,0,002000,0,991624
1356	0,250000,0,250000,0,250000,0,250000	0,002511,0,993489,0,002000,0,002000
1383	0,417965,0,002000,0,002000,0,578035	0,002000,0,002000,0,002000,0,994000
1384	0,250000,0,250000,0,250000,0,250000	0,002000,0,994000,0,002000,0,002000
1417	0,002000,0,994000,0,002000,0,002000	0,994000,0,002000,0,002000,0,002000
1421	0,002000,0,002000,0,994000,0,002000	0,002000,0,002000,0,984324,0,011676
