Command arguments:  -t data/38.M1.W03.10/38.M1.W03.10 --bam data/38.M1.W03.10/38.M1.W03.10.bam --baseFreq data/38.M1.W03.10/16/step_1/38.M1.W03.10.lld --refSequence data/fasta/HCMV_Merlin_UL33.fasta --hapAlignment data/38.M1.W03.10/16/step_1/38.M1.W03.10Haplo.fasta --iterate
INITIAL	LL: -22914.727621197704	PENALTY: 450.0	PENALISED LL: -23364.727621197704
	0	0.024134165810968198
	1	0.02461517957123572
	2	0.6553949271984847
	3	0.08756313720195488
	4	0.2082925902173566

Overwriting 2 with 4 in region 792-810
RECOMBINE	0	-23361.6394733089
Recombining haplotypes 2 and 0 in region 273-276
RECOMBINE	1	-23361.17662637137
Recombining haplotypes 1 and 3 in region 269-276
RECOMBINE	2	-23360.985016604205
Overwriting 1 with 4 in region 734-742
RECOMBINE	3	-23360.914527154127
Overwriting 3 with 4 in region 241-253
RECOMBINE	4	-23360.873583235425
Overwriting 1 with 2 in region 717-723
RECOMBINE	5	-23360.845587999367
Recombining haplotypes 3 and 0 in region 707-714
RECOMBINE	6	-23360.736724576615
Overwriting 1 with 2 in region 370-381
RECOMBINE	7	-23360.381252466967
Recombining haplotypes 1 and 2 in region 996-1010
RECOMBINE	8	-23360.918882439248
Overwriting 2 with 3 in region 218-242
RECOMBINE	9	-23360.36057010268
Overwriting 4 with 0 in region 882-888
RECOMBINE	10	-23360.357924110915
Overwriting 4 with 2 in region 1080-1087
RECOMBINE	11	-23360.35716743077
Overwriting 1 with 4 in region 346-356
RECOMBINE	12	-23360.356777412257
Overwriting 1 with 0 in region 1110-1114
RECOMBINE	13	-23360.35904426904
Overwriting 2 with 0 in region 1070-1090
RECOMBINE	14	-23360.35649894787
Recombining haplotypes 3 and 2 in region 715-727
RECOMBINE	15	-23362.22690289676
Recombining haplotypes 0 and 2 in region 1303-1322
RECOMBINE	16	-23360.2158988729
Recombining haplotypes 1 and 0 in region 305-312
RECOMBINE	17	-23359.988735784213
Recombining haplotypes 4 and 1 in region 220-239
RECOMBINE	18	-23354.48275727426
Recombining haplotypes 4 and 0 in region 275-279
RECOMBINE	19	-23340.32393258363
INITIAL RECOMBINE	-22890.32393258363	450.0	-23340.32393258363
Combining haplotypes 0 and 1
Combining haplotypes 0 and 1
CONTRACT	1	-23733.338559041276
Combining haplotypes 0 and 2
Combining haplotypes 0 and 2
CONTRACT	1	-23720.214147370418
Combining haplotypes 0 and 3
Combining haplotypes 0 and 3
CONTRACT	1	-23706.746049813275
Combining haplotypes 0 and 4
Combining haplotypes 0 and 4
CONTRACT	1	-23716.796208010383
Combining haplotypes 1 and 2
Combining haplotypes 1 and 2
CONTRACT	1	-23881.073769399394
Combining haplotypes 1 and 3
Combining haplotypes 1 and 3
CONTRACT	1	-23761.964147016042
Combining haplotypes 1 and 4
Combining haplotypes 1 and 4
CONTRACT	1	-23769.702012828777
Combining haplotypes 2 and 3
Combining haplotypes 2 and 3
CONTRACT	1	-23730.793821920095
Combining haplotypes 2 and 4
Combining haplotypes 2 and 4
CONTRACT	1	-23731.822069379352
Combining haplotypes 3 and 4
Combining haplotypes 3 and 4
CONTRACT	1	-23731.849960432137
Overwriting 4 with 3 in region 1079-1085
RECOMBINE	1	0	-23339.689769124758
Recombining haplotypes 3 and 1 in region 247-259
RECOMBINE	1	1	-23246.935906866485
Overwriting 0 with 1 in region 119-126
RECOMBINE	1	2	-23244.172459641657
Recombining haplotypes 2 and 0 in region 678-687
RECOMBINE	1	3	-23243.774301731457
Overwriting 3 with 4 in region 270-277
RECOMBINE	1	4	-23243.47862963865
Overwriting 1 with 2 in region 127-129
RECOMBINE	1	5	-23243.368635774474
Recombining haplotypes 2 and 4 in region 1309-1323
RECOMBINE	1	6	-23245.03088502266
Recombining haplotypes 1 and 2 in region 426-441
RECOMBINE	1	7	-23243.32809365021
Recombining haplotypes 3 and 2 in region 341-350
RECOMBINE	1	8	-23243.312069447435
Recombining haplotypes 3 and 4 in region 701-713
RECOMBINE	1	9	-23243.30448218436
Overwriting 3 with 0 in region 92-106
RECOMBINE	1	10	-23243.29958474668
Overwriting 1 with 0 in region 1110-1115
RECOMBINE	1	11	-23243.315878603804
Recombining haplotypes 4 and 2 in region 731-738
RECOMBINE	1	12	-23243.297240182004
Overwriting 0 with 2 in region 177-179
RECOMBINE	1	13	-23243.294939190837
Overwriting 2 with 0 in region 582-591
RECOMBINE	1	14	-23243.293565316777
Recombining haplotypes 1 and 3 in region 349-355
RECOMBINE	1	15	-23243.29274088368
Overwriting 2 with 4 in region 249-262
RECOMBINE	1	16	-23243.2921384662
Overwriting 1 with 0 in region 1054-1070
RECOMBINE	1	17	-23243.29179366737
Overwriting 2 with 1 in region 1107-1116
RECOMBINE	1	18	-23243.292269822912
Overwriting 1 with 3 in region 149-160
RECOMBINE	1	19	-23243.303740237705

Big Iteration 1	LL: -22793.29179366737	PENALTY: 450.0	PENALISED LL: -23243.29179366737
	0	0.02369963939079055
	1	0.05613025703690188
	2	0.6950426249830445
	3	0.038573136623226534
	4	0.18655434196603657

Combining haplotypes 0 and 1
Combining haplotypes 0 and 1
CONTRACT	2	-23696.081041016354
Combining haplotypes 0 and 2
Combining haplotypes 0 and 2
CONTRACT	2	-23604.01037323037
Combining haplotypes 0 and 3
Combining haplotypes 0 and 3
CONTRACT	2	-23608.60780713379
Combining haplotypes 0 and 4
Combining haplotypes 0 and 4
CONTRACT	2	-23604.65506245726
Combining haplotypes 1 and 2
Combining haplotypes 1 and 2
CONTRACT	2	-23775.65519545506
Combining haplotypes 1 and 3
Combining haplotypes 1 and 3
CONTRACT	2	-23641.31543603791
Combining haplotypes 1 and 4
Combining haplotypes 1 and 4
CONTRACT	2	-23785.430246468106
Combining haplotypes 2 and 3
Combining haplotypes 2 and 3
CONTRACT	2	-23739.291684631422
Combining haplotypes 2 and 4
Combining haplotypes 2 and 4
CONTRACT	2	-23749.60195674322
Combining haplotypes 3 and 4
Combining haplotypes 3 and 4
CONTRACT	2	-23740.38019371143

Big Iteration 2	LL: -22793.29179366737	PENALTY: 450.0	PENALISED LL: -23243.29179366737
	0	0.02369963939079055
	1	0.05613025703690188
	2	0.6950426249830445
	3	0.038573136623226534
	4	0.18655434196603657

FINISHED

Big Iteration -1	LL: -22793.29179366737	PENALTY: 450.0	PENALISED LL: -23243.29179366737
	0	0.02369963939079055
	1	0.05613025703690188
	2	0.6950426249830445
	3	0.038573136623226534
	4	0.18655434196603657


Haplotype frequencies
0	0,023700
1	0,056130
2	0,695043
3	0,038573
4	0,186554
Active sites
48	0,002000,0,994000,0,002000,0,002000	0,002000,0,994000,0,002000,0,002000	0,002000,0,993507,0,002000,0,002493	0,002000,0,994000,0,002000,0,002000	0,002000,0,994000,0,002000,0,002000
93	0,002000,0,994000,0,002000,0,002000	0,250000,0,250000,0,250000,0,250000	0,730139,0,038673,0,002000,0,229188	0,250000,0,250000,0,250000,0,250000	0,796648,0,002000,0,002000,0,199352
120	0,989779,0,002000,0,006221,0,002000	0,002000,0,002000,0,994000,0,002000	0,224009,0,002000,0,771991,0,002000	0,002000,0,002000,0,994000,0,002000	0,081899,0,002000,0,914101,0,002000
121	0,002000,0,002000,0,994000,0,002000	0,002000,0,002000,0,994000,0,002000	0,011781,0,002000,0,984219,0,002000	0,002000,0,002000,0,994000,0,002000	0,002000,0,002000,0,994000,0,002000
159	0,366930,0,629070,0,002000,0,002000	0,036064,0,860999,0,002000,0,100938	0,002000,0,978596,0,002000,0,017404	0,351126,0,457432,0,002000,0,189442	0,039872,0,956128,0,002000,0,002000
161	0,002000,0,002000,0,002000,0,994000	0,002000,0,022315,0,002000,0,973685	0,002000,0,002000,0,002000,0,994000	0,002000,0,065668,0,002000,0,930332	0,002000,0,002000,0,002000,0,994000
163	0,002000,0,002000,0,002000,0,994000	0,002000,0,002000,0,002000,0,994000	0,002000,0,002000,0,002000,0,994000	0,002000,0,044768,0,002000,0,951232	0,002000,0,004531,0,002000,0,991469
189	0,002000,0,035618,0,002000,0,960382	0,002000,0,002000,0,002000,0,994000	0,002000,0,002560,0,002000,0,993440	0,002000,0,002000,0,002000,0,994000	0,002000,0,002000,0,002000,0,994000
231	0,002000,0,994000,0,002000,0,002000	0,002000,0,994000,0,002000,0,002000	0,002000,0,994000,0,002000,0,002000	0,002000,0,994000,0,002000,0,002000	0,005132,0,990868,0,002000,0,002000
248	0,002000,0,002000,0,994000,0,002000	0,003778,0,002000,0,992222,0,002000	0,002000,0,002000,0,994000,0,002000	0,815983,0,002000,0,180017,0,002000	0,002294,0,002000,0,993706,0,002000
249	0,994000,0,002000,0,002000,0,002000	0,993124,0,002000,0,002000,0,002876	0,994000,0,002000,0,002000,0,002000	0,232352,0,002000,0,002000,0,763648	0,994000,0,002000,0,002000,0,002000
250	0,002000,0,994000,0,002000,0,002000	0,002000,0,994000,0,002000,0,002000	0,002000,0,994000,0,002000,0,002000	0,002000,0,687114,0,308886,0,002000	0,002000,0,994000,0,002000,0,002000
262	0,012227,0,002000,0,983773,0,002000	0,002000,0,002000,0,994000,0,002000	0,003007,0,002000,0,992993,0,002000	0,002000,0,002000,0,994000,0,002000	0,002000,0,002000,0,994000,0,002000
274	0,068705,0,002000,0,927295,0,002000	0,002000,0,002000,0,974974,0,021026	0,002000,0,002000,0,994000,0,002000	0,046175,0,002000,0,949825,0,002000	0,002000,0,002000,0,994000,0,002000
276	0,002000,0,056362,0,002000,0,939638	0,002000,0,009732,0,002000,0,986268	0,002000,0,002000,0,002000,0,994000	0,002000,0,020663,0,002000,0,975337	0,002000,0,002000,0,002000,0,994000
307	0,002000,0,036846,0,002000,0,959154	0,002000,0,002000,0,002000,0,994000	0,002000,0,011859,0,002000,0,984141	0,002000,0,002000,0,002000,0,994000	0,002000,0,010906,0,002000,0,985094
343	0,002000,0,029382,0,002000,0,966618	0,002000,0,002000,0,002000,0,994000	0,002000,0,002664,0,002000,0,993336	0,002000,0,002000,0,002000,0,994000	0,002000,0,005403,0,002000,0,990597
350	0,002000,0,002000,0,002000,0,994000	0,002000,0,002000,0,002000,0,994000	0,002000,0,005403,0,002000,0,990597	0,002000,0,002000,0,002000,0,994000	0,002000,0,003274,0,002000,0,992726
359	0,032116,0,963884,0,002000,0,002000	0,002000,0,994000,0,002000,0,002000	0,011643,0,984357,0,002000,0,002000	0,012811,0,983189,0,002000,0,002000	0,002000,0,994000,0,002000,0,002000
379	0,002000,0,002000,0,994000,0,002000	0,002000,0,002000,0,994000,0,002000	0,002000,0,002306,0,993694,0,002000	0,002000,0,002000,0,994000,0,002000	0,002000,0,002046,0,993954,0,002000
380	0,002000,0,994000,0,002000,0,002000	0,002000,0,994000,0,002000,0,002000	0,002000,0,991064,0,002000,0,004936	0,002000,0,984810,0,002000,0,011190	0,002000,0,993791,0,002000,0,002209
424	0,631069,0,364931,0,002000,0,002000	0,082969,0,913031,0,002000,0,002000	0,879225,0,116775,0,002000,0,002000	0,863512,0,132488,0,002000,0,002000	0,030107,0,965893,0,002000,0,002000
427	0,002000,0,002000,0,002000,0,994000	0,002000,0,009529,0,002000,0,986471	0,002000,0,003839,0,002000,0,992161	0,002000,0,002000,0,002000,0,994000	0,002000,0,002000,0,002000,0,994000
451	0,843024,0,002000,0,152976,0,002000	0,994000,0,002000,0,002000,0,002000	0,992632,0,002000,0,003368,0,002000	0,994000,0,002000,0,002000,0,002000	0,994000,0,002000,0,002000,0,002000
454	0,066647,0,002000,0,002000,0,929353	0,002000,0,699930,0,002000,0,296070	0,002000,0,012200,0,002000,0,983800	0,002000,0,002000,0,002000,0,994000	0,002000,0,928346,0,002000,0,067654
487	0,002000,0,096161,0,899839,0,002000	0,002000,0,038780,0,957220,0,002000	0,002000,0,011100,0,984900,0,002000	0,002000,0,002000,0,994000,0,002000	0,002000,0,023368,0,972632,0,002000
490	0,002000,0,937284,0,002000,0,058716	0,002000,0,994000,0,002000,0,002000	0,002000,0,994000,0,002000,0,002000	0,002000,0,994000,0,002000,0,002000	0,002000,0,993047,0,002000,0,002953
505	0,002000,0,967032,0,002000,0,028968	0,002000,0,527350,0,002000,0,468650	0,002000,0,994000,0,002000,0,002000	0,002000,0,994000,0,002000,0,002000	0,002000,0,994000,0,002000,0,002000
589	0,002000,0,980010,0,002000,0,015990	0,002000,0,994000,0,002000,0,002000	0,002000,0,989348,0,002000,0,006652	0,002000,0,982961,0,002000,0,013039	0,002000,0,987032,0,002000,0,008968
610	0,994000,0,002000,0,002000,0,002000	0,965060,0,002000,0,030940,0,002000	0,994000,0,002000,0,002000,0,002000	0,994000,0,002000,0,002000,0,002000	0,986539,0,002000,0,009461,0,002000
643	0,056700,0,002000,0,939300,0,002000	0,010987,0,002000,0,985013,0,002000	0,002000,0,002000,0,994000,0,002000	0,013446,0,002000,0,982554,0,002000	0,989432,0,002000,0,006568,0,002000
658	0,783493,0,155000,0,002000,0,059507	0,379321,0,002000,0,002000,0,616679	0,993570,0,002430,0,002000,0,002000	0,970099,0,025901,0,002000,0,002000	0,002000,0,994000,0,002000,0,002000
682	0,953772,0,042228,0,002000,0,002000	0,711522,0,284478,0,002000,0,002000	0,994000,0,002000,0,002000,0,002000	0,987190,0,008810,0,002000,0,002000	0,002000,0,994000,0,002000,0,002000
697	0,002000,0,002000,0,002000,0,994000	0,002000,0,322757,0,002000,0,673243	0,002000,0,002000,0,002000,0,994000	0,002000,0,002000,0,002000,0,994000	0,002000,0,005385,0,002000,0,990615
706	0,913838,0,002000,0,082162,0,002000	0,994000,0,002000,0,002000,0,002000	0,994000,0,002000,0,002000,0,002000	0,979592,0,002000,0,016408,0,002000	0,992447,0,002000,0,003553,0,002000
713	0,151585,0,844415,0,002000,0,002000	0,002000,0,991865,0,004135,0,002000	0,002000,0,994000,0,002000,0,002000	0,050437,0,945563,0,002000,0,002000	0,002000,0,994000,0,002000,0,002000
717	0,839221,0,002000,0,156779,0,002000	0,990577,0,002000,0,005423,0,002000	0,994000,0,002000,0,002000,0,002000	0,994000,0,002000,0,002000,0,002000	0,994000,0,002000,0,002000,0,002000
718	0,834055,0,002000,0,002000,0,161945	0,990355,0,002000,0,002000,0,005645	0,994000,0,002000,0,002000,0,002000	0,830267,0,002000,0,002000,0,165733	0,987613,0,002000,0,002000,0,008387
719	0,373795,0,002000,0,622205,0,002000	0,009700,0,002000,0,986300,0,002000	0,003034,0,002000,0,992966,0,002000	0,169530,0,002000,0,826470,0,002000	0,011505,0,002000,0,984495,0,002000
721	0,036626,0,944070,0,017304,0,002000	0,002000,0,994000,0,002000,0,002000	0,002314,0,993686,0,002000,0,002000	0,002000,0,990051,0,005949,0,002000	0,006287,0,989713,0,002000,0,002000
726	0,002000,0,161144,0,706793,0,130064	0,002000,0,215771,0,002000,0,780229	0,002000,0,002000,0,002000,0,994000	0,002000,0,929464,0,002000,0,066536	0,002000,0,035837,0,002000,0,960163
727	0,822603,0,173397,0,002000,0,002000	0,994000,0,002000,0,002000,0,002000	0,994000,0,002000,0,002000,0,002000	0,994000,0,002000,0,002000,0,002000	0,994000,0,002000,0,002000,0,002000
728	0,002000,0,435503,0,002000,0,560497	0,002000,0,994000,0,002000,0,002000	0,002000,0,994000,0,002000,0,002000	0,002000,0,994000,0,002000,0,002000	0,002000,0,992519,0,002000,0,003481
729	0,994000,0,002000,0,002000,0,002000	0,002000,0,622785,0,002000,0,373215	0,002000,0,946251,0,002000,0,049749	0,002000,0,037766,0,002000,0,958234	0,009868,0,924854,0,002000,0,063278
730	0,515996,0,167775,0,002000,0,314229	0,988422,0,007578,0,002000,0,002000	0,994000,0,002000,0,002000,0,002000	0,994000,0,002000,0,002000,0,002000	0,993487,0,002000,0,002000,0,002513
732	0,002000,0,322478,0,673522,0,002000	0,994000,0,002000,0,002000,0,002000	0,994000,0,002000,0,002000,0,002000	0,952363,0,002000,0,002000,0,043637	0,994000,0,002000,0,002000,0,002000
733	0,002000,0,517016,0,002000,0,478984	0,002000,0,002000,0,002000,0,994000	0,002000,0,002000,0,002000,0,994000	0,002000,0,002000,0,002000,0,994000	0,002000,0,002000,0,002000,0,994000
734	0,814994,0,140050,0,042956,0,002000	0,002000,0,002000,0,994000,0,002000	0,002000,0,002000,0,994000,0,002000	0,002000,0,002000,0,994000,0,002000	0,003759,0,002000,0,992241,0,002000
735	0,002000,0,387938,0,608062,0,002000	0,002000,0,994000,0,002000,0,002000	0,002000,0,989592,0,006408,0,002000	0,002000,0,994000,0,002000,0,002000	0,002000,0,975995,0,020005,0,002000
738	0,835932,0,160068,0,002000,0,002000	0,002000,0,994000,0,002000,0,002000	0,002000,0,994000,0,002000,0,002000	0,002000,0,994000,0,002000,0,002000	0,003966,0,992034,0,002000,0,002000
795	0,002000,0,002000,0,002000,0,994000	0,002000,0,002000,0,002000,0,994000	0,002000,0,002000,0,002020,0,993980	0,002000,0,002000,0,025037,0,970963	0,002000,0,002000,0,002000,0,994000
796	0,002000,0,002000,0,002000,0,994000	0,002000,0,002000,0,002000,0,994000	0,002000,0,002208,0,002000,0,993792	0,002000,0,032222,0,002000,0,963778	0,002000,0,005284,0,002000,0,990716
809	0,002000,0,994000,0,002000,0,002000	0,002000,0,994000,0,002000,0,002000	0,002000,0,993645,0,002355,0,002000	0,002000,0,994000,0,002000,0,002000	0,002000,0,992412,0,003588,0,002000
818	0,002000,0,357303,0,002000,0,638697	0,002000,0,364410,0,002000,0,631590	0,002000,0,018295,0,002000,0,977705	0,002000,0,007034,0,002000,0,988966	0,002000,0,994000,0,002000,0,002000
820	0,002000,0,002000,0,994000,0,002000	0,002000,0,002000,0,994000,0,002000	0,002000,0,002000,0,983252,0,012748	0,002000,0,002000,0,975476,0,020524	0,002227,0,002000,0,993773,0,002000
876	0,002000,0,994000,0,002000,0,002000	0,002000,0,994000,0,002000,0,002000	0,002000,0,994000,0,002000,0,002000	0,018894,0,977106,0,002000,0,002000	0,002000,0,994000,0,002000,0,002000
886	0,994000,0,002000,0,002000,0,002000	0,994000,0,002000,0,002000,0,002000	0,992299,0,002000,0,003701,0,002000	0,989148,0,002000,0,006852,0,002000	0,991070,0,002000,0,004930,0,002000
895	0,994000,0,002000,0,002000,0,002000	0,994000,0,002000,0,002000,0,002000	0,975529,0,002000,0,002000,0,020471	0,978497,0,002000,0,002000,0,017503	0,994000,0,002000,0,002000,0,002000
898	0,864597,0,002000,0,131403,0,002000	0,934064,0,002000,0,061936,0,002000	0,992390,0,002000,0,003610,0,002000	0,989392,0,002000,0,006608,0,002000	0,010474,0,002000,0,985526,0,002000
952	0,896660,0,002000,0,099340,0,002000	0,505387,0,002000,0,490613,0,002000	0,994000,0,002000,0,002000,0,002000	0,994000,0,002000,0,002000,0,002000	0,992322,0,002000,0,003678,0,002000
976	0,002000,0,025437,0,002000,0,970563	0,002000,0,002000,0,002000,0,994000	0,002000,0,004450,0,002000,0,991550	0,002000,0,002000,0,002000,0,994000	0,002000,0,009650,0,002000,0,986350
1003	0,766333,0,002000,0,229667,0,002000	0,887086,0,002000,0,108914,0,002000	0,994000,0,002000,0,002000,0,002000	0,994000,0,002000,0,002000,0,002000	0,991153,0,002000,0,004847,0,002000
1004	0,714103,0,002000,0,281897,0,002000	0,826485,0,002000,0,169515,0,002000	0,993929,0,002000,0,002071,0,002000	0,994000,0,002000,0,002000,0,002000	0,988854,0,002000,0,007146,0,002000
1005	0,100753,0,895247,0,002000,0,002000	0,002000,0,994000,0,002000,0,002000	0,002000,0,994000,0,002000,0,002000	0,002000,0,994000,0,002000,0,002000	0,002000,0,994000,0,002000,0,002000
1006	0,002000,0,291146,0,704854,0,002000	0,002000,0,769514,0,226486,0,002000	0,002000,0,006865,0,989135,0,002000	0,002000,0,002000,0,994000,0,002000	0,002000,0,966987,0,029013,0,002000
1008	0,002000,0,994000,0,002000,0,002000	0,002000,0,994000,0,002000,0,002000	0,004112,0,991888,0,002000,0,002000	0,002000,0,994000,0,002000,0,002000	0,002000,0,994000,0,002000,0,002000
1018	0,002000,0,002000,0,994000,0,002000	0,002000,0,017080,0,978920,0,002000	0,002000,0,003055,0,992945,0,002000	0,002000,0,002000,0,994000,0,002000	0,002000,0,002000,0,994000,0,002000
1019	0,002000,0,002000,0,994000,0,002000	0,661636,0,002000,0,334364,0,002000	0,002000,0,002000,0,994000,0,002000	0,011782,0,002000,0,984218,0,002000	0,977691,0,002933,0,017376,0,002000
1025	0,994000,0,002000,0,002000,0,002000	0,532263,0,002000,0,463737,0,002000	0,994000,0,002000,0,002000,0,002000	0,994000,0,002000,0,002000,0,002000	0,049669,0,002000,0,945237,0,003093
1073	0,002000,0,994000,0,002000,0,002000	0,002000,0,994000,0,002000,0,002000	0,002000,0,986484,0,002000,0,009516	0,002000,0,994000,0,002000,0,002000	0,002000,0,988194,0,002000,0,007806
1081	0,002000,0,002000,0,962228,0,033772	0,002000,0,002000,0,994000,0,002000	0,002000,0,002000,0,994000,0,002000	0,002000,0,002000,0,983433,0,012567	0,002000,0,002000,0,992696,0,003304
1099	0,002000,0,162619,0,002000,0,833381	0,002000,0,925575,0,002000,0,070425	0,002000,0,019646,0,002000,0,976354	0,002000,0,022305,0,002000,0,973695	0,002000,0,938594,0,002000,0,057406
1111	0,940212,0,002000,0,055788,0,002000	0,666049,0,002000,0,329951,0,002000	0,993869,0,002131,0,002000,0,002000	0,994000,0,002000,0,002000,0,002000	0,994000,0,002000,0,002000,0,002000
1124	0,002000,0,002000,0,994000,0,002000	0,002000,0,002000,0,992810,0,003190	0,002000,0,002000,0,988766,0,007234	0,002000,0,002000,0,985458,0,010542	0,002000,0,002000,0,994000,0,002000
1211	0,371173,0,002000,0,002000,0,624827	0,994000,0,002000,0,002000,0,002000	0,994000,0,002000,0,002000,0,002000	0,994000,0,002000,0,002000,0,002000	0,994000,0,002000,0,002000,0,002000
1213	0,994000,0,002000,0,002000,0,002000	0,994000,0,002000,0,002000,0,002000	0,984795,0,002000,0,011205,0,002000	0,994000,0,002000,0,002000,0,002000	0,994000,0,002000,0,002000,0,002000
1228	0,250000,0,250000,0,250000,0,250000	0,627475,0,002000,0,368525,0,002000	0,994000,0,002000,0,002000,0,002000	0,002000,0,002000,0,994000,0,002000	0,994000,0,002000,0,002000,0,002000
1318	0,002000,0,994000,0,002000,0,002000	0,002000,0,014516,0,002000,0,981484	0,002000,0,985674,0,002000,0,010326	0,002000,0,959718,0,002000,0,036282	0,002000,0,123523,0,002000,0,872477
1321	0,002000,0,002000,0,002000,0,994000	0,002000,0,994000,0,002000,0,002000	0,002000,0,002000,0,002000,0,994000	0,002000,0,004791,0,002000,0,991209	0,002000,0,822815,0,002000,0,173185
1382	0,994000,0,002000,0,002000,0,002000	0,994000,0,002000,0,002000,0,002000	0,993441,0,002000,0,002000,0,002559	0,994000,0,002000,0,002000,0,002000	0,989828,0,002000,0,002000,0,006172
1384	0,002000,0,994000,0,002000,0,002000	0,002000,0,994000,0,002000,0,002000	0,002000,0,989044,0,002000,0,006956	0,002000,0,994000,0,002000,0,002000	0,002000,0,994000,0,002000,0,002000
1394	0,002000,0,002000,0,002000,0,994000	0,002000,0,981717,0,002000,0,014283	0,002000,0,022381,0,002000,0,973619	0,002000,0,075128,0,002000,0,920872	0,002000,0,741667,0,002000,0,254333
