Command arguments:  -t data/27.M1.W10.07/27.M1.W10.07 --bam data/27.M1.W10.07/27.M1.W10.07.bam --baseFreq data/27.M1.W10.07/13/step_1/27.M1.W10.07.lld --refSequence data/fasta/HCMV_Merlin_UL33.fasta --hapAlignment data/27.M1.W10.07/13/step_1/27.M1.W10.07Haplo.fasta --iterate
INITIAL	LL: -71545.58210926969	PENALTY: 1170.0	PENALISED LL: -72715.58210926969
	0	0.19029063259240983
	1	0.29274861497513527
	2	0.22421213745731958
	4	0.29274861497513527

Overwriting 0 with 2 in region 860-875
RECOMBINE	0	-72715.16301665535
Recombining haplotypes 4 and 1 in region 1268-1272
RECOMBINE	1	-72715.15013011973
Recombining haplotypes 0 and 2 in region 761-772
RECOMBINE	2	-72715.15192202652
Overwriting 2 with 1 in region 611-617
RECOMBINE	3	-72715.15012687947
Recombining haplotypes 1 and 4 in region 402-413
RECOMBINE	4	-72715.15012662331
Recombining haplotypes 4 and 2 in region 431-448
RECOMBINE	5	-65528.94196854372
Overwriting 1 with 0 in region 322-327
RECOMBINE	6	-65528.09557554725
Recombining haplotypes 0 and 2 in region 764-769
RECOMBINE	7	-65527.853447431735
Overwriting 4 with 2 in region 1077-1081
RECOMBINE	8	-65527.82698543125
Overwriting 0 with 4 in region 1072-1081
RECOMBINE	9	-65527.82736445739
Recombining haplotypes 2 and 4 in region 960-964
RECOMBINE	10	-65527.83353882771
Recombining haplotypes 2 and 1 in region 754-762
RECOMBINE	11	-65527.82493017988
Overwriting 0 with 2 in region 923-934
RECOMBINE	12	-65528.300296128946
Overwriting 0 with 2 in region 992-1003
RECOMBINE	13	-65527.866443794366
Recombining haplotypes 0 and 2 in region 219-232
RECOMBINE	14	-65527.98547880326
Recombining haplotypes 4 and 0 in region 934-941
RECOMBINE	15	-65527.86197157582
Overwriting 0 with 4 in region 822-833
RECOMBINE	16	-65527.82448953529
Overwriting 4 with 0 in region 725-732
RECOMBINE	17	-65527.82757905641
Recombining haplotypes 2 and 4 in region 760-777
RECOMBINE	18	-65527.862614319696
Overwriting 0 with 1 in region 795-811
RECOMBINE	19	-65527.82510513678
INITIAL RECOMBINE	-64357.82448953529	1170.0	-65527.82448953529
Combining haplotypes 0 and 1
Combining haplotypes 0 and 1
CONTRACT	1	-72481.77751625574
Combining haplotypes 0 and 2
Combining haplotypes 0 and 2
CONTRACT	1	-72481.96957486133
Combining haplotypes 0 and 4
Combining haplotypes 0 and 4
CONTRACT	1	-72482.0598798783
Combining haplotypes 1 and 2
Combining haplotypes 1 and 2
CONTRACT	1	-72481.22533402982
Combining haplotypes 1 and 4
Combining haplotypes 1 and 4
CONTRACT	1	-72481.35211249668
Combining haplotypes 2 and 4
Combining haplotypes 2 and 4
CONTRACT	1	-72482.01609528018
Recombining haplotypes 2 and 0 in region 600-622
RECOMBINE	1	0	-65528.02898833959
Recombining haplotypes 4 and 1 in region 545-572
RECOMBINE	1	1	-65527.828667254034
Recombining haplotypes 4 and 2 in region 922-930
RECOMBINE	1	2	-65527.83432220792
Overwriting 0 with 4 in region 822-825
RECOMBINE	1	3	-65527.824163588055
Recombining haplotypes 1 and 0 in region 984-989
RECOMBINE	1	4	-65528.09573361337
Overwriting 1 with 3 in region 655-656
RECOMBINE	1	5	-65527.823932197985
Overwriting 3 with 1 in region 553-563
RECOMBINE	1	6	-65527.82373011536
Recombining haplotypes 1 and 4 in region 1243-1252
RECOMBINE	1	7	-65527.82353311021
Overwriting 3 with 2 in region 368-371
RECOMBINE	1	8	-65527.823449585485
Recombining haplotypes 0 and 4 in region 200-217
RECOMBINE	1	9	-65527.846038961
Overwriting 4 with 0 in region 983-987
RECOMBINE	1	10	-65527.910420772576
Overwriting 0 with 4 in region 83-96
RECOMBINE	1	11	-65527.82362476181
Recombining haplotypes 2 and 4 in region 1127-1140
RECOMBINE	1	12	-65527.82665507833
Overwriting 2 with 0 in region 1002-1031
RECOMBINE	1	13	-65527.958669728745
Recombining haplotypes 1 and 4 in region 229-242
RECOMBINE	1	14	-65527.890570000935
Recombining haplotypes 1 and 4 in region 929-936
RECOMBINE	1	15	-65527.823846557614
Overwriting 2 with 4 in region 318-322
RECOMBINE	1	16	-65527.823462205866
Recombining haplotypes 1 and 4 in region 489-500
RECOMBINE	1	17	-65527.82358464363
Recombining haplotypes 1 and 4 in region 1205-1220
RECOMBINE	1	18	-65531.47827388837
Overwriting 4 with 0 in region 971-975
RECOMBINE	1	19	-65527.836994878235

Big Iteration 1	LL: -64357.823449585485	PENALTY: 1170.0	PENALISED LL: -65527.823449585485
	0	0.18107802439474893
	1	0.5647560525687909
	2	0.2115629754911187
	4	0.04260294754534145

FINISHED

Big Iteration -1	LL: -64357.823449585485	PENALTY: 1170.0	PENALISED LL: -65527.823449585485
	0	0.18107802439474893
	1	0.5647560525687909
	2	0.2115629754911187
	4	0.04260294754534145


Haplotype frequencies
0	0,181078
1	0,564756
2	0,211563
4	0,042603
Active sites
65	0,002000,0,028178,0,002000,0,967822	0,002000,0,973696,0,002000,0,022304	0,002000,0,971817,0,002000,0,024183	0,002000,0,761284,0,002000,0,234716
68	0,912379,0,002000,0,083621,0,002000	0,008718,0,002000,0,987282,0,002000	0,010928,0,002000,0,985072,0,002000	0,111538,0,002000,0,884462,0,002000
92	0,994000,0,002000,0,002000,0,002000	0,910254,0,002000,0,002000,0,085746	0,939427,0,002000,0,002000,0,056573	0,994000,0,002000,0,002000,0,002000
95	0,888310,0,002000,0,002000,0,107690	0,002254,0,002000,0,002000,0,993746	0,004223,0,002000,0,002000,0,991777	0,115459,0,002000,0,002000,0,880541
105	0,002000,0,939136,0,002000,0,056864	0,002000,0,009073,0,002000,0,986927	0,002000,0,010287,0,002000,0,985713	0,002000,0,159319,0,002000,0,836681
112	0,002000,0,234159,0,002000,0,761841	0,002000,0,991784,0,002000,0,004216	0,002000,0,994000,0,002000,0,002000	0,002000,0,939573,0,002000,0,056427
114	0,053847,0,002000,0,942153,0,002000	0,983135,0,002000,0,012865,0,002000	0,989143,0,002000,0,006857,0,002000	0,750182,0,002000,0,245818,0,002000
116	0,002000,0,002000,0,994000,0,002000	0,005566,0,002000,0,990434,0,002000	0,002000,0,002000,0,994000,0,002000	0,002000,0,002000,0,994000,0,002000
120	0,046845,0,002000,0,949155,0,002000	0,194784,0,002000,0,801216,0,002000	0,158528,0,002000,0,837472,0,002000	0,393548,0,002000,0,602452,0,002000
121	0,004799,0,002000,0,991201,0,002000	0,009540,0,002000,0,985512,0,002947	0,008254,0,002000,0,987746,0,002000	0,002000,0,002000,0,994000,0,002000
161	0,002000,0,881953,0,002000,0,114047	0,002000,0,004013,0,002000,0,991987	0,002000,0,002000,0,002000,0,994000	0,018851,0,072450,0,002000,0,906699
162	0,002000,0,843923,0,002000,0,152077	0,002000,0,002571,0,002000,0,993429	0,002000,0,002000,0,002000,0,994000	0,002000,0,036519,0,002000,0,959481
163	0,002000,0,797667,0,002000,0,198333	0,002000,0,004282,0,002000,0,991718	0,002000,0,002000,0,002000,0,994000	0,002000,0,055172,0,002000,0,940828
164	0,113054,0,002000,0,882946,0,002000	0,990569,0,002000,0,005431,0,002000	0,993640,0,002000,0,002360,0,002000	0,941438,0,002000,0,054562,0,002000
197	0,030052,0,965948,0,002000,0,002000	0,989940,0,006060,0,002000,0,002000	0,069303,0,924625,0,004071,0,002000	0,854068,0,141932,0,002000,0,002000
202	0,985245,0,002000,0,010755,0,002000	0,002000,0,002000,0,994000,0,002000	0,003311,0,002000,0,992689,0,002000	0,075038,0,002000,0,920962,0,002000
210	0,002000,0,991121,0,002000,0,004879	0,002000,0,022331,0,002000,0,973669	0,002000,0,983581,0,002000,0,012419	0,002000,0,634515,0,002000,0,361485
219	0,988823,0,007177,0,002000,0,002000	0,002819,0,993181,0,002000,0,002000	0,002000,0,994000,0,002000,0,002000	0,070716,0,925284,0,002000,0,002000
225	0,065569,0,002000,0,930431,0,002000	0,994000,0,002000,0,002000,0,002000	0,993243,0,002757,0,002000,0,002000	0,988104,0,002000,0,007896,0,002000
226	0,002000,0,057800,0,002000,0,938200	0,002000,0,994000,0,002000,0,002000	0,006311,0,989689,0,002000,0,002000	0,002000,0,992628,0,002000,0,003372
228	0,002000,0,994000,0,002000,0,002000	0,004656,0,991344,0,002000,0,002000	0,900197,0,095803,0,002000,0,002000	0,162014,0,833986,0,002000,0,002000
230	0,002081,0,002000,0,993919,0,002000	0,994000,0,002000,0,002000,0,002000	0,994000,0,002000,0,002000,0,002000	0,870458,0,002000,0,125542,0,002000
231	0,991507,0,004493,0,002000,0,002000	0,002208,0,993792,0,002000,0,002000	0,007241,0,988759,0,002000,0,002000	0,103546,0,879576,0,014878,0,002000
233	0,990464,0,005536,0,002000,0,002000	0,983100,0,012900,0,002000,0,002000	0,017234,0,978766,0,002000,0,002000	0,616869,0,379131,0,002000,0,002000
241	0,002000,0,010343,0,002000,0,985657	0,002000,0,994000,0,002000,0,002000	0,002000,0,994000,0,002000,0,002000	0,002000,0,953691,0,002000,0,042309
242	0,006172,0,002000,0,989828,0,002000	0,994000,0,002000,0,002000,0,002000	0,994000,0,002000,0,002000,0,002000	0,950123,0,002000,0,045877,0,002000
247	0,002000,0,991254,0,002000,0,004746	0,002000,0,002000,0,002000,0,994000	0,002000,0,002000,0,002000,0,994000	0,002000,0,089155,0,002000,0,906845
248	0,991703,0,002000,0,004297,0,002000	0,009636,0,002000,0,986364,0,002000	0,012352,0,002000,0,983648,0,002000	0,098903,0,002000,0,897097,0,002000
249	0,005084,0,002000,0,002000,0,990916	0,990481,0,002000,0,002000,0,005519	0,988403,0,002000,0,002000,0,007597	0,909122,0,002000,0,002886,0,085993
250	0,002000,0,993248,0,002000,0,002752	0,002000,0,994000,0,002000,0,002000	0,002000,0,991811,0,004189,0,002000	0,002000,0,980385,0,015615,0,002000
253	0,002000,0,994000,0,002000,0,002000	0,002000,0,002000,0,002000,0,994000	0,002000,0,002000,0,002000,0,994000	0,011618,0,039587,0,002000,0,946795
256	0,002000,0,009561,0,002000,0,986439	0,002000,0,994000,0,002000,0,002000	0,002000,0,994000,0,002000,0,002000	0,002000,0,972321,0,002000,0,023679
262	0,992473,0,002000,0,003527,0,002000	0,004781,0,002000,0,991219,0,002000	0,002000,0,002000,0,994000,0,002000	0,129376,0,002000,0,866624,0,002000
265	0,002000,0,002000,0,994000,0,002000	0,002000,0,002000,0,994000,0,002000	0,955255,0,002000,0,040745,0,002000	0,088896,0,002000,0,902833,0,006272
267	0,991950,0,002000,0,004050,0,002000	0,002000,0,002000,0,994000,0,002000	0,003215,0,002000,0,992785,0,002000	0,284957,0,002000,0,711043,0,002000
272	0,004284,0,991716,0,002000,0,002000	0,002000,0,984231,0,002000,0,011769	0,002000,0,994000,0,002000,0,002000	0,002000,0,994000,0,002000,0,002000
274	0,994000,0,002000,0,002000,0,002000	0,003635,0,002000,0,992365,0,002000	0,982767,0,002000,0,013233,0,002000	0,535844,0,002000,0,460156,0,002000
276	0,002000,0,993838,0,002000,0,002162	0,002000,0,002000,0,002000,0,994000	0,002000,0,003086,0,002000,0,992914	0,002000,0,259813,0,002000,0,736187
283	0,002000,0,994000,0,002000,0,002000	0,002000,0,992998,0,002000,0,003002	0,002000,0,017649,0,002000,0,978351	0,002000,0,828984,0,002000,0,167016
286	0,003982,0,004960,0,002000,0,989058	0,002431,0,993569,0,002000,0,002000	0,980629,0,015371,0,002000,0,002000	0,202465,0,729967,0,002000,0,065568
292	0,994000,0,002000,0,002000,0,002000	0,002000,0,994000,0,002000,0,002000	0,002000,0,994000,0,002000,0,002000	0,095971,0,900029,0,002000,0,002000
301	0,002000,0,002000,0,994000,0,002000	0,002000,0,002000,0,994000,0,002000	0,977088,0,002000,0,018912,0,002000	0,154298,0,002000,0,841702,0,002000
302	0,984252,0,011748,0,002000,0,002000	0,002000,0,994000,0,002000,0,002000	0,002000,0,994000,0,002000,0,002000	0,132451,0,863549,0,002000,0,002000
307	0,002000,0,989414,0,002000,0,006586	0,002000,0,010922,0,002000,0,985078	0,002000,0,988236,0,002000,0,007764	0,002000,0,407653,0,002000,0,588347
310	0,003005,0,002000,0,992995,0,002000	0,994000,0,002000,0,002000,0,002000	0,994000,0,002000,0,002000,0,002000	0,815797,0,002000,0,180203,0,002000
311	0,002000,0,004022,0,002000,0,991978	0,002000,0,994000,0,002000,0,002000	0,002000,0,005715,0,002000,0,990285	0,002000,0,589843,0,002000,0,406157
319	0,002000,0,012958,0,002000,0,983042	0,002000,0,990886,0,002000,0,005114	0,002000,0,984423,0,002000,0,011577	0,002000,0,891122,0,002000,0,104878
325	0,984976,0,002000,0,011024,0,002000	0,002000,0,002000,0,994000,0,002000	0,002000,0,002000,0,994000,0,002000	0,166097,0,002000,0,829903,0,002000
331	0,002000,0,981998,0,002000,0,014002	0,002000,0,002000,0,002000,0,994000	0,002000,0,002000,0,002000,0,994000	0,002000,0,105641,0,002000,0,890359
334	0,002000,0,002000,0,994000,0,002000	0,002000,0,002000,0,994000,0,002000	0,987767,0,002000,0,008233,0,002000	0,185029,0,002000,0,810971,0,002000
337	0,002000,0,994000,0,002000,0,002000	0,002000,0,994000,0,002000,0,002000	0,002000,0,004845,0,002000,0,991155	0,002000,0,765598,0,002000,0,230402
340	0,002000,0,006622,0,002000,0,989378	0,002000,0,994000,0,002000,0,002000	0,002000,0,994000,0,002000,0,002000	0,002000,0,741492,0,002000,0,254508
343	0,002000,0,994000,0,002000,0,002000	0,002000,0,004186,0,002000,0,991814	0,002000,0,993567,0,002000,0,002433	0,002000,0,647516,0,002000,0,348484
350	0,002000,0,002000,0,002000,0,994000	0,002000,0,004229,0,002000,0,991771	0,002000,0,002000,0,002000,0,994000	0,002000,0,002000,0,002000,0,994000
353	0,972479,0,002000,0,023521,0,002000	0,002048,0,002000,0,993952,0,002000	0,990640,0,002000,0,005360,0,002000	0,207559,0,002000,0,788441,0,002000
361	0,012349,0,002000,0,983651,0,002000	0,994000,0,002000,0,002000,0,002000	0,006246,0,002000,0,989754,0,002000	0,862658,0,002000,0,133342,0,002000
370	0,002000,0,011197,0,984803,0,002000	0,002000,0,994000,0,002000,0,002000	0,002000,0,002000,0,994000,0,002000	0,002000,0,686376,0,309624,0,002000
373	0,002000,0,002000,0,002000,0,994000	0,002000,0,002000,0,002000,0,994000	0,002000,0,994000,0,002000,0,002000	0,002000,0,137459,0,002000,0,858541
379	0,988716,0,002000,0,007284,0,002000	0,002000,0,002000,0,994000,0,002000	0,002000,0,002000,0,994000,0,002000	0,272804,0,002000,0,723196,0,002000
380	0,002000,0,006204,0,002000,0,989796	0,002000,0,991763,0,002000,0,004237	0,002000,0,992594,0,002000,0,003406	0,002000,0,733574,0,002000,0,262426
382	0,002000,0,002000,0,984914,0,011086	0,002000,0,002000,0,002000,0,994000	0,002000,0,002000,0,002000,0,994000	0,002000,0,002000,0,147138,0,848862
394	0,002000,0,958635,0,037365,0,002000	0,002000,0,002000,0,994000,0,002000	0,002000,0,002202,0,993798,0,002000	0,002000,0,051366,0,944634,0,002000
403	0,002000,0,992313,0,002000,0,003687	0,002000,0,993241,0,002000,0,002759	0,002000,0,008788,0,002000,0,987212	0,002000,0,743619,0,002000,0,252381
421	0,002000,0,002000,0,002000,0,994000	0,002000,0,002000,0,002000,0,994000	0,002000,0,983313,0,002000,0,012687	0,002000,0,126455,0,002000,0,869545
424	0,002000,0,994000,0,002000,0,002000	0,002000,0,994000,0,002000,0,002000	0,002000,0,008853,0,002000,0,987147	0,002000,0,841293,0,002000,0,154707
427	0,002000,0,986035,0,002000,0,009965	0,002000,0,002716,0,002000,0,993284	0,002000,0,002084,0,002000,0,993916	0,002000,0,431406,0,002000,0,564594
430	0,002000,0,994000,0,002000,0,002000	0,002000,0,985563,0,002000,0,010437	0,002000,0,002000,0,002000,0,994000	0,002000,0,592821,0,002000,0,403179
433	0,002000,0,990335,0,002000,0,005665	0,002000,0,003163,0,002000,0,992837	0,002000,0,002000,0,002000,0,994000	0,002000,0,207297,0,002000,0,788703
442	0,002000,0,980853,0,002000,0,015147	0,002000,0,002000,0,002000,0,994000	0,002000,0,002000,0,002000,0,994000	0,002000,0,302417,0,002000,0,693583
444	0,002000,0,006856,0,989144,0,002000	0,002000,0,994000,0,002000,0,002000	0,002000,0,994000,0,002000,0,002000	0,002000,0,646148,0,349852,0,002000
445	0,002000,0,994000,0,002000,0,002000	0,002000,0,994000,0,002000,0,002000	0,002000,0,010090,0,002000,0,985910	0,002000,0,832030,0,002000,0,163970
448	0,970789,0,002000,0,025211,0,002000	0,002000,0,002000,0,994000,0,002000	0,002000,0,002000,0,994000,0,002000	0,186645,0,002000,0,809355,0,002000
449	0,002000,0,986889,0,002000,0,009111	0,002000,0,002000,0,002000,0,994000	0,002000,0,983426,0,002000,0,012574	0,002000,0,432326,0,002000,0,563674
451	0,002000,0,002000,0,994000,0,002000	0,994000,0,002000,0,002000,0,002000	0,974906,0,011491,0,011603,0,002000	0,391022,0,002000,0,604978,0,002000
454	0,992263,0,003737,0,002000,0,002000	0,002000,0,994000,0,002000,0,002000	0,041887,0,954113,0,002000,0,002000	0,686460,0,309540,0,002000,0,002000
463	0,007486,0,002000,0,988514,0,002000	0,002000,0,002000,0,994000,0,002000	0,985842,0,002000,0,010158,0,002000	0,254425,0,002000,0,741575,0,002000
466	0,002000,0,007088,0,988912,0,002000	0,002000,0,994000,0,002000,0,002000	0,002000,0,994000,0,002000,0,002000	0,002000,0,721951,0,274049,0,002000
472	0,002000,0,989586,0,002000,0,006414	0,002000,0,002548,0,002000,0,993452	0,002000,0,981144,0,002000,0,014856	0,002000,0,539122,0,002000,0,456878
481	0,989772,0,002000,0,006228,0,002000	0,002000,0,002000,0,994000,0,002000	0,002000,0,002000,0,994000,0,002000	0,350281,0,002000,0,645719,0,002000
485	0,002000,0,994000,0,002000,0,002000	0,002000,0,991788,0,004212,0,002000	0,002000,0,991449,0,004551,0,002000	0,002000,0,971366,0,024634,0,002000
491	0,994000,0,002000,0,002000,0,002000	0,002000,0,002000,0,994000,0,002000	0,002000,0,002000,0,994000,0,002000	0,211262,0,002000,0,784738,0,002000
499	0,002000,0,005629,0,002000,0,990371	0,002000,0,994000,0,002000,0,002000	0,002000,0,994000,0,002000,0,002000	0,002000,0,767353,0,002000,0,228647
505	0,002000,0,994000,0,002000,0,002000	0,002000,0,994000,0,002000,0,002000	0,002000,0,015146,0,002000,0,980854	0,002000,0,781806,0,002000,0,214194
511	0,002000,0,002761,0,002000,0,993239	0,002000,0,994000,0,002000,0,002000	0,002000,0,015278,0,002000,0,980722	0,002000,0,334464,0,002000,0,661536
512	0,002000,0,002380,0,002000,0,993620	0,002000,0,994000,0,002000,0,002000	0,002000,0,981852,0,002000,0,014148	0,002000,0,518276,0,002000,0,477724
514	0,002000,0,002000,0,994000,0,002000	0,002000,0,002000,0,994000,0,002000	0,982161,0,002000,0,011081,0,004758	0,277532,0,002000,0,718468,0,002000
523	0,002000,0,010467,0,002000,0,985533	0,002000,0,992960,0,002000,0,003040	0,002000,0,987992,0,002000,0,008008	0,002000,0,654392,0,002000,0,341608
544	0,984763,0,002000,0,011237,0,002000	0,002000,0,002000,0,994000,0,002000	0,002000,0,002000,0,994000,0,002000	0,321653,0,002000,0,674347,0,002000
562	0,002000,0,994000,0,002000,0,002000	0,002000,0,994000,0,002000,0,002000	0,002000,0,015977,0,002000,0,980023	0,002000,0,859685,0,002000,0,136315
563	0,002000,0,971897,0,002000,0,024103	0,002000,0,002000,0,002000,0,994000	0,002000,0,988136,0,002000,0,007864	0,002000,0,445100,0,002000,0,550900
577	0,002000,0,991620,0,002000,0,004380	0,002000,0,994000,0,002000,0,002000	0,002000,0,002657,0,002000,0,993343	0,002000,0,470889,0,002000,0,525111
580	0,987056,0,002000,0,002000,0,008944	0,002000,0,993382,0,002000,0,002618	0,002444,0,002000,0,002000,0,993556	0,201358,0,253941,0,002000,0,542701
583	0,002000,0,977842,0,002000,0,018158	0,002000,0,002836,0,002000,0,993164	0,002000,0,002770,0,002000,0,993230	0,002000,0,219911,0,002000,0,776089
589	0,002000,0,012870,0,002000,0,983130	0,002000,0,989091,0,002000,0,006909	0,002000,0,985687,0,002000,0,010313	0,002000,0,696958,0,002000,0,299042
595	0,002000,0,014585,0,002000,0,981415	0,002000,0,994000,0,002000,0,002000	0,002000,0,002835,0,002000,0,993165	0,002000,0,448124,0,002000,0,547876
598	0,006729,0,002000,0,989271,0,002000	0,002000,0,002000,0,994000,0,002000	0,994000,0,002000,0,002000,0,002000	0,340372,0,002000,0,655628,0,002000
601	0,028803,0,002000,0,002000,0,967197	0,994000,0,002000,0,002000,0,002000	0,994000,0,002000,0,002000,0,002000	0,880003,0,002000,0,002000,0,115997
604	0,002000,0,987514,0,002000,0,008486	0,002000,0,002000,0,002000,0,994000	0,994000,0,002000,0,002000,0,002000	0,327118,0,245508,0,002000,0,425373
610	0,002906,0,002000,0,993094,0,002000	0,994000,0,002000,0,002000,0,002000	0,994000,0,002000,0,002000,0,002000	0,655466,0,002000,0,340534,0,002000
613	0,002000,0,005756,0,990244,0,002000	0,002000,0,994000,0,002000,0,002000	0,002000,0,994000,0,002000,0,002000	0,002000,0,722979,0,267260,0,007762
616	0,038938,0,002000,0,957062,0,002000	0,994000,0,002000,0,002000,0,002000	0,994000,0,002000,0,002000,0,002000	0,904402,0,002000,0,091598,0,002000
619	0,003270,0,002000,0,992730,0,002000	0,002000,0,002000,0,994000,0,002000	0,994000,0,002000,0,002000,0,002000	0,422579,0,002000,0,573421,0,002000
625	0,002000,0,976843,0,002000,0,019157	0,002000,0,994000,0,002000,0,002000	0,002000,0,002000,0,002000,0,994000	0,002000,0,413758,0,002000,0,582242
628	0,009056,0,986944,0,002000,0,002000	0,002000,0,994000,0,002000,0,002000	0,989182,0,006818,0,002000,0,002000	0,497650,0,498350,0,002000,0,002000
636	0,002000,0,026467,0,002000,0,969533	0,002000,0,993892,0,002000,0,002108	0,002000,0,009705,0,002000,0,986295	0,002000,0,356596,0,002000,0,639404
637	0,981477,0,002000,0,014523,0,002000	0,994000,0,002000,0,002000,0,002000	0,010630,0,002000,0,985370,0,002000	0,532920,0,002000,0,463080,0,002000
644	0,069385,0,926615,0,002000,0,002000	0,994000,0,002000,0,002000,0,002000	0,073489,0,922511,0,002000,0,002000	0,763444,0,232556,0,002000,0,002000
652	0,030660,0,965340,0,002000,0,002000	0,994000,0,002000,0,002000,0,002000	0,993661,0,002339,0,002000,0,002000	0,755391,0,240609,0,002000,0,002000
656	0,002000,0,012015,0,002000,0,983985	0,002000,0,994000,0,002000,0,002000	0,002000,0,987662,0,002000,0,008338	0,002000,0,531677,0,002000,0,464323
658	0,002000,0,006621,0,002000,0,989379	0,002000,0,994000,0,002000,0,002000	0,002000,0,986537,0,002000,0,009463	0,002000,0,524924,0,002000,0,471076
661	0,002000,0,994000,0,002000,0,002000	0,002000,0,994000,0,002000,0,002000	0,002000,0,011921,0,002000,0,984079	0,002000,0,801687,0,002000,0,194313
664	0,002000,0,002000,0,994000,0,002000	0,002614,0,002000,0,993386,0,002000	0,983357,0,002000,0,012643,0,002000	0,259977,0,002000,0,736023,0,002000
667	0,011545,0,002000,0,984455,0,002000	0,994000,0,002000,0,002000,0,002000	0,994000,0,002000,0,002000,0,002000	0,296271,0,002000,0,699729,0,002000
670	0,002000,0,965993,0,002000,0,030007	0,002000,0,002000,0,002000,0,994000	0,002000,0,002000,0,002000,0,994000	0,002000,0,265494,0,002000,0,730506
674	0,002000,0,002000,0,002000,0,994000	0,002000,0,002876,0,002000,0,993124	0,002000,0,023817,0,002000,0,972183	0,002000,0,011840,0,002000,0,984160
675	0,002000,0,994000,0,002000,0,002000	0,002000,0,994000,0,002000,0,002000	0,002000,0,991788,0,002000,0,004212	0,002000,0,994000,0,002000,0,002000
677	0,994000,0,002000,0,002000,0,002000	0,994000,0,002000,0,002000,0,002000	0,056022,0,002000,0,939978,0,002000	0,830130,0,002000,0,165870,0,002000
688	0,002000,0,006651,0,002000,0,989349	0,002000,0,002000,0,002000,0,994000	0,002000,0,003358,0,002000,0,992642	0,002000,0,002000,0,002000,0,994000
691	0,002000,0,973804,0,002000,0,022196	0,002000,0,984146,0,002000,0,011854	0,002000,0,002630,0,002000,0,993370	0,002000,0,356060,0,002000,0,639940
697	0,002000,0,002000,0,002000,0,994000	0,002000,0,002000,0,002000,0,994000	0,002000,0,965425,0,002000,0,030575	0,002000,0,406585,0,002000,0,589415
700	0,965371,0,002000,0,030629,0,002000	0,002000,0,002000,0,994000,0,002000	0,002000,0,002000,0,994000,0,002000	0,507533,0,002000,0,488467,0,002000
703	0,992698,0,002000,0,003302,0,002000	0,994000,0,002000,0,002000,0,002000	0,018177,0,002000,0,977823,0,002000	0,778432,0,002000,0,217568,0,002000
706	0,018261,0,002000,0,977739,0,002000	0,993138,0,002000,0,002862,0,002000	0,006616,0,002000,0,989384,0,002000	0,429312,0,002000,0,566688,0,002000
709	0,968302,0,002000,0,027698,0,002000	0,002000,0,002000,0,994000,0,002000	0,002000,0,002000,0,994000,0,002000	0,201054,0,002000,0,794946,0,002000
713	0,991433,0,004567,0,002000,0,002000	0,005161,0,990839,0,002000,0,002000	0,026826,0,969174,0,002000,0,002000	0,389798,0,597043,0,011159,0,002000
715	0,002000,0,002000,0,002000,0,994000	0,002000,0,002000,0,002000,0,994000	0,002000,0,985705,0,002000,0,010295	0,002000,0,208545,0,002000,0,787455
717	0,002000,0,002000,0,994000,0,002000	0,989469,0,002000,0,006531,0,002000	0,994000,0,002000,0,002000,0,002000	0,548618,0,002000,0,447382,0,002000
718	0,002000,0,002000,0,002000,0,994000	0,987153,0,002000,0,002000,0,008847	0,002000,0,002000,0,002000,0,994000	0,305243,0,002000,0,002000,0,690757
719	0,994000,0,002000,0,002000,0,002000	0,013324,0,002000,0,982676,0,002000	0,019120,0,006372,0,972508,0,002000	0,553224,0,002000,0,442776,0,002000
721	0,994000,0,002000,0,002000,0,002000	0,002000,0,994000,0,002000,0,002000	0,011115,0,984885,0,002000,0,002000	0,543859,0,452141,0,002000,0,002000
724	0,002000,0,002000,0,002000,0,994000	0,002000,0,002000,0,002000,0,994000	0,002000,0,943942,0,002000,0,052058	0,002000,0,219659,0,002000,0,776341
725	0,002000,0,002000,0,994000,0,002000	0,002000,0,002000,0,994000,0,002000	0,002000,0,274133,0,721867,0,002000	0,002000,0,009239,0,986761,0,002000
726	0,002000,0,002000,0,994000,0,002000	0,002000,0,027161,0,006511,0,964328	0,002000,0,002000,0,223258,0,772742	0,002000,0,002000,0,594445,0,401555
728	0,002000,0,994000,0,002000,0,002000	0,002000,0,988871,0,002000,0,007129	0,002000,0,994000,0,002000,0,002000	0,002000,0,945787,0,002000,0,050213
729	0,994000,0,002000,0,002000,0,002000	0,026965,0,894881,0,002000,0,076154	0,981339,0,014661,0,002000,0,002000	0,700289,0,266584,0,002000,0,031126
730	0,994000,0,002000,0,002000,0,002000	0,984734,0,003237,0,002000,0,010029	0,994000,0,002000,0,002000,0,002000	0,979330,0,016670,0,002000,0,002000
731	0,994000,0,002000,0,002000,0,002000	0,990886,0,002000,0,002000,0,005114	0,994000,0,002000,0,002000,0,002000	0,953112,0,002000,0,002000,0,042888
732	0,011866,0,002000,0,984134,0,002000	0,991205,0,002281,0,004514,0,002000	0,994000,0,002000,0,002000,0,002000	0,749614,0,002000,0,246386,0,002000
733	0,002000,0,002000,0,002000,0,994000	0,002000,0,005737,0,002000,0,990263	0,002000,0,002000,0,002000,0,994000	0,002000,0,048194,0,002000,0,947806
734	0,991836,0,002000,0,004164,0,002000	0,010392,0,002273,0,985335,0,002000	0,994000,0,002000,0,002000,0,002000	0,525441,0,002000,0,470559,0,002000
735	0,002000,0,009310,0,986690,0,002000	0,002000,0,982663,0,013337,0,002000	0,002000,0,994000,0,002000,0,002000	0,002000,0,698697,0,297303,0,002000
736	0,002000,0,992853,0,002000,0,003147	0,002000,0,993070,0,002000,0,002930	0,002000,0,002000,0,002000,0,994000	0,002000,0,801691,0,002000,0,194309
738	0,994000,0,002000,0,002000,0,002000	0,008054,0,987946,0,002000,0,002000	0,994000,0,002000,0,002000,0,002000	0,760296,0,235704,0,002000,0,002000
742	0,989441,0,002000,0,006559,0,002000	0,002000,0,002000,0,994000,0,002000	0,002000,0,002000,0,994000,0,002000	0,355611,0,009891,0,632498,0,002000
748	0,002000,0,004177,0,002000,0,991823	0,002000,0,994000,0,002000,0,002000	0,002000,0,994000,0,002000,0,002000	0,002000,0,805316,0,002000,0,190684
754	0,002000,0,994000,0,002000,0,002000	0,002000,0,994000,0,002000,0,002000	0,002000,0,002515,0,002000,0,993485	0,002000,0,756897,0,002000,0,239103
758	0,002000,0,010503,0,002000,0,985497	0,002000,0,993219,0,002000,0,002781	0,002000,0,994000,0,002000,0,002000	0,002000,0,712125,0,002000,0,283875
766	0,002000,0,987192,0,002000,0,008808	0,002000,0,002000,0,002000,0,994000	0,002000,0,994000,0,002000,0,002000	0,002000,0,382442,0,002000,0,613558
767	0,984230,0,002000,0,011770,0,002000	0,002000,0,002000,0,994000,0,002000	0,002000,0,002000,0,994000,0,002000	0,280779,0,002000,0,715221,0,002000
769	0,990584,0,002000,0,005416,0,002000	0,002000,0,002000,0,994000,0,002000	0,994000,0,002000,0,002000,0,002000	0,485266,0,002000,0,510734,0,002000
772	0,002000,0,994000,0,002000,0,002000	0,002000,0,994000,0,002000,0,002000	0,002000,0,002000,0,002000,0,994000	0,002000,0,668445,0,002000,0,327555
775	0,002000,0,994000,0,002000,0,002000	0,002000,0,994000,0,002000,0,002000	0,994000,0,002000,0,002000,0,002000	0,471541,0,524459,0,002000,0,002000
778	0,002000,0,002000,0,994000,0,002000	0,002000,0,002000,0,994000,0,002000	0,990472,0,002000,0,005528,0,002000	0,484444,0,002000,0,511556,0,002000
782	0,002000,0,002395,0,002000,0,993605	0,002000,0,994000,0,002000,0,002000	0,002000,0,994000,0,002000,0,002000	0,002000,0,513148,0,002000,0,482852
790	0,989565,0,002000,0,006435,0,002000	0,994000,0,002000,0,002000,0,002000	0,002000,0,005215,0,990785,0,002000	0,718404,0,002000,0,277596,0,002000
793	0,873378,0,002000,0,122622,0,002000	0,002000,0,002000,0,994000,0,002000	0,002000,0,002000,0,994000,0,002000	0,002000,0,002000,0,994000,0,002000
795	0,002000,0,002000,0,002000,0,994000	0,002000,0,002000,0,005644,0,990356	0,002000,0,002000,0,021445,0,974555	0,002000,0,002000,0,002000,0,994000
796	0,002000,0,947924,0,002000,0,048076	0,002000,0,005410,0,002000,0,990590	0,002000,0,010113,0,002542,0,985346	0,002000,0,110175,0,002000,0,885825
805	0,979894,0,002000,0,016106,0,002000	0,002000,0,002000,0,994000,0,002000	0,993761,0,002000,0,002239,0,002000	0,473337,0,002000,0,522663,0,002000
809	0,002000,0,994000,0,002000,0,002000	0,002000,0,993648,0,002352,0,002000	0,002000,0,994000,0,002000,0,002000	0,002000,0,971992,0,024008,0,002000
811	0,002000,0,002000,0,969947,0,026053	0,002000,0,002423,0,002000,0,993577	0,002000,0,002000,0,994000,0,002000	0,002000,0,002000,0,514620,0,481380
820	0,875230,0,002000,0,120770,0,002000	0,002000,0,002000,0,994000,0,002000	0,002000,0,002000,0,994000,0,002000	0,014959,0,002000,0,981041,0,002000
823	0,009805,0,002000,0,986195,0,002000	0,002000,0,002000,0,994000,0,002000	0,994000,0,002000,0,002000,0,002000	0,324081,0,002000,0,671919,0,002000
835	0,002000,0,002000,0,994000,0,002000	0,002000,0,002000,0,994000,0,002000	0,992949,0,002000,0,003051,0,002000	0,359191,0,002000,0,636809,0,002000
841	0,002000,0,002000,0,009459,0,986541	0,002000,0,002000,0,994000,0,002000	0,002000,0,002000,0,994000,0,002000	0,002000,0,002000,0,639478,0,356522
844	0,002638,0,993362,0,002000,0,002000	0,002000,0,994000,0,002000,0,002000	0,993739,0,002261,0,002000,0,002000	0,285947,0,705509,0,006544,0,002000
859	0,002000,0,015630,0,002000,0,980370	0,002000,0,994000,0,002000,0,002000	0,002000,0,993714,0,002000,0,002286	0,002000,0,692437,0,002000,0,303563
865	0,002000,0,994000,0,002000,0,002000	0,004618,0,991382,0,002000,0,002000	0,994000,0,002000,0,002000,0,002000	0,356641,0,639359,0,002000,0,002000
877	0,973142,0,002000,0,022858,0,002000	0,005376,0,002000,0,990624,0,002000	0,992488,0,002000,0,003512,0,002000	0,417308,0,002000,0,578692,0,002000
886	0,002986,0,002000,0,993014,0,002000	0,987010,0,002000,0,008990,0,002000	0,012935,0,002000,0,983065,0,002000	0,658729,0,002000,0,337271,0,002000
889	0,002000,0,002000,0,002000,0,994000	0,002000,0,993931,0,002000,0,002069	0,002000,0,989295,0,002000,0,006705	0,002000,0,737513,0,002000,0,258487
890	0,002000,0,002000,0,994000,0,002000	0,982385,0,002000,0,013615,0,002000	0,993573,0,002000,0,002427,0,002000	0,490970,0,002000,0,505030,0,002000
895	0,023710,0,002000,0,002000,0,972290	0,981101,0,002000,0,002000,0,014899	0,994000,0,002000,0,002000,0,002000	0,782038,0,002000,0,002000,0,213962
898	0,994000,0,002000,0,002000,0,002000	0,994000,0,002000,0,002000,0,002000	0,025252,0,002000,0,970748,0,002000	0,846176,0,002000,0,149824,0,002000
913	0,002000,0,994000,0,002000,0,002000	0,002000,0,994000,0,002000,0,002000	0,012060,0,064391,0,002000,0,921548	0,002000,0,912821,0,002000,0,083179
916	0,002000,0,002000,0,002000,0,994000	0,002000,0,992316,0,002000,0,003684	0,002000,0,983417,0,002000,0,012583	0,002000,0,615369,0,002000,0,380631
922	0,002000,0,986864,0,002000,0,009136	0,002000,0,030279,0,002000,0,965721	0,002000,0,991900,0,002000,0,004100	0,002000,0,609775,0,002000,0,386225
925	0,002000,0,978886,0,002000,0,017114	0,002000,0,002000,0,002000,0,994000	0,002000,0,002366,0,002000,0,993634	0,002000,0,178898,0,002000,0,817102
928	0,002000,0,993691,0,002000,0,002309	0,002000,0,994000,0,002000,0,002000	0,002000,0,031878,0,002000,0,964122	0,002000,0,865608,0,002000,0,130392
935	0,002000,0,002000,0,002000,0,994000	0,002000,0,002000,0,002000,0,994000	0,002000,0,946067,0,002000,0,049933	0,002000,0,104061,0,002000,0,891939
937	0,985675,0,002000,0,010325,0,002000	0,002000,0,002000,0,994000,0,002000	0,920367,0,002000,0,075633,0,002000	0,162618,0,002000,0,833382,0,002000
952	0,986128,0,002000,0,009872,0,002000	0,002000,0,002000,0,994000,0,002000	0,002000,0,002000,0,994000,0,002000	0,302455,0,002000,0,693545,0,002000
961	0,004250,0,002000,0,991750,0,002000	0,993156,0,002000,0,002844,0,002000	0,045619,0,002000,0,950381,0,002000	0,630131,0,002000,0,365869,0,002000
964	0,003320,0,002000,0,992680,0,002000	0,994000,0,002000,0,002000,0,002000	0,005316,0,004982,0,002000,0,987702	0,500763,0,002000,0,309412,0,187825
971	0,006171,0,002000,0,989829,0,002000	0,994000,0,002000,0,002000,0,002000	0,075191,0,002000,0,920809,0,002000	0,726695,0,002000,0,269305,0,002000
973	0,002000,0,002390,0,993610,0,002000	0,002000,0,994000,0,002000,0,002000	0,002000,0,994000,0,002000,0,002000	0,002000,0,787774,0,208226,0,002000
976	0,002000,0,992824,0,002000,0,003176	0,002000,0,005274,0,002000,0,990726	0,002000,0,005078,0,002000,0,990922	0,002000,0,269903,0,002000,0,726097
977	0,993747,0,002253,0,002000,0,002000	0,002000,0,994000,0,002000,0,002000	0,002000,0,994000,0,002000,0,002000	0,463960,0,532040,0,002000,0,002000
985	0,002000,0,002021,0,002000,0,993979	0,002000,0,994000,0,002000,0,002000	0,002000,0,993078,0,002000,0,002922	0,002000,0,550027,0,002000,0,445973
997	0,002000,0,994000,0,002000,0,002000	0,002000,0,994000,0,002000,0,002000	0,002000,0,049387,0,002000,0,946613	0,002000,0,882187,0,002000,0,113813
1003	0,025747,0,002000,0,970253,0,002000	0,994000,0,002000,0,002000,0,002000	0,994000,0,002000,0,002000,0,002000	0,994000,0,002000,0,002000,0,002000
1004	0,002000,0,002000,0,994000,0,002000	0,993583,0,002417,0,002000,0,002000	0,991309,0,004691,0,002000,0,002000	0,994000,0,002000,0,002000,0,002000
1013	0,002000,0,991234,0,002000,0,004766	0,002000,0,004895,0,002000,0,991105	0,002000,0,983828,0,002000,0,012172	0,002000,0,518998,0,002000,0,477002
1014	0,002000,0,994000,0,002000,0,002000	0,002000,0,992521,0,002000,0,003479	0,002000,0,994000,0,002000,0,002000	0,002000,0,994000,0,002000,0,002000
1017	0,002000,0,031547,0,002000,0,964453	0,002000,0,991586,0,002000,0,004414	0,002000,0,005137,0,002000,0,990863	0,002000,0,738623,0,002000,0,257377
1018	0,002000,0,002000,0,994000,0,002000	0,002000,0,004022,0,991978,0,002000	0,002000,0,002000,0,994000,0,002000	0,002000,0,002000,0,994000,0,002000
1019	0,078141,0,002000,0,917859,0,002000	0,992013,0,003987,0,002000,0,002000	0,004980,0,988185,0,004834,0,002000	0,628989,0,347615,0,021396,0,002000
1033	0,002000,0,002395,0,993605,0,002000	0,002000,0,993223,0,002777,0,002000	0,002000,0,994000,0,002000,0,002000	0,002000,0,603220,0,392780,0,002000
1061	0,002000,0,002000,0,016320,0,979680	0,002000,0,002000,0,994000,0,002000	0,002000,0,002000,0,994000,0,002000	0,002000,0,002000,0,955996,0,040004
1063	0,980553,0,002000,0,015447,0,002000	0,979841,0,002000,0,016159,0,002000	0,007004,0,002000,0,988996,0,002000	0,409064,0,002000,0,586936,0,002000
1067	0,002000,0,994000,0,002000,0,002000	0,002000,0,989433,0,006567,0,002000	0,002000,0,011542,0,984458,0,002000	0,002000,0,569664,0,426336,0,002000
1073	0,002000,0,994000,0,002000,0,002000	0,002000,0,990395,0,002000,0,005605	0,002000,0,946971,0,049029,0,002000	0,002000,0,962038,0,033962,0,002000
1078	0,002000,0,922036,0,002000,0,073964	0,002000,0,002000,0,002000,0,994000	0,002000,0,410876,0,002000,0,585124	0,002000,0,016432,0,002000,0,979568
1079	0,002000,0,927279,0,002000,0,068721	0,002000,0,002000,0,002000,0,994000	0,002000,0,375889,0,002000,0,620111	0,002000,0,014732,0,002000,0,981268
1082	0,002000,0,994000,0,002000,0,002000	0,002000,0,994000,0,002000,0,002000	0,002000,0,983246,0,002000,0,012754	0,002000,0,994000,0,002000,0,002000
1093	0,002000,0,992017,0,002000,0,003983	0,002000,0,002922,0,002000,0,993078	0,002000,0,003267,0,002000,0,992733	0,002000,0,219020,0,002000,0,776980
1102	0,002000,0,007679,0,002000,0,988321	0,002000,0,994000,0,002000,0,002000	0,002000,0,989530,0,002000,0,006470	0,002000,0,859551,0,002000,0,136449
1135	0,125532,0,002000,0,870468,0,002000	0,115205,0,002000,0,880795,0,002000	0,986903,0,002000,0,009097,0,002000	0,834169,0,002000,0,161831,0,002000
1159	0,002000,0,994000,0,002000,0,002000	0,002000,0,973355,0,002000,0,022645	0,002000,0,002000,0,002000,0,994000	0,002000,0,390969,0,002000,0,605031
1172	0,002000,0,988579,0,002000,0,007421	0,002000,0,992525,0,002000,0,003475	0,002000,0,994000,0,002000,0,002000	0,002000,0,994000,0,002000,0,002000
1183	0,023350,0,972650,0,002000,0,002000	0,002000,0,994000,0,002000,0,002000	0,002000,0,994000,0,002000,0,002000	0,002000,0,994000,0,002000,0,002000
1211	0,994000,0,002000,0,002000,0,002000	0,994000,0,002000,0,002000,0,002000	0,994000,0,002000,0,002000,0,002000	0,406588,0,002000,0,002000,0,589412
1213	0,994000,0,002000,0,002000,0,002000	0,985354,0,002000,0,010646,0,002000	0,984112,0,002000,0,011888,0,002000	0,994000,0,002000,0,002000,0,002000
1228	0,758199,0,002000,0,237801,0,002000	0,952850,0,002000,0,043150,0,002000	0,797345,0,002000,0,198655,0,002000	0,250000,0,250000,0,250000,0,250000
1240	0,002000,0,059176,0,002000,0,936824	0,002000,0,977999,0,002000,0,018001	0,002000,0,982342,0,002000,0,013658	0,002000,0,712454,0,002000,0,283546
1268	0,002000,0,002000,0,994000,0,002000	0,003793,0,002000,0,992207,0,002000	0,002000,0,002000,0,994000,0,002000	0,002000,0,002000,0,994000,0,002000
1271	0,019651,0,976349,0,002000,0,002000	0,002000,0,994000,0,002000,0,002000	0,002000,0,994000,0,002000,0,002000	0,002000,0,994000,0,002000,0,002000
1374	0,002000,0,994000,0,002000,0,002000	0,002000,0,994000,0,002000,0,002000	0,009304,0,986696,0,002000,0,002000	0,002000,0,994000,0,002000,0,002000
1382	0,994000,0,002000,0,002000,0,002000	0,988813,0,002000,0,002000,0,007187	0,994000,0,002000,0,002000,0,002000	0,994000,0,002000,0,002000,0,002000
