Command arguments:  -t data/05.M1.W08.03/05.M1.W08.03 --bam data/05.M1.W08.03/05.M1.W08.03.bam --baseFreq data/05.M1.W08.03/4/step_1/05.M1.W08.03.lld --refSequence data/fasta/HCMV_Merlin_UL33.fasta --hapAlignment data/05.M1.W08.03/4/step_1/05.M1.W08.03Haplo.fasta --iterate
INITIAL	LL: -35775.548274342524	PENALTY: 800.0	PENALISED LL: -36575.548274342524
	0	0.836492496757001
	1	0.11464427931226194
	2	0.00926931155801876
	3	0.013296050434466286
	4	0.026297861938252065

Recombining haplotypes 3 and 0 in region 643-652
RECOMBINE	0	-36573.22482523824
Overwriting 3 with 1 in region 410-419
RECOMBINE	1	-36566.24302562907
Overwriting 3 with 0 in region 447-449
RECOMBINE	2	-36552.810897147654
Overwriting 2 with 1 in region 757-773
RECOMBINE	3	-36483.80823479869
Recombining haplotypes 2 and 4 in region 217-225
RECOMBINE	4	-36479.34482329409
Overwriting 1 with 0 in region 674-687
RECOMBINE	5	-36478.869342085374
Recombining haplotypes 2 and 1 in region 101-104
RECOMBINE	6	-36478.823625395315
Recombining haplotypes 3 and 1 in region 269-282
RECOMBINE	7	-36479.36520124821
Overwriting 1 with 2 in region 562-566
RECOMBINE	8	-36478.8168054389
Recombining haplotypes 0 and 2 in region 1363-1384
RECOMBINE	9	-36478.81354740073
Recombining haplotypes 3 and 0 in region 305-318
RECOMBINE	10	-36478.8119883882
Overwriting 3 with 4 in region 233-248
RECOMBINE	11	-36478.83691599369
Overwriting 0 with 2 in region 1057-1071
RECOMBINE	12	-36478.81123994655
Recombining haplotypes 0 and 3 in region 618-628
RECOMBINE	13	-36478.810832747164
Overwriting 1 with 4 in region 1017-1041
RECOMBINE	14	-36478.81846475215
Overwriting 1 with 2 in region 1380-1387
RECOMBINE	15	-36478.81055104322
Recombining haplotypes 0 and 4 in region 1212-1230
RECOMBINE	16	-36478.81023767818
Recombining haplotypes 2 and 1 in region 172-181
RECOMBINE	17	-36478.81006407136
Overwriting 4 with 1 in region 852-867
RECOMBINE	18	-36478.80990870581
Overwriting 3 with 1 in region 506-516
RECOMBINE	19	-36479.44168959215
INITIAL RECOMBINE	-35678.80990870581	800.0	-36478.80990870581
Combining haplotypes 0 and 1
Combining haplotypes 0 and 1
CONTRACT	1	-37620.682637370635
Combining haplotypes 0 and 2
Combining haplotypes 0 and 2
CONTRACT	1	-37358.629666487446
Combining haplotypes 0 and 3
Combining haplotypes 0 and 3
CONTRACT	1	-37301.61715261231
Combining haplotypes 0 and 4
Combining haplotypes 0 and 4
CONTRACT	1	-38295.119511475335
Combining haplotypes 1 and 2
Combining haplotypes 1 and 2
CONTRACT	1	-37310.96111228986
Combining haplotypes 1 and 3
Combining haplotypes 1 and 3
CONTRACT	1	-37302.46278908265
Combining haplotypes 1 and 4
Combining haplotypes 1 and 4
CONTRACT	1	-38296.07847894985
Combining haplotypes 2 and 3
Combining haplotypes 2 and 3
CONTRACT	1	-37301.72734738424
Combining haplotypes 2 and 4
Combining haplotypes 2 and 4
CONTRACT	1	-37374.60395441896
Combining haplotypes 3 and 4
Combining haplotypes 3 and 4
CONTRACT	1	-37304.51995213465
Recombining haplotypes 3 and 0 in region 890-900
RECOMBINE	1	0	-36478.80978137394
Recombining haplotypes 4 and 2 in region 801-812
RECOMBINE	1	1	-36478.889712501325
Recombining haplotypes 1 and 4 in region 561-564
RECOMBINE	1	2	-36478.810582758444
Recombining haplotypes 0 and 2 in region 497-508
RECOMBINE	1	3	-36478.81250361563
Recombining haplotypes 2 and 3 in region 837-846
RECOMBINE	1	4	-36478.809671788666
Recombining haplotypes 2 and 4 in region 303-309
RECOMBINE	1	5	-36478.908088943186
Recombining haplotypes 4 and 1 in region 285-295
RECOMBINE	1	6	-36479.60197516674
Overwriting 4 with 3 in region 806-814
RECOMBINE	1	7	-36478.80964260839
Recombining haplotypes 0 and 2 in region 587-592
RECOMBINE	1	8	-36478.80991842104
Recombining haplotypes 4 and 0 in region 551-571
RECOMBINE	1	9	-36471.75432446093
Recombining haplotypes 1 and 0 in region 300-317
RECOMBINE	1	10	-36471.86060927172
Recombining haplotypes 0 and 1 in region 763-778
RECOMBINE	1	11	-36474.41510238051
Overwriting 2 with 0 in region 1035-1056
RECOMBINE	1	12	-36471.33647562718
Recombining haplotypes 3 and 4 in region 1310-1326
RECOMBINE	1	13	-36472.14065332898
Recombining haplotypes 3 and 4 in region 1074-1079
RECOMBINE	1	14	-36471.2987568102
Overwriting 1 with 4 in region 1062-1072
RECOMBINE	1	15	-36471.275821236704
Overwriting 2 with 1 in region 923-947
RECOMBINE	1	16	-36471.383348188334
Overwriting 2 with 3 in region 745-749
RECOMBINE	1	17	-36471.253774747995
Overwriting 1 with 0 in region 1220-1237
RECOMBINE	1	18	-36471.23415636331
Overwriting 2 with 4 in region 585-607
RECOMBINE	1	19	-36471.232796404554

Big Iteration 1	LL: -35671.232796404554	PENALTY: 800.0	PENALISED LL: -36471.232796404554
	0	0.8347000067437527
	1	0.11418967943132236
	2	0.011491554140166954
	3	0.012103729632726257
	4	0.027515030052031694

Combining haplotypes 0 and 1
Combining haplotypes 0 and 1
CONTRACT	2	-37308.02016998177
Combining haplotypes 0 and 2
Combining haplotypes 0 and 2
CONTRACT	2	-37358.61999141253
Combining haplotypes 0 and 3
Combining haplotypes 0 and 3
CONTRACT	2	-37301.58876293606
Combining haplotypes 0 and 4
Combining haplotypes 0 and 4
CONTRACT	2	-37348.870838862545
Combining haplotypes 1 and 2
Combining haplotypes 1 and 2
CONTRACT	2	-37310.961492378075
Combining haplotypes 1 and 3
Combining haplotypes 1 and 3
CONTRACT	2	-37301.92897384073
Combining haplotypes 1 and 4
Combining haplotypes 1 and 4
CONTRACT	2	-38290.94847381253
Combining haplotypes 2 and 3
Combining haplotypes 2 and 3
CONTRACT	2	-37301.37469973738
Combining haplotypes 2 and 4
Combining haplotypes 2 and 4
CONTRACT	2	-37374.9304151958
Combining haplotypes 3 and 4
Combining haplotypes 3 and 4
CONTRACT	2	-37306.65481840349

Big Iteration 2	LL: -35671.232796404554	PENALTY: 800.0	PENALISED LL: -36471.232796404554
	0	0.8347000067437527
	1	0.11418967943132236
	2	0.011491554140166954
	3	0.012103729632726257
	4	0.027515030052031694

FINISHED

Big Iteration -1	LL: -35671.232796404554	PENALTY: 800.0	PENALISED LL: -36471.232796404554
	0	0.8347000067437527
	1	0.11418967943132236
	2	0.011491554140166954
	3	0.012103729632726257
	4	0.027515030052031694


Haplotype frequencies
0	0,834700
1	0,114190
2	0,011492
3	0,012104
4	0,027515
Active sites
112	0,002000,0,015235,0,002000,0,980765	0,002000,0,002000,0,002000,0,994000	0,002000,0,050812,0,002000,0,945188	0,002000,0,002000,0,044452,0,951548	0,002000,0,002000,0,002000,0,994000
120	0,168540,0,002000,0,827460,0,002000	0,075082,0,002000,0,920918,0,002000	0,378833,0,002000,0,617167,0,002000	0,002000,0,002000,0,994000,0,002000	0,994000,0,002000,0,002000,0,002000
121	0,006093,0,002000,0,989907,0,002000	0,008807,0,002000,0,987193,0,002000	0,002000,0,002000,0,994000,0,002000	0,002000,0,002000,0,994000,0,002000	0,002000,0,002000,0,961933,0,034067
183	0,002000,0,988961,0,002000,0,007039	0,002000,0,017635,0,002000,0,978365	0,002000,0,015485,0,002000,0,980515	0,002000,0,131926,0,002000,0,864074	0,002000,0,905163,0,002000,0,090837
197	0,002000,0,994000,0,002000,0,002000	0,002000,0,009363,0,002000,0,986637	0,020178,0,025681,0,002000,0,952141	0,002000,0,039550,0,002000,0,956450	0,002000,0,994000,0,002000,0,002000
200	0,002000,0,002000,0,994000,0,002000	0,980903,0,002000,0,015097,0,002000	0,943619,0,002000,0,052381,0,002000	0,796894,0,002000,0,199106,0,002000	0,002000,0,002000,0,994000,0,002000
215	0,002000,0,994000,0,002000,0,002000	0,002000,0,198947,0,002000,0,797053	0,002000,0,645743,0,002000,0,350257	0,002000,0,885343,0,002000,0,110657	0,002000,0,994000,0,002000,0,002000
219	0,994000,0,002000,0,002000,0,002000	0,012196,0,002000,0,002000,0,983804	0,052802,0,002000,0,002000,0,943198	0,110931,0,002000,0,002000,0,885069	0,994000,0,002000,0,002000,0,002000
225	0,002000,0,002000,0,994000,0,002000	0,988529,0,002000,0,007471,0,002000	0,958076,0,002000,0,037924,0,002000	0,744580,0,002000,0,251420,0,002000	0,002000,0,002000,0,994000,0,002000
230	0,002000,0,002000,0,994000,0,002000	0,976806,0,002000,0,019194,0,002000	0,961911,0,002000,0,034089,0,002000	0,684709,0,002000,0,311291,0,002000	0,002000,0,002000,0,994000,0,002000
231	0,994000,0,002000,0,002000,0,002000	0,005035,0,002000,0,990965,0,002000	0,002000,0,048025,0,947975,0,002000	0,248272,0,002000,0,747728,0,002000	0,994000,0,002000,0,002000,0,002000
232	0,002000,0,002000,0,002000,0,994000	0,003222,0,991555,0,002000,0,003223	0,002000,0,952128,0,002000,0,043872	0,002000,0,566456,0,002000,0,429544	0,002000,0,002000,0,002000,0,994000
235	0,002000,0,002000,0,002000,0,994000	0,002000,0,982656,0,002000,0,013344	0,002000,0,994000,0,002000,0,002000	0,002000,0,517593,0,002000,0,478407	0,002000,0,002000,0,002000,0,994000
241	0,002000,0,002000,0,002000,0,994000	0,002000,0,988875,0,002000,0,007125	0,002000,0,966983,0,002000,0,029017	0,002000,0,660790,0,002000,0,335210	0,002000,0,011112,0,002000,0,984888
249	0,002000,0,002000,0,002000,0,994000	0,002000,0,002000,0,981821,0,014179	0,023720,0,002000,0,937960,0,036320	0,002000,0,002000,0,657500,0,338500	0,002000,0,002000,0,002000,0,994000
262	0,994000,0,002000,0,002000,0,002000	0,007343,0,002000,0,988657,0,002000	0,029598,0,002000,0,966402,0,002000	0,935260,0,002000,0,060740,0,002000	0,985420,0,002000,0,010580,0,002000
265	0,002000,0,002000,0,994000,0,002000	0,002000,0,002000,0,002000,0,994000	0,002000,0,002000,0,107601,0,888399	0,002000,0,002000,0,994000,0,002000	0,002000,0,002000,0,994000,0,002000
274	0,994000,0,002000,0,002000,0,002000	0,007576,0,002000,0,984891,0,005533	0,002000,0,002000,0,994000,0,002000	0,898293,0,002000,0,097707,0,002000	0,984291,0,002000,0,011709,0,002000
276	0,002000,0,994000,0,002000,0,002000	0,002000,0,006849,0,002000,0,989151	0,002000,0,002000,0,002000,0,994000	0,002000,0,804122,0,002000,0,191878	0,002000,0,982771,0,002000,0,013229
283	0,002000,0,994000,0,002000,0,002000	0,002000,0,002000,0,002000,0,994000	0,002000,0,094518,0,002000,0,901482	0,002000,0,994000,0,002000,0,002000	0,002000,0,980454,0,002000,0,015546
286	0,002000,0,002000,0,002000,0,994000	0,002000,0,994000,0,002000,0,002000	0,002000,0,994000,0,002000,0,002000	0,002000,0,002000,0,002000,0,994000	0,002000,0,061350,0,002000,0,934650
292	0,994000,0,002000,0,002000,0,002000	0,002000,0,994000,0,002000,0,002000	0,013821,0,982179,0,002000,0,002000	0,977778,0,018222,0,002000,0,002000	0,940212,0,032916,0,002000,0,024872
308	0,994000,0,002000,0,002000,0,002000	0,002375,0,002000,0,993625,0,002000	0,167707,0,002000,0,828293,0,002000	0,978802,0,002000,0,017198,0,002000	0,988963,0,002000,0,007037,0,002000
311	0,002000,0,002000,0,002000,0,994000	0,002000,0,994000,0,002000,0,002000	0,002000,0,911319,0,002000,0,084681	0,002000,0,002000,0,002000,0,994000	0,002000,0,011511,0,002000,0,984489
316	0,002000,0,994000,0,002000,0,002000	0,002000,0,002000,0,002000,0,994000	0,002000,0,069068,0,002000,0,926932	0,002000,0,994000,0,002000,0,002000	0,002000,0,945556,0,002000,0,050444
319	0,002000,0,002000,0,002000,0,994000	0,002000,0,979325,0,002000,0,016675	0,002000,0,994000,0,002000,0,002000	0,002000,0,002000,0,002000,0,994000	0,002000,0,016023,0,002000,0,979977
322	0,002000,0,994000,0,002000,0,002000	0,002145,0,004601,0,002000,0,991253	0,002000,0,046313,0,002000,0,949687	0,002000,0,994000,0,002000,0,002000	0,002000,0,970435,0,002000,0,025565
325	0,994000,0,002000,0,002000,0,002000	0,002000,0,002000,0,994000,0,002000	0,014017,0,002000,0,981983,0,002000	0,994000,0,002000,0,002000,0,002000	0,977133,0,002000,0,018867,0,002000
333	0,002000,0,993006,0,002000,0,002994	0,002000,0,994000,0,002000,0,002000	0,002000,0,994000,0,002000,0,002000	0,002000,0,994000,0,002000,0,002000	0,002000,0,994000,0,002000,0,002000
337	0,002000,0,994000,0,002000,0,002000	0,002000,0,002000,0,002000,0,994000	0,002000,0,205897,0,002000,0,790103	0,002000,0,994000,0,002000,0,002000	0,002000,0,908154,0,002000,0,087846
340	0,002000,0,002000,0,002000,0,994000	0,002000,0,994000,0,002000,0,002000	0,002000,0,810361,0,002000,0,185639	0,002000,0,002000,0,002000,0,994000	0,002000,0,057027,0,002000,0,938973
343	0,002000,0,994000,0,002000,0,002000	0,002000,0,002000,0,002000,0,994000	0,002000,0,214719,0,002000,0,781281	0,002000,0,994000,0,002000,0,002000	0,002000,0,972835,0,002000,0,023165
353	0,994000,0,002000,0,002000,0,002000	0,002000,0,002000,0,994000,0,002000	0,021845,0,002000,0,974155,0,002000	0,994000,0,002000,0,002000,0,002000	0,514872,0,002000,0,481128,0,002000
360	0,993219,0,002781,0,002000,0,002000	0,994000,0,002000,0,002000,0,002000	0,994000,0,002000,0,002000,0,002000	0,994000,0,002000,0,002000,0,002000	0,994000,0,002000,0,002000,0,002000
361	0,002000,0,002000,0,994000,0,002000	0,994000,0,002000,0,002000,0,002000	0,893861,0,002000,0,102139,0,002000	0,002000,0,002000,0,994000,0,002000	0,276789,0,002000,0,719211,0,002000
363	0,002000,0,002000,0,004364,0,991636	0,002000,0,002000,0,002000,0,994000	0,002000,0,002000,0,098909,0,897091	0,002000,0,002000,0,002000,0,994000	0,002000,0,002000,0,095160,0,900840
364	0,002000,0,002000,0,994000,0,002000	0,994000,0,002000,0,002000,0,002000	0,637823,0,002000,0,358177,0,002000	0,002000,0,002000,0,994000,0,002000	0,095454,0,002000,0,900546,0,002000
373	0,002000,0,002000,0,002000,0,994000	0,002000,0,994000,0,002000,0,002000	0,002000,0,874487,0,002000,0,121513	0,002000,0,002000,0,002000,0,994000	0,002000,0,144202,0,002000,0,851798
379	0,994000,0,002000,0,002000,0,002000	0,002000,0,002000,0,994000,0,002000	0,207192,0,002000,0,788808,0,002000	0,973350,0,002000,0,022650,0,002000	0,832495,0,002000,0,163505,0,002000
388	0,002000,0,002000,0,002000,0,994000	0,002000,0,990355,0,002000,0,005645	0,002000,0,571520,0,002000,0,424480	0,002000,0,002000,0,002000,0,994000	0,002000,0,092154,0,002000,0,903846
391	0,994000,0,002000,0,002000,0,002000	0,002000,0,002000,0,994000,0,002000	0,002000,0,002000,0,994000,0,002000	0,994000,0,002000,0,002000,0,002000	0,275489,0,002000,0,720511,0,002000
394	0,002000,0,994000,0,002000,0,002000	0,002000,0,002164,0,993836,0,002000	0,040640,0,002000,0,955360,0,002000	0,002000,0,994000,0,002000,0,002000	0,002000,0,461487,0,534513,0,002000
418	0,002000,0,994000,0,002000,0,002000	0,002000,0,002000,0,002000,0,994000	0,002000,0,390784,0,002000,0,605216	0,002000,0,994000,0,002000,0,002000	0,002000,0,597543,0,002000,0,398457
427	0,002000,0,994000,0,002000,0,002000	0,002000,0,002000,0,002000,0,994000	0,002000,0,647692,0,002000,0,348308	0,002000,0,994000,0,002000,0,002000	0,002000,0,697968,0,002000,0,298032
433	0,002000,0,994000,0,002000,0,002000	0,002000,0,002000,0,002000,0,994000	0,002000,0,330159,0,002000,0,665841	0,002000,0,994000,0,002000,0,002000	0,002000,0,238333,0,002000,0,757667
436	0,002000,0,994000,0,002000,0,002000	0,002000,0,002000,0,002000,0,994000	0,002000,0,423197,0,002000,0,572803	0,002000,0,994000,0,002000,0,002000	0,002000,0,395240,0,002000,0,600760
444	0,002000,0,002000,0,994000,0,002000	0,002000,0,994000,0,002000,0,002000	0,002000,0,550310,0,445690,0,002000	0,002000,0,002000,0,994000,0,002000	0,002000,0,456039,0,539961,0,002000
448	0,994000,0,002000,0,002000,0,002000	0,002000,0,002000,0,994000,0,002000	0,230160,0,002000,0,765840,0,002000	0,994000,0,002000,0,002000,0,002000	0,447336,0,002000,0,548664,0,002000
454	0,994000,0,002000,0,002000,0,002000	0,002000,0,994000,0,002000,0,002000	0,631617,0,331764,0,002000,0,034620	0,994000,0,002000,0,002000,0,002000	0,780578,0,215422,0,002000,0,002000
457	0,002000,0,002000,0,002000,0,994000	0,002000,0,989148,0,002000,0,006852	0,002000,0,476461,0,002000,0,519539	0,002000,0,002000,0,002000,0,994000	0,002000,0,388372,0,002000,0,607628
460	0,002000,0,994000,0,002000,0,002000	0,002000,0,002000,0,002000,0,994000	0,002000,0,437401,0,002000,0,558599	0,002000,0,994000,0,002000,0,002000	0,002000,0,467109,0,002000,0,528891
484	0,994000,0,002000,0,002000,0,002000	0,002000,0,002000,0,994000,0,002000	0,339986,0,002000,0,656014,0,002000	0,994000,0,002000,0,002000,0,002000	0,348741,0,002000,0,647259,0,002000
490	0,002000,0,010501,0,002000,0,985499	0,002000,0,994000,0,002000,0,002000	0,002000,0,804569,0,002000,0,191431	0,002000,0,063546,0,002000,0,932454	0,002000,0,839884,0,002000,0,156116
493	0,002000,0,994000,0,002000,0,002000	0,002000,0,002000,0,002000,0,994000	0,002000,0,740634,0,002000,0,255366	0,002000,0,994000,0,002000,0,002000	0,002000,0,514057,0,002000,0,481943
497	0,002000,0,002000,0,994000,0,002000	0,002000,0,002000,0,002000,0,994000	0,002000,0,002000,0,337005,0,658995	0,002000,0,002000,0,994000,0,002000	0,002000,0,002000,0,181355,0,814645
505	0,002000,0,994000,0,002000,0,002000	0,002000,0,004174,0,002000,0,991826	0,002000,0,741964,0,002000,0,254036	0,002000,0,994000,0,002000,0,002000	0,002000,0,378644,0,002000,0,617356
511	0,002000,0,002000,0,002000,0,994000	0,002000,0,994000,0,002000,0,002000	0,002000,0,314656,0,002000,0,681344	0,002000,0,002000,0,002000,0,994000	0,002000,0,649314,0,002000,0,346686
512	0,002000,0,002000,0,002000,0,994000	0,002000,0,994000,0,002000,0,002000	0,002000,0,234618,0,002000,0,761382	0,002000,0,002000,0,002000,0,994000	0,002000,0,522113,0,002000,0,473887
514	0,002000,0,002000,0,994000,0,002000	0,994000,0,002000,0,002000,0,002000	0,359946,0,002000,0,636054,0,002000	0,002000,0,002000,0,994000,0,002000	0,741581,0,002000,0,254419,0,002000
521	0,994000,0,002000,0,002000,0,002000	0,003795,0,002000,0,992205,0,002000	0,782371,0,002000,0,213629,0,002000	0,994000,0,002000,0,002000,0,002000	0,020632,0,002000,0,975368,0,002000
544	0,994000,0,002000,0,002000,0,002000	0,011282,0,002000,0,984718,0,002000	0,791083,0,002000,0,204917,0,002000	0,994000,0,002000,0,002000,0,002000	0,049673,0,002000,0,946327,0,002000
556	0,002000,0,994000,0,002000,0,002000	0,002000,0,002000,0,002000,0,994000	0,002000,0,672418,0,002000,0,323582	0,002000,0,994000,0,002000,0,002000	0,002000,0,002000,0,002000,0,994000
559	0,994000,0,002000,0,002000,0,002000	0,002000,0,002000,0,994000,0,002000	0,766777,0,002000,0,229223,0,002000	0,994000,0,002000,0,002000,0,002000	0,133246,0,002000,0,862754,0,002000
562	0,002000,0,994000,0,002000,0,002000	0,002000,0,002000,0,002000,0,994000	0,002000,0,536700,0,002000,0,459300	0,002000,0,994000,0,002000,0,002000	0,002000,0,044738,0,002000,0,951262
563	0,002000,0,994000,0,002000,0,002000	0,002000,0,002793,0,002000,0,993207	0,002000,0,452050,0,002000,0,543950	0,002000,0,994000,0,002000,0,002000	0,002000,0,023841,0,002000,0,972159
574	0,002000,0,994000,0,002000,0,002000	0,002000,0,017106,0,978894,0,002000	0,002000,0,641185,0,354815,0,002000	0,002000,0,994000,0,002000,0,002000	0,002000,0,002000,0,994000,0,002000
580	0,994000,0,002000,0,002000,0,002000	0,002000,0,002000,0,002000,0,994000	0,598729,0,002000,0,002000,0,397271	0,994000,0,002000,0,002000,0,002000	0,011456,0,002000,0,002000,0,984544
589	0,002000,0,002000,0,002000,0,994000	0,002000,0,984917,0,002000,0,011083	0,002000,0,230355,0,002000,0,765645	0,002000,0,002000,0,002000,0,994000	0,002000,0,959487,0,002000,0,036513
595	0,002000,0,002000,0,002000,0,994000	0,002000,0,994000,0,002000,0,002000	0,002000,0,273262,0,002000,0,722738	0,002000,0,002000,0,002000,0,994000	0,002000,0,956357,0,002000,0,039643
613	0,002000,0,002000,0,994000,0,002000	0,002000,0,002000,0,005327,0,990673	0,002000,0,002000,0,761660,0,234340	0,002000,0,002000,0,994000,0,002000	0,002000,0,023314,0,033658,0,941028
619	0,002000,0,002000,0,994000,0,002000	0,993264,0,002000,0,002736,0,002000	0,059139,0,002000,0,936861,0,002000	0,002000,0,002000,0,994000,0,002000	0,994000,0,002000,0,002000,0,002000
625	0,002000,0,994000,0,002000,0,002000	0,002000,0,002000,0,002000,0,994000	0,002000,0,798760,0,002000,0,197240	0,002000,0,994000,0,002000,0,002000	0,002000,0,002000,0,002000,0,994000
628	0,003555,0,992445,0,002000,0,002000	0,002000,0,994000,0,002000,0,002000	0,087853,0,908147,0,002000,0,002000	0,002000,0,994000,0,002000,0,002000	0,002000,0,994000,0,002000,0,002000
631	0,002000,0,994000,0,002000,0,002000	0,002000,0,003274,0,002000,0,992726	0,002000,0,840917,0,002000,0,155083	0,002000,0,994000,0,002000,0,002000	0,002000,0,018688,0,002000,0,977312
634	0,002000,0,002000,0,002000,0,994000	0,002000,0,994000,0,002000,0,002000	0,002000,0,149812,0,002000,0,846188	0,002000,0,002000,0,002000,0,994000	0,002000,0,973046,0,002000,0,022954
638	0,994000,0,002000,0,002000,0,002000	0,002000,0,002000,0,994000,0,002000	0,800005,0,002000,0,195995,0,002000	0,994000,0,002000,0,002000,0,002000	0,032226,0,002000,0,963774,0,002000
644	0,002000,0,994000,0,002000,0,002000	0,977649,0,018351,0,002000,0,002000	0,310506,0,685494,0,002000,0,002000	0,002000,0,994000,0,002000,0,002000	0,961889,0,034111,0,002000,0,002000
645	0,002000,0,002000,0,002000,0,994000	0,002000,0,994000,0,002000,0,002000	0,002000,0,249605,0,002000,0,746395	0,002000,0,002000,0,002000,0,994000	0,002000,0,994000,0,002000,0,002000
646	0,994000,0,002000,0,002000,0,002000	0,002000,0,002000,0,994000,0,002000	0,765132,0,002000,0,230868,0,002000	0,994000,0,002000,0,002000,0,002000	0,002000,0,002000,0,994000,0,002000
647	0,002000,0,002000,0,002000,0,994000	0,002000,0,969507,0,002000,0,026493	0,002000,0,314647,0,002000,0,681353	0,002000,0,002000,0,002000,0,994000	0,002000,0,973657,0,002000,0,022343
652	0,002000,0,994000,0,002000,0,002000	0,002000,0,002000,0,002000,0,994000	0,115917,0,653292,0,002000,0,228792	0,002000,0,994000,0,002000,0,002000	0,002000,0,051347,0,002000,0,944653
656	0,002000,0,002000,0,002000,0,994000	0,002000,0,988388,0,002000,0,007612	0,002000,0,127099,0,002000,0,868901	0,002000,0,002000,0,002000,0,994000	0,002000,0,898389,0,002000,0,097611
661	0,002000,0,994000,0,002000,0,002000	0,002000,0,009569,0,002000,0,986431	0,002000,0,876380,0,002000,0,119620	0,002000,0,994000,0,002000,0,002000	0,002000,0,034803,0,002000,0,961197
664	0,002000,0,002000,0,994000,0,002000	0,988441,0,002000,0,007559,0,002000	0,306451,0,002000,0,689549,0,002000	0,002000,0,002000,0,994000,0,002000	0,974409,0,002000,0,021591,0,002000
670	0,002000,0,993839,0,002000,0,002161	0,002000,0,002000,0,045904,0,950096	0,002000,0,697254,0,031742,0,269004	0,002000,0,994000,0,002000,0,002000	0,002000,0,002000,0,052866,0,943134
676	0,002000,0,994000,0,002000,0,002000	0,002000,0,017317,0,002000,0,978683	0,002000,0,894098,0,002000,0,101902	0,002000,0,994000,0,002000,0,002000	0,002000,0,002000,0,002000,0,994000
691	0,002000,0,991580,0,002000,0,004420	0,002000,0,002000,0,002000,0,994000	0,002000,0,645984,0,002000,0,350016	0,002000,0,994000,0,002000,0,002000	0,002000,0,002000,0,002000,0,994000
697	0,002000,0,002000,0,002000,0,994000	0,002000,0,994000,0,002000,0,002000	0,002000,0,062317,0,002000,0,933683	0,002000,0,002000,0,002000,0,994000	0,002000,0,994000,0,002000,0,002000
700	0,994000,0,002000,0,002000,0,002000	0,002000,0,994000,0,002000,0,002000	0,923224,0,037661,0,037115,0,002000	0,994000,0,002000,0,002000,0,002000	0,002000,0,994000,0,002000,0,002000
703	0,994000,0,002000,0,002000,0,002000	0,002289,0,002000,0,993711,0,002000	0,839650,0,002000,0,156350,0,002000	0,994000,0,002000,0,002000,0,002000	0,002000,0,002000,0,994000,0,002000
706	0,002000,0,002000,0,994000,0,002000	0,993802,0,002000,0,002198,0,002000	0,145780,0,002000,0,850220,0,002000	0,002000,0,002000,0,994000,0,002000	0,994000,0,002000,0,002000,0,002000
712	0,002000,0,002000,0,002000,0,994000	0,002000,0,955224,0,003511,0,039265	0,002000,0,002000,0,002000,0,994000	0,002000,0,002000,0,002000,0,994000	0,002000,0,177293,0,002000,0,818707
713	0,994000,0,002000,0,002000,0,002000	0,064337,0,931663,0,002000,0,002000	0,972600,0,023400,0,002000,0,002000	0,994000,0,002000,0,002000,0,002000	0,819155,0,176845,0,002000,0,002000
715	0,002000,0,002000,0,002000,0,994000	0,002000,0,885791,0,002000,0,110209	0,002000,0,002000,0,002000,0,994000	0,002000,0,002000,0,002000,0,994000	0,006573,0,108726,0,002000,0,882700
717	0,002000,0,002000,0,994000,0,002000	0,985079,0,002000,0,010921,0,002000	0,029132,0,002000,0,966868,0,002000	0,002000,0,002000,0,994000,0,002000	0,990462,0,005538,0,002000,0,002000
718	0,002000,0,002000,0,002000,0,994000	0,645603,0,002000,0,002000,0,350397	0,032863,0,002000,0,002000,0,963137	0,002000,0,002000,0,002000,0,994000	0,066818,0,002000,0,002000,0,929182
719	0,994000,0,002000,0,002000,0,002000	0,389803,0,002000,0,606197,0,002000	0,960743,0,002000,0,035257,0,002000	0,994000,0,002000,0,002000,0,002000	0,940685,0,002000,0,055315,0,002000
720	0,002000,0,994000,0,002000,0,002000	0,002000,0,674186,0,002000,0,321814	0,002000,0,994000,0,002000,0,002000	0,002000,0,994000,0,002000,0,002000	0,002000,0,077710,0,002000,0,918290
721	0,994000,0,002000,0,002000,0,002000	0,020984,0,310768,0,002000,0,666248	0,953304,0,022348,0,002000,0,022348	0,994000,0,002000,0,002000,0,002000	0,002000,0,905669,0,002000,0,090331
726	0,002000,0,002000,0,994000,0,002000	0,002000,0,002000,0,059559,0,936441	0,002000,0,002000,0,964139,0,031861	0,002000,0,002000,0,994000,0,002000	0,002000,0,002000,0,051846,0,944154
728	0,002000,0,994000,0,002000,0,002000	0,002000,0,966952,0,002000,0,029048	0,002000,0,994000,0,002000,0,002000	0,002000,0,994000,0,002000,0,002000	0,002000,0,975243,0,002000,0,020757
732	0,002000,0,002000,0,994000,0,002000	0,994000,0,002000,0,002000,0,002000	0,190588,0,002000,0,805412,0,002000	0,015585,0,002000,0,980415,0,002000	0,994000,0,002000,0,002000,0,002000
735	0,002000,0,002000,0,994000,0,002000	0,002000,0,989244,0,002791,0,005965	0,002000,0,130420,0,865580,0,002000	0,002000,0,002000,0,994000,0,002000	0,002000,0,988621,0,002000,0,007379
739	0,002000,0,002000,0,002000,0,994000	0,002000,0,994000,0,002000,0,002000	0,002000,0,160183,0,002000,0,835817	0,002000,0,002000,0,002000,0,994000	0,002000,0,994000,0,002000,0,002000
748	0,002000,0,002000,0,002000,0,994000	0,002000,0,991509,0,002000,0,004491	0,002000,0,114483,0,002000,0,881517	0,002000,0,002000,0,002000,0,994000	0,002000,0,994000,0,002000,0,002000
758	0,002000,0,002000,0,002000,0,994000	0,002000,0,985674,0,002000,0,010326	0,002000,0,060360,0,002000,0,935640	0,002000,0,002000,0,002000,0,994000	0,002000,0,994000,0,002000,0,002000
775	0,002000,0,994000,0,002000,0,002000	0,002000,0,002011,0,002000,0,993989	0,002000,0,935335,0,002000,0,060665	0,002000,0,903870,0,002000,0,092130	0,002000,0,006756,0,002000,0,989244
781	0,002000,0,002000,0,994000,0,002000	0,002000,0,981343,0,014657,0,002000	0,002000,0,002000,0,994000,0,002000	0,002000,0,129353,0,866647,0,002000	0,002000,0,915443,0,080557,0,002000
783	0,994000,0,002000,0,002000,0,002000	0,037616,0,958384,0,002000,0,002000	0,994000,0,002000,0,002000,0,002000	0,955159,0,040841,0,002000,0,002000	0,027452,0,968548,0,002000,0,002000
784	0,002000,0,994000,0,002000,0,002000	0,002000,0,045766,0,002000,0,950234	0,002000,0,994000,0,002000,0,002000	0,002000,0,961368,0,002000,0,034632	0,002000,0,023923,0,002000,0,972077
791	0,002000,0,994000,0,002000,0,002000	0,002000,0,961435,0,034565,0,002000	0,002000,0,994000,0,002000,0,002000	0,002000,0,994000,0,002000,0,002000	0,002000,0,942421,0,053579,0,002000
796	0,002000,0,994000,0,002000,0,002000	0,002000,0,002000,0,994000,0,002000	0,002000,0,943726,0,002000,0,052274	0,002000,0,729039,0,266961,0,002000	0,002000,0,002000,0,994000,0,002000
801	0,002000,0,002000,0,992085,0,003915	0,002000,0,002000,0,994000,0,002000	0,002000,0,002000,0,994000,0,002000	0,002000,0,002000,0,994000,0,002000	0,002000,0,002000,0,994000,0,002000
805	0,994000,0,002000,0,002000,0,002000	0,007423,0,002000,0,988577,0,002000	0,960181,0,002000,0,035819,0,002000	0,881273,0,002000,0,114727,0,002000	0,002000,0,002000,0,994000,0,002000
809	0,002000,0,994000,0,002000,0,002000	0,002000,0,982224,0,013776,0,002000	0,002000,0,994000,0,002000,0,002000	0,002000,0,994000,0,002000,0,002000	0,002000,0,959581,0,036419,0,002000
841	0,002000,0,002000,0,002000,0,994000	0,002000,0,002000,0,978676,0,017324	0,002000,0,002000,0,048205,0,947795	0,002000,0,002000,0,078665,0,917335	0,002000,0,002000,0,994000,0,002000
859	0,002000,0,002000,0,002000,0,994000	0,002000,0,981035,0,002000,0,014965	0,002000,0,070971,0,002000,0,925029	0,002000,0,168477,0,002000,0,827523	0,002000,0,953517,0,002000,0,042483
871	0,002000,0,994000,0,002000,0,002000	0,002000,0,002580,0,002000,0,993420	0,002000,0,994000,0,002000,0,002000	0,002000,0,722139,0,002000,0,273861	0,002000,0,082628,0,002000,0,913372
877	0,994000,0,002000,0,002000,0,002000	0,005410,0,002000,0,990590,0,002000	0,951076,0,002000,0,044924,0,002000	0,640047,0,002000,0,355953,0,002000	0,030093,0,002000,0,965907,0,002000
889	0,002000,0,002000,0,002000,0,994000	0,002000,0,992936,0,002000,0,003064	0,002000,0,002000,0,002000,0,994000	0,002000,0,353938,0,002000,0,642062	0,002000,0,902715,0,002000,0,093285
890	0,002000,0,002000,0,994000,0,002000	0,992078,0,002000,0,003922,0,002000	0,002000,0,002000,0,994000,0,002000	0,202656,0,002000,0,793344,0,002000	0,817861,0,002000,0,178139,0,002000
898	0,005088,0,002000,0,990912,0,002000	0,002000,0,002000,0,994000,0,002000	0,002000,0,002000,0,994000,0,002000	0,002000,0,002000,0,994000,0,002000	0,071733,0,002000,0,924267,0,002000
905	0,994000,0,002000,0,002000,0,002000	0,011167,0,984833,0,002000,0,002000	0,844948,0,151052,0,002000,0,002000	0,625590,0,370410,0,002000,0,002000	0,027538,0,968462,0,002000,0,002000
946	0,002000,0,994000,0,002000,0,002000	0,002000,0,017412,0,002000,0,978588	0,002000,0,994000,0,002000,0,002000	0,002000,0,325183,0,002000,0,670817	0,002000,0,214717,0,002000,0,781283
949	0,002000,0,994000,0,002000,0,002000	0,002000,0,008981,0,002000,0,987019	0,002000,0,994000,0,002000,0,002000	0,002000,0,235519,0,002000,0,760481	0,002000,0,085426,0,002000,0,910574
1003	0,002000,0,002000,0,994000,0,002000	0,002000,0,002000,0,005051,0,990949	0,002000,0,002000,0,994000,0,002000	0,002000,0,002000,0,029667,0,966333	0,043283,0,002000,0,123218,0,831498
1009	0,994000,0,002000,0,002000,0,002000	0,015459,0,002758,0,979783,0,002000	0,994000,0,002000,0,002000,0,002000	0,023665,0,002000,0,972335,0,002000	0,078700,0,016144,0,903156,0,002000
1015	0,002000,0,994000,0,002000,0,002000	0,002000,0,994000,0,002000,0,002000	0,002000,0,721799,0,274201,0,002000	0,002000,0,994000,0,002000,0,002000	0,002000,0,994000,0,002000,0,002000
1016	0,994000,0,002000,0,002000,0,002000	0,994000,0,002000,0,002000,0,002000	0,753806,0,242194,0,002000,0,002000	0,994000,0,002000,0,002000,0,002000	0,994000,0,002000,0,002000,0,002000
1036	0,994000,0,002000,0,002000,0,002000	0,026935,0,002000,0,969065,0,002000	0,994000,0,002000,0,002000,0,002000	0,042680,0,002000,0,953320,0,002000	0,520308,0,002000,0,475692,0,002000
1039	0,002000,0,002000,0,994000,0,002000	0,954426,0,002000,0,041574,0,002000	0,002000,0,002000,0,994000,0,002000	0,923314,0,002000,0,072686,0,002000	0,661093,0,002000,0,334907,0,002000
1042	0,994000,0,002000,0,002000,0,002000	0,966127,0,029873,0,002000,0,002000	0,994000,0,002000,0,002000,0,002000	0,994000,0,002000,0,002000,0,002000	0,938737,0,057263,0,002000,0,002000
1051	0,002000,0,002000,0,002000,0,994000	0,956874,0,002000,0,002000,0,039126	0,002000,0,002000,0,002000,0,994000	0,970370,0,002000,0,002000,0,025630	0,708206,0,002000,0,002000,0,287794
1057	0,002000,0,002000,0,994000,0,002000	0,965278,0,002000,0,030722,0,002000	0,002000,0,002000,0,994000,0,002000	0,937165,0,002000,0,058835,0,002000	0,584280,0,002000,0,411720,0,002000
1061	0,002000,0,002000,0,002000,0,994000	0,002000,0,002000,0,981005,0,014995	0,002000,0,002000,0,088971,0,907029	0,002000,0,002000,0,939449,0,056551	0,002000,0,002000,0,701533,0,294467
1067	0,002000,0,994000,0,002000,0,002000	0,002000,0,037985,0,002000,0,958015	0,002000,0,994000,0,002000,0,002000	0,002000,0,176871,0,002000,0,819129	0,002000,0,579160,0,036595,0,382245
1078	0,002000,0,994000,0,002000,0,002000	0,002000,0,003940,0,002000,0,992060	0,002000,0,994000,0,002000,0,002000	0,002000,0,039671,0,002000,0,956329	0,002000,0,177678,0,002000,0,818322
1079	0,002000,0,994000,0,002000,0,002000	0,002000,0,007957,0,002000,0,988043	0,002000,0,994000,0,002000,0,002000	0,002000,0,041186,0,002000,0,954814	0,002000,0,074843,0,002000,0,921157
1093	0,002000,0,994000,0,002000,0,002000	0,002000,0,044204,0,002000,0,951796	0,002000,0,981988,0,002000,0,014012	0,002000,0,119245,0,002000,0,876755	0,002000,0,514761,0,002000,0,481239
1102	0,002000,0,002000,0,002000,0,994000	0,002000,0,965847,0,002000,0,030153	0,002000,0,017366,0,002000,0,978634	0,002000,0,935950,0,002000,0,060050	0,002000,0,493444,0,002000,0,502556
1114	0,994000,0,002000,0,002000,0,002000	0,008222,0,002000,0,987778,0,002000	0,867330,0,002000,0,128670,0,002000	0,002000,0,002000,0,994000,0,002000	0,184319,0,002000,0,811681,0,002000
1120	0,002000,0,994000,0,002000,0,002000	0,002000,0,016464,0,002000,0,979536	0,002000,0,917002,0,002000,0,078998	0,002000,0,052169,0,002000,0,943831	0,002000,0,304858,0,002000,0,691142
1130	0,002000,0,994000,0,002000,0,002000	0,002000,0,007901,0,002000,0,988099	0,002000,0,926143,0,002000,0,069857	0,002000,0,029994,0,002000,0,966006	0,002000,0,386846,0,002000,0,609154
1154	0,008460,0,987540,0,002000,0,002000	0,002000,0,994000,0,002000,0,002000	0,037002,0,958998,0,002000,0,002000	0,002000,0,994000,0,002000,0,002000	0,002000,0,994000,0,002000,0,002000
1159	0,002000,0,002000,0,002000,0,994000	0,002000,0,885213,0,002000,0,110787	0,002000,0,298567,0,002000,0,697433	0,002000,0,994000,0,002000,0,002000	0,002000,0,724722,0,002000,0,271278
1183	0,004156,0,991844,0,002000,0,002000	0,002000,0,994000,0,002000,0,002000	0,002000,0,994000,0,002000,0,002000	0,002000,0,994000,0,002000,0,002000	0,020659,0,975341,0,002000,0,002000
1211	0,994000,0,002000,0,002000,0,002000	0,994000,0,002000,0,002000,0,002000	0,994000,0,002000,0,002000,0,002000	0,994000,0,002000,0,002000,0,002000	0,539987,0,002000,0,002000,0,456013
1228	0,959562,0,002000,0,036438,0,002000	0,994000,0,002000,0,002000,0,002000	0,250000,0,250000,0,250000,0,250000	0,250000,0,250000,0,250000,0,250000	0,250000,0,250000,0,250000,0,250000
1271	0,994000,0,002000,0,002000,0,002000	0,338556,0,657444,0,002000,0,002000	0,771162,0,224838,0,002000,0,002000	0,158758,0,837242,0,002000,0,002000	0,951119,0,044881,0,002000,0,002000
1318	0,002000,0,992189,0,002000,0,003811	0,002000,0,122181,0,002000,0,873819	0,002000,0,193957,0,002000,0,802043	0,002000,0,038728,0,002000,0,957272	0,002000,0,856482,0,002000,0,139518
1321	0,002000,0,002000,0,002000,0,994000	0,002000,0,785268,0,002000,0,210732	0,002000,0,755011,0,002000,0,240989	0,002000,0,955732,0,002000,0,040268	0,002000,0,002000,0,002000,0,994000
1345	0,002000,0,006699,0,002000,0,989301	0,002000,0,878030,0,002000,0,117970	0,002000,0,809656,0,002000,0,186344	0,002000,0,911227,0,002000,0,084773	0,002000,0,138297,0,002000,0,857703
1383	0,004042,0,002000,0,002000,0,991958	0,009562,0,002000,0,002000,0,986438	0,002000,0,058470,0,002000,0,937530	0,002000,0,002000,0,002000,0,994000	0,002000,0,002000,0,002000,0,994000
1384	0,002000,0,989031,0,002000,0,006969	0,002000,0,987141,0,002000,0,008859	0,002000,0,994000,0,002000,0,002000	0,002000,0,994000,0,002000,0,002000	0,002000,0,994000,0,002000,0,002000
1417	0,975118,0,020882,0,002000,0,002000	0,240712,0,755288,0,002000,0,002000	0,216102,0,779898,0,002000,0,002000	0,073201,0,922799,0,002000,0,002000	0,801432,0,194568,0,002000,0,002000
