Command arguments:  -t data/63.B1.W09.29/63.B1.W09.29 --bam data/63.B1.W09.29/63.B1.W09.29.bam --baseFreq data/63.B1.W09.29/12/step_1/63.B1.W09.29.lld --refSequence data/fasta/HCMV_Merlin_UL33.fasta --hapAlignment data/63.B1.W09.29/12/step_1/63.B1.W09.29Haplo.fasta --iterate
INITIAL	LL: -5916.771820541486	PENALTY: 260.0	PENALISED LL: -6176.771820541486
	1	0.30351282447883743
	2	0.08860888604225282
	3	0.3034516543416824
	4	0.30442663513722745

Overwriting 4 with 3 in region 388-395
RECOMBINE	0	-6168.874131430738
Recombining haplotypes 3 and 1 in region 1161-1167
RECOMBINE	1	-6167.953618986872
Overwriting 4 with 2 in region 140-163
RECOMBINE	2	-6166.536977560152
Recombining haplotypes 3 and 2 in region 784-810
RECOMBINE	3	-6166.351368760274
Overwriting 4 with 2 in region 633-644
RECOMBINE	4	-6166.134591300374
Overwriting 2 with 4 in region 348-358
RECOMBINE	5	-6165.906829140806
Overwriting 4 with 2 in region 510-528
RECOMBINE	6	-6123.298591016859
Recombining haplotypes 4 and 1 in region 1343-1357
RECOMBINE	7	-6120.284179493543
Overwriting 1 with 0 in region 600-609
RECOMBINE	8	-6043.236932056577
Overwriting 1 with 3 in region 920-923
RECOMBINE	9	-6041.680764274635
Overwriting 1 with 2 in region 1075-1083
RECOMBINE	10	-6035.866865555428
Overwriting 1 with 4 in region 1559-1563
RECOMBINE	11	-6035.068084620306
Overwriting 1 with 2 in region 93-95
RECOMBINE	12	-6034.968604782369
Overwriting 1 with 0 in region 254-265
RECOMBINE	13	-6034.889111876505
Overwriting 1 with 3 in region 824-842
RECOMBINE	14	-6034.865960489991
Recombining haplotypes 1 and 3 in region 343-348
RECOMBINE	15	-6034.762812958996
Overwriting 2 with 0 in region 1525-1539
RECOMBINE	16	-6034.687292535252
Overwriting 0 with 1 in region 1300-1308
RECOMBINE	17	-6034.615205337933
Recombining haplotypes 3 and 1 in region 1254-1261
RECOMBINE	18	-6034.56794176915
Overwriting 4 with 3 in region 1480-1495
RECOMBINE	19	-6034.499956128868
INITIAL RECOMBINE	-5774.499956128868	260.0	-6034.499956128868
Combining haplotypes 1 and 2
Combining haplotypes 1 and 2
CONTRACT	1	-5985.259179454104
Combining haplotypes 1 and 3
Combining haplotypes 1 and 3
CONTRACT	1	-5983.919919275031
Combining haplotypes 1 and 4
Combining haplotypes 1 and 4
CONTRACT	1	-5984.387303400244
Combining haplotypes 2 and 3
Combining haplotypes 2 and 3
CONTRACT	1	-5982.687528327174
Combining haplotypes 2 and 4
Combining haplotypes 2 and 4
CONTRACT	1	-6118.806781064742
Combining haplotypes 3 and 4
Combining haplotypes 3 and 4
CONTRACT	1	-5981.785130516581
Recombining haplotypes 0 and 1 in region 520-524
RECOMBINE	1	0	-5981.441768035412
Overwriting 1 with 3 in region 356-366
RECOMBINE	1	1	-5981.426024053818
Recombining haplotypes 1 and 2 in region 791-804
RECOMBINE	1	2	-5981.4238321047305
Overwriting 2 with 0 in region 241-254
RECOMBINE	1	3	-5981.424083590538
Recombining haplotypes 0 and 2 in region 84-91
RECOMBINE	1	4	-5981.424083590538
Overwriting 2 with 3 in region 925-936
RECOMBINE	1	5	-5981.424083590538
Overwriting 3 with 1 in region 1288-1293
RECOMBINE	1	6	-5981.424083590538
Recombining haplotypes 0 and 2 in region 794-806
RECOMBINE	1	7	-5981.424083590538
Overwriting 2 with 1 in region 194-210
RECOMBINE	1	8	-5981.427536270951
Overwriting 3 with 2 in region 1465-1470
RECOMBINE	1	9	-5981.424083590538
Overwriting 0 with 2 in region 298-314
RECOMBINE	1	10	-5981.424083590538
Overwriting 1 with 2 in region 32-53
RECOMBINE	1	11	-5981.424083590538
Overwriting 1 with 2 in region 509-515
RECOMBINE	1	12	-5982.466604221721
Recombining haplotypes 2 and 1 in region 826-845
RECOMBINE	1	13	-5981.948283789555
Overwriting 1 with 3 in region 700-704
RECOMBINE	1	14	-5981.424083590538
Overwriting 1 with 2 in region 827-841
RECOMBINE	1	15	-5981.647587652709
Overwriting 3 with 1 in region 287-295
RECOMBINE	1	16	-5981.424083590538
Overwriting 0 with 3 in region 1493-1504
RECOMBINE	1	17	-5981.424083590538
Recombining haplotypes 1 and 3 in region 346-355
RECOMBINE	1	18	-5981.424083590538
Overwriting 0 with 2 in region 979-981
RECOMBINE	1	19	-5981.424083590538

Big Iteration 1	LL: -5773.4238321047305	PENALTY: 208.0	PENALISED LL: -5981.4238321047305
	1	0.9047410726277021
	2	0.0926118372951638
	3	0.002647090077134045

Combining haplotypes 1 and 2
Combining haplotypes 1 and 2
CONTRACT	2	-7784.7839964164
Combining haplotypes 1 and 3
Combining haplotypes 1 and 3
CONTRACT	2	-6108.350159714024
Combining haplotypes 2 and 3
Combining haplotypes 2 and 3
CONTRACT	2	-6069.89769293224

Big Iteration 2	LL: -5773.4238321047305	PENALTY: 208.0	PENALISED LL: -5981.4238321047305
	1	0.9047410726277021
	2	0.0926118372951638
	3	0.002647090077134045

FINISHED

Big Iteration -1	LL: -5773.4238321047305	PENALTY: 208.0	PENALISED LL: -5981.4238321047305
	1	0.9047410726277021
	2	0.0926118372951638
	3	0.002647090077134045


Haplotype frequencies
1	0,904741
2	0,092612
3	0,002647
Active sites
112	0,002000,0,005477,0,002000,0,990523	0,002000,0,025143,0,002000,0,970857	0,002000,0,994000,0,002000,0,002000
120	0,104447,0,002000,0,891553,0,002000	0,467431,0,002000,0,528569,0,002000	0,250000,0,250000,0,250000,0,250000
121	0,009558,0,002000,0,986442,0,002000	0,010448,0,002000,0,985552,0,002000	0,002000,0,002000,0,993851,0,002149
161	0,002000,0,994000,0,002000,0,002000	0,002000,0,994000,0,002000,0,002000	0,002000,0,002000,0,002000,0,994000
162	0,002000,0,994000,0,002000,0,002000	0,002000,0,994000,0,002000,0,002000	0,002000,0,002000,0,002000,0,994000
164	0,002000,0,002000,0,994000,0,002000	0,002000,0,002000,0,994000,0,002000	0,994000,0,002000,0,002000,0,002000
165	0,002000,0,002000,0,994000,0,002000	0,002000,0,002000,0,994000,0,002000	0,706718,0,002000,0,289282,0,002000
195	0,994000,0,002000,0,002000,0,002000	0,994000,0,002000,0,002000,0,002000	0,002000,0,002000,0,994000,0,002000
197	0,002000,0,050531,0,002000,0,945469	0,002000,0,765032,0,002000,0,230968	0,994000,0,002000,0,002000,0,002000
225	0,002000,0,002000,0,994000,0,002000	0,002000,0,002000,0,994000,0,002000	0,994000,0,002000,0,002000,0,002000
333	0,002000,0,993025,0,002000,0,002975	0,002000,0,984545,0,002000,0,011455	0,002000,0,994000,0,002000,0,002000
346	0,993337,0,002663,0,002000,0,002000	0,984983,0,011017,0,002000,0,002000	0,994000,0,002000,0,002000,0,002000
353	0,994000,0,002000,0,002000,0,002000	0,994000,0,002000,0,002000,0,002000	0,419216,0,002000,0,576784,0,002000
361	0,002000,0,002000,0,994000,0,002000	0,002000,0,002000,0,994000,0,002000	0,994000,0,002000,0,002000,0,002000
363	0,002000,0,002000,0,002000,0,994000	0,002000,0,002000,0,051159,0,944841	0,002000,0,002000,0,002000,0,994000
366	0,002000,0,002000,0,002000,0,994000	0,002000,0,002000,0,032647,0,963353	0,002000,0,002000,0,002000,0,994000
391	0,994000,0,002000,0,002000,0,002000	0,967421,0,028579,0,002000,0,002000	0,002000,0,002000,0,994000,0,002000
393	0,002000,0,994000,0,002000,0,002000	0,080460,0,915540,0,002000,0,002000	0,002000,0,994000,0,002000,0,002000
394	0,002000,0,994000,0,002000,0,002000	0,002000,0,994000,0,002000,0,002000	0,002000,0,217124,0,778876,0,002000
444	0,002000,0,994000,0,002000,0,002000	0,002000,0,137500,0,858500,0,002000	0,002000,0,994000,0,002000,0,002000
490	0,002000,0,005517,0,002000,0,990483	0,002000,0,038931,0,002000,0,957069	0,002000,0,652106,0,002000,0,343894
511	0,002000,0,970438,0,002000,0,025562	0,002000,0,021385,0,002000,0,974615	0,002000,0,994000,0,002000,0,002000
537	0,002000,0,002000,0,994000,0,002000	0,002000,0,002000,0,994000,0,002000	0,002000,0,002000,0,064420,0,931580
541	0,994000,0,002000,0,002000,0,002000	0,214592,0,002000,0,781408,0,002000	0,994000,0,002000,0,002000,0,002000
710	0,010501,0,985499,0,002000,0,002000	0,002000,0,994000,0,002000,0,002000	0,002000,0,994000,0,002000,0,002000
801	0,002000,0,002000,0,992549,0,003451	0,002000,0,002000,0,989043,0,006957	0,002000,0,002000,0,994000,0,002000
820	0,994000,0,002000,0,002000,0,002000	0,994000,0,002000,0,002000,0,002000	0,002000,0,002000,0,994000,0,002000
824	0,002000,0,002000,0,002330,0,993670	0,002000,0,002000,0,002000,0,994000	0,002000,0,002000,0,002000,0,994000
829	0,006895,0,989105,0,002000,0,002000	0,968496,0,027504,0,002000,0,002000	0,002000,0,994000,0,002000,0,002000
1015	0,002000,0,992325,0,003675,0,002000	0,002000,0,994000,0,002000,0,002000	0,002000,0,002000,0,994000,0,002000
1016	0,994000,0,002000,0,002000,0,002000	0,994000,0,002000,0,002000,0,002000	0,002000,0,994000,0,002000,0,002000
1081	0,994000,0,002000,0,002000,0,002000	0,994000,0,002000,0,002000,0,002000	0,002000,0,002000,0,994000,0,002000
1154	0,003013,0,992987,0,002000,0,002000	0,002000,0,994000,0,002000,0,002000	0,002000,0,994000,0,002000,0,002000
1179	0,002000,0,992672,0,002000,0,003328	0,002000,0,994000,0,002000,0,002000	0,250000,0,250000,0,250000,0,250000
1211	0,974303,0,002000,0,002000,0,021697	0,989371,0,002000,0,006629,0,002000	0,994000,0,002000,0,002000,0,002000
1227	0,002000,0,008993,0,002000,0,987007	0,002000,0,002000,0,002000,0,994000	0,250000,0,250000,0,250000,0,250000
1228	0,954664,0,002000,0,041336,0,002000	0,994000,0,002000,0,002000,0,002000	0,250000,0,250000,0,250000,0,250000
1240	0,002000,0,992246,0,002000,0,003754	0,002000,0,021798,0,002000,0,974202	0,002000,0,994000,0,002000,0,002000
1255	0,002000,0,002000,0,004019,0,991981	0,002000,0,002000,0,874969,0,121031	0,002000,0,002000,0,002000,0,994000
1267	0,994000,0,002000,0,002000,0,002000	0,994000,0,002000,0,002000,0,002000	0,198958,0,002000,0,797042,0,002000
1268	0,002000,0,002000,0,994000,0,002000	0,014212,0,002000,0,981788,0,002000	0,852250,0,002000,0,143750,0,002000
1270	0,002000,0,994000,0,002000,0,002000	0,002000,0,114510,0,881490,0,002000	0,002000,0,994000,0,002000,0,002000
1271	0,994000,0,002000,0,002000,0,002000	0,091412,0,904588,0,002000,0,002000	0,994000,0,002000,0,002000,0,002000
1272	0,993830,0,002170,0,002000,0,002000	0,016444,0,979556,0,002000,0,002000	0,994000,0,002000,0,002000,0,002000
1276	0,002000,0,002580,0,002000,0,993420	0,002000,0,990900,0,002000,0,005100	0,002000,0,002000,0,002000,0,994000
1356	0,003287,0,992713,0,002000,0,002000	0,002000,0,994000,0,002000,0,002000	0,002000,0,994000,0,002000,0,002000
1382	0,994000,0,002000,0,002000,0,002000	0,994000,0,002000,0,002000,0,002000	0,828161,0,002000,0,002000,0,167839
1383	0,002000,0,002000,0,002000,0,994000	0,022909,0,002000,0,002000,0,973091	0,002000,0,205407,0,002000,0,790593
1384	0,002000,0,992653,0,002000,0,003347	0,002000,0,948814,0,002000,0,047186	0,002000,0,994000,0,002000,0,002000
