Command arguments:  -t data/56.B1.W09.22/56.B1.W09.22 --bam data/56.B1.W09.22/56.B1.W09.22.bam --baseFreq data/56.B1.W09.22/17/step_1/56.B1.W09.22.lld --refSequence data/fasta/HCMV_Merlin_UL33.fasta --hapAlignment data/56.B1.W09.22/17/step_1/56.B1.W09.22Haplo.fasta --iterate
INITIAL	LL: -2284.8709420491246	PENALTY: 635.0	PENALISED LL: -2919.8709420491246
	1	0.2506277502724542
	4	0.7493722497275457

Overwriting 1 with 0 in region 48-58
RECOMBINE	0	-2934.735050775428
Recombining haplotypes 1 and 2 in region 1152-1155
RECOMBINE	1	-2934.735050775428
Overwriting 3 with 4 in region 785-787
RECOMBINE	2	-2934.735050775428
Overwriting 0 with 3 in region 395-403
RECOMBINE	3	-2934.735050775428
Recombining haplotypes 4 and 1 in region 596-599
RECOMBINE	4	-2934.735050775428
Recombining haplotypes 3 and 1 in region 1346-1363
RECOMBINE	5	-2934.735050775428
Overwriting 2 with 4 in region 34-36
RECOMBINE	6	-2934.735050775428
Recombining haplotypes 2 and 0 in region 687-695
RECOMBINE	7	-2934.735050775428
Overwriting 4 with 1 in region 612-620
RECOMBINE	8	-2934.735050775428
Overwriting 1 with 4 in region 929-942
RECOMBINE	9	-2934.581494363101
Recombining haplotypes 1 and 2 in region 1045-1057
RECOMBINE	10	-2934.735050775428
Recombining haplotypes 1 and 4 in region 715-723
RECOMBINE	11	-2936.2152356814186
Overwriting 4 with 1 in region 1098-1105
RECOMBINE	12	-2934.735050775428
Overwriting 1 with 4 in region 578-590
RECOMBINE	13	-2934.7431872698658
Overwriting 4 with 0 in region 832-846
RECOMBINE	14	-2934.735050775428
Overwriting 4 with 1 in region 279-287
RECOMBINE	15	-2934.735050775428
Overwriting 4 with 3 in region 1436-1440
RECOMBINE	16	-2934.735050775428
Recombining haplotypes 4 and 1 in region 947-949
RECOMBINE	17	-2934.735050775428
Recombining haplotypes 2 and 3 in region 240-243
RECOMBINE	18	-2934.735050775428
Recombining haplotypes 4 and 1 in region 360-374
RECOMBINE	19	-2934.735050775428
INITIAL RECOMBINE	-2284.8709420491246	635.0	-2919.8709420491246
Combining haplotypes 1 and 4
Combining haplotypes 1 and 4
CONTRACT	1	-3877.3863629072353
Overwriting 4 with 0 in region 966-975
RECOMBINE	1	0	-2934.735050775428
Overwriting 1 with 0 in region 658-671
RECOMBINE	1	1	-2934.735050775428
Recombining haplotypes 4 and 1 in region 741-750
RECOMBINE	1	2	-2934.735050775428
Overwriting 3 with 4 in region 114-119
RECOMBINE	1	3	-2934.735050775428
Recombining haplotypes 0 and 2 in region 950-956
RECOMBINE	1	4	-2934.735050775428
Recombining haplotypes 0 and 3 in region 962-983
RECOMBINE	1	5	-2934.735050775428
Overwriting 4 with 1 in region 1391-1399
RECOMBINE	1	6	-2934.735050775428
Overwriting 2 with 0 in region 450-460
RECOMBINE	1	7	-2934.735050775428
Overwriting 2 with 4 in region 1219-1237
RECOMBINE	1	8	-2934.735050775428
Recombining haplotypes 0 and 2 in region 1074-1089
RECOMBINE	1	9	-2934.735050775428
Recombining haplotypes 1 and 0 in region 396-403
RECOMBINE	1	10	-2934.735050775428
Recombining haplotypes 4 and 1 in region 322-337
RECOMBINE	1	11	-2934.611798874382
Overwriting 1 with 3 in region 718-733
RECOMBINE	1	12	-2934.735050775428
Recombining haplotypes 3 and 0 in region 1277-1289
RECOMBINE	1	13	-2934.735050775428
Recombining haplotypes 4 and 0 in region 1254-1258
RECOMBINE	1	14	-2934.735050775428
Recombining haplotypes 1 and 4 in region 832-845
RECOMBINE	1	15	-2934.810696362159
Recombining haplotypes 4 and 1 in region 248-249
RECOMBINE	1	16	-2934.735050775428
Recombining haplotypes 0 and 2 in region 1511-1513
RECOMBINE	1	17	-2934.735050775428
Overwriting 4 with 1 in region 156-178
RECOMBINE	1	18	-2934.7093291094266
Recombining haplotypes 2 and 0 in region 612-627
RECOMBINE	1	19	-2934.735050775428

Big Iteration 1	LL: -2284.8709420491246	PENALTY: 635.0	PENALISED LL: -2919.8709420491246
	1	0.2506277502724542
	4	0.7493722497275457

FINISHED

Big Iteration -1	LL: -2284.8709420491246	PENALTY: 635.0	PENALISED LL: -2919.8709420491246
	1	0.2506277502724542
	4	0.7493722497275457


Haplotype frequencies
1	0,250628
4	0,749372
Active sites
93	0,250000,0,250000,0,250000,0,250000	0,002000,0,213607,0,002000,0,782393
95	0,002000,0,002000,0,002000,0,994000	0,002000,0,002000,0,002000,0,994000
105	0,002000,0,994000,0,002000,0,002000	0,002000,0,994000,0,002000,0,002000
112	0,002000,0,013775,0,002000,0,982225	0,002000,0,008441,0,002000,0,987559
135	0,002000,0,004055,0,002000,0,991945	0,002000,0,004266,0,002000,0,991734
159	0,005558,0,948745,0,002000,0,043697	0,005844,0,952909,0,002000,0,039247
183	0,002000,0,994000,0,002000,0,002000	0,002000,0,994000,0,002000,0,002000
194	0,002000,0,085029,0,005701,0,907270	0,002000,0,090594,0,008051,0,899354
195	0,002000,0,049533,0,946467,0,002000	0,002000,0,034676,0,961324,0,002000
196	0,002000,0,961515,0,034485,0,002000	0,002000,0,977037,0,018963,0,002000
197	0,002000,0,983891,0,012109,0,002000	0,002000,0,983014,0,012986,0,002000
228	0,979661,0,016339,0,002000,0,002000	0,979501,0,016499,0,002000,0,002000
231	0,002000,0,994000,0,002000,0,002000	0,002000,0,994000,0,002000,0,002000
232	0,002000,0,002000,0,002000,0,994000	0,002000,0,002000,0,002000,0,994000
233	0,002000,0,994000,0,002000,0,002000	0,002000,0,994000,0,002000,0,002000
247	0,002000,0,002000,0,002000,0,994000	0,002000,0,002000,0,002000,0,994000
248	0,019700,0,002000,0,976300,0,002000	0,014468,0,002000,0,981532,0,002000
249	0,987691,0,002000,0,002000,0,008309	0,991586,0,002000,0,002000,0,004414
250	0,002000,0,992536,0,003464,0,002000	0,002000,0,994000,0,002000,0,002000
286	0,994000,0,002000,0,002000,0,002000	0,994000,0,002000,0,002000,0,002000
301	0,994000,0,002000,0,002000,0,002000	0,994000,0,002000,0,002000,0,002000
302	0,004666,0,991334,0,002000,0,002000	0,002760,0,993240,0,002000,0,002000
319	0,002000,0,987744,0,002000,0,008256	0,002000,0,989585,0,002000,0,006415
334	0,994000,0,002000,0,002000,0,002000	0,994000,0,002000,0,002000,0,002000
335	0,010168,0,985832,0,002000,0,002000	0,006647,0,989353,0,002000,0,002000
337	0,002000,0,002000,0,002000,0,994000	0,002000,0,002000,0,002000,0,994000
352	0,002000,0,002000,0,982965,0,013035	0,002000,0,002000,0,983229,0,012771
353	0,994000,0,002000,0,002000,0,002000	0,994000,0,002000,0,002000,0,002000
361	0,002000,0,002000,0,994000,0,002000	0,002000,0,002000,0,994000,0,002000
380	0,002000,0,991345,0,002000,0,004655	0,002000,0,993166,0,002000,0,002834
382	0,002000,0,002000,0,002000,0,994000	0,002000,0,002000,0,002000,0,994000
394	0,002000,0,002560,0,993440,0,002000	0,002000,0,002577,0,993423,0,002000
403	0,002000,0,002000,0,002000,0,994000	0,002000,0,002000,0,002000,0,994000
421	0,002000,0,994000,0,002000,0,002000	0,002000,0,994000,0,002000,0,002000
424	0,002000,0,002160,0,002000,0,993840	0,002000,0,002105,0,002000,0,993895
445	0,002000,0,002000,0,002000,0,994000	0,002000,0,002000,0,002000,0,994000
466	0,002000,0,994000,0,002000,0,002000	0,002000,0,994000,0,002000,0,002000
472	0,002000,0,994000,0,002000,0,002000	0,002000,0,994000,0,002000,0,002000
481	0,002000,0,002000,0,994000,0,002000	0,002000,0,002000,0,994000,0,002000
482	0,002000,0,002000,0,052549,0,943451	0,002000,0,002000,0,015478,0,980522
484	0,002000,0,002000,0,968923,0,027077	0,002000,0,002000,0,993858,0,002142
485	0,002000,0,956257,0,039743,0,002000	0,002000,0,989130,0,006870,0,002000
487	0,002000,0,063034,0,932966,0,002000	0,002000,0,042847,0,953153,0,002000
505	0,002000,0,002000,0,002000,0,994000	0,002000,0,002000,0,002000,0,994000
511	0,002000,0,013934,0,002000,0,982066	0,002000,0,008767,0,002000,0,987233
512	0,002000,0,986691,0,002000,0,009309	0,002000,0,991919,0,002000,0,004081
514	0,994000,0,002000,0,002000,0,002000	0,994000,0,002000,0,002000,0,002000
523	0,002000,0,994000,0,002000,0,002000	0,002000,0,994000,0,002000,0,002000
562	0,002000,0,002000,0,002000,0,994000	0,002000,0,002000,0,002000,0,994000
563	0,002000,0,994000,0,002000,0,002000	0,002000,0,994000,0,002000,0,002000
577	0,002000,0,002000,0,002000,0,994000	0,002000,0,002000,0,002000,0,994000
580	0,002000,0,002000,0,002000,0,994000	0,002000,0,002000,0,002000,0,994000
589	0,002000,0,992661,0,002000,0,003339	0,002000,0,993880,0,002000,0,002120
595	0,002000,0,002000,0,002000,0,994000	0,002000,0,002000,0,002000,0,994000
598	0,994000,0,002000,0,002000,0,002000	0,994000,0,002000,0,002000,0,002000
604	0,994000,0,002000,0,002000,0,002000	0,993503,0,002497,0,002000,0,002000
619	0,994000,0,002000,0,002000,0,002000	0,994000,0,002000,0,002000,0,002000
625	0,002000,0,002000,0,002000,0,994000	0,002000,0,002000,0,002000,0,994000
644	0,002000,0,994000,0,002000,0,002000	0,002000,0,994000,0,002000,0,002000
656	0,002000,0,992200,0,002000,0,003800	0,002000,0,993625,0,002000,0,002375
661	0,002000,0,053815,0,002000,0,942185	0,002000,0,002000,0,002000,0,994000
662	0,002000,0,002000,0,949485,0,046515	0,002000,0,002000,0,994000,0,002000
664	0,968354,0,002000,0,027646,0,002000	0,994000,0,002000,0,002000,0,002000
665	0,032186,0,963814,0,002000,0,002000	0,002000,0,994000,0,002000,0,002000
674	0,002000,0,026203,0,002000,0,969797	0,002000,0,025906,0,002000,0,970094
675	0,002000,0,990814,0,002000,0,005186	0,002000,0,992815,0,002000,0,003185
677	0,002000,0,002000,0,994000,0,002000	0,002000,0,002000,0,994000,0,002000
703	0,002000,0,002000,0,994000,0,002000	0,002000,0,002000,0,994000,0,002000
706	0,002000,0,002000,0,994000,0,002000	0,002000,0,002000,0,994000,0,002000
709	0,012226,0,002000,0,983774,0,002000	0,002000,0,002000,0,994000,0,002000
712	0,002000,0,004587,0,002000,0,991413	0,002000,0,002000,0,002000,0,994000
713	0,070049,0,924678,0,003273,0,002000	0,023053,0,972947,0,002000,0,002000
715	0,002000,0,971359,0,002000,0,024641	0,002000,0,994000,0,002000,0,002000
718	0,002000,0,002000,0,002000,0,994000	0,002000,0,002000,0,002000,0,994000
719	0,040262,0,035439,0,922299,0,002000	0,008119,0,003235,0,986645,0,002000
721	0,045253,0,950747,0,002000,0,002000	0,006138,0,989862,0,002000,0,002000
722	0,990083,0,002000,0,005917,0,002000	0,994000,0,002000,0,002000,0,002000
724	0,002000,0,917300,0,002000,0,078700	0,002000,0,971921,0,002000,0,024079
729	0,959910,0,036090,0,002000,0,002000	0,981947,0,014053,0,002000,0,002000
736	0,002000,0,002000,0,002000,0,994000	0,002000,0,002000,0,002000,0,994000
738	0,994000,0,002000,0,002000,0,002000	0,994000,0,002000,0,002000,0,002000
742	0,002000,0,002000,0,994000,0,002000	0,002000,0,002000,0,994000,0,002000
748	0,002000,0,994000,0,002000,0,002000	0,002000,0,994000,0,002000,0,002000
754	0,002000,0,002000,0,002000,0,994000	0,002000,0,002000,0,002000,0,994000
758	0,002000,0,991600,0,002000,0,004400	0,002000,0,992999,0,002000,0,003001
767	0,002000,0,002000,0,994000,0,002000	0,002000,0,002000,0,994000,0,002000
778	0,990288,0,002000,0,005712,0,002000	0,992669,0,002000,0,003331,0,002000
782	0,002000,0,994000,0,002000,0,002000	0,002000,0,994000,0,002000,0,002000
795	0,002000,0,002000,0,015979,0,980021	0,002000,0,002000,0,003394,0,992606
796	0,002000,0,007402,0,002000,0,988598	0,002000,0,002000,0,002000,0,994000
811	0,002000,0,002000,0,994000,0,002000	0,002000,0,002000,0,994000,0,002000
823	0,991270,0,002000,0,004730,0,002000	0,993142,0,002000,0,002858,0,002000
829	0,002000,0,026541,0,002000,0,969459	0,002000,0,022497,0,002000,0,973503
835	0,992189,0,003811,0,002000,0,002000	0,993036,0,002964,0,002000,0,002000
841	0,002000,0,002000,0,990604,0,005396	0,002000,0,002000,0,992791,0,003209
844	0,994000,0,002000,0,002000,0,002000	0,994000,0,002000,0,002000,0,002000
859	0,002000,0,994000,0,002000,0,002000	0,002000,0,994000,0,002000,0,002000
865	0,992433,0,003567,0,002000,0,002000	0,993765,0,002235,0,002000,0,002000
886	0,002000,0,002000,0,994000,0,002000	0,002000,0,002000,0,994000,0,002000
890	0,976310,0,002000,0,019690,0,002000	0,980486,0,002000,0,015514,0,002000
898	0,005578,0,002000,0,990422,0,002000	0,002000,0,002000,0,994000,0,002000
928	0,002000,0,002000,0,002000,0,994000	0,002000,0,002000,0,002000,0,994000
935	0,009560,0,986440,0,002000,0,002000	0,005591,0,990409,0,002000,0,002000
937	0,994000,0,002000,0,002000,0,002000	0,994000,0,002000,0,002000,0,002000
964	0,002000,0,021912,0,002000,0,974088	0,002000,0,022209,0,002000,0,973791
976	0,002000,0,006375,0,002000,0,989625	0,002000,0,002139,0,002000,0,993861
977	0,002000,0,994000,0,002000,0,002000	0,002000,0,994000,0,002000,0,002000
985	0,002000,0,994000,0,002000,0,002000	0,002000,0,994000,0,002000,0,002000
997	0,002000,0,002000,0,002000,0,994000	0,002000,0,002000,0,002000,0,994000
1004	0,988631,0,007369,0,002000,0,002000	0,981760,0,014240,0,002000,0,002000
1019	0,002000,0,991780,0,004220,0,002000	0,002000,0,993740,0,002260,0,002000
1021	0,002000,0,009954,0,986046,0,002000	0,002000,0,013691,0,982309,0,002000
1025	0,002000,0,002000,0,994000,0,002000	0,002000,0,002000,0,994000,0,002000
1066	0,002000,0,012021,0,002000,0,983979	0,002000,0,003246,0,002000,0,992754
1067	0,002000,0,002000,0,994000,0,002000	0,002000,0,002000,0,994000,0,002000
1073	0,002000,0,964243,0,031757,0,002000	0,002000,0,959999,0,036001,0,002000
1078	0,002000,0,994000,0,002000,0,002000	0,002000,0,994000,0,002000,0,002000
1079	0,002000,0,994000,0,002000,0,002000	0,002000,0,994000,0,002000,0,002000
1093	0,002000,0,002000,0,002000,0,994000	0,002000,0,002000,0,002000,0,994000
1102	0,002000,0,994000,0,002000,0,002000	0,002000,0,994000,0,002000,0,002000
1154	0,013109,0,982891,0,002000,0,002000	0,012305,0,983695,0,002000,0,002000
1159	0,002000,0,013991,0,002000,0,982009	0,002000,0,009954,0,002000,0,986046
1211	0,970302,0,002000,0,002000,0,025698	0,974443,0,002000,0,002000,0,021557
1370	0,013317,0,002000,0,982683,0,002000	0,010919,0,002000,0,985081,0,002000
