Command arguments:  -t data/66.B1.W09.25/66.B1.W09.25 --bam data/66.B1.W09.25/66.B1.W09.25.bam --baseFreq data/66.B1.W09.25/11/step_1/66.B1.W09.25.lld --refSequence data/fasta/HCMV_Merlin_UL33.fasta --hapAlignment data/66.B1.W09.25/11/step_1/66.B1.W09.25Haplo.fasta --iterate
INITIAL	LL: -7493.742255109763	PENALTY: 440.0	PENALISED LL: -7933.742255109763
	0	0.026570700092951257
	1	0.32001353186414794
	2	0.3200182155822688
	3	0.32001384952354023
	4	0.013383702937091731

Recombining haplotypes 2 and 4 in region 906-917
RECOMBINE	0	-7932.775054193949
Recombining haplotypes 3 and 0 in region 1064-1083
RECOMBINE	1	-7932.321002850417
Recombining haplotypes 4 and 1 in region 1217-1229
RECOMBINE	2	-7932.296074286263
Overwriting 3 with 4 in region 117-120
RECOMBINE	3	-7932.278358956565
Recombining haplotypes 3 and 2 in region 912-927
RECOMBINE	4	-7932.172208305878
Overwriting 4 with 3 in region 728-731
RECOMBINE	5	-7931.945986473948
Recombining haplotypes 1 and 2 in region 621-631
RECOMBINE	6	-7931.639627612436
Overwriting 4 with 1 in region 74-74
RECOMBINE	7	-7931.321623589563
Overwriting 4 with 2 in region 114-123
RECOMBINE	8	-7930.926190032197
Recombining haplotypes 1 and 3 in region 890-897
RECOMBINE	9	-7930.320770662512
Overwriting 4 with 2 in region 667-680
RECOMBINE	10	-7929.48314213955
Overwriting 2 with 0 in region 881-890
RECOMBINE	11	-7928.351312337239
Overwriting 3 with 2 in region 1212-1224
RECOMBINE	12	-7926.4551841657185
Overwriting 0 with 4 in region 798-806
RECOMBINE	13	-7924.864299987421
Recombining haplotypes 2 and 4 in region 155-162
RECOMBINE	14	-7923.7882039186115
Recombining haplotypes 1 and 2 in region 381-401
RECOMBINE	15	-7923.46941340023
Overwriting 0 with 3 in region 529-551
RECOMBINE	16	-7922.636175077861
Recombining haplotypes 2 and 3 in region 967-977
RECOMBINE	17	-7922.687486956235
Overwriting 2 with 0 in region 232-248
RECOMBINE	18	-7922.02428199597
Overwriting 0 with 3 in region 305-308
RECOMBINE	19	-7921.590058468041
INITIAL RECOMBINE	-7481.590058468041	440.0	-7921.590058468041
Combining haplotypes 0 and 1
Combining haplotypes 0 and 1
CONTRACT	1	-7843.5121489659805
Combining haplotypes 0 and 2
Combining haplotypes 0 and 2
CONTRACT	1	-7838.160573498619
Combining haplotypes 0 and 3
Combining haplotypes 0 and 3
CONTRACT	1	-7837.962869325386
Combining haplotypes 0 and 4
Combining haplotypes 0 and 4
CONTRACT	1	-8073.691836051105
Combining haplotypes 1 and 2
Combining haplotypes 1 and 2
CONTRACT	1	-7841.250465687405
Combining haplotypes 1 and 3
Combining haplotypes 1 and 3
CONTRACT	1	-7839.972695637503
Combining haplotypes 1 and 4
Combining haplotypes 1 and 4
CONTRACT	1	-7843.773094199727
Combining haplotypes 2 and 3
Combining haplotypes 2 and 3
CONTRACT	1	-7834.550001856432
Combining haplotypes 2 and 4
Combining haplotypes 2 and 4
CONTRACT	1	-7838.11469081997
Combining haplotypes 3 and 4
Combining haplotypes 3 and 4
CONTRACT	1	-7837.883153598132
Overwriting 3 with 0 in region 818-823
RECOMBINE	1	0	-7834.220568848481
Overwriting 2 with 1 in region 1225-1232
RECOMBINE	1	1	-7833.87819171762
Recombining haplotypes 2 and 0 in region 706-719
RECOMBINE	1	2	-7829.000465358387
Overwriting 2 with 0 in region 1098-1100
RECOMBINE	1	3	-7827.304126335574
Overwriting 1 with 2 in region 1381-1391
RECOMBINE	1	4	-7825.663089838751
Overwriting 1 with 2 in region 269-275
RECOMBINE	1	5	-7823.751566092102
Recombining haplotypes 0 and 1 in region 1096-1114
RECOMBINE	1	6	-7821.324617182294
Recombining haplotypes 3 and 1 in region 728-731
RECOMBINE	1	7	-7818.470365547089
Overwriting 2 with 0 in region 534-537
RECOMBINE	1	8	-7815.385891379969
Recombining haplotypes 1 and 2 in region 1562-1569
RECOMBINE	1	9	-7801.929450240395
Overwriting 1 with 2 in region 805-821
RECOMBINE	1	10	-7676.419095996559
Overwriting 2 with 1 in region 1359-1369
RECOMBINE	1	11	-7675.450887357983
Recombining haplotypes 3 and 1 in region 581-590
RECOMBINE	1	12	-7675.401980005771
Overwriting 0 with 2 in region 810-812
RECOMBINE	1	13	-7675.327350810524
Recombining haplotypes 1 and 3 in region 658-671
RECOMBINE	1	14	-7675.31244751385
Overwriting 1 with 3 in region 271-277
RECOMBINE	1	15	-7675.304571563993
Overwriting 3 with 1 in region 267-282
RECOMBINE	1	16	-7675.30140150376
Overwriting 1 with 0 in region 885-893
RECOMBINE	1	17	-7675.330375087575
Overwriting 0 with 3 in region 893-897
RECOMBINE	1	18	-7675.299549843309
Overwriting 3 with 1 in region 180-196
RECOMBINE	1	19	-7675.350396571258

Big Iteration 1	LL: -7323.299549843309	PENALTY: 352.0	PENALISED LL: -7675.299549843309
	0	0.022696305366493506
	1	0.01269030236869792
	2	0.01231810480216211
	3	0.9522952874626465

Combining haplotypes 0 and 1
Combining haplotypes 0 and 1
CONTRACT	2	-7752.534217727569
Combining haplotypes 0 and 2
Combining haplotypes 0 and 2
CONTRACT	2	-7836.689274533572
Combining haplotypes 0 and 3
Combining haplotypes 0 and 3
CONTRACT	2	-7734.233624452132
Combining haplotypes 1 and 2
Combining haplotypes 1 and 2
CONTRACT	2	-7755.988357432152
Combining haplotypes 1 and 3
Combining haplotypes 1 and 3
CONTRACT	2	-7768.880591229207
Combining haplotypes 2 and 3
Combining haplotypes 2 and 3
CONTRACT	2	-7837.574362419179

Big Iteration 2	LL: -7323.299549843309	PENALTY: 352.0	PENALISED LL: -7675.299549843309
	0	0.022696305366493506
	1	0.01269030236869792
	2	0.01231810480216211
	3	0.9522952874626465

FINISHED

Big Iteration -1	LL: -7323.299549843309	PENALTY: 352.0	PENALISED LL: -7675.299549843309
	0	0.022696305366493506
	1	0.01269030236869792
	2	0.01231810480216211
	3	0.9522952874626465


Haplotype frequencies
0	0,022696
1	0,012690
2	0,012318
3	0,952295
Active sites
92	0,994000,0,002000,0,002000,0,002000	0,250000,0,250000,0,250000,0,250000	0,250000,0,250000,0,250000,0,250000	0,688958,0,002000,0,002000,0,307042
119	0,994000,0,002000,0,002000,0,002000	0,909028,0,002000,0,086972,0,002000	0,994000,0,002000,0,002000,0,002000	0,994000,0,002000,0,002000,0,002000
120	0,200023,0,002000,0,795977,0,002000	0,994000,0,002000,0,002000,0,002000	0,002000,0,002000,0,994000,0,002000	0,145946,0,002000,0,850054,0,002000
121	0,002000,0,002000,0,990345,0,005655	0,002000,0,002000,0,994000,0,002000	0,002000,0,002000,0,994000,0,002000	0,011027,0,002000,0,984584,0,002389
159	0,002000,0,994000,0,002000,0,002000	0,234116,0,761884,0,002000,0,002000	0,002000,0,994000,0,002000,0,002000	0,014819,0,941749,0,002000,0,041433
189	0,002000,0,002000,0,002000,0,994000	0,002000,0,002000,0,035924,0,960076	0,002000,0,002000,0,002000,0,994000	0,002000,0,002000,0,002000,0,994000
219	0,039776,0,956224,0,002000,0,002000	0,002000,0,994000,0,002000,0,002000	0,002000,0,994000,0,002000,0,002000	0,002000,0,994000,0,002000,0,002000
247	0,002000,0,009589,0,002000,0,986411	0,002000,0,002000,0,002000,0,994000	0,002000,0,862852,0,002000,0,133148	0,002000,0,002000,0,002000,0,994000
248	0,010976,0,002000,0,985024,0,002000	0,002000,0,002000,0,994000,0,002000	0,994000,0,002000,0,002000,0,002000	0,002000,0,002000,0,994000,0,002000
249	0,987673,0,002000,0,002000,0,008327	0,994000,0,002000,0,002000,0,002000	0,002000,0,002000,0,002000,0,994000	0,994000,0,002000,0,002000,0,002000
250	0,002000,0,994000,0,002000,0,002000	0,002000,0,994000,0,002000,0,002000	0,002000,0,226172,0,769828,0,002000	0,002000,0,994000,0,002000,0,002000
272	0,002000,0,994000,0,002000,0,002000	0,002000,0,990832,0,002000,0,005168	0,002000,0,994000,0,002000,0,002000	0,002000,0,989223,0,002000,0,006777
274	0,024537,0,002000,0,971463,0,002000	0,002000,0,002000,0,994000,0,002000	0,063034,0,002000,0,932966,0,002000	0,002000,0,002000,0,992695,0,003305
307	0,002000,0,093647,0,002000,0,902353	0,002000,0,002000,0,002000,0,994000	0,002000,0,002000,0,002000,0,994000	0,002000,0,010087,0,002000,0,985913
340	0,002000,0,916619,0,002000,0,079381	0,002000,0,994000,0,002000,0,002000	0,002000,0,994000,0,002000,0,002000	0,002000,0,994000,0,002000,0,002000
380	0,002000,0,972542,0,002000,0,023458	0,002000,0,994000,0,002000,0,002000	0,002000,0,965568,0,002000,0,030432	0,002000,0,993808,0,002000,0,002192
385	0,002000,0,994000,0,002000,0,002000	0,017839,0,978161,0,002000,0,002000	0,002000,0,994000,0,002000,0,002000	0,006739,0,989261,0,002000,0,002000
448	0,002000,0,002000,0,994000,0,002000	0,002000,0,002000,0,994000,0,002000	0,166670,0,002000,0,829330,0,002000	0,002000,0,002000,0,994000,0,002000
449	0,002000,0,002000,0,002000,0,994000	0,002000,0,002000,0,002000,0,994000	0,002000,0,183088,0,002000,0,812912	0,002000,0,002000,0,002000,0,994000
451	0,933364,0,002000,0,062636,0,002000	0,994000,0,002000,0,002000,0,002000	0,994000,0,002000,0,002000,0,002000	0,994000,0,002000,0,002000,0,002000
472	0,002000,0,043632,0,002000,0,952368	0,002000,0,002000,0,002000,0,994000	0,002000,0,002000,0,002000,0,994000	0,002000,0,002000,0,002000,0,994000
485	0,002000,0,994000,0,002000,0,002000	0,002000,0,886721,0,109279,0,002000	0,002000,0,994000,0,002000,0,002000	0,002000,0,994000,0,002000,0,002000
487	0,002000,0,002000,0,994000,0,002000	0,002000,0,340894,0,655106,0,002000	0,002000,0,002000,0,994000,0,002000	0,002000,0,014014,0,981986,0,002000
535	0,002000,0,112557,0,002000,0,883443	0,002000,0,002000,0,002000,0,994000	0,002000,0,002000,0,002000,0,994000	0,002000,0,002000,0,002000,0,994000
589	0,002000,0,901863,0,002000,0,094137	0,002000,0,981546,0,002000,0,014454	0,002000,0,994000,0,002000,0,002000	0,002000,0,987810,0,002000,0,008190
610	0,994000,0,002000,0,002000,0,002000	0,994000,0,002000,0,002000,0,002000	0,994000,0,002000,0,002000,0,002000	0,990752,0,002000,0,005248,0,002000
628	0,030551,0,965449,0,002000,0,002000	0,002000,0,994000,0,002000,0,002000	0,002000,0,994000,0,002000,0,002000	0,002043,0,993957,0,002000,0,002000
666	0,002000,0,002000,0,002000,0,994000	0,002000,0,002000,0,002000,0,994000	0,002000,0,002000,0,002000,0,994000	0,002000,0,004622,0,002000,0,991378
667	0,906209,0,002000,0,089791,0,002000	0,994000,0,002000,0,002000,0,002000	0,994000,0,002000,0,002000,0,002000	0,994000,0,002000,0,002000,0,002000
674	0,002000,0,002000,0,002000,0,994000	0,002000,0,063170,0,002000,0,932830	0,002000,0,002000,0,002000,0,994000	0,002000,0,004847,0,002000,0,991153
706	0,936508,0,002000,0,059492,0,002000	0,747711,0,002000,0,248289,0,002000	0,994000,0,002000,0,002000,0,002000	0,994000,0,002000,0,002000,0,002000
712	0,002000,0,002000,0,002000,0,994000	0,002000,0,622331,0,002000,0,373669	0,002000,0,002000,0,002000,0,994000	0,002000,0,002000,0,002000,0,994000
713	0,015282,0,980718,0,002000,0,002000	0,950981,0,002000,0,045019,0,002000	0,002000,0,994000,0,002000,0,002000	0,002000,0,994000,0,002000,0,002000
717	0,890173,0,002000,0,105827,0,002000	0,973367,0,002000,0,022633,0,002000	0,994000,0,002000,0,002000,0,002000	0,989971,0,002000,0,006029,0,002000
718	0,901333,0,002000,0,002000,0,094667	0,029886,0,002000,0,002000,0,966114	0,994000,0,002000,0,002000,0,002000	0,994000,0,002000,0,002000,0,002000
721	0,042853,0,953147,0,002000,0,002000	0,063948,0,932052,0,002000,0,002000	0,002000,0,994000,0,002000,0,002000	0,002000,0,994000,0,002000,0,002000
726	0,002000,0,002000,0,599475,0,396525	0,002000,0,994000,0,002000,0,002000	0,002000,0,002000,0,002000,0,994000	0,002000,0,024688,0,002000,0,971312
727	0,740431,0,255569,0,002000,0,002000	0,994000,0,002000,0,002000,0,002000	0,994000,0,002000,0,002000,0,002000	0,994000,0,002000,0,002000,0,002000
728	0,002000,0,677123,0,002000,0,318877	0,002000,0,994000,0,002000,0,002000	0,002000,0,994000,0,002000,0,002000	0,002000,0,994000,0,002000,0,002000
730	0,421289,0,089085,0,002000,0,487626	0,994000,0,002000,0,002000,0,002000	0,994000,0,002000,0,002000,0,002000	0,994000,0,002000,0,002000,0,002000
731	0,595708,0,039799,0,002000,0,362493	0,962447,0,002000,0,002000,0,033553	0,994000,0,002000,0,002000,0,002000	0,994000,0,002000,0,002000,0,002000
732	0,002000,0,375218,0,417241,0,205541	0,994000,0,002000,0,002000,0,002000	0,994000,0,002000,0,002000,0,002000	0,994000,0,002000,0,002000,0,002000
733	0,002000,0,459981,0,116806,0,421213	0,002000,0,002000,0,002000,0,994000	0,002000,0,002000,0,002000,0,994000	0,002000,0,002000,0,002000,0,994000
734	0,813124,0,182876,0,002000,0,002000	0,002000,0,002000,0,994000,0,002000	0,002000,0,002000,0,994000,0,002000	0,002000,0,002000,0,994000,0,002000
735	0,002000,0,583092,0,412908,0,002000	0,002000,0,994000,0,002000,0,002000	0,002000,0,985529,0,010471,0,002000	0,002000,0,988981,0,007019,0,002000
737	0,870992,0,125008,0,002000,0,002000	0,994000,0,002000,0,002000,0,002000	0,994000,0,002000,0,002000,0,002000	0,994000,0,002000,0,002000,0,002000
738	0,815972,0,180028,0,002000,0,002000	0,002000,0,994000,0,002000,0,002000	0,002000,0,994000,0,002000,0,002000	0,002000,0,994000,0,002000,0,002000
782	0,002000,0,916423,0,002000,0,079577	0,002000,0,994000,0,002000,0,002000	0,002000,0,994000,0,002000,0,002000	0,002000,0,994000,0,002000,0,002000
795	0,002000,0,002000,0,137600,0,858400	0,002000,0,002000,0,002000,0,994000	0,002000,0,002000,0,002000,0,994000	0,002000,0,002000,0,002000,0,994000
796	0,002000,0,197221,0,002000,0,798779	0,002000,0,002000,0,002000,0,994000	0,002000,0,002000,0,002000,0,994000	0,002000,0,002000,0,002000,0,994000
801	0,002000,0,002000,0,976397,0,019603	0,002000,0,002000,0,994000,0,002000	0,002000,0,002000,0,994000,0,002000	0,002000,0,002000,0,993830,0,002170
809	0,002000,0,959423,0,036577,0,002000	0,002000,0,994000,0,002000,0,002000	0,002000,0,994000,0,002000,0,002000	0,002000,0,993632,0,002368,0,002000
811	0,002000,0,027235,0,071546,0,899220	0,002000,0,002000,0,002000,0,994000	0,002000,0,002000,0,002000,0,994000	0,002000,0,002000,0,002000,0,994000
820	0,002000,0,002000,0,994000,0,002000	0,002000,0,002000,0,994000,0,002000	0,002000,0,002000,0,994000,0,002000	0,002000,0,002000,0,993252,0,002748
862	0,002000,0,994000,0,002000,0,002000	0,002000,0,994000,0,002000,0,002000	0,002000,0,994000,0,002000,0,002000	0,009070,0,986930,0,002000,0,002000
877	0,188565,0,002000,0,807435,0,002000	0,033721,0,002000,0,962279,0,002000	0,002000,0,002000,0,994000,0,002000	0,002800,0,002000,0,993200,0,002000
886	0,942995,0,002000,0,053005,0,002000	0,994000,0,002000,0,002000,0,002000	0,994000,0,002000,0,002000,0,002000	0,993489,0,002000,0,002511,0,002000
895	0,994000,0,002000,0,002000,0,002000	0,968337,0,002000,0,002000,0,027663	0,994000,0,002000,0,002000,0,002000	0,979549,0,002000,0,002000,0,016451
916	0,002000,0,874574,0,002000,0,121426	0,002000,0,994000,0,002000,0,002000	0,002000,0,994000,0,002000,0,002000	0,002000,0,994000,0,002000,0,002000
922	0,002000,0,049669,0,002000,0,946331	0,002000,0,002000,0,002000,0,994000	0,002000,0,076460,0,002000,0,919540	0,002000,0,018855,0,002000,0,977145
976	0,002000,0,060020,0,002000,0,935980	0,002000,0,002000,0,002000,0,994000	0,002000,0,002000,0,002000,0,994000	0,002000,0,005860,0,002000,0,990140
977	0,141234,0,854766,0,002000,0,002000	0,002000,0,994000,0,002000,0,002000	0,002000,0,994000,0,002000,0,002000	0,002000,0,994000,0,002000,0,002000
1003	0,825740,0,002000,0,170260,0,002000	0,994000,0,002000,0,002000,0,002000	0,288052,0,002000,0,707948,0,002000	0,994000,0,002000,0,002000,0,002000
1004	0,819154,0,002000,0,176846,0,002000	0,994000,0,002000,0,002000,0,002000	0,368023,0,002000,0,627977,0,002000	0,994000,0,002000,0,002000,0,002000
1005	0,002000,0,994000,0,002000,0,002000	0,002000,0,994000,0,002000,0,002000	0,276519,0,719481,0,002000,0,002000	0,002000,0,994000,0,002000,0,002000
1006	0,002000,0,114618,0,881382,0,002000	0,002000,0,002000,0,994000,0,002000	0,002000,0,797618,0,198382,0,002000	0,002000,0,002530,0,993470,0,002000
1008	0,002000,0,994000,0,002000,0,002000	0,002000,0,994000,0,002000,0,002000	0,486476,0,509524,0,002000,0,002000	0,002000,0,994000,0,002000,0,002000
1010	0,002000,0,002000,0,002000,0,994000	0,002000,0,002000,0,002000,0,994000	0,002000,0,218681,0,002000,0,777319	0,002000,0,002000,0,002000,0,994000
1072	0,002000,0,002000,0,002000,0,994000	0,002000,0,002000,0,002000,0,994000	0,002000,0,002000,0,002000,0,994000	0,002000,0,002792,0,002000,0,993208
1073	0,002000,0,994000,0,002000,0,002000	0,002000,0,994000,0,002000,0,002000	0,002000,0,994000,0,002000,0,002000	0,002000,0,987239,0,002000,0,008761
1081	0,002000,0,002000,0,994000,0,002000	0,002000,0,002000,0,994000,0,002000	0,002000,0,002000,0,863585,0,132415	0,002000,0,002000,0,994000,0,002000
1082	0,002000,0,994000,0,002000,0,002000	0,002000,0,994000,0,002000,0,002000	0,002000,0,886487,0,002000,0,109513	0,002000,0,994000,0,002000,0,002000
1099	0,002000,0,065815,0,002000,0,930185	0,002000,0,002000,0,002000,0,994000	0,002000,0,002000,0,002000,0,994000	0,002000,0,002000,0,002000,0,994000
1111	0,994000,0,002000,0,002000,0,002000	0,994000,0,002000,0,002000,0,002000	0,994000,0,002000,0,002000,0,002000	0,992620,0,002000,0,003380,0,002000
1183	0,002000,0,994000,0,002000,0,002000	0,201427,0,794573,0,002000,0,002000	0,002000,0,994000,0,002000,0,002000	0,002000,0,994000,0,002000,0,002000
1211	0,725701,0,002000,0,002000,0,270299	0,002000,0,002000,0,002000,0,994000	0,994000,0,002000,0,002000,0,002000	0,993963,0,002000,0,002000,0,002037
1213	0,994000,0,002000,0,002000,0,002000	0,994000,0,002000,0,002000,0,002000	0,994000,0,002000,0,002000,0,002000	0,989393,0,002000,0,006607,0,002000
1228	0,250000,0,250000,0,250000,0,250000	0,250000,0,250000,0,250000,0,250000	0,250000,0,250000,0,250000,0,250000	0,930513,0,002000,0,065487,0,002000
1360	0,002000,0,002000,0,994000,0,002000	0,002000,0,002000,0,994000,0,002000	0,002000,0,002000,0,978983,0,017017	0,002000,0,002000,0,994000,0,002000
1384	0,002000,0,994000,0,002000,0,002000	0,002000,0,994000,0,002000,0,002000	0,002000,0,994000,0,002000,0,002000	0,002000,0,991858,0,002000,0,004142
