Command arguments:  -t data/56.M1.W03.21/56.M1.W03.21 --bam data/56.M1.W03.21/56.M1.W03.21.bam --baseFreq data/56.M1.W03.21/11/step_1/56.M1.W03.21.lld --refSequence data/fasta/HCMV_Merlin_UL33.fasta --hapAlignment data/56.M1.W03.21/11/step_1/56.M1.W03.21Haplo.fasta --iterate
INITIAL	LL: -83256.58943947646	PENALTY: 1395.0	PENALISED LL: -84651.58943947646
	0	0.0649181327486758
	1	0.11825867146978537
	3	0.21675941314191757
	4	0.6000637826396212

Overwriting 1 with 3 in region 371-390
RECOMBINE	0	-84651.47888379793
Recombining haplotypes 1 and 4 in region 888-895
RECOMBINE	1	-84651.47844357257
Recombining haplotypes 0 and 1 in region 203-214
RECOMBINE	2	-84651.47852301745
Recombining haplotypes 0 and 3 in region 908-920
RECOMBINE	3	-84651.47867760273
Overwriting 3 with 1 in region 919-932
RECOMBINE	4	-84651.47869817507
Recombining haplotypes 0 and 1 in region 571-580
RECOMBINE	5	-84651.47854466503
Recombining haplotypes 3 and 1 in region 357-362
RECOMBINE	6	-84651.47853093444
Recombining haplotypes 0 and 3 in region 120-124
RECOMBINE	7	-84651.4785291413
Overwriting 1 with 4 in region 228-230
RECOMBINE	8	-84651.47852859163
Overwriting 4 with 0 in region 1009-1018
RECOMBINE	9	-84651.47853806881
Recombining haplotypes 4 and 3 in region 1063-1078
RECOMBINE	10	-84651.48037176844
Recombining haplotypes 1 and 4 in region 568-578
RECOMBINE	11	-84651.4789134615
Overwriting 3 with 1 in region 425-439
RECOMBINE	12	-84651.47887387223
Overwriting 4 with 1 in region 381-387
RECOMBINE	13	-84651.47839963809
Overwriting 1 with 0 in region 238-252
RECOMBINE	14	-84649.3508217863
Recombining haplotypes 1 and 0 in region 601-614
RECOMBINE	15	-84651.4787058203
Recombining haplotypes 0 and 1 in region 1147-1158
RECOMBINE	16	-84649.35061548017
Recombining haplotypes 4 and 1 in region 22-28
RECOMBINE	17	-84649.35061544403
Recombining haplotypes 3 and 4 in region 693-695
RECOMBINE	18	-84649.35061546144
Recombining haplotypes 1 and 3 in region 979-993
RECOMBINE	19	-84649.35315767305
INITIAL RECOMBINE	-83254.35061544403	1395.0	-84649.35061544403
Combining haplotypes 0 and 1
Combining haplotypes 0 and 1
CONTRACT	1	-103305.83913707045
Combining haplotypes 0 and 3
Combining haplotypes 0 and 3
CONTRACT	1	-112827.66576803241
Combining haplotypes 0 and 4
Combining haplotypes 0 and 4
CONTRACT	1	-103306.3131852782
Combining haplotypes 1 and 3
Combining haplotypes 1 and 3
CONTRACT	1	-125868.49006452155
Combining haplotypes 1 and 4
Combining haplotypes 1 and 4
CONTRACT	1	-103305.97580831582
Combining haplotypes 3 and 4
Combining haplotypes 3 and 4
CONTRACT	1	-157262.94912898893
Overwriting 4 with 0 in region 1029-1034
RECOMBINE	1	0	-84649.35080403686
Recombining haplotypes 0 and 3 in region 629-642
RECOMBINE	1	1	-84649.35212235109
Recombining haplotypes 1 and 3 in region 489-499
RECOMBINE	1	2	-84649.35121735607
Recombining haplotypes 0 and 1 in region 648-653
RECOMBINE	1	3	-84649.35062151401
Overwriting 0 with 1 in region 689-695
RECOMBINE	1	4	-84649.35061438291
Recombining haplotypes 4 and 0 in region 1220-1231
RECOMBINE	1	5	-84649.35061546382
Recombining haplotypes 3 and 4 in region 801-811
RECOMBINE	1	6	-84649.35137212614
Overwriting 4 with 3 in region 381-385
RECOMBINE	1	7	-84649.35062467135
Overwriting 3 with 4 in region 593-617
RECOMBINE	1	8	-84649.3523312167
Recombining haplotypes 4 and 0 in region 179-199
RECOMBINE	1	9	-84649.35049863349
Recombining haplotypes 1 and 0 in region 917-930
RECOMBINE	1	10	-84649.35062756737
Overwriting 0 with 4 in region 1146-1161
RECOMBINE	1	11	-84649.35060888226
Overwriting 0 with 3 in region 182-200
RECOMBINE	1	12	-84649.35061022424
Overwriting 3 with 4 in region 1145-1157
RECOMBINE	1	13	-84649.3506135906
Recombining haplotypes 3 and 0 in region 930-956
RECOMBINE	1	14	-84649.35942079274
Overwriting 1 with 4 in region 56-71
RECOMBINE	1	15	-84649.35159450746
Overwriting 4 with 0 in region 687-698
RECOMBINE	1	16	-84649.35052196865
Recombining haplotypes 0 and 4 in region 886-917
RECOMBINE	1	17	-84649.35089604443
Overwriting 1 with 0 in region 263-280
RECOMBINE	1	18	-84649.35093779935
Overwriting 3 with 1 in region 624-626
RECOMBINE	1	19	-84649.3506193224

Big Iteration 1	LL: -83254.35049863349	PENALTY: 1395.0	PENALISED LL: -84649.35049863349
	0	0.06485603525201446
	1	0.11834079963124954
	3	0.2166285837794349
	4	0.6001745813373012

FINISHED

Big Iteration -1	LL: -83254.35049863349	PENALTY: 1395.0	PENALISED LL: -84649.35049863349
	0	0.06485603525201446
	1	0.11834079963124954
	3	0.2166285837794349
	4	0.6001745813373012


Haplotype frequencies
0	0,064856
1	0,118341
3	0,216629
4	0,600175
Active sites
65	0,002000,0,075055,0,002000,0,920945	0,002000,0,150098,0,002000,0,845902	0,002000,0,949038,0,002000,0,046962	0,002000,0,959520,0,002000,0,036480
68	0,978451,0,002000,0,017549,0,002000	0,910190,0,002000,0,085810,0,002000	0,365514,0,002000,0,630486,0,002000	0,945586,0,002000,0,050414,0,002000
92	0,994000,0,002000,0,002000,0,002000	0,994000,0,002000,0,002000,0,002000	0,994000,0,002000,0,002000,0,002000	0,966844,0,002000,0,002000,0,029156
95	0,782558,0,002000,0,002000,0,213442	0,662195,0,002000,0,002000,0,333805	0,002955,0,002000,0,002000,0,993045	0,015118,0,002000,0,002000,0,980882
105	0,002000,0,985925,0,002000,0,010075	0,002000,0,909420,0,002000,0,086580	0,002000,0,396838,0,002000,0,599162	0,002000,0,961803,0,002000,0,034197
112	0,002000,0,117253,0,002000,0,878747	0,002000,0,255466,0,002000,0,740534	0,002000,0,831926,0,002000,0,164074	0,002000,0,095448,0,002000,0,900552
114	0,011992,0,002000,0,984008,0,002000	0,051572,0,002000,0,944428,0,002000	0,385237,0,002000,0,610763,0,002000	0,016549,0,002000,0,979451,0,002000
119	0,994000,0,002000,0,002000,0,002000	0,994000,0,002000,0,002000,0,002000	0,983917,0,002000,0,012083,0,002000	0,994000,0,002000,0,002000,0,002000
120	0,074146,0,002000,0,921854,0,002000	0,168433,0,002000,0,827567,0,002000	0,297732,0,002000,0,698268,0,002000	0,155542,0,002000,0,840458,0,002000
121	0,008615,0,002000,0,981396,0,007989	0,007033,0,002000,0,988967,0,002000	0,006712,0,002000,0,988460,0,002828	0,008622,0,002000,0,987378,0,002000
159	0,002000,0,994000,0,002000,0,002000	0,002000,0,994000,0,002000,0,002000	0,019340,0,959750,0,002000,0,018910	0,010105,0,962862,0,002000,0,025033
161	0,002000,0,797349,0,002000,0,198651	0,002000,0,522835,0,002000,0,473165	0,005337,0,010671,0,002000,0,981992	0,004119,0,002062,0,002000,0,991818
162	0,002000,0,582377,0,002000,0,413623	0,002000,0,446277,0,002000,0,549723	0,003625,0,003626,0,002000,0,990749	0,002000,0,002000,0,002000,0,994000
163	0,002000,0,695196,0,002000,0,300804	0,002000,0,427364,0,002000,0,568636	0,007820,0,003952,0,002000,0,986228	0,002000,0,002922,0,002000,0,993078
164	0,228920,0,002000,0,767080,0,002000	0,303330,0,002000,0,692670,0,002000	0,990457,0,002000,0,005022,0,002521	0,993142,0,002000,0,002858,0,002000
165	0,244197,0,002000,0,751803,0,002000	0,202178,0,002000,0,793822,0,002000	0,991808,0,002038,0,004153,0,002000	0,992644,0,002000,0,003356,0,002000
183	0,002000,0,215179,0,002000,0,780821	0,002000,0,994000,0,002000,0,002000	0,002000,0,994000,0,002000,0,002000	0,002000,0,994000,0,002000,0,002000
186	0,002000,0,944648,0,002000,0,051352	0,002000,0,973312,0,012344,0,012344	0,002000,0,994000,0,002000,0,002000	0,002000,0,994000,0,002000,0,002000
196	0,002000,0,994000,0,002000,0,002000	0,002000,0,994000,0,002000,0,002000	0,002000,0,993915,0,002085,0,002000	0,002000,0,978908,0,017092,0,002000
197	0,002000,0,068035,0,002000,0,927965	0,130925,0,849111,0,002000,0,017964	0,896771,0,099229,0,002000,0,002000	0,031573,0,961113,0,005314,0,002000
201	0,008724,0,002000,0,002000,0,987276	0,002887,0,002000,0,002000,0,993113	0,002000,0,002000,0,002000,0,994000	0,002000,0,002000,0,002000,0,994000
212	0,281696,0,002000,0,714304,0,002000	0,002000,0,002000,0,994000,0,002000	0,002000,0,002000,0,994000,0,002000	0,002000,0,002000,0,994000,0,002000
215	0,002000,0,525270,0,002000,0,470730	0,002000,0,991562,0,002000,0,004438	0,002000,0,994000,0,002000,0,002000	0,002000,0,994000,0,002000,0,002000
219	0,002000,0,075438,0,002000,0,920562	0,815649,0,180351,0,002000,0,002000	0,007763,0,988237,0,002000,0,002000	0,002527,0,993473,0,002000,0,002000
225	0,994000,0,002000,0,002000,0,002000	0,322790,0,002000,0,673210,0,002000	0,994000,0,002000,0,002000,0,002000	0,994000,0,002000,0,002000,0,002000
226	0,002000,0,137475,0,002000,0,858525	0,002000,0,317888,0,002000,0,678112	0,002000,0,993562,0,002000,0,002438	0,002000,0,994000,0,002000,0,002000
228	0,035334,0,953830,0,008836,0,002000	0,118263,0,877737,0,002000,0,002000	0,102042,0,893958,0,002000,0,002000	0,949939,0,046061,0,002000,0,002000
230	0,982347,0,002000,0,013653,0,002000	0,082267,0,002000,0,913733,0,002000	0,994000,0,002000,0,002000,0,002000	0,993683,0,002000,0,002317,0,002000
231	0,002000,0,041583,0,954417,0,002000	0,879080,0,090806,0,028114,0,002000	0,008132,0,986125,0,003743,0,002000	0,013236,0,981943,0,002821,0,002000
232	0,002000,0,959571,0,002000,0,036429	0,002000,0,006763,0,002000,0,989237	0,002000,0,003272,0,002000,0,992728	0,002000,0,002321,0,002000,0,993679
233	0,821601,0,174399,0,002000,0,002000	0,807273,0,188727,0,002000,0,002000	0,747535,0,248465,0,002000,0,002000	0,007070,0,988930,0,002000,0,002000
235	0,002000,0,845228,0,002000,0,150772	0,002000,0,002000,0,002000,0,994000	0,002000,0,002000,0,002000,0,994000	0,002000,0,002000,0,002000,0,994000
241	0,002000,0,992889,0,002000,0,003111	0,002000,0,203381,0,002000,0,792619	0,002000,0,994000,0,002000,0,002000	0,002000,0,994000,0,002000,0,002000
242	0,059368,0,002000,0,936632,0,002000	0,140100,0,002000,0,855900,0,002000	0,994000,0,002000,0,002000,0,002000	0,994000,0,002000,0,002000,0,002000
247	0,002000,0,955070,0,002000,0,040930	0,002000,0,882719,0,002000,0,113281	0,002000,0,004103,0,002000,0,991897	0,002000,0,003473,0,002000,0,992527
248	0,951143,0,002000,0,044857,0,002000	0,873316,0,002000,0,122684,0,002000	0,009960,0,002000,0,986040,0,002000	0,017330,0,002000,0,978670,0,002000
249	0,043788,0,002000,0,951054,0,003158	0,129140,0,002000,0,006474,0,862386	0,990572,0,002000,0,002000,0,005428	0,988454,0,002000,0,002000,0,007546
250	0,002000,0,994000,0,002000,0,002000	0,002000,0,991832,0,002000,0,004168	0,002000,0,994000,0,002000,0,002000	0,002000,0,993313,0,002687,0,002000
253	0,002000,0,942732,0,002000,0,053268	0,002000,0,778198,0,002000,0,217802	0,002000,0,002000,0,002000,0,994000	0,002000,0,002000,0,002000,0,994000
256	0,002000,0,072820,0,002000,0,923180	0,002000,0,159849,0,002000,0,836151	0,002000,0,994000,0,002000,0,002000	0,002000,0,994000,0,002000,0,002000
262	0,002000,0,002000,0,994000,0,002000	0,891958,0,002000,0,104042,0,002000	0,009957,0,002000,0,986043,0,002000	0,002319,0,002000,0,993681,0,002000
265	0,034366,0,002000,0,002000,0,961634	0,033544,0,002000,0,962456,0,002000	0,059259,0,002000,0,936741,0,002000	0,979315,0,002000,0,016685,0,002000
267	0,973512,0,002000,0,022488,0,002000	0,923477,0,002000,0,072523,0,002000	0,002000,0,002000,0,994000,0,002000	0,003486,0,002000,0,992514,0,002000
274	0,057179,0,002000,0,938821,0,002000	0,990613,0,002000,0,005387,0,002000	0,232293,0,002000,0,763707,0,002000	0,991000,0,002000,0,005000,0,002000
276	0,002000,0,010283,0,002000,0,985717	0,002000,0,956694,0,002000,0,039306	0,002000,0,008499,0,002000,0,987501	0,002000,0,008694,0,002000,0,987306
283	0,002000,0,020502,0,002000,0,975498	0,002000,0,940311,0,002000,0,055689	0,002000,0,913185,0,002000,0,082815	0,002000,0,014950,0,002000,0,981050
286	0,036320,0,959680,0,002000,0,002000	0,134665,0,026063,0,002000,0,837272	0,082202,0,912934,0,002000,0,002864	0,987324,0,008676,0,002000,0,002000
292	0,003146,0,992854,0,002000,0,002000	0,884260,0,111740,0,002000,0,002000	0,004335,0,991665,0,002000,0,002000	0,002000,0,994000,0,002000,0,002000
301	0,012509,0,002000,0,983491,0,002000	0,045408,0,002000,0,950592,0,002000	0,062991,0,002000,0,933009,0,002000	0,982395,0,002000,0,013605,0,002000
302	0,978929,0,017071,0,002000,0,002000	0,934379,0,061621,0,002000,0,002000	0,017415,0,978585,0,002000,0,002000	0,002000,0,994000,0,002000,0,002000
307	0,002000,0,994000,0,002000,0,002000	0,002000,0,987842,0,002000,0,008158	0,002000,0,113000,0,002000,0,883000	0,002000,0,990926,0,002000,0,005074
308	0,126727,0,002000,0,869273,0,002000	0,994000,0,002000,0,002000,0,002000	0,994000,0,002000,0,002000,0,002000	0,994000,0,002000,0,002000,0,002000
310	0,103498,0,002000,0,892502,0,002000	0,079538,0,002000,0,916462,0,002000	0,991137,0,002000,0,004863,0,002000	0,994000,0,002000,0,002000,0,002000
311	0,002000,0,898969,0,002000,0,097031	0,002000,0,005341,0,002000,0,990659	0,002000,0,890217,0,002000,0,105783	0,002000,0,003777,0,002000,0,992223
316	0,002000,0,066050,0,002000,0,929950	0,002000,0,993610,0,002000,0,002390	0,002000,0,994000,0,002000,0,002000	0,002000,0,994000,0,002000,0,002000
319	0,002000,0,963089,0,002000,0,032911	0,002000,0,113184,0,002000,0,882816	0,002000,0,982353,0,002000,0,013647	0,002000,0,981823,0,002000,0,014177
322	0,002000,0,141821,0,002000,0,854179	0,002000,0,994000,0,002000,0,002000	0,002000,0,994000,0,002000,0,002000	0,002000,0,994000,0,002000,0,002000
325	0,003932,0,002000,0,992068,0,002000	0,874952,0,002000,0,121048,0,002000	0,003951,0,002000,0,992049,0,002000	0,002000,0,002000,0,994000,0,002000
331	0,002000,0,806756,0,002000,0,189244	0,002000,0,810081,0,002000,0,185919	0,002000,0,007051,0,002000,0,988949	0,002000,0,002000,0,002000,0,994000
334	0,058244,0,002000,0,937756,0,002000	0,064767,0,002000,0,931233,0,002000	0,071108,0,002000,0,924892,0,002000	0,985543,0,002000,0,010457,0,002000
337	0,002000,0,020553,0,002000,0,975447	0,002000,0,909621,0,002000,0,086379	0,002000,0,897388,0,002000,0,098612	0,002000,0,007989,0,002000,0,988011
340	0,002000,0,994000,0,002000,0,002000	0,002000,0,098742,0,002000,0,897258	0,002000,0,984664,0,002000,0,011336	0,002000,0,994000,0,002000,0,002000
343	0,002000,0,135019,0,002000,0,860981	0,002000,0,990436,0,002000,0,005564	0,002000,0,221041,0,002000,0,774959	0,002000,0,993931,0,002000,0,002069
353	0,024330,0,002000,0,971670,0,002000	0,967184,0,002000,0,028816,0,002000	0,054638,0,002000,0,941362,0,002000	0,984039,0,002000,0,011961,0,002000
361	0,977376,0,002000,0,018624,0,002000	0,035122,0,002000,0,960878,0,002000	0,973256,0,002000,0,022744,0,002000	0,043007,0,002000,0,952993,0,002000
363	0,002000,0,002000,0,002000,0,994000	0,002000,0,002000,0,002000,0,994000	0,002000,0,002000,0,002000,0,994000	0,002000,0,002000,0,004428,0,991572
364	0,866102,0,002000,0,129898,0,002000	0,002000,0,002000,0,994000,0,002000	0,002000,0,002000,0,994000,0,002000	0,002000,0,002000,0,994000,0,002000
370	0,002000,0,030264,0,965736,0,002000	0,002000,0,004973,0,991027,0,002000	0,002000,0,885998,0,110002,0,002000	0,002000,0,006727,0,989273,0,002000
373	0,002000,0,925167,0,002000,0,070833	0,002000,0,003010,0,002000,0,992990	0,002000,0,002000,0,002000,0,994000	0,002000,0,002000,0,002000,0,994000
379	0,002000,0,002000,0,994000,0,002000	0,955643,0,002000,0,040357,0,002000	0,010189,0,002000,0,985811,0,002000	0,006506,0,002000,0,989494,0,002000
380	0,002000,0,037494,0,002000,0,958506	0,002000,0,037084,0,002000,0,958916	0,002000,0,983551,0,002000,0,012449	0,002000,0,980549,0,002000,0,015451
382	0,002000,0,002000,0,968266,0,027734	0,002000,0,002000,0,900724,0,095276	0,002000,0,002000,0,010764,0,985236	0,002000,0,002000,0,004569,0,991431
388	0,002000,0,907886,0,002000,0,088114	0,002000,0,002000,0,002000,0,994000	0,002000,0,002000,0,002000,0,994000	0,002000,0,002000,0,002000,0,994000
394	0,002000,0,002000,0,994000,0,002000	0,014046,0,730190,0,253764,0,002000	0,002000,0,004152,0,991848,0,002000	0,002000,0,003181,0,992819,0,002000
403	0,002000,0,958506,0,002000,0,037494	0,002000,0,939993,0,002000,0,056007	0,002000,0,902742,0,002000,0,093258	0,002000,0,011771,0,002000,0,984229
418	0,002000,0,005319,0,002000,0,990681	0,002000,0,991996,0,002000,0,004004	0,002000,0,990399,0,002000,0,005601	0,002000,0,993137,0,002000,0,002863
421	0,002000,0,012670,0,002000,0,983330	0,002000,0,004768,0,002000,0,991232	0,002000,0,041180,0,002000,0,954820	0,002000,0,972311,0,002000,0,023689
424	0,002000,0,975434,0,002000,0,020566	0,002511,0,987949,0,002000,0,007540	0,002000,0,920320,0,002000,0,075680	0,002000,0,018082,0,002000,0,977918
427	0,002000,0,019963,0,002000,0,976037	0,002000,0,961686,0,002000,0,034314	0,002000,0,031099,0,002000,0,964901	0,002000,0,005044,0,002000,0,990956
430	0,002000,0,911207,0,002000,0,084793	0,002000,0,898797,0,002000,0,097203	0,002000,0,858712,0,002000,0,137288	0,002000,0,007102,0,002000,0,988898
436	0,002000,0,062905,0,002000,0,933095	0,002000,0,994000,0,002000,0,002000	0,002000,0,994000,0,002000,0,002000	0,002000,0,994000,0,002000,0,002000
442	0,002000,0,952200,0,002000,0,043800	0,002000,0,971861,0,002000,0,024139	0,002000,0,015815,0,002000,0,980185	0,002000,0,003333,0,002000,0,992667
444	0,002000,0,994000,0,002000,0,002000	0,002000,0,024083,0,971917,0,002000	0,002000,0,979153,0,016847,0,002000	0,002000,0,994000,0,002000,0,002000
445	0,002000,0,971932,0,002000,0,024068	0,002000,0,986649,0,002000,0,009351	0,002000,0,952055,0,002000,0,043945	0,002000,0,009413,0,002000,0,986587
448	0,002000,0,002000,0,994000,0,002000	0,931628,0,002000,0,064372,0,002000	0,009331,0,002000,0,986669,0,002000	0,002000,0,002000,0,994000,0,002000
449	0,002000,0,984542,0,002000,0,011458	0,002000,0,986081,0,002000,0,009919	0,002000,0,096727,0,002000,0,899273	0,002000,0,982803,0,002000,0,013197
451	0,956908,0,002000,0,039092,0,002000	0,004387,0,002000,0,991613,0,002000	0,961860,0,002000,0,034140,0,002000	0,945769,0,013311,0,038920,0,002000
454	0,023261,0,972739,0,002000,0,002000	0,992710,0,003290,0,002000,0,002000	0,080100,0,848783,0,002000,0,069118	0,151074,0,844926,0,002000,0,002000
457	0,002000,0,930899,0,002000,0,065101	0,002000,0,002075,0,002000,0,993925	0,002000,0,003468,0,002000,0,992532	0,002000,0,005059,0,002000,0,990941
460	0,002000,0,080914,0,002000,0,915086	0,002000,0,994000,0,002000,0,002000	0,002000,0,994000,0,002000,0,002000	0,002000,0,992812,0,002000,0,003188
463	0,060735,0,002000,0,935265,0,002000	0,028030,0,002000,0,967970,0,002000	0,041125,0,002000,0,954875,0,002000	0,981975,0,002000,0,014025,0,002000
466	0,002000,0,064778,0,931222,0,002000	0,002000,0,043125,0,952875,0,002000	0,002000,0,981171,0,014829,0,002000	0,002000,0,988066,0,007934,0,002000
472	0,002000,0,977302,0,002000,0,018698	0,002000,0,980626,0,002000,0,015374	0,002000,0,077050,0,002000,0,918950	0,002000,0,986517,0,002000,0,009483
482	0,002000,0,978769,0,002000,0,017231	0,002000,0,990584,0,002000,0,005416	0,002000,0,957653,0,002000,0,038347	0,002000,0,014361,0,017241,0,966398
485	0,002000,0,994000,0,002000,0,002000	0,002000,0,994000,0,002000,0,002000	0,002000,0,994000,0,002000,0,002000	0,002000,0,988866,0,007134,0,002000
491	0,943172,0,002000,0,052828,0,002000	0,947089,0,002000,0,048911,0,002000	0,012421,0,002000,0,983579,0,002000	0,003435,0,002000,0,992565,0,002000
493	0,002000,0,100805,0,002000,0,895195	0,002000,0,992024,0,002000,0,003976	0,002000,0,994000,0,002000,0,002000	0,002000,0,994000,0,002000,0,002000
499	0,002000,0,041940,0,002000,0,954060	0,002000,0,019329,0,002000,0,976671	0,002000,0,991227,0,002000,0,004773	0,002000,0,990844,0,002000,0,005156
505	0,002000,0,048258,0,002000,0,947742	0,002000,0,981783,0,002000,0,014217	0,002000,0,946308,0,002000,0,049692	0,002000,0,012674,0,002000,0,983326
511	0,002000,0,930002,0,002000,0,065998	0,002000,0,852967,0,002000,0,143033	0,002000,0,933262,0,002000,0,062738	0,002000,0,024481,0,002000,0,971519
512	0,002000,0,974366,0,002000,0,021634	0,002000,0,015059,0,002000,0,980941	0,002000,0,985199,0,002000,0,010801	0,002000,0,985925,0,002000,0,010075
514	0,958274,0,002000,0,037726,0,002000	0,036169,0,002000,0,959831,0,002000	0,074090,0,002000,0,921910,0,002000	0,986838,0,002000,0,009162,0,002000
520	0,002000,0,002000,0,994000,0,002000	0,848065,0,002000,0,147935,0,002000	0,005201,0,002000,0,990799,0,002000	0,002031,0,002000,0,993969,0,002000
521	0,127678,0,002000,0,868322,0,002000	0,992607,0,002000,0,003393,0,002000	0,994000,0,002000,0,002000,0,002000	0,990247,0,002000,0,005753,0,002000
523	0,002000,0,101390,0,002000,0,894610	0,002000,0,031544,0,002000,0,964456	0,003314,0,989131,0,002000,0,005555	0,002000,0,986891,0,002000,0,009109
532	0,064777,0,002000,0,931223,0,002000	0,855805,0,002000,0,140195,0,002000	0,994000,0,002000,0,002000,0,002000	0,991745,0,002000,0,004255,0,002000
541	0,994000,0,002000,0,002000,0,002000	0,962126,0,002000,0,033874,0,002000	0,994000,0,002000,0,002000,0,002000	0,994000,0,002000,0,002000,0,002000
544	0,002000,0,002000,0,994000,0,002000	0,061149,0,002000,0,934851,0,002000	0,002000,0,002000,0,994000,0,002000	0,002000,0,002000,0,994000,0,002000
556	0,002000,0,002000,0,002000,0,994000	0,002000,0,994000,0,002000,0,002000	0,002000,0,994000,0,002000,0,002000	0,002000,0,991210,0,002000,0,004790
562	0,002000,0,006294,0,002000,0,989706	0,002000,0,942068,0,002000,0,053932	0,002000,0,966438,0,002000,0,029562	0,002000,0,045665,0,002000,0,950335
563	0,002000,0,037961,0,002000,0,958039	0,002000,0,976040,0,002000,0,019960	0,002000,0,044564,0,002000,0,951436	0,002000,0,967070,0,002000,0,028930
574	0,002000,0,204436,0,791564,0,002000	0,002000,0,994000,0,002000,0,002000	0,002000,0,994000,0,002000,0,002000	0,002000,0,994000,0,002000,0,002000
577	0,002000,0,920038,0,002000,0,075962	0,002000,0,956095,0,002000,0,039905	0,002000,0,822448,0,002000,0,173552	0,002000,0,005397,0,002000,0,990603
580	0,002000,0,010474,0,002000,0,985526	0,927188,0,005932,0,002000,0,064880	0,012502,0,778450,0,002000,0,207048	0,005911,0,002000,0,002000,0,990089
583	0,002000,0,897740,0,002000,0,098260	0,002000,0,920626,0,002000,0,075374	0,002000,0,006086,0,002000,0,989914	0,002000,0,003807,0,002000,0,992193
589	0,002000,0,994000,0,002000,0,002000	0,002000,0,021756,0,002000,0,974244	0,002000,0,977267,0,002000,0,018733	0,002000,0,983199,0,002000,0,012801
595	0,002000,0,947631,0,002000,0,048369	0,002000,0,028220,0,002000,0,967780	0,002000,0,921081,0,002000,0,074919	0,002000,0,013084,0,002000,0,982916
598	0,106149,0,002000,0,889851,0,002000	0,036147,0,002000,0,959853,0,002000	0,060675,0,002000,0,935325,0,002000	0,976770,0,002000,0,019230,0,002000
604	0,039487,0,002000,0,002000,0,956513	0,025231,0,967451,0,002000,0,005317	0,067882,0,010395,0,002000,0,919723	0,977861,0,002000,0,002000,0,018139
610	0,019854,0,002000,0,976146,0,002000	0,014917,0,002000,0,981083,0,002000	0,979940,0,002000,0,016060,0,002000	0,978572,0,002000,0,017428,0,002000
613	0,002000,0,030381,0,002000,0,965619	0,002000,0,035539,0,958902,0,003559	0,002000,0,987925,0,008075,0,002000	0,002000,0,987487,0,007214,0,003298
616	0,102999,0,002000,0,893001,0,002000	0,141859,0,002000,0,854141,0,002000	0,994000,0,002000,0,002000,0,002000	0,991450,0,002000,0,004550,0,002000
619	0,956065,0,002000,0,039935,0,002000	0,046601,0,002000,0,949399,0,002000	0,092236,0,002000,0,903764,0,002000	0,979095,0,002000,0,016905,0,002000
622	0,002000,0,994000,0,002000,0,002000	0,002000,0,084436,0,002000,0,911564	0,002000,0,993544,0,002000,0,002456	0,002000,0,993565,0,002000,0,002435
625	0,002000,0,006114,0,002000,0,989886	0,002000,0,867707,0,002000,0,128293	0,002000,0,816582,0,002000,0,179418	0,002000,0,005616,0,002000,0,990384
627	0,002000,0,982057,0,002000,0,013943	0,002000,0,994000,0,002000,0,002000	0,002000,0,994000,0,002000,0,002000	0,002000,0,992139,0,002000,0,003861
628	0,988549,0,007451,0,002000,0,002000	0,211576,0,129609,0,002000,0,656814	0,128671,0,867184,0,002000,0,002145	0,993051,0,002949,0,002000,0,002000
634	0,002000,0,884726,0,002000,0,111274	0,002000,0,002000,0,002000,0,994000	0,002000,0,002000,0,002000,0,994000	0,002000,0,002846,0,002000,0,993154
636	0,002000,0,023823,0,002000,0,972177	0,002000,0,016476,0,002000,0,979524	0,002000,0,834299,0,002000,0,161701	0,002000,0,010696,0,002000,0,985304
638	0,055069,0,002000,0,940931,0,002000	0,989013,0,002000,0,006987,0,002000	0,994000,0,002000,0,002000,0,002000	0,990592,0,002000,0,005408,0,002000
644	0,968454,0,027546,0,002000,0,002000	0,044891,0,951109,0,002000,0,002000	0,951397,0,044603,0,002000,0,002000	0,048888,0,947112,0,002000,0,002000
646	0,145921,0,002000,0,850079,0,002000	0,994000,0,002000,0,002000,0,002000	0,994000,0,002000,0,002000,0,002000	0,992078,0,002000,0,003922,0,002000
652	0,097591,0,002000,0,002000,0,898409	0,139938,0,110270,0,002000,0,747792	0,994000,0,002000,0,002000,0,002000	0,988175,0,002000,0,002000,0,007825
656	0,002000,0,994000,0,002000,0,002000	0,002000,0,043499,0,002000,0,952501	0,002000,0,986752,0,002000,0,009248	0,002000,0,983726,0,002000,0,012274
658	0,002000,0,007514,0,002000,0,988486	0,002000,0,047121,0,002000,0,948879	0,002000,0,987029,0,002000,0,008971	0,002000,0,971393,0,002000,0,024607
661	0,002000,0,969360,0,002000,0,026640	0,002000,0,962557,0,002000,0,033443	0,002000,0,940643,0,002000,0,055357	0,002000,0,032588,0,002000,0,963412
662	0,002000,0,002000,0,994000,0,002000	0,002000,0,002000,0,994000,0,002000	0,002000,0,002000,0,992182,0,003818	0,002000,0,002000,0,990737,0,005263
664	0,994000,0,002000,0,002000,0,002000	0,056551,0,002000,0,939449,0,002000	0,089499,0,002000,0,906501,0,002000	0,985958,0,002000,0,010042,0,002000
665	0,002000,0,994000,0,002000,0,002000	0,002000,0,994000,0,002000,0,002000	0,006255,0,989745,0,002000,0,002000	0,009003,0,986997,0,002000,0,002000
670	0,002000,0,002000,0,002000,0,994000	0,002000,0,921324,0,002000,0,074676	0,002000,0,002000,0,002000,0,994000	0,002000,0,002707,0,002000,0,993293
674	0,002000,0,002000,0,002000,0,994000	0,002000,0,002000,0,002000,0,994000	0,002000,0,007369,0,002000,0,988631	0,002000,0,024864,0,002000,0,971136
676	0,002000,0,132159,0,002000,0,863841	0,002000,0,994000,0,002000,0,002000	0,002000,0,994000,0,002000,0,002000	0,002000,0,992288,0,002000,0,003712
677	0,955733,0,002000,0,040267,0,002000	0,967576,0,002000,0,028424,0,002000	0,918818,0,002000,0,077182,0,002000	0,064292,0,002000,0,931708,0,002000
688	0,002000,0,002000,0,002000,0,994000	0,002000,0,669047,0,002000,0,326953	0,002000,0,002000,0,002000,0,994000	0,002000,0,002000,0,002000,0,994000
691	0,002000,0,019855,0,002000,0,976145	0,002000,0,063548,0,002000,0,932452	0,002000,0,611811,0,002000,0,384189	0,002000,0,006038,0,002000,0,989962
694	0,002000,0,115869,0,002000,0,880131	0,002000,0,987729,0,002000,0,008271	0,002000,0,994000,0,002000,0,002000	0,002000,0,994000,0,002000,0,002000
697	0,002000,0,915536,0,002000,0,080464	0,002000,0,861269,0,002000,0,134731	0,002000,0,091153,0,002000,0,904847	0,002000,0,974364,0,002000,0,021636
703	0,040545,0,002000,0,955455,0,002000	0,968643,0,002000,0,027357,0,002000	0,898605,0,002000,0,097395,0,002000	0,031239,0,002000,0,964761,0,002000
706	0,982515,0,002000,0,013485,0,002000	0,011278,0,002000,0,984722,0,002000	0,907128,0,002000,0,088872,0,002000	0,013502,0,002000,0,982498,0,002000
709	0,890148,0,002000,0,105852,0,002000	0,938872,0,002000,0,057128,0,002000	0,002000,0,002000,0,994000,0,002000	0,007506,0,002000,0,988494,0,002000
712	0,002000,0,739074,0,002000,0,256926	0,002000,0,002000,0,002000,0,994000	0,002000,0,003132,0,002000,0,992868	0,002000,0,002000,0,002000,0,994000
713	0,217138,0,778862,0,002000,0,002000	0,955969,0,040031,0,002000,0,002000	0,011612,0,983145,0,003243,0,002000	0,041101,0,954899,0,002000,0,002000
715	0,002000,0,596347,0,002000,0,399653	0,002000,0,023832,0,002000,0,972168	0,002000,0,048930,0,002000,0,947070	0,002000,0,977430,0,002000,0,018570
717	0,994000,0,002000,0,002000,0,002000	0,038215,0,002546,0,957240,0,002000	0,989106,0,002000,0,006894,0,002000	0,990319,0,002000,0,005681,0,002000
718	0,433854,0,002000,0,002000,0,562146	0,002000,0,003019,0,002000,0,992981	0,920800,0,002000,0,002000,0,075200	0,003600,0,002000,0,002000,0,992400
719	0,523404,0,002000,0,472596,0,002000	0,976920,0,002000,0,019080,0,002000	0,016667,0,002000,0,979333,0,002000	0,030248,0,012162,0,955590,0,002000
721	0,020063,0,490301,0,002000,0,487636	0,975540,0,020460,0,002000,0,002000	0,012930,0,983070,0,002000,0,002000	0,022015,0,973985,0,002000,0,002000
722	0,983457,0,002000,0,002000,0,012543	0,123634,0,002000,0,872366,0,002000	0,974739,0,002000,0,021261,0,002000	0,991595,0,002000,0,004405,0,002000
724	0,002000,0,016546,0,002000,0,979454	0,002000,0,029169,0,002000,0,966831	0,002000,0,047223,0,002000,0,948777	0,002000,0,937570,0,002000,0,058430
727	0,994000,0,002000,0,002000,0,002000	0,994000,0,002000,0,002000,0,002000	0,986039,0,009961,0,002000,0,002000	0,993552,0,002448,0,002000,0,002000
729	0,981089,0,014911,0,002000,0,002000	0,994000,0,002000,0,002000,0,002000	0,074634,0,846701,0,002000,0,076665	0,974877,0,021123,0,002000,0,002000
732	0,994000,0,002000,0,002000,0,002000	0,959996,0,002000,0,036004,0,002000	0,983141,0,002479,0,012380,0,002000	0,994000,0,002000,0,002000,0,002000
734	0,988803,0,002000,0,007197,0,002000	0,993056,0,002000,0,002944,0,002000	0,038233,0,002000,0,957767,0,002000	0,992556,0,002000,0,003444,0,002000
735	0,002000,0,994000,0,002000,0,002000	0,002000,0,960072,0,035928,0,002000	0,002000,0,982750,0,013250,0,002000	0,002000,0,994000,0,002000,0,002000
736	0,002000,0,966810,0,002000,0,029190	0,002000,0,975041,0,002000,0,020959	0,002000,0,955412,0,002000,0,040588	0,002000,0,009590,0,002000,0,986410
738	0,994000,0,002000,0,002000,0,002000	0,992522,0,003478,0,002000,0,002000	0,113362,0,882638,0,002000,0,002000	0,994000,0,002000,0,002000,0,002000
742	0,896749,0,002000,0,099251,0,002000	0,094615,0,002000,0,901385,0,002000	0,002000,0,002000,0,994000,0,002000	0,003457,0,002000,0,992543,0,002000
748	0,002000,0,994000,0,002000,0,002000	0,002000,0,026478,0,002000,0,969522	0,002000,0,994000,0,002000,0,002000	0,002000,0,994000,0,002000,0,002000
754	0,002000,0,950218,0,002000,0,045782	0,002000,0,957543,0,002000,0,038457	0,002000,0,954463,0,002000,0,041537	0,002000,0,013410,0,002000,0,982590
758	0,002000,0,994000,0,002000,0,002000	0,002000,0,877450,0,002000,0,118550	0,002000,0,994000,0,002000,0,002000	0,002000,0,994000,0,002000,0,002000
760	0,810453,0,002000,0,185547,0,002000	0,002000,0,002000,0,994000,0,002000	0,047979,0,002000,0,948021,0,002000	0,002000,0,002000,0,994000,0,002000
766	0,002000,0,928798,0,002000,0,067202	0,002000,0,990406,0,002000,0,005594	0,002000,0,035096,0,002000,0,960904	0,002000,0,989005,0,002000,0,006995
767	0,910667,0,002000,0,085333,0,002000	0,929988,0,002000,0,066012,0,002000	0,004431,0,002000,0,991569,0,002000	0,006161,0,002000,0,989839,0,002000
769	0,948445,0,002000,0,047555,0,002000	0,994000,0,002000,0,002000,0,002000	0,021595,0,002000,0,974405,0,002000	0,990917,0,002000,0,005083,0,002000
772	0,002000,0,950808,0,002000,0,045192	0,002000,0,943153,0,002000,0,052847	0,002000,0,953289,0,002000,0,042711	0,002000,0,005449,0,002000,0,990551
775	0,029533,0,030069,0,002000,0,938398	0,067005,0,928995,0,002000,0,002000	0,090190,0,905810,0,002000,0,002000	0,993427,0,002573,0,002000,0,002000
778	0,037489,0,002000,0,958511,0,002000	0,030748,0,002000,0,965252,0,002000	0,072565,0,002000,0,923435,0,002000	0,987313,0,002000,0,008687,0,002000
779	0,002000,0,002000,0,994000,0,002000	0,002000,0,002000,0,994000,0,002000	0,002000,0,002000,0,994000,0,002000	0,004329,0,002000,0,991671,0,002000
781	0,002000,0,892853,0,103147,0,002000	0,002000,0,002000,0,994000,0,002000	0,002000,0,002000,0,994000,0,002000	0,002000,0,002000,0,994000,0,002000
783	0,028113,0,967887,0,002000,0,002000	0,994000,0,002000,0,002000,0,002000	0,994000,0,002000,0,002000,0,002000	0,993401,0,002599,0,002000,0,002000
793	0,002000,0,002000,0,994000,0,002000	0,789473,0,002000,0,206527,0,002000	0,002000,0,002000,0,994000,0,002000	0,002000,0,002000,0,994000,0,002000
795	0,002000,0,002000,0,006168,0,989832	0,002000,0,002000,0,002000,0,994000	0,002000,0,002000,0,002061,0,993939	0,002000,0,002000,0,012674,0,983326
796	0,002000,0,002000,0,954973,0,041027	0,002000,0,920226,0,011383,0,066391	0,002000,0,011939,0,008564,0,977497	0,002000,0,006315,0,003884,0,987800
805	0,018583,0,002000,0,977417,0,002000	0,989892,0,002000,0,006108,0,002000	0,036466,0,002000,0,959534,0,002000	0,990960,0,002000,0,005040,0,002000
811	0,002000,0,002000,0,961876,0,034124	0,002000,0,002000,0,985913,0,010087	0,002000,0,002000,0,048439,0,947561	0,002000,0,002000,0,994000,0,002000
814	0,002000,0,938625,0,057375,0,002000	0,002000,0,002000,0,994000,0,002000	0,002000,0,002000,0,994000,0,002000	0,002000,0,002000,0,994000,0,002000
820	0,002000,0,002000,0,991373,0,004627	0,731567,0,002000,0,264433,0,002000	0,002000,0,002000,0,988042,0,007958	0,002000,0,002000,0,994000,0,002000
823	0,018336,0,002000,0,977664,0,002000	0,080308,0,002000,0,915692,0,002000	0,037246,0,002000,0,958754,0,002000	0,989729,0,002000,0,006271,0,002000
832	0,002000,0,042891,0,002000,0,953109	0,002000,0,994000,0,002000,0,002000	0,002000,0,989841,0,002000,0,006159	0,002000,0,994000,0,002000,0,002000
835	0,028450,0,002000,0,967550,0,002000	0,813103,0,002000,0,182897,0,002000	0,065201,0,002000,0,930799,0,002000	0,986580,0,006344,0,005075,0,002000
836	0,002000,0,994000,0,002000,0,002000	0,002000,0,994000,0,002000,0,002000	0,002000,0,994000,0,002000,0,002000	0,012736,0,983264,0,002000,0,002000
841	0,002000,0,002000,0,994000,0,002000	0,002000,0,002000,0,040787,0,955213	0,002000,0,002000,0,986021,0,009979	0,002000,0,002000,0,984471,0,011529
844	0,053701,0,942299,0,002000,0,002000	0,040730,0,955270,0,002000,0,002000	0,054341,0,941659,0,002000,0,002000	0,984519,0,011481,0,002000,0,002000
859	0,002000,0,977900,0,002000,0,018100	0,002000,0,047215,0,002000,0,948785	0,002000,0,990371,0,002000,0,005629	0,002000,0,985696,0,002000,0,010304
871	0,002000,0,089429,0,002000,0,906571	0,002000,0,992112,0,002000,0,003888	0,002000,0,994000,0,002000,0,002000	0,002000,0,993165,0,002000,0,002835
877	0,023959,0,002000,0,972041,0,002000	0,975435,0,002000,0,020565,0,002000	0,041636,0,002000,0,954364,0,002000	0,994000,0,002000,0,002000,0,002000
886	0,029563,0,002000,0,966437,0,002000	0,032494,0,002000,0,963506,0,002000	0,943969,0,002000,0,052031,0,002000	0,007207,0,002000,0,988793,0,002000
889	0,002000,0,987520,0,002000,0,008480	0,002000,0,043537,0,002000,0,952463	0,002000,0,988701,0,002000,0,007299	0,002000,0,988014,0,002000,0,007986
895	0,176096,0,002000,0,002000,0,819904	0,274624,0,002000,0,002000,0,721376	0,981673,0,002000,0,002000,0,014327	0,994000,0,002000,0,002000,0,002000
898	0,953253,0,002000,0,042747,0,002000	0,252590,0,002000,0,743410,0,002000	0,955241,0,002000,0,040759,0,002000	0,009418,0,002000,0,986582,0,002000
916	0,002000,0,019265,0,002000,0,976735	0,002000,0,054377,0,002000,0,941623	0,002000,0,994000,0,002000,0,002000	0,002000,0,980081,0,002000,0,015919
925	0,002000,0,890068,0,002000,0,105932	0,002000,0,869591,0,002000,0,126409	0,002000,0,003307,0,002000,0,992693	0,002000,0,002000,0,002000,0,994000
928	0,002000,0,990260,0,002000,0,005740	0,002000,0,946589,0,002000,0,049411	0,002000,0,969265,0,002000,0,026735	0,002000,0,033132,0,002000,0,962868
935	0,002000,0,005163,0,002000,0,990837	0,002000,0,010524,0,002000,0,985476	0,002000,0,018632,0,002000,0,977368	0,002000,0,947215,0,002000,0,048785
937	0,981115,0,002000,0,014885,0,002000	0,985131,0,002000,0,010869,0,002000	0,002000,0,002000,0,994000,0,002000	0,912859,0,002000,0,083141,0,002000
946	0,006318,0,044703,0,002000,0,946978	0,002000,0,970804,0,002000,0,025196	0,129894,0,864163,0,002000,0,003942	0,002000,0,994000,0,002000,0,002000
961	0,006621,0,002000,0,989379,0,002000	0,011091,0,002000,0,984909,0,002000	0,884491,0,003481,0,110028,0,002000	0,035582,0,002000,0,960418,0,002000
967	0,002000,0,053844,0,002000,0,942156	0,002000,0,044803,0,002000,0,951197	0,002000,0,040010,0,002000,0,955990	0,002000,0,963127,0,002000,0,032873
976	0,002000,0,957723,0,002000,0,038277	0,002000,0,943213,0,002000,0,052787	0,002000,0,004456,0,002000,0,991544	0,002000,0,011196,0,002000,0,984804
977	0,987355,0,008645,0,002000,0,002000	0,970635,0,025365,0,002000,0,002000	0,010550,0,985450,0,002000,0,002000	0,007750,0,987747,0,002000,0,002503
985	0,002000,0,056079,0,002000,0,939921	0,002000,0,037660,0,002000,0,958340	0,002000,0,986487,0,002000,0,009513	0,002000,0,981814,0,002000,0,014186
997	0,002000,0,958162,0,002000,0,037838	0,002000,0,969100,0,002000,0,026900	0,002000,0,952175,0,002000,0,043825	0,002000,0,036989,0,002000,0,959011
1003	0,234210,0,002000,0,761790,0,002000	0,178326,0,002000,0,817674,0,002000	0,993173,0,002000,0,002827,0,002000	0,994000,0,002000,0,002000,0,002000
1004	0,062294,0,002000,0,933706,0,002000	0,275844,0,002000,0,720156,0,002000	0,961448,0,002000,0,034552,0,002000	0,994000,0,002000,0,002000,0,002000
1013	0,002000,0,847362,0,002000,0,148638	0,002000,0,955376,0,002000,0,040624	0,002000,0,143852,0,002000,0,852148	0,002000,0,991313,0,002000,0,004687
1019	0,221097,0,161147,0,615756,0,002000	0,110263,0,406066,0,481671,0,002000	0,912359,0,083641,0,002000,0,002000	0,007767,0,987051,0,003182,0,002000
1026	0,034479,0,002000,0,961521,0,002000	0,981198,0,002000,0,014802,0,002000	0,994000,0,002000,0,002000,0,002000	0,991698,0,002000,0,004302,0,002000
1033	0,002000,0,056848,0,939152,0,002000	0,002000,0,025897,0,970103,0,002000	0,002000,0,994000,0,002000,0,002000	0,002000,0,987570,0,008430,0,002000
1036	0,074097,0,002000,0,921903,0,002000	0,994000,0,002000,0,002000,0,002000	0,994000,0,002000,0,002000,0,002000	0,994000,0,002000,0,002000,0,002000
1045	0,002000,0,037726,0,002000,0,958274	0,002000,0,994000,0,002000,0,002000	0,002000,0,994000,0,002000,0,002000	0,002000,0,993914,0,002000,0,002086
1051	0,973757,0,002000,0,002000,0,022243	0,002000,0,002000,0,002000,0,994000	0,002000,0,002000,0,002000,0,994000	0,004857,0,002000,0,002000,0,991143
1057	0,897830,0,002000,0,098170,0,002000	0,008767,0,002000,0,987233,0,002000	0,002000,0,002000,0,994000,0,002000	0,002000,0,002000,0,994000,0,002000
1063	0,754279,0,002000,0,241721,0,002000	0,670730,0,002000,0,325270,0,002000	0,767008,0,002000,0,228992,0,002000	0,005054,0,002000,0,990946,0,002000
1066	0,002000,0,846009,0,002000,0,149991	0,002000,0,916508,0,002000,0,079492	0,002000,0,920379,0,002000,0,075621	0,002000,0,028567,0,002000,0,967433
1072	0,002000,0,002000,0,051099,0,944901	0,384930,0,002000,0,508428,0,104642	0,002000,0,002000,0,080780,0,915220	0,002000,0,003788,0,985372,0,008840
1073	0,002000,0,913074,0,002000,0,082926	0,002000,0,994000,0,002000,0,002000	0,002000,0,989412,0,004087,0,004501	0,002000,0,932564,0,063436,0,002000
1093	0,002000,0,021752,0,002000,0,974248	0,002000,0,939663,0,002000,0,056337	0,002000,0,002000,0,002000,0,994000	0,002000,0,008452,0,002000,0,987548
1099	0,002000,0,176920,0,002000,0,819080	0,002000,0,991621,0,002000,0,004379	0,002000,0,994000,0,002000,0,002000	0,002000,0,994000,0,002000,0,002000
1102	0,002000,0,987937,0,002000,0,008063	0,002000,0,122012,0,002000,0,873988	0,047894,0,946897,0,002000,0,003209	0,002000,0,990063,0,002000,0,005937
1135	0,547349,0,002000,0,448651,0,002000	0,554224,0,002000,0,441776,0,002000	0,601158,0,002000,0,394842,0,002000	0,989617,0,002000,0,006383,0,002000
1137	0,009794,0,002000,0,986206,0,002000	0,002000,0,002000,0,994000,0,002000	0,002000,0,002000,0,994000,0,002000	0,002593,0,002000,0,993407,0,002000
1138	0,002000,0,977654,0,002000,0,018346	0,002000,0,986218,0,002000,0,009782	0,002000,0,859459,0,002000,0,136541	0,002000,0,994000,0,002000,0,002000
1153	0,002000,0,994000,0,002000,0,002000	0,002000,0,994000,0,002000,0,002000	0,002000,0,994000,0,002000,0,002000	0,002000,0,993156,0,002000,0,002844
1159	0,002000,0,742922,0,002000,0,253078	0,002000,0,850146,0,002000,0,145854	0,002000,0,803139,0,002000,0,192861	0,002000,0,011084,0,002000,0,984916
1213	0,994000,0,002000,0,002000,0,002000	0,994000,0,002000,0,002000,0,002000	0,994000,0,002000,0,002000,0,002000	0,986020,0,002000,0,009980,0,002000
1228	0,994000,0,002000,0,002000,0,002000	0,630051,0,002000,0,365949,0,002000	0,994000,0,002000,0,002000,0,002000	0,994000,0,002000,0,002000,0,002000
1240	0,002000,0,985190,0,002000,0,010810	0,002000,0,891711,0,002000,0,104289	0,002000,0,909326,0,002000,0,086674	0,002000,0,991943,0,002000,0,004057
1271	0,002000,0,994000,0,002000,0,002000	0,897965,0,098035,0,002000,0,002000	0,021568,0,974432,0,002000,0,002000	0,038481,0,957519,0,002000,0,002000
1276	0,002000,0,002000,0,002000,0,994000	0,002000,0,047074,0,002000,0,948926	0,002000,0,002000,0,002000,0,994000	0,002000,0,002000,0,002000,0,994000
1318	0,002000,0,365888,0,002000,0,630112	0,002000,0,994000,0,002000,0,002000	0,002000,0,983191,0,002000,0,012809	0,002000,0,986802,0,002000,0,009198
1321	0,002000,0,533017,0,002000,0,462983	0,002000,0,003855,0,002000,0,992145	0,002000,0,002109,0,002000,0,993891	0,002000,0,003100,0,002000,0,992900
1370	0,736897,0,002000,0,259103,0,002000	0,724143,0,002000,0,271857,0,002000	0,725345,0,002000,0,270655,0,002000	0,103475,0,002000,0,892525,0,002000
1382	0,994000,0,002000,0,002000,0,002000	0,994000,0,002000,0,002000,0,002000	0,985985,0,002000,0,002000,0,010015	0,994000,0,002000,0,002000,0,002000
1383	0,002000,0,002000,0,002000,0,994000	0,002000,0,002000,0,002000,0,994000	0,016993,0,002000,0,002000,0,979007	0,002855,0,002337,0,002000,0,992808
1384	0,002000,0,994000,0,002000,0,002000	0,002000,0,994000,0,002000,0,002000	0,002000,0,967743,0,002000,0,028257	0,002000,0,970378,0,002000,0,025622
1391	0,008593,0,987407,0,002000,0,002000	0,466910,0,529090,0,002000,0,002000	0,013776,0,982224,0,002000,0,002000	0,010757,0,985243,0,002000,0,002000
