Command arguments:  -t data/04.B1.W14.01/04.B1.W14.01 --bam data/04.B1.W14.01/04.B1.W14.01.bam --baseFreq data/04.B1.W14.01/12/step_1/04.B1.W14.01.lld --refSequence data/fasta/HCMV_Merlin_UL33.fasta --hapAlignment data/04.B1.W14.01/12/step_1/04.B1.W14.01Haplo.fasta --iterate
INITIAL	LL: -11484.303570807002	PENALTY: 520.0	PENALISED LL: -12004.303570807002
	0	0.27384942364534304
	1	0.21814402243553402
	2	0.27384942364534304
	3	0.015178701190203871
	4	0.218978429083576

Overwriting 4 with 3 in region 1168-1191
RECOMBINE	0	-12001.57990436994
Recombining haplotypes 1 and 2 in region 199-205
RECOMBINE	1	-12000.820549313934
Overwriting 1 with 3 in region 660-665
RECOMBINE	2	-11999.883116315428
Overwriting 2 with 4 in region 1016-1024
RECOMBINE	3	-11991.997400174881
Recombining haplotypes 2 and 3 in region 447-458
RECOMBINE	4	-11988.789323882866
Recombining haplotypes 0 and 1 in region 995-1010
RECOMBINE	5	-11984.5498606379
Overwriting 4 with 3 in region 920-944
RECOMBINE	6	-11980.886873997035
Overwriting 3 with 0 in region 378-384
RECOMBINE	7	-11978.65604730694
Recombining haplotypes 1 and 3 in region 377-388
RECOMBINE	8	-11977.810022430323
Recombining haplotypes 2 and 3 in region 881-890
RECOMBINE	9	-11977.010272044019
Recombining haplotypes 1 and 3 in region 354-365
RECOMBINE	10	-11976.389415828133
Recombining haplotypes 3 and 4 in region 963-971
RECOMBINE	11	-11975.708589165693
Recombining haplotypes 1 and 0 in region 447-454
RECOMBINE	12	-11975.529005721268
Overwriting 0 with 3 in region 505-518
RECOMBINE	13	-11956.568993182696
Overwriting 1 with 3 in region 1020-1029
RECOMBINE	14	-11946.607985453278
Recombining haplotypes 3 and 4 in region 1015-1023
RECOMBINE	15	-11941.335813815302
Overwriting 1 with 4 in region 836-842
RECOMBINE	16	-11897.38854908185
Overwriting 4 with 0 in region 243-253
RECOMBINE	17	-11893.722054864893
Recombining haplotypes 4 and 3 in region 479-491
RECOMBINE	18	-11890.702562323439
Recombining haplotypes 0 and 3 in region 765-782
RECOMBINE	19	-11889.657415540616
INITIAL RECOMBINE	-11369.657415540616	520.0	-11889.657415540616
Combining haplotypes 0 and 1
Combining haplotypes 0 and 1
CONTRACT	1	-11886.68947833073
Combining haplotypes 0 and 2
Combining haplotypes 0 and 2
CONTRACT	1	-11682.76569508897
Combining haplotypes 0 and 3
Combining haplotypes 0 and 3
CONTRACT	1	-11883.457566819581
Combining haplotypes 0 and 4
Combining haplotypes 0 and 4
CONTRACT	1	-11804.331147673984
Combining haplotypes 1 and 2
Combining haplotypes 1 and 2
CONTRACT	1	-11806.504526212999
Combining haplotypes 1 and 3
Combining haplotypes 1 and 3
CONTRACT	1	-11866.4886408208
Combining haplotypes 1 and 4
Combining haplotypes 1 and 4
CONTRACT	1	-11800.05333356566
Combining haplotypes 2 and 3
Combining haplotypes 2 and 3
CONTRACT	1	-11806.87161618029
Combining haplotypes 2 and 4
Combining haplotypes 2 and 4
CONTRACT	1	-11810.1040177916
Combining haplotypes 3 and 4
Combining haplotypes 3 and 4
CONTRACT	1	-11790.17833786241
Recombining haplotypes 1 and 2 in region 650-663
RECOMBINE	1	0	-11682.176026647638
Overwriting 0 with 3 in region 1064-1069
RECOMBINE	1	1	-11682.066154612035
Overwriting 3 with 1 in region 789-809
RECOMBINE	1	2	-11682.042678028098
Overwriting 3 with 1 in region 509-519
RECOMBINE	1	3	-11682.061670799683
Recombining haplotypes 1 and 3 in region 1153-1165
RECOMBINE	1	4	-11682.50803988214
Recombining haplotypes 0 and 2 in region 610-614
RECOMBINE	1	5	-11682.033229680834
Recombining haplotypes 1 and 3 in region 509-526
RECOMBINE	1	6	-11682.240828414459
Overwriting 3 with 0 in region 248-262
RECOMBINE	1	7	-11682.029170493908
Recombining haplotypes 0 and 1 in region 832-841
RECOMBINE	1	8	-11682.027763703421
Overwriting 1 with 0 in region 112-117
RECOMBINE	1	9	-11682.026116430361
Recombining haplotypes 0 and 3 in region 433-453
RECOMBINE	1	10	-11682.240321653659
Recombining haplotypes 0 and 3 in region 372-388
RECOMBINE	1	11	-11682.025453354034
Overwriting 0 with 3 in region 1383-1405
RECOMBINE	1	12	-11682.025101517173
Overwriting 0 with 1 in region 184-195
RECOMBINE	1	13	-11682.025557782428
Overwriting 3 with 1 in region 92-120
RECOMBINE	1	14	-11682.02507038016
Overwriting 0 with 1 in region 1064-1080
RECOMBINE	1	15	-11682.277551025716
Recombining haplotypes 2 and 1 in region 1263-1284
RECOMBINE	1	16	-11682.64054566237
Overwriting 1 with 3 in region 120-141
RECOMBINE	1	17	-11682.02531279522
Recombining haplotypes 1 and 2 in region 969-993
RECOMBINE	1	18	-11682.025130925047
Overwriting 3 with 0 in region 1020-1022
RECOMBINE	1	19	-11682.02853327758

Big Iteration 1	LL: -11266.02507038016	PENALTY: 416.0	PENALISED LL: -11682.02507038016
	0	0.22133468660971725
	1	0.013477038054863364
	2	0.7442245477063445
	3	0.020963727629074856

Combining haplotypes 0 and 1
Combining haplotypes 0 and 1
CONTRACT	2	-11738.119612645114
Combining haplotypes 0 and 2
Combining haplotypes 0 and 2
CONTRACT	2	-13036.215537195098
Combining haplotypes 0 and 3
Combining haplotypes 0 and 3
CONTRACT	2	-11813.753619803203
Combining haplotypes 1 and 2
Combining haplotypes 1 and 2
CONTRACT	2	-11734.970124232623
Combining haplotypes 1 and 3
Combining haplotypes 1 and 3
CONTRACT	2	-11744.336038807656
Combining haplotypes 2 and 3
Combining haplotypes 2 and 3
CONTRACT	2	-11828.491466805708

Big Iteration 2	LL: -11266.02507038016	PENALTY: 416.0	PENALISED LL: -11682.02507038016
	0	0.22133468660971725
	1	0.013477038054863364
	2	0.7442245477063445
	3	0.020963727629074856

FINISHED

Big Iteration -1	LL: -11266.02507038016	PENALTY: 416.0	PENALISED LL: -11682.02507038016
	0	0.22133468660971725
	1	0.013477038054863364
	2	0.7442245477063445
	3	0.020963727629074856


Haplotype frequencies
0	0,221335
1	0,013477
2	0,744225
3	0,020964
Active sites
92	0,002000,0,002000,0,002000,0,994000	0,994000,0,002000,0,002000,0,002000	0,994000,0,002000,0,002000,0,002000	0,002000,0,002000,0,002000,0,994000
93	0,002000,0,671651,0,002000,0,324349	0,002000,0,994000,0,002000,0,002000	0,749574,0,002000,0,002000,0,246426	0,002000,0,994000,0,002000,0,002000
116	0,002000,0,002000,0,994000,0,002000	0,002000,0,002000,0,994000,0,002000	0,004306,0,002000,0,991694,0,002000	0,002000,0,002000,0,994000,0,002000
120	0,002000,0,002000,0,994000,0,002000	0,002000,0,002000,0,994000,0,002000	0,204606,0,002000,0,791394,0,002000	0,002000,0,002000,0,994000,0,002000
121	0,002000,0,002000,0,994000,0,002000	0,002000,0,002000,0,994000,0,002000	0,006605,0,002000,0,989395,0,002000	0,214144,0,002000,0,781856,0,002000
159	0,002000,0,950505,0,002000,0,045495	0,002000,0,994000,0,002000,0,002000	0,014155,0,954183,0,002000,0,029662	0,002000,0,888595,0,002000,0,107405
161	0,002000,0,002000,0,002000,0,994000	0,002000,0,002000,0,002000,0,994000	0,002000,0,003730,0,002000,0,992270	0,002000,0,002000,0,002000,0,994000
163	0,007294,0,002442,0,002000,0,988263	0,002000,0,002000,0,002000,0,994000	0,002000,0,002000,0,002000,0,994000	0,002000,0,002000,0,002000,0,994000
193	0,002000,0,003227,0,002000,0,992773	0,002000,0,002000,0,002000,0,994000	0,002000,0,002000,0,002000,0,994000	0,002000,0,002000,0,002000,0,994000
195	0,002000,0,008731,0,987269,0,002000	0,002000,0,002000,0,994000,0,002000	0,002000,0,018939,0,977061,0,002000	0,002000,0,002000,0,994000,0,002000
196	0,002000,0,994000,0,002000,0,002000	0,002000,0,994000,0,002000,0,002000	0,002000,0,976890,0,019110,0,002000	0,002000,0,994000,0,002000,0,002000
197	0,002000,0,981474,0,014526,0,002000	0,002000,0,994000,0,002000,0,002000	0,002000,0,985250,0,010750,0,002000	0,002000,0,994000,0,002000,0,002000
200	0,002000,0,002000,0,994000,0,002000	0,189992,0,002000,0,806008,0,002000	0,002000,0,002000,0,994000,0,002000	0,002000,0,002000,0,994000,0,002000
203	0,002000,0,002000,0,002000,0,994000	0,002000,0,002000,0,002000,0,994000	0,002779,0,002000,0,002000,0,993221	0,002000,0,002000,0,002000,0,994000
228	0,994000,0,002000,0,002000,0,002000	0,959384,0,036616,0,002000,0,002000	0,993038,0,002962,0,002000,0,002000	0,136631,0,859369,0,002000,0,002000
231	0,002000,0,994000,0,002000,0,002000	0,134991,0,753739,0,109269,0,002000	0,004725,0,991275,0,002000,0,002000	0,904139,0,091861,0,002000,0,002000
232	0,002000,0,002000,0,002000,0,994000	0,002000,0,125560,0,002000,0,870440	0,002000,0,002000,0,002000,0,994000	0,002000,0,187158,0,002000,0,808842
247	0,002000,0,002000,0,002000,0,994000	0,002000,0,308065,0,051023,0,638911	0,002000,0,002000,0,002000,0,994000	0,002000,0,002000,0,002000,0,994000
248	0,003086,0,002000,0,992914,0,002000	0,801033,0,002000,0,194967,0,002000	0,002308,0,002000,0,993692,0,002000	0,002000,0,002000,0,994000,0,002000
249	0,994000,0,002000,0,002000,0,002000	0,259684,0,002000,0,035407,0,702908	0,994000,0,002000,0,002000,0,002000	0,994000,0,002000,0,002000,0,002000
267	0,008570,0,002000,0,987430,0,002000	0,066698,0,002000,0,929302,0,002000	0,002000,0,002000,0,994000,0,002000	0,002000,0,002000,0,994000,0,002000
276	0,002000,0,002000,0,002000,0,994000	0,002000,0,086605,0,002000,0,909395	0,002000,0,002000,0,002000,0,994000	0,002000,0,032900,0,002000,0,963100
319	0,002000,0,980438,0,002000,0,015562	0,002000,0,994000,0,002000,0,002000	0,002000,0,993072,0,002000,0,002928	0,002000,0,994000,0,002000,0,002000
361	0,002000,0,002000,0,994000,0,002000	0,314285,0,002000,0,681715,0,002000	0,002000,0,002000,0,994000,0,002000	0,002000,0,002000,0,994000,0,002000
363	0,002000,0,002000,0,019350,0,976650	0,002000,0,002000,0,002000,0,994000	0,002000,0,002000,0,002000,0,994000	0,002000,0,002000,0,002000,0,994000
380	0,002000,0,994000,0,002000,0,002000	0,002000,0,923008,0,002000,0,072992	0,002000,0,992689,0,002000,0,003311	0,002000,0,994000,0,002000,0,002000
424	0,002000,0,002000,0,002000,0,994000	0,002000,0,080279,0,002000,0,915721	0,002000,0,002294,0,002000,0,993706	0,002000,0,002000,0,002000,0,994000
451	0,967967,0,028033,0,002000,0,002000	0,818300,0,002000,0,177700,0,002000	0,991742,0,002000,0,004258,0,002000	0,994000,0,002000,0,002000,0,002000
454	0,002000,0,994000,0,002000,0,002000	0,202709,0,390196,0,002000,0,405095	0,002000,0,994000,0,002000,0,002000	0,002000,0,994000,0,002000,0,002000
482	0,002000,0,002000,0,002000,0,994000	0,002000,0,212906,0,002000,0,783094	0,002000,0,002000,0,002000,0,994000	0,002000,0,002000,0,994000,0,002000
484	0,002000,0,002000,0,994000,0,002000	0,075265,0,002000,0,920735,0,002000	0,002000,0,002000,0,994000,0,002000	0,002000,0,002000,0,002000,0,994000
485	0,002000,0,994000,0,002000,0,002000	0,002000,0,994000,0,002000,0,002000	0,002000,0,994000,0,002000,0,002000	0,002000,0,002000,0,994000,0,002000
487	0,002000,0,002000,0,994000,0,002000	0,002000,0,122435,0,873565,0,002000	0,002000,0,018217,0,977783,0,002000	0,002000,0,929585,0,066415,0,002000
511	0,002000,0,002000,0,002000,0,994000	0,002000,0,200189,0,002000,0,795811	0,002000,0,006662,0,002000,0,989338	0,002000,0,002000,0,002000,0,994000
512	0,002000,0,993489,0,002000,0,002511	0,002000,0,817472,0,002000,0,178528	0,002000,0,992554,0,002000,0,003446	0,002000,0,994000,0,002000,0,002000
589	0,002000,0,991937,0,002000,0,004063	0,002000,0,959931,0,002000,0,036069	0,002000,0,994000,0,002000,0,002000	0,002000,0,994000,0,002000,0,002000
610	0,994000,0,002000,0,002000,0,002000	0,994000,0,002000,0,002000,0,002000	0,993576,0,002000,0,002424,0,002000	0,994000,0,002000,0,002000,0,002000
627	0,002000,0,985124,0,002000,0,010876	0,002000,0,994000,0,002000,0,002000	0,002000,0,992984,0,002000,0,003016	0,002000,0,994000,0,002000,0,002000
628	0,012164,0,983836,0,002000,0,002000	0,002000,0,994000,0,002000,0,002000	0,002000,0,994000,0,002000,0,002000	0,002000,0,994000,0,002000,0,002000
658	0,002000,0,994000,0,002000,0,002000	0,002000,0,814503,0,002000,0,181497	0,002000,0,994000,0,002000,0,002000	0,002000,0,994000,0,002000,0,002000
661	0,002000,0,004431,0,002000,0,991569	0,002000,0,404078,0,002000,0,591922	0,002000,0,002000,0,002000,0,994000	0,002000,0,002000,0,002000,0,994000
662	0,002000,0,002000,0,991457,0,004543	0,002000,0,002000,0,823875,0,172125	0,002000,0,002000,0,994000,0,002000	0,002000,0,002000,0,994000,0,002000
664	0,994000,0,002000,0,002000,0,002000	0,660362,0,002000,0,335638,0,002000	0,994000,0,002000,0,002000,0,002000	0,994000,0,002000,0,002000,0,002000
665	0,002000,0,994000,0,002000,0,002000	0,249872,0,746128,0,002000,0,002000	0,002000,0,994000,0,002000,0,002000	0,002000,0,994000,0,002000,0,002000
667	0,994000,0,002000,0,002000,0,002000	0,809314,0,002000,0,186686,0,002000	0,994000,0,002000,0,002000,0,002000	0,979176,0,002000,0,016824,0,002000
674	0,002000,0,018093,0,002000,0,977907	0,002000,0,002000,0,002000,0,994000	0,002000,0,028795,0,002000,0,967205	0,002000,0,002000,0,002000,0,994000
709	0,009760,0,002000,0,986240,0,002000	0,002000,0,002000,0,994000,0,002000	0,002000,0,002000,0,994000,0,002000	0,002000,0,002000,0,994000,0,002000
710	0,002165,0,993835,0,002000,0,002000	0,002000,0,994000,0,002000,0,002000	0,003604,0,992396,0,002000,0,002000	0,002000,0,994000,0,002000,0,002000
713	0,119348,0,876652,0,002000,0,002000	0,168623,0,688668,0,140709,0,002000	0,002000,0,994000,0,002000,0,002000	0,002000,0,994000,0,002000,0,002000
715	0,002000,0,992365,0,002000,0,003635	0,002000,0,492287,0,002000,0,503713	0,002000,0,994000,0,002000,0,002000	0,002000,0,994000,0,002000,0,002000
719	0,115819,0,002000,0,880181,0,002000	0,002000,0,711896,0,284104,0,002000	0,002000,0,002000,0,994000,0,002000	0,002000,0,002000,0,994000,0,002000
721	0,022240,0,973760,0,002000,0,002000	0,680895,0,315105,0,002000,0,002000	0,002000,0,994000,0,002000,0,002000	0,002000,0,994000,0,002000,0,002000
724	0,002000,0,883668,0,002000,0,112332	0,002000,0,524492,0,002000,0,471508	0,002000,0,994000,0,002000,0,002000	0,002000,0,994000,0,002000,0,002000
725	0,002000,0,994000,0,002000,0,002000	0,002000,0,002000,0,994000,0,002000	0,002000,0,002000,0,994000,0,002000	0,002000,0,055316,0,940684,0,002000
726	0,013950,0,002000,0,982050,0,002000	0,002000,0,002000,0,046243,0,949757	0,011962,0,002000,0,002000,0,984038	0,002000,0,002000,0,014151,0,981849
729	0,994000,0,002000,0,002000,0,002000	0,956932,0,039068,0,002000,0,002000	0,990171,0,005829,0,002000,0,002000	0,936459,0,059541,0,002000,0,002000
732	0,994000,0,002000,0,002000,0,002000	0,862615,0,074971,0,060414,0,002000	0,993624,0,002376,0,002000,0,002000	0,895739,0,100261,0,002000,0,002000
733	0,002000,0,002000,0,002000,0,994000	0,089262,0,002000,0,002000,0,906738	0,002000,0,002000,0,002000,0,994000	0,056232,0,002000,0,002000,0,939768
736	0,002000,0,002000,0,002000,0,994000	0,002000,0,103355,0,002000,0,892645	0,002000,0,002000,0,002000,0,994000	0,002000,0,078199,0,002000,0,917801
778	0,993624,0,002000,0,002376,0,002000	0,872929,0,002000,0,123071,0,002000	0,994000,0,002000,0,002000,0,002000	0,901682,0,002000,0,094318,0,002000
779	0,002000,0,002000,0,994000,0,002000	0,053445,0,002000,0,942555,0,002000	0,002000,0,002000,0,994000,0,002000	0,101797,0,002000,0,894203,0,002000
790	0,002000,0,002000,0,994000,0,002000	0,185214,0,002000,0,810786,0,002000	0,002000,0,002000,0,994000,0,002000	0,002000,0,002000,0,994000,0,002000
795	0,002000,0,002000,0,040512,0,955488	0,002000,0,002000,0,002000,0,994000	0,002000,0,002000,0,002000,0,994000	0,002000,0,002000,0,002000,0,994000
796	0,002000,0,018832,0,002000,0,977168	0,002000,0,052073,0,002000,0,943927	0,002000,0,002000,0,002000,0,994000	0,002000,0,002000,0,002000,0,994000
823	0,992670,0,002000,0,003330,0,002000	0,873287,0,002000,0,122713,0,002000	0,994000,0,002000,0,002000,0,002000	0,994000,0,002000,0,002000,0,002000
829	0,002000,0,002000,0,002000,0,994000	0,002000,0,437043,0,002000,0,558957	0,002000,0,002000,0,002000,0,994000	0,002000,0,002000,0,002000,0,994000
835	0,992055,0,003945,0,002000,0,002000	0,951897,0,002000,0,002000,0,044103	0,988930,0,007070,0,002000,0,002000	0,994000,0,002000,0,002000,0,002000
836	0,010272,0,985728,0,002000,0,002000	0,002000,0,944786,0,002000,0,051214	0,005658,0,990342,0,002000,0,002000	0,002000,0,994000,0,002000,0,002000
841	0,002000,0,002000,0,992885,0,003115	0,002000,0,002000,0,944165,0,051835	0,002000,0,002000,0,994000,0,002000	0,002000,0,002000,0,994000,0,002000
859	0,002000,0,994000,0,002000,0,002000	0,002000,0,922099,0,002000,0,073901	0,002000,0,994000,0,002000,0,002000	0,002000,0,994000,0,002000,0,002000
869	0,002000,0,002000,0,002000,0,994000	0,002000,0,002000,0,002000,0,994000	0,002000,0,002000,0,002000,0,994000	0,040223,0,002000,0,002000,0,955777
889	0,002000,0,994000,0,002000,0,002000	0,002000,0,941625,0,002000,0,054375	0,002000,0,994000,0,002000,0,002000	0,002000,0,994000,0,002000,0,002000
935	0,002000,0,994000,0,002000,0,002000	0,002000,0,373002,0,002000,0,622998	0,002000,0,994000,0,002000,0,002000	0,002000,0,994000,0,002000,0,002000
937	0,994000,0,002000,0,002000,0,002000	0,748737,0,002000,0,247263,0,002000	0,994000,0,002000,0,002000,0,002000	0,994000,0,002000,0,002000,0,002000
964	0,002000,0,021022,0,002000,0,974978	0,122868,0,002000,0,368597,0,506535	0,002000,0,004476,0,002000,0,991524	0,002000,0,002000,0,002000,0,994000
976	0,002000,0,002000,0,002000,0,994000	0,002000,0,002000,0,002000,0,994000	0,002000,0,002000,0,002000,0,994000	0,002000,0,042832,0,002000,0,953168
985	0,002000,0,994000,0,002000,0,002000	0,002000,0,892793,0,002000,0,103207	0,002000,0,994000,0,002000,0,002000	0,002000,0,994000,0,002000,0,002000
997	0,002000,0,002000,0,002000,0,994000	0,002000,0,217522,0,002000,0,778478	0,002000,0,002000,0,002000,0,994000	0,002000,0,002000,0,002000,0,994000
1004	0,994000,0,002000,0,002000,0,002000	0,871900,0,002000,0,124100,0,002000	0,994000,0,002000,0,002000,0,002000	0,994000,0,002000,0,002000,0,002000
1021	0,002000,0,013400,0,982600,0,002000	0,076099,0,002000,0,919901,0,002000	0,002000,0,002657,0,993343,0,002000	0,002000,0,002000,0,994000,0,002000
1031	0,002000,0,994000,0,002000,0,002000	0,002000,0,994000,0,002000,0,002000	0,002095,0,993905,0,002000,0,002000	0,147267,0,848733,0,002000,0,002000
1066	0,002000,0,002000,0,002000,0,994000	0,002000,0,180138,0,002000,0,815862	0,002000,0,009410,0,002000,0,986590	0,002000,0,002000,0,002000,0,994000
1073	0,002000,0,933420,0,062580,0,002000	0,002000,0,994000,0,002000,0,002000	0,002000,0,980790,0,015210,0,002000	0,002000,0,994000,0,002000,0,002000
1099	0,002000,0,003169,0,002000,0,992831	0,002000,0,123746,0,002000,0,872254	0,002000,0,002000,0,002000,0,994000	0,002000,0,002000,0,002000,0,994000
1154	0,002000,0,994000,0,002000,0,002000	0,002000,0,994000,0,002000,0,002000	0,002000,0,994000,0,002000,0,002000	0,142180,0,853820,0,002000,0,002000
1183	0,002000,0,994000,0,002000,0,002000	0,002000,0,994000,0,002000,0,002000	0,002000,0,994000,0,002000,0,002000	0,180308,0,815692,0,002000,0,002000
1211	0,994000,0,002000,0,002000,0,002000	0,701355,0,002000,0,002000,0,294645	0,987344,0,002000,0,002000,0,008656	0,911196,0,002000,0,002000,0,084804
1228	0,868586,0,002000,0,127414,0,002000	0,994000,0,002000,0,002000,0,002000	0,994000,0,002000,0,002000,0,002000	0,994000,0,002000,0,002000,0,002000
1271	0,002000,0,994000,0,002000,0,002000	0,994000,0,002000,0,002000,0,002000	0,002000,0,994000,0,002000,0,002000	0,082191,0,913809,0,002000,0,002000
1321	0,002000,0,981782,0,002000,0,014218	0,002000,0,918479,0,002000,0,077521	0,002000,0,988574,0,002000,0,007426	0,002000,0,994000,0,002000,0,002000
1322	0,002000,0,007940,0,002000,0,988060	0,002000,0,002000,0,002000,0,994000	0,002000,0,002000,0,002000,0,994000	0,002000,0,002000,0,002000,0,994000
1356	0,002000,0,994000,0,002000,0,002000	0,002000,0,994000,0,002000,0,002000	0,004652,0,991348,0,002000,0,002000	0,002000,0,994000,0,002000,0,002000
1382	0,994000,0,002000,0,002000,0,002000	0,994000,0,002000,0,002000,0,002000	0,993690,0,002000,0,002000,0,002310	0,994000,0,002000,0,002000,0,002000
1383	0,013455,0,002000,0,002000,0,982545	0,002000,0,002000,0,002000,0,994000	0,002000,0,002000,0,002000,0,994000	0,002000,0,002000,0,002000,0,994000
1384	0,002000,0,968081,0,002000,0,027919	0,002000,0,994000,0,002000,0,002000	0,002000,0,994000,0,002000,0,002000	0,002000,0,994000,0,002000,0,002000
1421	0,002000,0,002000,0,947077,0,048923	0,002000,0,002000,0,994000,0,002000	0,002000,0,002000,0,967978,0,028022	0,002000,0,002000,0,994000,0,002000
